-0.996 0.000504659 0.000103375
-0.992 0.0017769 0.000577485
-0.988 0.003053 0.00154938
-0.984 0.00337542 0.00305049
-0.98 0.00216307 0.00513972
-0.976 -0.000279324 0.00800632
-0.972 -0.00258911 0.0119705
-0.968 -0.00268381 0.0173419
-0.964 0.00141333 0.0241663
-0.96 0.0105043 0.0319579
-0.956 0.0233093 0.0395504
-0.952 0.0361549 0.0451853
-0.948 0.0435479 0.0468873
-0.944 0.0396455 0.0430801
-0.94 0.0202866 0.0332918
-0.936 -0.0150308 0.0187238
-0.932 -0.0619559 0.00244282
-0.928 -0.11147 -0.0109779
-0.924 -0.151675 -0.0163904
-0.92 -0.170903 -0.00940831
-0.916 -0.161351 0.0121906
-0.912 -0.122151 0.0474029
-0.908 -0.0607845 0.0916385
-0.904 0.0078851 0.137259
-0.9 0.06501 0.174988
-0.896 0.0928901 0.195948
-0.892 0.0804712 0.193841
-0.888 0.0275389 0.166736
-0.884 -0.0538881 0.117889
-0.88 -0.141777 0.0552768
-0.876 -0.209687 -0.0101797
-0.872 -0.234452 -0.0673204
-0.868 -0.2038 -0.107739
-0.864 -0.121564 -0.128315
-0.86 -0.00860311 -0.132612
-0.856 0.101383 -0.130699
-0.852 0.170487 -0.137261
-0.848 0.167641 -0.168216
-0.844 0.0790569 -0.236481
-0.84 -0.085178 -0.347825
-0.836 -0.290804 -0.497872
-0.832 -0.486235 -0.671072
-0.828 -0.615307 -0.842073
-0.824 -0.63275 -0.979343
-0.82 -0.518101 -1.05051
-0.816 -0.283873 -1.02859
-0.812 0.0248773 -0.898055
-0.808 0.340246 -0.659659
-0.804 0.588565 -0.332804
-0.8 0.710786 0.0453003
-0.796 0.680725 0.423959
-0.792 0.515775 0.746234
-0.788 0.276213 0.957977
-0.784 0.0521716 1.01717
-0.78 -0.059161 0.902121
-0.776 0.0195055 0.617113
-0.772 0.321706 0.194303
-0.768 0.823259 -0.308996
-0.764 1.44264 -0.817806
-0.76 2.0565 -1.25083
-0.756 2.52724 -1.5337
-0.752 2.73613 -1.61169
-0.748 2.61374 -1.4594
-0.744 2.15964 -1.08581
-0.74 1.4455 -0.533668
-0.736 0.600048 0.126908
-0.732 -0.220746 0.809874
-0.728 -0.870799 1.42808
-0.724 -1.24879 1.90861
-0.72 -1.32158 2.20535
-0.716 -1.13013 2.30603
-0.712 -0.776258 2.23231
-0.708 -0.393761 2.03335
-0.704 -0.111276 1.77448
-0.7 -0.0169394 1.52314
-0.696 -0.134429 1.33448
-0.692 -0.417222 1.2391
-0.688 -0.762848 1.23575
-0.684 -1.04324 1.29097
-0.68 -1.14263 1.34645
-0.676 -0.992232 1.33243
-0.672 -0.591907 1.18356
-0.668 -0.0127969 0.853643
-0.664 0.620054 0.326406
-0.66 1.16032 -0.378748
-0.656 1.47936 -1.20612
-0.652 1.5005 -2.06828
-0.648 1.21893 -2.85608
-0.644 0.701488 -3.45347
-0.64 0.0662827 -3.75541
-0.636 -0.551775 -3.6855
-0.632 -1.03978 -3.21013
-0.628 -1.3389 -2.34686
-0.624 -1.46054 -1.16637
-0.62 -1.48162 0.212125
-0.616 -1.51942 1.63225
-0.612 -1.69262 2.91863
-0.608 -2.07935 3.90111
-0.604 -2.68512 4.44181
-0.6 -3.43108 4.45997
-0.596 -4.16754 3.9492
-0.592 -4.70953 2.98293
-0.588 -4.88487 1.70626
-0.584 -4.58131 0.314932
-0.58 -3.78007 -0.976293
-0.576 -2.56684 -1.97133
-0.572 -1.11688 -2.5301
-0.568 0.342979 -2.59762
-0.564 1.58711 -2.21749
-0.56 2.44598 -1.52531
-0.556 2.84862 -0.722726
-0.552 2.84052 -0.0370153
-0.548 2.57058 0.325163
-0.544 2.24973 0.220851
-0.54 2.0922 -0.39796
-0.536 2.25574 -1.47165
-0.532 2.79682 -2.84256
-0.528 3.65262 -4.28597
-0.524 4.65365 -5.55626
-0.52 5.56318 -6.43741
-0.516 6.13302 -6.78558
-0.512 6.162 -6.55395
-0.508 5.54329 -5.79498
-0.504 4.29015 -4.64113
-0.5 2.53469 -3.26993
-0.496 0.501024 -1.8618
-0.492 -1.54069 -0.56059
-0.488 -3.32847 0.554166
-0.484 -4.65875 1.47654
-0.48 -5.42153 2.26325
-0.476 -5.61299 3.00606
-0.472 -5.32391 3.79583
-0.468 -4.70865 4.68788
-0.464 -3.94435 5.67698
-0.46 -3.19146 6.68702
-0.456 -2.56478 7.57722
-0.452 -2.11963 8.16365
-0.448 -1.85281 8.25273
-0.444 -1.71459 7.68046
-0.44 -1.62697 6.34923
-0.436 -1.50354 4.25467
-0.432 -1.26779 1.4974
-0.428 -0.867486 -1.72034
-0.424 -0.284079 -5.11006
-0.42 0.462939 -8.32039
-0.416 1.31647 -10.9662
-0.412 2.1868 -12.6636
-0.408 2.96145 -13.072
-0.404 3.52049 -11.9405
-0.4 3.75696 -9.15526
-0.396 3.6 -4.77973
-0.392 3.03612 0.920492
-0.388 2.12276 7.47562
-0.384 0.988713 14.2389
-0.38 -0.181283 20.4456
-0.376 -1.17724 25.303
-0.372 -1.8051 28.1012
-0.368 -1.93075 28.3306
-0.364 -1.51683 25.7832
-0.36 -0.642963 20.6179
-0.356 0.498315 13.3691
-0.352 1.63258 4.89126
-0.348 2.45841 -3.75758
-0.344 2.7161 -11.4789
-0.34 2.25431 -17.3144
-0.336 1.07667 -20.6109
-0.332 -0.647096 -21.1351
-0.328 -2.6122 -19.1131
-0.324 -4.44625 -15.1834
-0.32 -5.79624 -10.2718
-0.316 -6.41193 -5.41177
-0.312 -6.2042 -1.54563
-0.308 -5.26485 0.653296
-0.304 -3.84382 0.903133
-0.3 -2.28924 -0.644413
-0.296 -0.962683 -3.45035
-0.292 -0.148031 -6.71299
-0.288 0.0234379 -9.54387
-0.284 -0.391139 -11.157
-0.28 -1.16438 -11.0307
-0.276 -1.96996 -9.00861
-0.272 -2.48754 -5.32231
-0.268 -2.50849 -0.535419
-0.264 -2.00842 4.57144
-0.26 -1.16344 9.14737
-0.256 -0.304844 12.4196
-0.252 0.175615 13.8193
-0.248 -0.0545458 13.0674
-0.244 -1.15436 10.2117
-0.24 -3.03204 5.61146
-0.236 -5.32997 -0.128269
-0.232 -7.48455 -6.25875
-0.228 -8.85343 -12.007
-0.224 -8.88175 -16.687
-0.22 -7.26527 -19.7839
-0.216 -4.06577 -21.0015
-0.212 0.255085 -20.2794
-0.208 4.89911 -17.7851
-0.204 8.88614 -13.8873
-0.2 11.2715 -9.10965
-0.196 11.3788 -4.05989
-0.192 8.98937 0.659209
-0.188 4.43319 4.54242
-0.184 -1.45048 7.25678
-0.18 -7.47816 8.68161
-0.176 -12.3726 8.90897
-0.172 -15.0359 8.21028
-0.168 -14.7832 6.97826
-0.164 -11.49 5.65103
-0.16 -5.6283 4.62478
-0.156 1.8132 4.16669
-0.152 9.5129 4.34888
-0.148 16.073 5.02684
-0.144 20.2985 5.87597
-0.14 21.4361 6.48065
-0.136 19.317 6.45067
-0.132 14.3723 5.53166
-0.128 7.52615 3.68159
-0.124 -0.000633413 1.09836
-0.12 -6.92961 -1.80457
-0.116 -12.1611 -4.47049
-0.112 -14.9702 -6.31042
-0.108 -15.1271 -6.83551
-0.104 -12.9139 -5.78304
-0.1 -9.0269 -3.20165
-0.096 -4.38598 0.532734
-0.092 0.0952865 4.78081
-0.088 3.70926 8.76995
-0.084 6.06896 11.7582
-0.08 7.1196 13.193
-0.076 7.06912 12.8302
-0.072 6.28175 10.7875
-0.068 5.17417 7.51854
-0.064 4.13348 3.70944
-0.06 3.45757 0.118633
-0.056 3.31391 -2.59836
-0.052 3.71847 -4.02931
-0.048 4.54254 -4.0704
-0.044 5.55238 -2.90294
-0.04 6.47597 -0.901358
-0.036 7.07892 1.48557
-0.032 7.22626 3.8375
-0.028 6.911 5.82517
-0.024 6.24238 7.23239
-0.02 5.40093 7.95152
-0.016 4.57709 7.96629
-0.012 3.9137 7.33013
-0.008 3.46854 6.14382
-0.004 3.20493 4.53663
0 3.00994 2.65477
0.004 2.73297 0.658516
0.008 2.23488 -1.27741
0.012 1.43421 -2.96504
0.016 0.34028 -4.21449
0.02 -0.93698 -4.85665
0.024 -2.20566 -4.77406
0.028 -3.23745 -3.93331
0.032 -3.83045 -2.41316
0.036 -3.87198 -0.423081
0.04 -3.38143 1.69566
0.044 -2.51703 3.49953
0.048 -1.541 4.51438
0.052 -0.751537 4.34637
0.056 -0.401711 2.80569
0.06 -0.629616 -0.000749976
0.064 -1.41806 -3.64933
0.068 -2.58962 -7.47079
0.072 -3.83144 -10.6972
0.076 -4.74114 -12.6427
0.08 -4.89065 -12.866
0.084 -3.91111 -11.273
0.088 -1.59775 -8.13826
0.092 1.98452 -4.04506
0.096 6.43381 0.24041
0.1 11.026 3.93335
0.104 14.833 6.39702
0.108 16.9258 7.27217
0.112 16.6062 6.53722
0.116 13.5987 4.48649
0.12 8.14627 1.63831
0.124 0.991834 -1.39694
0.128 -6.7461 -4.05342
0.132 -13.7726 -5.9222
0.136 -18.8562 -6.82189
0.14 -21.0691 -6.81863
0.144 -19.985 -6.19267
0.148 -15.7843 -5.35602
0.152 -9.23668 -4.73733
0.156 -1.55455 -4.6629
0.16 5.84958 -5.26749
0.164 11.6448 -6.45967
0.168 14.8399 -7.94734
0.172 14.9668 -9.30888
0.176 12.1585 -10.0856
0.18 7.11088 -9.87381
0.184 0.932653 -8.40287
0.188 -5.09025 -5.59335
0.192 -9.76932 -1.58739
0.196 -12.2644 3.25639
0.2 -12.2481 8.40822
0.204 -9.94412 13.2463
0.208 -6.03392 17.1522
0.212 -1.46559 19.6017
0.216 2.7804 20.234
0.22 5.90923 18.897
0.224 7.46566 15.6703
0.228 7.39583 10.8687
0.232 6.01105 5.02206
0.236 3.86992 -1.17542
0.24 1.61333 -6.95043
0.244 -0.202588 -11.5606
0.248 -1.23304 -14.4111
0.252 -1.40232 -15.1541
0.256 -0.88592 -13.7506
0.26 -0.0298985 -10.484
0.264 0.766132 -5.92199
0.268 1.1706 -0.830746
0.272 1.01516 3.94907
0.276 0.338862 7.64809
0.28 -0.630745 9.71169
0.284 -1.55377 9.91223
0.288 -2.08762 8.40282
0.292 -1.99512 5.69494
0.296 -1.21753 2.55927
0.3 0.107571 -0.132852
0.304 1.68422 -1.59473
0.308 3.1364 -1.29674
0.312 4.10303 0.911362
0.316 4.32592 4.75469
0.32 3.71152 9.57384
0.324 2.3537 14.444
0.328 0.512219 18.3491
0.332 -1.44853 20.3762
0.336 -3.14607 19.8923
0.34 -4.26944 16.6684
0.344 -4.64814 10.9272
0.348 -4.28347 3.30557
0.352 -3.33641 -5.25676
0.356 -2.07926 -13.678
0.36 -0.826394 -20.9115
0.364 0.137013 -26.1054
0.368 0.612111 -28.7184
0.372 0.518762 -28.5759
0.376 -0.100396 -25.8634
0.38 -1.10131 -21.0668
0.384 -2.27759 -14.8755
0.388 -3.40712 -8.06931
0.392 -4.29585 -1.41093
0.396 -4.81042 4.44345
0.4 -4.89449 9.00503
0.404 -4.56795 11.9834
0.408 -3.9117 13.2899
0.412 -3.04385 13.0171
0.416 -2.09393 11.4034
0.42 -1.18044 8.78727
0.424 -0.394505 5.56049
0.428 0.209631 2.12452
0.432 0.618335 -1.14864
0.436 0.857234 -3.95014
0.44 0.98511 -6.06191
0.444 1.08299 -7.37519
0.448 1.23877 -7.8953
0.452 1.52871 -7.72905
0.456 1.99802 -7.05543
0.46 2.64397 -6.08489
0.464 3.40567 -5.0161
0.468 4.16495 -3.99928
0.472 4.76144 -3.11282
0.476 5.02187 -2.35733
0.48 4.79887 -1.66761
0.484 4.01037 -0.940454
0.488 2.66856 -0.0722399
0.492 0.889464 1.00252
0.496 -1.12125 2.28201
0.5 -3.10417 3.68561
0.504 -4.79608 5.06389
0.508 -5.98279 6.22783
0.512 -6.54299 6.99061
0.516 -6.47279 7.21207
0.52 -5.88484 6.83573
0.524 -4.98131 5.90916
0.528 -4.00622 4.58156
0.532 -3.18779 3.07765
0.536 -2.68428 1.65276
0.54 -2.54705 0.539907
0.544 -2.71036 -0.0983102
0.548 -3.01162 -0.20177
0.552 -3.23729 0.177697
0.556 -3.18284 0.890041
0.56 -2.71015 1.7199
0.564 -1.78665 2.43149
0.568 -0.49553 2.81667
0.572 0.984899 2.73656
0.576 2.4258 2.1483
0.58 3.60355 1.11141
0.584 4.35194 -0.226714
0.588 4.59827 -1.66165
0.592 4.37552 -2.97129
0.596 3.80823 -3.95507
0.6 3.07644 -4.46644
0.604 2.36679 -4.43376
0.608 1.8243 -3.86757
0.612 1.5178 -2.85398
0.616 1.42875 -1.53626
0.62 1.46579 -0.0891491
0.624 1.49963 1.3088
0.628 1.40714 2.49955
0.632 1.11122 3.36373
0.636 0.605565 3.8315
0.64 -0.0422218 3.8867
0.644 -0.709074 3.56436
0.648 -1.25095 2.94209
0.652 -1.5436 2.1259
0.656 -1.51813 1.23271
0.66 -1.18141 0.372722
0.664 -0.615434 -0.365322
0.668 0.0441844 -0.924115
0.672 0.644424 -1.28244
0.676 1.05557 -1.4547
0.68 1.20503 -1.48537
0.684 1.09502 -1.4385
0.688 0.799293 -1.38329
0.692 0.440075 -1.37841
0.696 0.151519 -1.45869
0.7 0.0401422 -1.62771
0.704 0.153361 -1.85771
0.708 0.46501 -2.09647
0.712 0.881786 -2.27903
0.716 1.26858 -2.34168
0.72 1.48546 -2.23573
0.724 1.42623 -1.9389
0.728 1.04828 -1.46192
0.732 0.386006 -0.848757
0.736 -0.455518 -0.169983
0.74 -1.32488 0.489359
0.744 -2.06038 1.04473
0.748 -2.52839 1.4266
0.752 -2.65413 1.59181
0.756 -2.43723 1.53
0.76 -1.94861 1.26444
0.764 -1.31048 0.847401
0.768 -0.664952 0.35084
0.772 -0.140002 -0.145834
0.776 0.179057 -0.568673
0.78 0.265751 -0.860302
0.784 0.153122 -0.987367
0.788 -0.0803247 -0.943412
0.792 -0.334922 -0.747343
0.796 -0.517431 -0.438266
0.8 -0.564549 -0.0678396
0.804 -0.456531 0.308605
0.808 -0.218231 0.640784
0.812 0.0915339 0.890622
0.816 0.398411 1.03674
0.82 0.63324 1.07569
0.824 0.749519 1.02011
0.828 0.733431 0.894449
0.832 0.604503 0.729338
0.836 0.407519 0.555605
0.84 0.198594 0.398983
0.844 0.0295872 0.27634
0.848 -0.0647909 0.194019
0.852 -0.0739766 0.148487
0.856 -0.0113721 0.128923
0.86 0.0922002 0.120995
0.864 0.198941 0.110831
0.868 0.275173 0.0883158
0.872 0.300037 0.0490787
0.876 0.269729 -0.00505583
0.88 0.196608 -0.067112
0.884 0.103968 -0.127137
0.888 0.0183812 -0.174928
0.892 -0.0380369 -0.20263
0.896 -0.053283 -0.206555
0.9 -0.0276988 -0.187842
0.904 0.0274468 -0.151892
0.908 0.0942068 -0.106855
0.912 0.153522 -0.0616233
0.916 0.190405 -0.0238795
0.92 0.197369 0.00136119
0.924 0.175376 0.012431
0.928 0.132392 0.0108344
0.932 0.0802552 0.000364797
0.936 0.0309944 -0.0141738
0.94 -0.0063125 -0.0282555
0.944 -0.0273342 -0.0385972
0.948 -0.032653 -0.0436109
0.952 -0.0265363 -0.0433341
0.956 -0.0149226 -0.038973
0.96 -0.00336161 -0.0322722
0.964 0.00446694 -0.0249222
0.968 0.00732098 -0.0181571
0.972 0.00606411 -0.0126081
0.976 0.00273467 -0.00838628
0.98 -0.000543112 -0.00529868
0.984 -0.00239406 -0.00307833
0.988 -0.00252712 -0.0015313
0.992 -0.00155083 -0.000561714
0.996 -0.00044896 -9.96921e-05
0.1 -0.049554 -0.00628269
0.2 -0.0484269 -0.00627171
0.3 -0.046548 -0.00625273
0.4 -0.0439168 -0.00622471
0.5 -0.0405328 -0.00618623
0.6 -0.036395 -0.00613542
0.7 -0.0315027 -0.00607006
0.8 -0.0258548 -0.00598752
0.9 -0.0194506 -0.00588478
1 -0.0122893 -0.00575844
1.1 -0.00437012 -0.00560477
1.2 0.00430723 -0.00541964
1.3 0.0137428 -0.00519861
1.4 0.0239363 -0.00493691
1.5 0.0348868 -0.00462944
1.6 0.0465928 -0.00427081
1.7 0.059052 -0.00385536
1.8 0.0722615 -0.00337715
1.9 0.0862172 -0.00283
2 0.100914 -0.00220751
2.1 0.116346 -0.00150307
2.2 0.132506 -0.000709873
2.3 0.149385 0.000179034
2.4 0.166972 0.00117076
2.5 0.185257 0.00227251
2.6 0.204226 0.00349162
2.7 0.223864 0.00483547
2.8 0.244154 0.00631148
2.9 0.265078 0.00792711
3 0.286616 0.00968981
3.1 0.308745 0.011607
3.2 0.331441 0.013686
3.3 0.354679 0.0159341
3.4 0.378429 0.0183585
3.5 0.402663 0.0209663
3.6 0.427348 0.0237642
3.7 0.452451 0.0267589
3.8 0.477935 0.029957
3.9 0.503764 0.0333645
4 0.529897 0.0369876
4.1 0.556295 0.0408318
4.2 0.582914 0.0449024
4.3 0.609711 0.0492045
4.4 0.636639 0.0537427
4.5 0.663653 0.0585212
4.6 0.690705 0.0635439
4.7 0.717745 0.0688141
4.8 0.744725 0.0743348
4.9 0.771593 0.0801085
5 0.7983 0.086137
5.1 0.824793 0.0924219
5.2 0.851023 0.0989641
5.3 0.876936 0.105764
5.4 0.902483 0.112821
5.5 0.927613 0.120135
5.6 0.952275 0.127705
5.7 0.976421 0.135528
5.8 1 0.143602
5.9 1.02297 0.151924
6 1.04528 0.16049
6.1 1.06689 0.169295
6.2 1.08775 0.178336
6.3 1.10783 0.187605
6.4 1.12708 0.197098
6.5 1.14547 0.206806
6.6 1.16297 0.216724
6.7 1.17954 0.226841
6.8 1.19515 0.237151
6.9 1.20978 0.247643
7 1.22341 0.258308
7.1 1.236 0.269135
7.2 1.24756 0.280114
7.3 1.25805 0.291233
7.4 1.26747 0.302479
7.5 1.27582 0.313841
7.6 1.28308 0.325306
7.7 1.28925 0.336859
7.8 1.29434 0.348487
7.9 1.29835 0.360176
8 1.30128 0.37191
8.1 1.30315 0.383676
8.2 1.30396 0.395457
8.3 1.30374 0.407238
8.4 1.30251 0.419003
8.5 1.30028 0.430736
8.6 1.29708 0.442419
8.7 1.29293 0.454038
8.8 1.28787 0.465574
8.9 1.28192 0.477012
9 1.27512 0.488334
9.1 1.2675 0.499523
9.2 1.25911 0.510562
9.3 1.24996 0.521435
9.4 1.24012 0.532125
9.5 1.2296 0.542615
9.6 1.21847 0.552888
9.7 1.20675 0.562929
9.8 1.19449 0.572721
9.9 1.18174 0.582247
10 1.16853 0.591494
10.1 1.1549 0.600444
10.2 1.14091 0.609085
10.3 1.12659 0.6174
10.4 1.11198 0.625376
10.5 1.09712 0.633
10.6 1.08205 0.640258
10.7 1.06682 0.647138
10.8 1.05146 0.653628
10.9 1.03599 0.659717
11 1.02047 0.665394
11.1 1.00492 0.670648
11.2 0.989366 0.675471
11.3 0.973846 0.679854
11.4 0.958385 0.683788
11.5 0.943007 0.687267
11.6 0.927736 0.690284
11.7 0.912594 0.692833
11.8 0.8976 0.69491
11.9 0.882771 0.69651
12 0.868122 0.69763
12.1 0.853666 0.698267
12.2 0.839415 0.698421
12.3 0.825376 0.698091
12.4 0.811558 0.697276
12.5 0.797965 0.695977
12.6 0.784601 0.694197
12.7 0.771466 0.691938
12.8 0.758561 0.689204
12.9 0.745883 0.685999
13 0.733429 0.682329
13.1 0.721195 0.6782
13.2 0.709173 0.673618
13.3 0.697357 0.668592
13.4 0.685738 0.66313
13.5 0.674306 0.657242
13.6 0.663052 0.650938
13.7 0.651963 0.644229
13.8 0.64103 0.637126
13.9 0.630238 0.629642
14 0.619577 0.621791
14.1 0.609034 0.613585
14.2 0.598595 0.605039
14.3 0.588249 0.596168
14.4 0.577982 0.586989
14.5 0.567784 0.577515
14.6 0.55764 0.567766
14.7 0.547542 0.557757
14.8 0.537476 0.547505
14.9 0.527435 0.53703
15 0.517407 0.526349
15.1 0.507385 0.51548
15.2 0.497361 0.504442
15.3 0.487327 0.493255
15.4 0.477279 0.481938
15.5 0.467211 0.470509
15.6 0.45712 0.458988
15.7 0.447004 0.447396
15.8 0.436859 0.43575
15.9 0.426687 0.424072
16 0.416488 0.412379
16.1 0.406263 0.400692
16.2 0.396015 0.389028
16.3 0.385749 0.377408
16.4 0.375469 0.36585
16.5 0.365181 0.354372
16.6 0.354892 0.342991
16.7 0.344609 0.331726
16.8 0.334342 0.320593
16.9 0.324099 0.309609
17 0.313891 0.298791
17.1 0.303727 0.288153
17.2 0.29362 0.27771
17.3 0.283581 0.267478
17.4 0.273622 0.257469
17.5 0.263755 0.247697
17.6 0.253993 0.238174
17.7 0.24435 0.228911
17.8 0.234837 0.21992
17.9 0.225467 0.21121
18 0.216254 0.202791
18.1 0.207211 0.194671
18.2 0.198349 0.186858
18.3 0.18968 0.179359
18.4 0.181217 0.172179
18.5 0.172971 0.165324
18.6 0.164952 0.158797
18.7 0.157171 0.152602
18.8 0.149638 0.146742
18.9 0.142361 0.141218
19 0.135348 0.136032
19.1 0.128608 0.131182
19.2 0.122146 0.126668
19.3 0.115969 0.122488
19.4 0.110082 0.118641
19.5 0.104489 0.115121
19.6 0.0991938 0.111927
19.7 0.0941981 0.109052
19.8 0.0895039 0.106491
19.9 0.0851118 0.104238
20 0.0810219 0.102286
20.1 0.077233 0.100629
20.2 0.0737435 0.099257
20.3 0.0705507 0.0981624
20.4 0.0676512 0.0973361
20.5 0.0650409 0.0967685
20.6 0.062715 0.0964497
20.7 0.0606678 0.0963693
20.8 0.0588933 0.0965166
20.9 0.0573846 0.0968807
21 0.0561345 0.0974503
21.1 0.0551351 0.098214
21.2 0.0543783 0.09916
21.3 0.0538552 0.100277
21.4 0.0535568 0.101552
21.5 0.0534739 0.102975
21.6 0.0535968 0.104532
21.7 0.0539157 0.106212
21.8 0.0544207 0.108004
21.9 0.0551017 0.109896
22 0.0559487 0.111875
22.1 0.0569513 0.113932
22.2 0.0580997 0.116054
22.3 0.0593836 0.118232
22.4 0.0607933 0.120454
22.5 0.062319 0.12271
22.6 0.063951 0.124991
22.7 0.0656801 0.127287
22.8 0.0674971 0.129588
22.9 0.0693931 0.131887
23 0.0713598 0.134176
23.1 0.0733887 0.136446
23.2 0.0754721 0.138689
23.3 0.0776024 0.140901
23.4 0.0797725 0.143073
23.5 0.0819754 0.145201
23.6 0.0842049 0.14728
23.7 0.0864548 0.149303
23.8 0.0887194 0.151267
23.9 0.0909934 0.153169
24 0.093272 0.155005
24.1 0.0955504 0.156772
24.2 0.0978245 0.158467
24.3 0.10009 0.16009
24.4 0.102344 0.161638
24.5 0.104583 0.163111
24.6 0.106804 0.164507
24.7 0.109004 0.165827
24.8 0.11118 0.167071
24.9 0.113331 0.168239
25 0.115454 0.169332
25.1 0.117548 0.170351
25.2 0.11961 0.171297
25.3 0.121639 0.172172
25.4 0.123635 0.172977
25.5 0.125595 0.173715
25.6 0.127517 0.174388
25.7 0.129402 0.174997
25.8 0.131248 0.175546
25.9 0.133053 0.176036
26 0.134817 0.17647
26.1 0.136538 0.17685
26.2 0.138216 0.177179
26.3 0.139848 0.177458
26.4 0.141434 0.177691
26.5 0.142973 0.17788
26.6 0.144462 0.178026
26.7 0.145902 0.178132
26.8 0.147289 0.1782
26.9 0.148623 0.178231
27 0.149901 0.178226
27.1 0.151123 0.178188
27.2 0.152285 0.178117
27.3 0.153387 0.178015
27.4 0.154427 0.177882
27.5 0.155401 0.177719
27.6 0.156309 0.177527
27.7 0.157148 0.177305
27.8 0.157915 0.177053
27.9 0.158609 0.176773
28 0.159228 0.176462
28.1 0.159769 0.176121
28.2 0.16023 0.175749
28.3 0.160608 0.175346
28.4 0.160903 0.17491
28.5 0.161111 0.174441
28.6 0.161231 0.173936
28.7 0.16126 0.173396
28.8 0.161198 0.172819
28.9 0.161042 0.172203
29 0.160791 0.171547
29.1 0.160444 0.170851
29.2 0.159998 0.170112
29.3 0.159454 0.16933
29.4 0.158811 0.168503
29.5 0.158067 0.16763
29.6 0.157222 0.16671
29.7 0.156277 0.165743
29.8 0.15523 0.164728
29.9 0.154083 0.163665
30 0.152836 0.162553
30.1 0.15149 0.161392
30.2 0.150045 0.160182
30.3 0.148503 0.158924
30.4 0.146866 0.157619
30.5 0.145134 0.156268
30.6 0.143311 0.154872
30.7 0.141399 0.153432
30.8 0.139399 0.15195
30.9 0.137315 0.15043
31 0.135149 0.148872
31.1 0.132906 0.147281
31.2 0.130588 0.145658
31.3 0.128199 0.144009
31.4 0.125743 0.142336
31.5 0.123225 0.140643
31.6 0.120647 0.138935
31.7 0.118015 0.137217
31.8 0.115333 0.135493
31.9 0.112606 0.133768
32 0.109838 0.132048
32.1 0.107035 0.130339
32.2 0.104202 0.128645
32.3 0.101343 0.126973
32.4 0.0984637 0.125329
32.5 0.0955694 0.123719
32.6 0.0926652 0.122149
32.7 0.0897563 0.120625
32.8 0.0868478 0.119154
32.9 0.083945 0.117741
33 0.0810528 0.116393
33.1 0.0781765 0.115116
33.2 0.0753209 0.113916
33.3 0.0724911 0.112799
33.4 0.0696917 0.111769
33.5 0.0669275 0.110833
33.6 0.064203 0.109996
33.7 0.0615227 0.109263
33.8 0.0588908 0.108639
33.9 0.0563114 0.108126
34 0.0537884 0.107731
34.1 0.0513256 0.107456
34.2 0.0489265 0.107304
34.3 0.0465945 0.107278
34.4 0.0443327 0.10738
34.5 0.042144 0.107613
34.6 0.0400312 0.107977
34.7 0.0379967 0.108474
34.8 0.0360428 0.109104
34.9 0.0341715 0.109866
35 0.0323846 0.110761
35.1 0.0306838 0.111786
35.2 0.0290704 0.112941
35.3 0.0275454 0.114223
35.4 0.0261098 0.115629
35.5 0.0247643 0.117157
35.6 0.0235092 0.118802
35.7 0.0223449 0.12056
35.8 0.0212713 0.122426
35.9 0.0202884 0.124397
36 0.0193956 0.126465
36.1 0.0185925 0.128625
36.2 0.0178783 0.13087
36.3 0.017252 0.133195
36.4 0.0167126 0.135591
36.5 0.0162588 0.138051
36.6 0.0158893 0.140569
36.7 0.0156024 0.143135
36.8 0.0153964 0.145741
36.9 0.0152697 0.14838
37 0.0152204 0.151042
37.1 0.0152463 0.15372
37.2 0.0153454 0.156404
37.3 0.0155156 0.159086
37.4 0.0157547 0.161756
37.5 0.0160603 0.164407
37.6 0.0164301 0.16703
37.7 0.0168617 0.169616
37.8 0.0173529 0.172156
37.9 0.017901 0.174642
38 0.0185039 0.177067
38.1 0.0191589 0.179422
38.2 0.0198638 0.1817
38.3 0.0206161 0.183894
38.4 0.0214136 0.185996
38.5 0.0222539 0.188
38.6 0.0231348 0.1899
38.7 0.0240541 0.191689
38.8 0.0250095 0.193363
38.9 0.0259992 0.194916
39 0.0270209 0.196344
39.1 0.0280728 0.197642
39.2 0.0291531 0.198808
39.3 0.03026 0.199837
39.4 0.0313917 0.200727
39.5 0.0325468 0.201477
39.6 0.0337236 0.202083
39.7 0.0349208 0.202546
39.8 0.036137 0.202863
39.9 0.037371 0.203036
40 0.0386217 0.203064
40.1 0.039888 0.202949
40.2 0.041169 0.202691
40.3 0.0424637 0.202292
40.4 0.0437714 0.201754
40.5 0.0450913 0.20108
40.6 0.0464228 0.200272
40.7 0.0477654 0.199335
40.8 0.0491184 0.198272
40.9 0.0504815 0.197086
41 0.0518543 0.195783
41.1 0.0532363 0.194368
41.2 0.0546273 0.192844
41.3 0.0560271 0.191219
41.4 0.0574353 0.189496
41.5 0.0588517 0.187682
41.6 0.0602762 0.185783
41.7 0.0617085 0.183805
41.8 0.0631485 0.181754
41.9 0.0645958 0.179637
42 0.0660504 0.177459
42.1 0.0675118 0.175229
42.2 0.06898 0.172951
42.3 0.0704545 0.170633
42.4 0.071935 0.168282
42.5 0.0734211 0.165903
42.6 0.0749124 0.163504
42.7 0.0764083 0.16109
42.8 0.0779084 0.158669
42.9 0.0794119 0.156246
43 0.0809182 0.153827
43.1 0.0824265 0.151418
43.2 0.0839359 0.149026
43.3 0.0854455 0.146656
43.4 0.0869542 0.144312
43.5 0.0884611 0.142001
43.6 0.0899649 0.139728
43.7 0.0914643 0.137496
43.8 0.092958 0.135312
43.9 0.0944446 0.133178
44 0.0959225 0.1311
44.1 0.0973902 0.129081
44.2 0.0988461 0.127124
44.3 0.100288 0.125234
44.4 0.101715 0.123412
44.5 0.103125 0.121663
44.6 0.104515 0.119988
44.7 0.105885 0.11839
44.8 0.107231 0.116871
44.9 0.108552 0.115433
45 0.109846 0.114077
45.1 0.111111 0.112805
45.2 0.112344 0.111618
45.3 0.113543 0.110516
45.4 0.114707 0.109501
45.5 0.115834 0.108573
45.6 0.11692 0.107731
45.7 0.117965 0.106977
45.8 0.118966 0.10631
45.9 0.11992 0.105729
46 0.120828 0.105235
46.1 0.121685 0.104825
46.2 0.122491 0.1045
46.3 0.123244 0.104258
46.4 0.123943 0.104098
46.5 0.124585 0.104018
46.6 0.125169 0.104018
46.7 0.125695 0.104095
46.8 0.12616 0.104248
46.9 0.126564 0.104475
47 0.126906 0.104773
47.1 0.127185 0.105141
47.2 0.127401 0.105576
47.3 0.127552 0.106077
47.4 0.127639 0.10664
47.5 0.127661 0.107264
47.6 0.127618 0.107945
47.7 0.127511 0.108682
47.8 0.127339 0.109471
47.9 0.127103 0.11031
48 0.126803 0.111197
48.1 0.12644 0.112128
48.2 0.126016 0.1131
48.3 0.12553 0.114112
48.4 0.124984 0.11516
48.5 0.124379 0.116241
48.6 0.123717 0.117353
48.7 0.122999 0.118492
48.8 0.122228 0.119657
48.9 0.121403 0.120844
49 0.120529 0.122051
49.1 0.119606 0.123276
49.2 0.118636 0.124514
49.3 0.117623 0.125765
49.4 0.116567 0.127025
49.5 0.115473 0.128292
49.6 0.114341 0.129565
49.7 0.113174 0.13084
49.8 0.111976 0.132115
49.9 0.110748 0.133389
50 0.109494 0.13466
50.1 0.108215 0.135925
50.2 0.106915 0.137184
50.3 0.105596 0.138434
50.4 0.104261 0.139675
50.5 0.102912 0.140905
50.6 0.101553 0.142122
50.7 0.100186 0.143326
50.8 0.0988128 0.144516
50.9 0.0974368 0.145692
51 0.0960603 0.146852
51.1 0.0946856 0.147997
51.2 0.0933152 0.149126
51.3 0.0919513 0.150238
51.4 0.0905962 0.151335
51.5 0.089252 0.152417
51.6 0.0879207 0.153483
51.7 0.0866043 0.154534
51.8 0.0853047 0.155572
51.9 0.0840235 0.156596
52 0.0827624 0.157608
52.1 0.0815229 0.158608
52.2 0.0803065 0.159599
52.3 0.0791145 0.16058
52.4 0.077948 0.161555
52.5 0.0768081 0.162523
52.6 0.0756957 0.163487
52.7 0.0746116 0.164448
52.8 0.0735567 0.165408
52.9 0.0725313 0.166368
53 0.0715361 0.167331
53.1 0.0705713 0.168298
53.2 0.0696372 0.16927
53.3 0.0687339 0.17025
53.4 0.0678614 0.171239
53.5 0.0670195 0.17224
53.6 0.0662082 0.173252
53.7 0.065427 0.174279
53.8 0.0646755 0.175321
53.9 0.0639533 0.176379
54 0.0632597 0.177456
54.1 0.0625941 0.178551
54.2 0.0619556 0.179667
54.3 0.0613434 0.180803
54.4 0.0607567 0.181961
54.5 0.0601944 0.18314
54.6 0.0596554 0.184341
54.7 0.0591387 0.185564
54.8 0.0586431 0.186808
54.9 0.0581673 0.188074
55 0.0577102 0.18936
55.1 0.0572705 0.190667
55.2 0.0568468 0.191991
55.3 0.0564378 0.193333
55.4 0.0560422 0.194691
55.5 0.0556586 0.196063
55.6 0.0552856 0.197446
55.7 0.0549218 0.198838
55.8 0.054566 0.200238
55.9 0.0542167 0.201642
56 0.0538725 0.203046
56.1 0.0535323 0.204449
56.2 0.0531946 0.205847
56.3 0.0528582 0.207235
56.4 0.052522 0.208611
56.5 0.0521846 0.20997
56.6 0.0518451 0.211309
56.7 0.0515022 0.212623
56.8 0.0511551 0.213908
56.9 0.0508026 0.21516
57 0.0504439 0.216374
57.1 0.0500783 0.217546
57.2 0.0497048 0.218672
57.3 0.0493229 0.219747
57.4 0.0489318 0.220767
57.5 0.0485312 0.221727
57.6 0.0481206 0.222623
57.7 0.0476995 0.22345
57.8 0.0472678 0.224206
57.9 0.0468253 0.224886
58 0.0463718 0.225486
58.1 0.0459075 0.226002
58.2 0.0454324 0.226431
58.3 0.0449467 0.226771
58.4 0.0444508 0.227018
58.5 0.0439451 0.227169
58.6 0.04343 0.227222
58.7 0.0429061 0.227176
58.8 0.0423742 0.227028
58.9 0.0418351 0.226777
59 0.0412896 0.226422
59.1 0.0407387 0.225963
59.2 0.0401835 0.225398
59.3 0.0396252 0.224728
59.4 0.039065 0.223953
59.5 0.0385041 0.223075
59.6 0.0379441 0.222093
59.7 0.0373864 0.221011
59.8 0.0368325 0.219828
59.9 0.0362841 0.218549
60 0.0357428 0.217175
60.1 0.0352104 0.215708
60.2 0.0346886 0.214154
60.3 0.0341793 0.212514
60.4 0.0336844 0.210793
60.5 0.0332058 0.208995
60.6 0.0327454 0.207124
60.7 0.0323051 0.205185
60.8 0.031887 0.203184
60.9 0.031493 0.201124
61 0.0311251 0.199012
61.1 0.0307852 0.196853
61.2 0.0304755 0.194652
61.3 0.0301978 0.192415
61.4 0.029954 0.190148
61.5 0.0297461 0.187856
61.6 0.0295758 0.185546
61.7 0.0294451 0.183224
61.8 0.0293557 0.180895
61.9 0.0293093 0.178565
62 0.0293075 0.17624
62.1 0.0293518 0.173924
62.2 0.0294439 0.171625
62.3 0.029585 0.169347
62.4 0.0297766 0.167095
62.5 0.0300197 0.164874
62.6 0.0303156 0.162689
62.7 0.0306652 0.160544
62.8 0.0310695 0.158443
62.9 0.0315293 0.156391
63 0.0320451 0.15439
63.1 0.0326176 0.152445
63.2 0.0332471 0.150557
63.3 0.0339341 0.14873
63.4 0.0346785 0.146966
63.5 0.0354805 0.145267
63.6 0.03634 0.143633
63.7 0.0372567 0.142068
63.8 0.0382302 0.14057
63.9 0.03926 0.139141
64 0.0403454 0.137781
64.1 0.0414857 0.136489
64.2 0.0426799 0.135266
64.3 0.0439269 0.134109
64.4 0.0452256 0.133018
64.5 0.0465746 0.131991
64.6 0.0479724 0.131026
64.7 0.0494174 0.130122
64.8 0.050908 0.129275
64.9 0.0524422 0.128484
65 0.0540182 0.127745
65.1 0.0556338 0.127054
65.2 0.0572868 0.12641
65.3 0.0589751 0.125808
65.4 0.0606961 0.125245
65.5 0.0624474 0.124718
65.6 0.0642265 0.124221
65.7 0.0660307 0.123753
65.8 0.0678573 0.123308
65.9 0.0697034 0.122883
66 0.0715662 0.122475
66.1 0.0734428 0.122078
66.2 0.0753302 0.12169
66.3 0.0772254 0.121307
66.4 0.0791253 0.120925
66.5 0.0810269 0.120541
66.6 0.0829271 0.120151
66.7 0.0848226 0.119752
66.8 0.0867104 0.119341
66.9 0.0885874 0.118915
67 0.0904504 0.118473
67.1 0.0922963 0.11801
67.2 0.0941219 0.117526
67.3 0.0959243 0.117018
67.4 0.0977004 0.116485
67.5 0.0994471 0.115925
67.6 0.101162 0.115337
67.7 0.102841 0.11472
67.8 0.104482 0.114074
67.9 0.106083 0.113398
68 0.10764 0.112692
68.1 0.109151 0.111956
68.2 0.110613 0.111191
68.3 0.112024 0.110398
68.4 0.113382 0.109577
68.5 0.114684 0.108729
68.6 0.115929 0.107857
68.7 0.117113 0.10696
68.8 0.118236 0.106043
68.9 0.119296 0.105105
69 0.12029 0.10415
69.1 0.121218 0.10318
69.2 0.122079 0.102196
69.3 0.122869 0.101203
69.4 0.12359 0.100202
69.5 0.12424 0.0991957
69.6 0.124817 0.0981876
69.7 0.125322 0.0971804
69.8 0.125754 0.0961768
69.9 0.126112 0.0951799
70 0.126397 0.0941924
70.1 0.126608 0.0932173
70.2 0.126746 0.0922574
70.3 0.126811 0.0913155
70.4 0.126803 0.0903942
70.5 0.126723 0.0894962
70.6 0.126571 0.088624
70.7 0.126349 0.08778
70.8 0.126058 0.0869664
70.9 0.125699 0.0861854
71 0.125273 0.085439
71.1 0.124781 0.0847288
71.2 0.124226 0.0840567
71.3 0.12361 0.0834239
71.4 0.122933 0.0828319
71.5 0.122198 0.0822817
71.6 0.121408 0.0817742
71.7 0.120563 0.08131
71.8 0.119668 0.0808898
71.9 0.118724 0.0805138
72 0.117734 0.0801821
72.1 0.1167 0.0798947
72.2 0.115625 0.0796512
72.3 0.114512 0.0794513
72.4 0.113363 0.0792943
72.5 0.112182 0.0791794
72.6 0.110971 0.0791056
72.7 0.109733 0.0790718
72.8 0.108471 0.0790767
72.9 0.107189 0.079119
73 0.105888 0.0791969
73.1 0.104572 0.079309
73.2 0.103244 0.0794533
73.3 0.101906 0.079628
73.4 0.100561 0.0798311
73.5 0.0992128 0.0800605
73.6 0.0978631 0.0803142
73.7 0.0965146 0.0805899
73.8 0.0951699 0.0808855
73.9 0.0938314 0.0811986
74 0.0925014 0.0815269
74.1 0.0911821 0.0818683
74.2 0.0898755 0.0822204
74.3 0.0885837 0.0825808
74.4 0.0873083 0.0829474
74.5 0.0860511 0.0833179
74.6 0.0848136 0.08369
74.7 0.0835972 0.0840617
74.8 0.082403 0.0844308
74.9 0.0812321 0.0847952
75 0.0800854 0.085153
75.1 0.0789635 0.0855022
75.2 0.0778671 0.0858411
75.3 0.0767965 0.0861677
75.4 0.0757519 0.0864805
75.5 0.0747333 0.0867778
75.6 0.0737406 0.0870581
75.7 0.0727735 0.08732
75.8 0.0718315 0.0875621
75.9 0.070914 0.0877832
76 0.0700202 0.0879823
76.1 0.0691492 0.0881581
76.2 0.0682999 0.0883097
76.3 0.0674712 0.0884363
76.4 0.0666616 0.0885371
76.5 0.0658699 0.0886113
76.6 0.0650943 0.0886584
76.7 0.0643334 0.0886778
76.8 0.0635853 0.088669
76.9 0.0628483 0.0886317
77 0.0621205 0.0885656
77.1 0.0614 0.0884704
77.2 0.0606849 0.088346
77.3 0.0599731 0.0881923
77.4 0.0592627 0.0880093
77.5 0.0585517 0.0877969
77.6 0.0578382 0.0875554
77.7 0.0571201 0.0872848
77.8 0.0563957 0.0869854
77.9 0.0556631 0.0866575
78 0.0549205 0.0863013
78.1 0.0541662 0.0859172
78.2 0.0533986 0.0855056
78.3 0.0526163 0.0850671
78.4 0.0518179 0.0846021
78.5 0.0510022 0.0841113
78.6 0.050168 0.0835952
78.7 0.0493144 0.0830545
78.8 0.0484406 0.08249
78.9 0.0475461 0.0819024
79 0.0466303 0.0812925
79.1 0.0456929 0.0806613
79.2 0.044734 0.0800097
79.3 0.0437536 0.0793387
79.4 0.0427519 0.0786494
79.5 0.0417296 0.0779427
79.6 0.0406872 0.0772201
79.7 0.0396257 0.0764826
79.8 0.0385462 0.0757316
79.9 0.0374498 0.0749685
80 0.0363381 0.0741947
80.1 0.0352128 0.0734116
80.2 0.0340755 0.0726209
80.3 0.0329284 0.0718243
80.4 0.0317735 0.0710233
80.5 0.0306133 0.0702199
80.6 0.02945 0.0694157
80.7 0.0282863 0.0686128
80.8 0.027125 0.067813
80.9 0.0259687 0.0670185
81 0.0248204 0.0662312
81.1 0.0236832 0.0654534
81.2 0.0225599 0.0646871
81.3 0.0214538 0.0639347
81.4 0.0203679 0.0631983
81.5 0.0193053 0.0624803
81.6 0.0182693 0.0617831
81.7 0.0172629 0.0611089
81.8 0.0162892 0.0604601
81.9 0.0153512 0.059839
82 0.0144519 0.0592481
82.1 0.0135941 0.0586897
82.2 0.0127807 0.0581661
82.3 0.0120141 0.0576795
82.4 0.011297 0.0572323
82.5 0.0106317 0.0568265
82.6 0.0100204 0.0564644
82.7 0.00946496 0.056148
82.8 0.0089673 0.0558793
82.9 0.00852898 0.05566
83 0.00815136 0.0554921
83.1 0.00783557 0.055377
83.2 0.0075825 0.0553164
83.3 0.00739281 0.0553115
83.4 0.00726687 0.0553636
83.5 0.00720481 0.0554737
83.6 0.00720649 0.0556427
83.7 0.00727149 0.0558713
83.8 0.00739913 0.0561599
83.9 0.00758844 0.0565088
84 0.0078382 0.0569182
84.1 0.00814691 0.0573878
84.2 0.00851281 0.0579173
84.3 0.00893386 0.0585061
84.4 0.0094078 0.0591535
84.5 0.0099321 0.0598582
84.6 0.010504 0.0606191
84.7 0.0111205 0.0614345
84.8 0.0117785 0.0623028
84.9 0.0124744 0.0632218
85 0.0132049 0.0641893
85.1 0.013966 0.0652028
85.2 0.0147539 0.0662596
85.3 0.0155646 0.0673567
85.4 0.0163939 0.0684909
85.5 0.0172376 0.0696589
85.6 0.0180912 0.070857
85.7 0.0189505 0.0720815
85.8 0.019811 0.0733284
85.9 0.0206682 0.0745935
86 0.0215178 0.0758725
86.1 0.0223552 0.077161
86.2 0.0231762 0.0784545
86.3 0.0239764 0.0797482
86.4 0.0247516 0.0810374
86.5 0.0254977 0.0823172
86.6 0.0262107 0.0835826
86.7 0.0268869 0.0848288
86.8 0.0275225 0.0860508
86.9 0.0281141 0.0872435
87 0.0286584 0.088402
87.1 0.0291525 0.0895214
87.2 0.0295935 0.0905968
87.3 0.0299788 0.0916234
87.4 0.0303062 0.0925966
87.5 0.0305737 0.0935117
87.6 0.0307795 0.0943644
87.7 0.0309223 0.0951503
87.8 0.0310008 0.0958654
87.9 0.0310144 0.0965058
88 0.0309625 0.0970677
88.1 0.030845 0.0975478
88.2 0.030662 0.0979429
88.3 0.030414 0.0982499
88.4 0.0301017 0.0984663
88.5 0.0297263 0.0985896
88.6 0.0292893 0.0986178
88.7 0.0287923 0.0985492
88.8 0.0282373 0.0983822
88.9 0.0276267 0.0981158
89 0.0269631 0.0977492
89.1 0.0262493 0.097282
89.2 0.0254885 0.0967141
89.3 0.0246839 0.0960457
89.4 0.0238392 0.0952775
89.5 0.0229582 0.0944104
89.6 0.0220448 0.0934457
89.7 0.0211031 0.092385
89.8 0.0201375 0.0912304
89.9 0.0191523 0.0899841
90 0.0181521 0.0886487
90.1 0.0171415 0.0872271
90.2 0.0161251 0.0857227
90.3 0.0151078 0.0841387
90.4 0.0140942 0.0824791
90.5 0.013089 0.0807479
90.6 0.0120971 0.0789492
90.7 0.011123 0.0770876
90.8 0.0101715 0.0751678
90.9 0.0092469 0.0731945
91 0.00835375 0.0711728
91.1 0.00749629 0.0691078
91.2 0.00667867 0.0670047
91.3 0.00590485 0.0648689
91.4 0.00517861 0.0627059
91.5 0.00450353 0.060521
91.6 0.00388297 0.0583197
91.7 0.00332007 0.0561075
91.8 0.00281771 0.0538899
91.9 0.00237851 0.0516721
92 0.00200483 0.0494596
92.1 0.00169876 0.0472576
92.2 0.00146209 0.0450711
92.3 0.00129632 0.0429051
92.4 0.00120265 0.0407645
92.5 0.001182 0.0386538
92.6 0.00123496 0.0365774
92.7 0.00136182 0.0345396
92.8 0.00156258 0.0325444
92.9 0.00183694 0.0305954
93 0.00218429 0.0286961
93.1 0.00260372 0.0268497
93.2 0.00309407 0.025059
93.3 0.00365387 0.0233267
93.4 0.0042814 0.0216551
93.5 0.00497466 0.0200461
93.6 0.00573144 0.0185014
93.7 0.00654925 0.0170223
93.8 0.00742542 0.0156098
93.9 0.00835705 0.0142647
94 0.00934106 0.0129872
94.1 0.0103742 0.0117775
94.2 0.011453 0.0106352
94.3 0.012574 0.00955986
94.4 0.0137334 0.00855053
94.5 0.0149276 0.00760609
94.6 0.0161525 0.00672511
94.7 0.0174042 0.00590588
94.8 0.0186789 0.00514647
94.9 0.0199723 0.0044447
95 0.0212806 0.00379816
95.1 0.0225996 0.00320427
95.2 0.0239253 0.00266024
95.3 0.0252538 0.00216313
95.4 0.0265812 0.00170986
95.5 0.0279035 0.00129723
95.6 0.029217 0.000921925
95.7 0.030518 0.00058057
95.8 0.0318031 0.000269726
95.9 0.0330687 -1.40773e-05
96 0.0343117 -0.000274323
96.1 0.0355288 -0.00051448
96.2 0.036717 -0.000737987
96.3 0.0378737 -0.000948225
96.4 0.0389961 -0.0011485
96.5 0.0400818 -0.00134202
96.6 0.0411286 -0.00153187
96.7 0.0421345 -0.00172101
96.8 0.0430974 -0.00191224
96.9 0.0440159 -0.00210818
97 0.0448884 -0.00231128
97.1 0.0457137 -0.00252378
97.2 0.0464908 -0.00274768
97.3 0.0472187 -0.00298479
97.4 0.0478969 -0.00323665
97.5 0.0485248 -0.00350457
97.6 0.0491021 -0.0037896
97.7 0.0496288 -0.00409252
97.8 0.050105 -0.00441384
97.9 0.0505308 -0.00475383
98 0.0509066 -0.00511246
98.1 0.0512331 -0.00548944
98.2 0.0515109 -0.00588421
98.3 0.0517407 -0.00629596
98.4 0.0519236 -0.00672361
98.5 0.0520606 -0.00716584
98.6 0.0521529 -0.00762107
98.7 0.0522016 -0.00808753
98.8 0.0522081 -0.00856318
98.9 0.0521739 -0.00904583
99 0.0521002 -0.00953306
99.1 0.0519887 -0.0100223
99.2 0.0518409 -0.0105108
99.3 0.0516583 -0.0109957
99.4 0.0514424 -0.011474
99.5 0.051195 -0.0119426
99.6 0.0509175 -0.0123984
99.7 0.0506116 -0.0128381
99.8 0.0502788 -0.0132584
99.9 0.0499206 -0.0136561
100 0.0495386 -0.014028
100.1 0.0491342 -0.0143707
100.2 0.0487089 -0.0146812
100.3 0.0482641 -0.0149562
100.4 0.047801 -0.0151928
100.5 0.0473211 -0.0153881
100.6 0.0468255 -0.0155394
100.7 0.0463154 -0.015644
100.8 0.0457919 -0.0156995
100.9 0.0452562 -0.0157037
101 0.0447092 -0.0156547
101.1 0.044152 -0.0155505
101.2 0.0435854 -0.0153896
101.3 0.0430102 -0.0151709
101.4 0.0424274 -0.0148931
101.5 0.0418377 -0.0145557
101.6 0.0412418 -0.0141581
101.7 0.0406405 -0.0137002
101.8 0.0400344 -0.013182
101.9 0.0394242 -0.0126041
102 0.0388105 -0.011967
102.1 0.0381939 -0.011272
102.2 0.0375751 -0.0105202
102.3 0.0369547 -0.00971334
102.4 0.0363333 -0.00885329
102.5 0.0357114 -0.00794227
102.6 0.0350899 -0.00698274
102.7 0.0344692 -0.00597745
102.8 0.03385 -0.00492938
102.9 0.0332332 -0.00384176
103 0.0326194 -0.00271805
103.1 0.0320094 -0.00156192
103.2 0.031404 -0.000377219
103.3 0.030804 0.000832015
103.4 0.0302104 0.0020616
103.5 0.029624 0.00330721
103.6 0.029046 0.00456442
103.7 0.0284772 0.0058287
103.8 0.0279188 0.00709546
103.9 0.0273718 0.00836006
104 0.0268376 0.00961783
104.1 0.0263171 0.0108641
104.2 0.0258117 0.0120942
104.3 0.0253227 0.0133036
104.4 0.0248512 0.0144878
104.5 0.0243987 0.0156422
104.6 0.0239664 0.0167625
104.7 0.0235558 0.0178446
104.8 0.023168 0.0188845
104.9 0.0228045 0.0198781
105 0.0224666 0.0208219
105.1 0.0221556 0.0217123
105.2 0.0218728 0.0225461
105.3 0.0216193 0.0233202
105.4 0.0213964 0.0240319
105.5 0.0212052 0.0246787
105.6 0.0210467 0.0252584
105.7 0.020922 0.0257689
105.8 0.0208318 0.0262085
105.9 0.0207772 0.026576
106 0.0207586 0.0268702
106.1 0.0207767 0.0270904
106.2 0.0208321 0.027236
106.3 0.0209249 0.0273069
106.4 0.0210554 0.0273031
106.5 0.0212237 0.0272252
106.6 0.0214297 0.0270737
106.7 0.0216731 0.0268496
106.8 0.0219535 0.0265542
106.9 0.0222703 0.026189
107 0.0226229 0.0257558
107.1 0.0230102 0.0252564
107.2 0.0234313 0.0246932
107.3 0.0238848 0.0240685
107.4 0.0243693 0.023385
107.5 0.0248833 0.0226454
107.6 0.025425 0.0218526
107.7 0.0259924 0.0210099
107.8 0.0265836 0.0201204
107.9 0.0271962 0.0191874
108 0.0278279 0.0182143
108.1 0.0284762 0.0172047
108.2 0.0291385 0.016162
108.3 0.0298119 0.0150898
108.4 0.0304937 0.0139917
108.5 0.0311809 0.0128713
108.6 0.0318705 0.0117322
108.7 0.0325592 0.0105778
108.8 0.0332441 0.00941171
108.9 0.0339219 0.00823727
109 0.0345893 0.00705784
109.1 0.0352431 0.00587664
109.2 0.0358802 0.00469682
109.3 0.0364973 0.00352141
109.4 0.0370912 0.0023533
109.5 0.037659 0.00119526
109.6 0.0381974 4.9913e-05
109.7 0.0387037 -0.00108026
109.8 0.039175 -0.00219291
109.9 0.0396086 -0.00328588
110 0.040002 -0.00435714
110.1 0.0403527 -0.0054048
110.2 0.0406587 -0.00642717
110.3 0.0409178 -0.00742268
110.4 0.0411283 -0.00838991
110.5 0.0412886 -0.0093276
110.6 0.0413973 -0.0102346
110.7 0.0414533 -0.01111
110.8 0.0414557 -0.0119528
110.9 0.0414039 -0.0127623
111 0.0412976 -0.0135379
111.1 0.0411368 -0.014279
111.2 0.0409217 -0.0149852
111.3 0.0406528 -0.0156561
111.4 0.0403308 -0.0162914
111.5 0.039957 -0.0168909
111.6 0.0395327 -0.0174543
111.7 0.0390596 -0.0179814
111.8 0.0385397 -0.0184721
111.9 0.0379752 -0.0189263
112 0.0373687 -0.0193438
112.1 0.036723 -0.0197244
112.2 0.0360411 -0.0200681
112.3 0.0353264 -0.0203744
112.4 0.0345824 -0.0206433
112.5 0.0338129 -0.0208744
112.6 0.0330219 -0.0210673
112.7 0.0322136 -0.0212216
112.8 0.0313924 -0.0213368
112.9 0.0305627 -0.0214124
113 0.0297292 -0.0214476
113.1 0.0288968 -0.0214418
113.2 0.0280702 -0.0213941
113.3 0.0272546 -0.0213037
113.4 0.0264548 -0.0211696
113.5 0.0256759 -0.0209906
113.6 0.024923 -0.0207658
113.7 0.0242011 -0.0204939
113.8 0.0235153 -0.0201736
113.9 0.0228703 -0.0198036
114 0.0222712 -0.0193826
114.1 0.0217225 -0.0189091
114.2 0.021229 -0.0183816
114.3 0.020795 -0.0177988
114.4 0.0204247 -0.0171592
114.5 0.0201223 -0.0164612
114.6 0.0198915 -0.0157035
114.7 0.0197358 -0.0148846
114.8 0.0196587 -0.0140032
114.9 0.019663 -0.0130579
115 0.0197515 -0.0120476
115.1 0.0199265 -0.010971
115.2 0.0201902 -0.00982712
115.3 0.020544 -0.00861508
115.4 0.0209895 -0.00733408
115.5 0.0215274 -0.00598347
115.6 0.0221585 -0.00456278
115.7 0.0228827 -0.00307173
115.8 0.0237 -0.00151021
115.9 0.0246096 0.00012169
116 0.0256106 0.00182365
116.1 0.0267014 0.00359514
116.2 0.0278802 0.00543538
116.3 0.0291447 0.00734339
116.4 0.0304923 0.00931788
116.5 0.03192 0.0113574
116.6 0.0334244 0.0134601
116.7 0.0350015 0.015624
116.8 0.0366473 0.0178468
116.9 0.0383573 0.0201259
117 0.0401267 0.0224586
117.1 0.0419502 0.0248417
117.2 0.0438226 0.0272719
117.3 0.0457379 0.0297457
117.4 0.0476904 0.0322593
117.5 0.0496738 0.0348085
117.6 0.0516816 0.0373891
117.7 0.0537073 0.0399967
117.8 0.0557442 0.0426265
117.9 0.0577853 0.0452737
118 0.0598237 0.0479333
118.1 0.0618523 0.0506001
118.2 0.063864 0.0532687
118.3 0.0658517 0.0559338
118.4 0.0678083 0.0585898
118.5 0.0697266 0.0612311
118.6 0.0715996 0.0638521
118.7 0.0734204 0.066447
118.8 0.0751823 0.0690103
118.9 0.0768784 0.0715362
119 0.0785025 0.074019
119.1 0.0800481 0.0764532
119.2 0.0815092 0.0788332
119.3 0.08288 0.0811536
119.4 0.084155 0.0834092
119.5 0.0853291 0.0855948
119.6 0.0863972 0.0877054
119.7 0.0873548 0.0897361
119.8 0.0881978 0.0916825
119.9 0.0889222 0.09354
120 0.0895248 0.0953046
120.1 0.0900024 0.0969724
120.2 0.0903524 0.0985398
120.3 0.0905728 0.100003
120.4 0.0906617 0.10136
120.5 0.0906179 0.102608
120.6 0.0904405 0.103743
120.7 0.0901293 0.104765
120.8 0.0896841 0.10567
120.9 0.0891057 0.106459
121 0.0883949 0.107129
121.1 0.0875533 0.107681
121.2 0.0865826 0.108113
121.3 0.0854853 0.108426
121.4 0.084264 0.10862
121.5 0.082922 0.108696
121.6 0.0814627 0.108655
121.7 0.0798902 0.108497
121.8 0.0782087 0.108225
121.9 0.0764229 0.107841
122 0.0745379 0.107347
122.1 0.0725589 0.106744
122.2 0.0704915 0.106037
122.3 0.0683417 0.105229
122.4 0.0661156 0.104322
122.5 0.0638195 0.10332
122.6 0.06146 0.102226
122.7 0.0590438 0.101046
122.8 0.0565777 0.099782
122.9 0.0540687 0.0984394
123 0.051524 0.0970223
123.1 0.0489505 0.0955352
123.2 0.0463556 0.0939828
123.3 0.0437463 0.0923698
123.4 0.0411299 0.0907009
123.5 0.0385133 0.0889809
123.6 0.0359037 0.0872146
123.7 0.033308 0.085407
123.8 0.030733 0.0835628
123.9 0.0281853 0.0816869
124 0.0256715 0.0797839
124.1 0.0231977 0.0778586
124.2 0.0207701 0.0759155
124.3 0.0183945 0.0739593
124.4 0.0160765 0.0719943
124.5 0.0138213 0.0700249
124.6 0.0116339 0.0680552
124.7 0.00951904 0.0660892
124.8 0.00748101 0.0641308
124.9 0.00552385 0.0621838
125 0.00365121 0.0602517
125.1 0.0018664 0.058338
125.2 0.000172354 0.0564458
125.3 -0.00142836 0.0545781
125.4 -0.00293357 0.0527378
125.5 -0.00434145 0.0509277
125.6 -0.00565061 0.04915
125.7 -0.00685998 0.0474072
125.8 -0.00796893 0.0457014
125.9 -0.00897716 0.0440343
126 -0.00988477 0.0424079
126.1 -0.0106922 0.0408235
126.2 -0.0114003 0.0392826
126.3 -0.0120102 0.0377864
126.4 -0.0125235 0.0363359
126.5 -0.0129418 0.0349319
126.6 -0.0132675 0.0335751
126.7 -0.0135028 0.0322662
126.8 -0.0136506 0.0310054
126.9 -0.0137137 0.0297932
127 -0.0136955 0.0286295
127.1 -0.0135994 0.0275145
127.2 -0.0134291 0.026448
127.3 -0.0131883 0.0254299
127.4 -0.0128812 0.0244598
127.5 -0.012512 0.0235373
127.6 -0.0120848 0.022662
127.7 -0.0116042 0.0218333
127.8 -0.0110747 0.0210506
127.9 -0.0105008 0.0203132
128 -0.00988712 0.0196204
128.1 -0.00923831 0.0189714
128.2 -0.00855903 0.0183652
128.3 -0.00785388 0.0178012
128.4 -0.00712746 0.0172782
128.5 -0.00638429 0.0167955
128.6 -0.00562882 0.0163521
128.7 -0.00486543 0.0159469
128.8 -0.00409836 0.0155789
128.9 -0.00333172 0.0152473
129 -0.00256951 0.0149508
129.1 -0.00181555 0.0146886
129.2 -0.00107348 0.0144595
129.3 -0.000346789 0.0142625
129.4 0.00036126 0.0140966
129.5 0.00104759 0.0139607
129.6 0.00170934 0.0138538
129.7 0.00234388 0.0137747
129.8 0.0029488 0.0137225
129.9 0.00352192 0.013696
130 0.00406129 0.0136943
130.1 0.00456522 0.0137162
130.2 0.00503226 0.0137606
130.3 0.00546118 0.0138265
130.4 0.00585101 0.0139128
130.5 0.00620102 0.0140184
130.6 0.00651071 0.0141422
130.7 0.0067798 0.014283
130.8 0.00700827 0.0144399
130.9 0.0071963 0.0146116
131 0.00734428 0.014797
131.1 0.00745281 0.014995
131.2 0.00752269 0.0152044
131.3 0.00755492 0.0154241
131.4 0.00755065 0.0156529
131.5 0.00751121 0.0158896
131.6 0.00743809 0.016133
131.7 0.00733293 0.0163821
131.8 0.00719746 0.0166354
131.9 0.00703358 0.016892
132 0.00684326 0.0171505
132.1 0.00662857 0.0174098
132.2 0.00639165 0.0176687
132.3 0.00613472 0.0179261
132.4 0.00586004 0.0181807
132.5 0.0055699 0.0184314
132.6 0.00526662 0.018677
132.7 0.00495254 0.0189165
132.8 0.00462998 0.0191487
132.9 0.00430126 0.0193726
133 0.00396865 0.0195872
133.1 0.0036344 0.0197913
133.2 0.00330071 0.0199841
133.3 0.00296971 0.0201647
133.4 0.00264347 0.0203321
133.5 0.00232396 0.0204856
133.6 0.00201308 0.0206243
133.7 0.00171263 0.0207475
133.8 0.0014243 0.0208546
133.9 0.00114966 0.0209449
134 0.000890177 0.021018
134.1 0.000647199 0.0210734
134.2 0.000421937 0.0211106
134.3 0.000215477 0.0211294
134.4 2.87718e-05 0.0211294
134.5 -0.000137358 0.0211106
134.6 -0.000282229 0.0210728
134.7 -0.000405293 0.0210159
134.8 -0.000506135 0.0209401
134.9 -0.000584477 0.0208455
135 -0.000640169 0.0207322
135.1 -0.000673195 0.0206006
135.2 -0.000683661 0.020451
135.3 -0.000671799 0.0202838
135.4 -0.000637957 0.0200995
135.5 -0.000582596 0.0198987
135.6 -0.000506288 0.019682
135.7 -0.000409702 0.01945
135.8 -0.000293608 0.0192036
135.9 -0.000158862 0.0189434
136 -6.40307e-06 0.0186704
136.1 0.000162755 0.0183855
136.2 0.00034753 0.0180895
136.3 0.00054678 0.0177835
136.4 0.00075931 0.0174684
136.5 0.000983882 0.0171452
136.6 0.00121922 0.016815
136.7 0.00146402 0.0164788
136.8 0.00171695 0.0161377
136.9 0.00197668 0.0157928
137 0.00224185 0.0154451
137.1 0.00251113 0.0150957
137.2 0.00278318 0.0147455
137.3 0.00305667 0.0143957
137.4 0.00333031 0.0140473
137.5 0.00360283 0.0137011
137.6 0.00387298 0.0133583
137.7 0.00413957 0.0130195
137.8 0.00440145 0.0126858
137.9 0.00465751 0.012358
138 0.0049067 0.0120367
138.1 0.00514803 0.0117228
138.2 0.00538058 0.0114169
138.3 0.00560347 0.0111196
138.4 0.0058159 0.0108314
138.5 0.00601716 0.0105529
138.6 0.00620657 0.0102845
138.7 0.00638355 0.0100266
138.8 0.0065476 0.00977937
138.9 0.00669826 0.00954316
139 0.00683518 0.00931813
139.1 0.00695807 0.00910438
139.2 0.0070667 0.00890197
139.3 0.00716092 0.0087109
139.4 0.00724066 0.0085311
139.5 0.00730591 0.00836244
139.6 0.00735673 0.00820476
139.7 0.00739322 0.00805782
139.8 0.00741558 0.00792135
139.9 0.00742403 0.00779503
140 0.00741887 0.00767849
140.1 0.00740045 0.00757134
140.2 0.00736916 0.00747312
140.3 0.00732543 0.00738339
140.4 0.00726973 0.00730163
140.5 0.00720259 0.00722733
140.6 0.00712454 0.00715995
140.7 0.00703616 0.00709893
140.8 0.00693806 0.00704371
140.9 0.00683085 0.00699372
141 0.00671517 0.00694837
141.1 0.00659167 0.0069071
141.2 0.00646101 0.00686933
141.3 0.00632387 0.0068345
141.4 0.00618091 0.00680204
141.5 0.0060328 0.00677144
141.6 0.00588021 0.00674216
141.7 0.0057238 0.0067137
141.8 0.00556421 0.00668559
141.9 0.00540209 0.00665738
142 0.00523804 0.00662864
142.1 0.00507268 0.00659898
142.2 0.0049066 0.00656803
142.3 0.00474034 0.00653547
142.4 0.00457445 0.006501
142.5 0.00440945 0.00646435
142.6 0.00424582 0.00642531
142.7 0.00408402 0.00638366
142.8 0.00392448 0.00633927
142.9 0.00376761 0.00629201
143 0.00361378 0.00624178
143.1 0.00346333 0.00618854
143.2 0.00331658 0.00613226
143.3 0.0031738 0.00607295
143.4 0.00303526 0.00601065
143.5 0.00290117 0.00594543
143.6 0.00277173 0.00587739
143.7 0.00264711 0.00580664
143.8 0.00252745 0.00573332
143.9 0.00241285 0.00565761
144 0.0023034 0.00557967
