-0.996 4.02318e-06 1.83565e-06
-0.992 2.99514e-05 -3.44437e-06
-0.988 9.41569e-05 -2.88868e-05
-0.984 0.000198151 -7.42882e-05
-0.98 0.000322701 -0.000120077
-0.976 0.000430839 -0.000130843
-0.972 0.00047944 -6.87881e-05
-0.968 0.000435493 8.72854e-05
-0.964 0.000291041 0.000325181
-0.96 7.06643e-05 0.000592967
-0.956 -0.000172418 0.000808343
-0.952 -0.000371892 0.000883269
-0.948 -0.000471606 0.00075694
-0.944 -0.000449313 0.000425492
-0.94 -0.000332324 -4.39887e-05
-0.936 -0.000197895 -0.000523633
-0.932 -0.0001552 -0.000859742
-0.928 -0.000311453 -0.000923797
-0.924 -0.000730497 -0.000663319
-0.92 -0.0013962 -0.000133745
-0.916 -0.00219376 0.000503446
-0.912 -0.00291917 0.00102115
-0.908 -0.00332031 0.00119717
-0.904 -0.00316444 0.000894321
-0.9 -0.00231729 0.000123388
-0.896 -0.000812163 -0.000935848
-0.892 0.0011142 -0.00196889
-0.888 0.00303759 -0.00261233
-0.884 0.00442091 -0.00256917
-0.88 0.00473877 -0.00171835
-0.876 0.00362736 -0.000180697
-0.872 0.00102247 0.00168677
-0.868 -0.00275531 0.00337555
-0.864 -0.00700305 0.00437127
-0.86 -0.0107427 0.00431932
-0.856 -0.0129239 0.00315852
-0.852 -0.0126849 0.00117493
-0.848 -0.00961147 -0.00105143
-0.844 -0.00392312 -0.00280264
-0.84 0.00347333 -0.00344319
-0.836 0.0110988 -0.00264095
-0.832 0.0171818 -0.000516855
-0.828 0.0200547 0.00233389
-0.824 0.018584 0.0049722
-0.82 0.0125265 0.00637426
-0.816 0.00271319 0.00575351
-0.812 -0.00900783 0.00285266
-0.808 -0.0200832 -0.00188826
-0.804 -0.0277696 -0.00735398
-0.8 -0.0297461 -0.0119825
-0.796 -0.0246846 -0.0141562
-0.792 -0.0126383 -0.0126589
-0.788 0.00485738 -0.00707341
-0.784 0.0250146 0.0020007
-0.78 0.0443204 0.0129872
-0.776 0.0592526 0.0236416
-0.772 0.0670231 0.0315628
-0.768 0.0661732 0.0347802
-0.764 0.0568786 0.0322619
-0.76 0.0408887 0.0242027
-0.756 0.0211135 0.0120053
-0.752 0.000955149 -0.00205118
-0.748 -0.0164564 -0.015375
-0.744 -0.028944 -0.02571
-0.74 -0.0357189 -0.03169
-0.736 -0.0374673 -0.0331464
-0.732 -0.0360739 -0.0310775
-0.728 -0.0340538 -0.0272912
-0.724 -0.0338392 -0.0238187
-0.72 -0.0370979 -0.0222718
-0.716 -0.0442476 -0.0233301
-0.712 -0.0542778 -0.0265107
-0.708 -0.0649182 -0.0302956
-0.704 -0.0731138 -0.0325876
-0.7 -0.0757011 -0.031369
-0.696 -0.0701388 -0.0253727
-0.692 -0.0551335 -0.0145667
-0.688 -0.0310285 -0.000298202
-0.684 0.000121595 0.0149574
-0.68 0.0348048 0.0281862
-0.676 0.0685794 0.0366068
-0.672 0.0967821 0.038411
-0.668 0.115298 0.0332662
-0.664 0.121271 0.022435
-0.66 0.11363 0.00847098
-0.656 0.0933447 -0.00543328
-0.652 0.0633403 -0.0162702
-0.648 0.0280657 -0.0219862
-0.644 -0.00723533 -0.0219835
-0.64 -0.0374403 -0.0172153
-0.636 -0.0585015 -0.00985499
-0.632 -0.0682563 -0.00263765
-0.628 -0.0669203 0.00193419
-0.624 -0.0571185 0.00229474
-0.62 -0.0433882 -0.00176762
-0.616 -0.0311943 -0.00909184
-0.612 -0.0256258 -0.0175214
-0.608 -0.0300459 -0.0245594
-0.604 -0.0450259 -0.0281021
-0.6 -0.0678637 -0.0270331
-0.596 -0.0928876 -0.0215005
-0.592 -0.112569 -0.0128022
-0.588 -0.119268 -0.00292385
-0.584 -0.107251 0.0061236
-0.58 -0.0744853 0.0129563
-0.576 -0.0237166 0.0172566
-0.572 0.0375444 0.0198579
-0.568 0.0982641 0.0224405
-0.564 0.146178 0.0269221
-0.56 0.170665 0.0347233
-0.556 0.165526 0.0461357
-0.552 0.130956 0.0599956
-0.548 0.0741122 0.0737845
-0.544 0.00800221 0.0841527
-0.54 -0.0511889 0.0877422
-0.536 -0.0877996 0.0820925
-0.532 -0.0905698 0.0663881
-0.528 -0.0557384 0.0418412
-0.524 0.011469 0.0115939
-0.52 0.097436 -0.0198517
-0.516 0.182816 -0.0475412
-0.512 0.246723 -0.067094
-0.508 0.271509 -0.0755941
-0.504 0.247008 -0.0721355
-0.5 0.173187 -0.0579056
-0.496 0.0605242 -0.0358161
-0.492 -0.0720312 -0.00980045
-0.488 -0.201073 0.0160287
-0.484 -0.30377 0.0381552
-0.48 -0.362736 0.0541983
-0.476 -0.36957 0.0631225
-0.472 -0.326283 0.0651245
-0.468 -0.244314 0.0612836
-0.464 -0.141468 0.0531143
-0.46 -0.0375882 0.0421606
-0.456 0.0499034 0.0297344
-0.452 0.10952 0.016831
-0.448 0.137461 0.00419181
-0.444 0.137319 -0.00756204
-0.44 0.118018 -0.0178174
-0.436 0.0906908 -0.0259458
-0.432 0.0654564 -0.0313944
-0.428 0.0489747 -0.0338588
-0.424 0.0433808 -0.033462
-0.42 0.0467434 -0.030846
-0.416 0.0547298 -0.0271102
-0.412 0.0628077 -0.0235804
-0.408 0.0681844 -0.0214639
-0.404 0.0708225 -0.0214905
-0.4 0.0732221 -0.0236567
-0.396 0.0791109 -0.0271652
-0.392 0.0915672 -0.0306008
-0.388 0.1113 -0.0323125
-0.384 0.135761 -0.0309095
-0.38 0.15948 -0.0257321
-0.376 0.175627 -0.0171467
-0.372 0.17833 -0.00655237
-0.368 0.165045 0.0039351
-0.364 0.138094 0.0120577
-0.36 0.104771 0.0160947
-0.356 0.0757708 0.0154543
-0.352 0.0622753 0.0109979
-0.348 0.0725056 0.00498928
-0.344 0.108781 0.000660308
-0.34 0.166061 0.00148434
-0.336 0.232564 0.0103308
-0.332 0.292437 0.0287084
-0.328 0.329865 0.0562896
-0.324 0.33349 0.0908374
-0.32 0.299851 0.128557
-0.316 0.23474 0.164782
-0.312 0.151929 0.194828
-0.308 0.0694548 0.214808
-0.304 0.00443819 0.222247
-0.3 -0.0321268 0.216354
-0.296 -0.039051 0.197959
-0.292 -0.0259131 0.169146
-0.288 -0.0108474 0.132718
-0.284 -0.0155939 0.0916462
-0.28 -0.0590692 0.0486308
-0.276 -0.151219 0.00586364
-0.272 -0.28894 -0.0350106
-0.268 -0.455382 -0.0727832
-0.264 -0.623026 -0.106513
-0.26 -0.759908 -0.135384
-0.256 -0.837399 -0.158652
-0.252 -0.837509 -0.175689
-0.248 -0.757671 -0.186088
-0.244 -0.611667 -0.189805
-0.24 -0.426357 -0.187239
-0.236 -0.235007 -0.179244
-0.232 -0.0690082 -0.167046
-0.228 0.0497724 -0.15211
-0.224 0.113927 -0.13599
-0.22 0.131368 -0.120232
-0.216 0.121924 -0.106341
-0.212 0.110661 -0.0957747
-0.208 0.119853 -0.0899432
-0.204 0.161903 -0.090116
-0.2 0.23524 -0.0972271
-0.196 0.324378 -0.11158
-0.192 0.404129 -0.132531
-0.188 0.446769 -0.158266
-0.184 0.430077 -0.18581
-0.18 0.343903 -0.211355
-0.176 0.193359 -0.230901
-0.172 -0.00229237 -0.241134
-0.168 -0.214684 -0.240309
-0.164 -0.413808 -0.228898
-0.16 -0.575661 -0.209764
-0.156 -0.687823 -0.187718
-0.152 -0.751351 -0.168473
-0.148 -0.778522 -0.157189
-0.144 -0.787259 -0.156965
-0.14 -0.794108 -0.1677
-0.136 -0.808154 -0.185721
-0.132 -0.82796 -0.20438
-0.128 -0.842671 -0.215586
-0.124 -0.837046 -0.211961
-0.12 -0.798849 -0.189067
-0.116 -0.726096 -0.147123
-0.112 -0.631526 -0.0916636
-0.108 -0.542294 -0.0328355
-0.104 -0.494303 0.0166464
-0.1 -0.522229 0.0444935
-0.096 -0.647894 0.0420904
-0.092 -0.870461 0.00713104
-0.088 -1.16185 -0.0551463
-0.084 -1.46955 -0.132604
-0.08 -1.72693 -0.20872
-0.076 -1.86912 -0.266439
-0.072 -1.85039 -0.292408
-0.068 -1.65831 -0.280488
-0.064 -1.32038 -0.233557
-0.06 -0.900396 -0.162991
-0.056 -0.484311 -0.0858087
-0.052 -0.158527 -0.0200331
-0.048 0.0145245 0.020618
-0.044 0.0170329 0.0313512
-0.04 -0.113189 0.0189033
-0.036 -0.285312 0.00122715
-0.032 -0.372383 0.00404971
-0.028 -0.239545 0.0548986
-0.024 0.222473 0.175898
-0.02 1.06638 0.377044
-0.016 2.26753 0.651669
-0.012 3.719 0.975383
-0.008 5.24489 1.30903
-0.004 6.62987 1.60529
0 7.65942 1.8176
0.004 8.16223 1.90962
0.008 8.04526 1.8629
0.012 7.3133 1.68123
0.016 6.06898 1.39032
0.02 4.49273 1.03294
0.024 2.8073 0.660643
0.028 1.235 0.323756
0.032 -0.0430113 0.0620663
0.036 -0.91662 -0.101963
0.04 -1.36026 -0.166013
0.044 -1.42813 -0.146359
0.048 -1.2336 -0.0725542
0.052 -0.918431 0.0202662
0.056 -0.619616 0.0995379
0.06 -0.441207 0.141999
0.064 -0.437099 0.13754
0.068 -0.607436 0.0895238
0.072 -0.907863 0.0118329
0.076 -1.2678 -0.0762857
0.08 -1.61208 -0.156076
0.084 -1.88014 -0.214265
0.088 -2.03826 -0.246
0.092 -2.08267 -0.255157
0.096 -2.03405 -0.252159
0.1 -1.92624 -0.250102
0.104 -1.79307 -0.26035
0.108 -1.65768 -0.288889
0.112 -1.52722 -0.334432
0.116 -1.3941 -0.38877
0.12 -1.24292 -0.439173
0.124 -1.06015 -0.472107
0.128 -0.843214 -0.47715
0.132 -0.605634 -0.450019
0.136 -0.376458 -0.393876
0.14 -0.193822 -0.318618
0.144 -0.0944926 -0.238403
0.148 -0.102426 -0.168101
0.152 -0.219815 -0.119669
0.156 -0.423462 -0.0993825
0.16 -0.667885 -0.10664
0.164 -0.894709 -0.134597
0.168 -1.04609 -0.172377
0.172 -1.07875 -0.208222
0.176 -0.974944 -0.232673
0.18 -0.747399 -0.240934
0.184 -0.436868 -0.233808
0.188 -0.102774 -0.217007
0.192 0.190729 -0.19908
0.196 0.389833 -0.188591
0.2 0.463528 -0.191349
0.204 0.410366 -0.20846
0.208 0.257951 -0.235742
0.212 0.0554107 -0.264648
0.216 -0.139144 -0.284436
0.22 -0.272964 -0.284994
0.224 -0.311249 -0.259591
0.228 -0.24496 -0.206831
0.232 -0.0920988 -0.131334
0.236 0.10764 -0.0429685
0.24 0.303312 0.0451543
0.244 0.445551 0.119435
0.248 0.498597 0.16862
0.252 0.448653 0.186063
0.256 0.306734 0.170922
0.26 0.105553 0.128088
0.264 -0.108556 0.0669334
0.268 -0.286565 -0.000769231
0.272 -0.387874 -0.0632452
0.276 -0.389059 -0.110908
0.28 -0.288381 -0.137905
0.284 -0.105289 -0.142765
0.288 0.124672 -0.128119
0.292 0.358075 -0.0996618
0.296 0.552946 -0.0646609
0.3 0.677084 -0.030372
0.304 0.71368 -0.00267914
0.308 0.663291 0.01481
0.312 0.542077 0.0211115
0.316 0.377032 0.0176701
0.32 0.199516 0.00773516
0.324 0.0385985 -0.00451909
0.328 -0.0843635 -0.0149392
0.332 -0.158929 -0.0202298
0.336 -0.186165 -0.018553
0.34 -0.176825 -0.00981238
0.344 -0.147779 0.00440181
0.348 -0.117615 0.0211826
0.352 -0.102388 0.0369227
0.356 -0.112334 0.0480699
0.36 -0.150089 0.051889
0.364 -0.210621 0.0470873
0.368 -0.282708 0.0341778
0.372 -0.351562 0.0154937
0.376 -0.401986 -0.00517536
0.38 -0.421473 -0.0232809
0.384 -0.402686 -0.0344277
0.388 -0.344922 -0.0353156
0.392 -0.254347 -0.0244976
0.396 -0.14297 -0.00275908
0.4 -0.0265732 0.0269933
0.404 0.0780428 0.0603287
0.408 0.155976 0.0922406
0.412 0.196783 0.118221
0.416 0.19622 0.135196
0.42 0.156883 0.142095
0.424 0.087637 0.139909
0.428 0.00195342 0.131224
0.432 -0.0845248 0.119359
0.436 -0.156748 0.107335
0.44 -0.202825 0.0969724
0.444 -0.215917 0.0883851
0.448 -0.195119 0.0800315
0.452 -0.145225 0.0693241
0.456 -0.075474 0.0536365
0.46 0.00241371 0.031418
0.464 0.076494 0.00308169
0.468 0.13671 -0.0286208
0.472 0.17647 -0.0588986
0.476 0.193429 -0.0818752
0.48 0.189415 -0.091992
0.484 0.169592 -0.0855186
0.488 0.141118 -0.0617693
0.492 0.111602 -0.0236783
0.496 0.0876819 0.0224641
0.5 0.0739371 0.0681069
0.504 0.072284 0.104144
0.508 0.0818843 0.122845
0.512 0.0995152 0.11956
0.516 0.120284 0.0937883
0.52 0.138548 0.0493511
0.524 0.148885 -0.00638497
0.528 0.146999 -0.0640441
0.532 0.130461 -0.114177
0.536 0.0991948 -0.149144
0.54 0.0556491 -0.164519
0.544 0.00459085 -0.159724
0.548 -0.0474891 -0.137799
0.552 -0.0933191 -0.104417
0.556 -0.126024 -0.0664282
0.56 -0.140351 -0.0303147
0.564 -0.133731 -0.000913895
0.568 -0.106935 0.0193051
0.572 -0.0641525 0.0303095
0.576 -0.0124095 0.0339804
0.58 0.0396357 0.0332133
0.584 0.0833035 0.0309269
0.588 0.111597 0.0292568
0.592 0.120623 0.029126
0.596 0.110391 0.0302572
0.6 0.0847833 0.0315581
0.604 0.050659 0.0317105
0.608 0.0162724 0.0297498
0.612 -0.010655 0.0254454
0.616 -0.0247574 0.0193701
0.62 -0.0243012 0.0126625
0.624 -0.011588 0.00658293
0.628 0.00763172 0.00203045
0.632 0.0256059 -0.000806688
0.636 0.0345449 -0.0025456
0.64 0.0286241 -0.00441212
0.644 0.0055351 -0.00781278
0.648 -0.0327991 -0.0138111
0.652 -0.0805325 -0.0226785
0.656 -0.129164 -0.0336701
0.66 -0.169461 -0.0451106
0.664 -0.193582 -0.0547775
0.668 -0.196851 -0.0604776
0.672 -0.178792 -0.0606498
0.676 -0.143149 -0.0548177
0.68 -0.0969358 -0.0437587
0.684 -0.0487525 -0.0293363
0.688 -0.00680909 -0.0140402
0.692 0.0228743 -0.000359366
0.696 0.0376598 0.00983584
0.7 0.0386122 0.0157328
0.704 0.0299053 0.0177127
0.708 0.0175015 0.0171505
0.712 0.00746798 0.0159389
0.716 0.00437319 0.0158787
0.72 0.0101626 0.0181122
0.724 0.0237738 0.0227623
0.728 0.0415497 0.0288783
0.732 0.0583074 0.0347035
0.736 0.0687634 0.0381856
0.74 0.0689456 0.0375887
0.744 0.0572349 0.0320324
0.748 0.0347943 0.0218078
0.752 0.0052983 0.00838101
0.756 -0.0259387 -0.00591917
0.76 -0.0531973 -0.0184443
0.764 -0.0716352 -0.0268562
0.768 -0.0783118 -0.0296772
0.772 -0.07273 -0.0266231
0.776 -0.0568037 -0.0186398
0.78 -0.0342969 -0.00764446
0.784 -0.00990191 0.003951
0.788 0.0118062 0.0138078
0.792 0.0272925 0.0201729
0.796 0.034667 0.0222154
0.8 0.0338705 0.0201148
0.804 0.0264485 0.0149025
0.808 0.0150148 0.00811648
0.812 0.00256302 0.00137513
0.816 -0.00820311 -0.00401497
0.82 -0.0153772 -0.00732197
0.824 -0.0181104 -0.00847099
0.828 -0.0166055 -0.00794665
0.832 -0.0118903 -0.00656399
0.836 -0.00545654 -0.00518549
0.84 0.00113056 -0.00446754
0.844 0.00656263 -0.00470195
0.848 0.00999813 -0.0057841
0.852 0.0111328 -0.00730019
0.856 0.010146 -0.0086935
0.86 0.00756351 -0.00945221
0.864 0.00408353 -0.00926211
0.868 0.000411607 -0.00808438
0.872 -0.00286489 -0.00614477
0.876 -0.00534808 -0.00384749
0.88 -0.00684812 -0.00164759
0.884 -0.00736117 7.66594e-05
0.888 -0.00702362 0.00111423
0.892 -0.00605766 0.00145336
0.896 -0.00471942 0.0012532
0.9 -0.00325558 0.00077156
0.904 -0.0018712 0.00027564
0.908 -0.00070986 -3.55006e-05
0.912 0.000154075 -7.57585e-05
0.916 0.000711643 0.000124464
0.92 0.00100558 0.000450769
0.924 0.00110966 0.000757897
0.928 0.00110523 0.000923848
0.932 0.00106011 0.000887858
0.936 0.00101461 0.000662593
0.94 0.000977761 0.00032054
0.944 0.000934121 -3.7168e-05
0.948 0.000857789 -0.000316773
0.952 0.000728428 -0.000460285
0.956 0.000543319 -0.000458065
0.96 0.00032133 -0.000343832
0.964 9.77177e-05 -0.000176426
0.968 -8.78407e-05 -1.65365e-05
0.972 -0.000205136 9.2901e-05
0.976 -0.000243731 0.000136513
0.98 -0.000215637 0.000124773
0.984 -0.000149408 8.34522e-05
0.988 -7.82147e-05 3.97704e-05
0.992 -2.69443e-05 1.11654e-05
0.996 -3.80948e-06 7.12691e-07
0.1 0.0169442 0.00723417
0.2 0.0170214 0.00726151
0.3 0.01715 0.00730704
0.4 0.0173298 0.0073707
0.5 0.0175604 0.00745239
0.6 0.0178416 0.007552
0.7 0.0181728 0.00766941
0.8 0.0185536 0.00780446
0.9 0.0189834 0.00795697
1 0.0194616 0.00812674
1.1 0.0199874 0.00831357
1.2 0.0205601 0.00851724
1.3 0.021179 0.0087375
1.4 0.021843 0.0089741
1.5 0.0225515 0.00922679
1.6 0.0233033 0.00949531
1.7 0.0240977 0.00977939
1.8 0.0249335 0.0100788
1.9 0.02581 0.0103932
2 0.0267259 0.0107223
2.1 0.0276805 0.011066
2.2 0.0286726 0.011424
2.3 0.0297013 0.011796
2.4 0.0307658 0.0121819
2.5 0.031865 0.0125814
2.6 0.0329982 0.0129944
2.7 0.0341644 0.0134206
2.8 0.035363 0.0138601
2.9 0.0365931 0.0143127
3 0.0378542 0.0147783
3.1 0.0391457 0.0152569
3.2 0.040467 0.0157485
3.3 0.0418176 0.0162532
3.4 0.0431974 0.0167709
3.5 0.044606 0.0173019
3.6 0.0460432 0.0178462
3.7 0.0475089 0.0184041
3.8 0.0490032 0.0189758
3.9 0.0505263 0.0195615
4 0.0520783 0.0201616
4.1 0.0536595 0.0207764
4.2 0.0552705 0.0214063
4.3 0.0569117 0.0220517
4.4 0.0585838 0.0227132
4.5 0.0602875 0.0233912
4.6 0.0620236 0.0240862
4.7 0.0637932 0.0247988
4.8 0.0655972 0.0255297
4.9 0.0674368 0.0262795
5 0.0693131 0.0270488
5.1 0.0712275 0.0278383
5.2 0.0731813 0.0286487
5.3 0.075176 0.0294808
5.4 0.0772131 0.0303353
5.5 0.079294 0.031213
5.6 0.0814205 0.0321146
5.7 0.0835942 0.033041
5.8 0.0858167 0.0339928
5.9 0.0880897 0.0349708
6 0.0904151 0.0359759
6.1 0.0927945 0.0370087
6.2 0.0952296 0.0380701
6.3 0.0977223 0.0391607
6.4 0.100274 0.0402812
6.5 0.102887 0.0414324
6.6 0.105562 0.0426149
6.7 0.108301 0.0438292
6.8 0.111106 0.045076
6.9 0.113979 0.0463558
7 0.116919 0.0476691
7.1 0.11993 0.0490164
7.2 0.123011 0.050398
7.3 0.126165 0.0518143
7.4 0.129392 0.0532656
7.5 0.132694 0.0547521
7.6 0.13607 0.056274
7.7 0.139521 0.0578313
7.8 0.143049 0.0594242
7.9 0.146653 0.0610525
8 0.150334 0.0627162
8.1 0.154092 0.0644151
8.2 0.157927 0.066149
8.3 0.161837 0.0679174
8.4 0.165824 0.0697202
8.5 0.169887 0.0715566
8.6 0.174024 0.0734264
8.7 0.178235 0.0753287
8.8 0.182518 0.0772629
8.9 0.186873 0.0792283
9 0.191298 0.081224
9.1 0.195792 0.083249
9.2 0.200352 0.0853025
9.3 0.204978 0.0873834
9.4 0.209665 0.0894905
9.5 0.214414 0.0916227
9.6 0.21922 0.0937788
9.7 0.224082 0.0959573
9.8 0.228997 0.098157
9.9 0.233963 0.100376
10 0.238975 0.102614
10.1 0.244032 0.104869
10.2 0.249129 0.107138
10.3 0.254264 0.109421
10.4 0.259434 0.111717
10.5 0.264635 0.114022
10.6 0.269863 0.116336
10.7 0.275115 0.118657
10.8 0.280387 0.120982
10.9 0.285676 0.123311
11 0.290978 0.125641
11.1 0.296289 0.127971
11.2 0.301606 0.130299
11.3 0.306924 0.132622
11.4 0.31224 0.134939
11.5 0.317551 0.137249
11.6 0.322852 0.139549
11.7 0.328141 0.141838
11.8 0.333412 0.144113
11.9 0.338664 0.146373
12 0.343892 0.148616
12.1 0.349094 0.15084
12.2 0.354266 0.153044
12.3 0.359404 0.155226
12.4 0.364507 0.157384
12.5 0.36957 0.159517
12.6 0.374592 0.161622
12.7 0.379569 0.163699
12.8 0.3845 0.165745
12.9 0.389382 0.16776
13 0.394213 0.169742
13.1 0.39899 0.171689
13.2 0.403713 0.1736
13.3 0.40838 0.175475
13.4 0.412988 0.17731
13.5 0.417538 0.179107
13.6 0.422028 0.180862
13.7 0.426457 0.182576
13.8 0.430824 0.184247
13.9 0.43513 0.185875
14 0.439374 0.187457
14.1 0.443555 0.188995
14.2 0.447675 0.190487
14.3 0.451733 0.191932
14.4 0.455731 0.193329
14.5 0.459668 0.194679
14.6 0.463546 0.19598
14.7 0.467366 0.197233
14.8 0.471129 0.198436
14.9 0.474836 0.199591
15 0.47849 0.200696
15.1 0.482092 0.201751
15.2 0.485644 0.202756
15.3 0.489148 0.203712
15.4 0.492607 0.204618
15.5 0.496022 0.205475
15.6 0.499396 0.206283
15.7 0.502731 0.207041
15.8 0.506031 0.207751
15.9 0.509297 0.208413
16 0.512533 0.209027
16.1 0.515741 0.209594
16.2 0.518924 0.210113
16.3 0.522086 0.210587
16.4 0.525228 0.211016
16.5 0.528354 0.211399
16.6 0.531467 0.211739
16.7 0.53457 0.212035
16.8 0.537664 0.21229
16.9 0.540754 0.212502
17 0.543842 0.212675
17.1 0.54693 0.212808
17.2 0.550021 0.212902
17.3 0.553117 0.212959
17.4 0.556221 0.212979
17.5 0.559334 0.212964
17.6 0.56246 0.212915
17.7 0.565599 0.212833
17.8 0.568754 0.212718
17.9 0.571927 0.212573
18 0.575117 0.212398
18.1 0.578328 0.212194
18.2 0.581559 0.211963
18.3 0.584812 0.211706
18.4 0.588087 0.211423
18.5 0.591385 0.211116
18.6 0.594705 0.210786
18.7 0.598049 0.210434
18.8 0.601415 0.210061
18.9 0.604804 0.209669
19 0.608214 0.209257
19.1 0.611644 0.208828
19.2 0.615094 0.208381
19.3 0.618563 0.207918
19.4 0.622047 0.207441
19.5 0.625547 0.206949
19.6 0.629059 0.206443
19.7 0.632582 0.205924
19.8 0.636112 0.205394
19.9 0.639649 0.204851
20 0.643188 0.204298
20.1 0.646726 0.203734
20.2 0.650261 0.203161
20.3 0.65379 0.202578
20.4 0.657308 0.201986
20.5 0.660812 0.201385
20.6 0.664299 0.200775
20.7 0.667764 0.200157
20.8 0.671204 0.199532
20.9 0.674615 0.198898
21 0.677993 0.198257
21.1 0.681333 0.197607
21.2 0.684631 0.19695
21.3 0.687884 0.196285
21.4 0.691087 0.195612
21.5 0.694235 0.194931
21.6 0.697326 0.194242
21.7 0.700354 0.193544
21.8 0.703316 0.192837
21.9 0.706207 0.192122
22 0.709024 0.191398
22.1 0.711764 0.190664
22.2 0.714421 0.189921
22.3 0.716994 0.189167
22.4 0.719479 0.188404
22.5 0.721872 0.187629
22.6 0.724171 0.186844
22.7 0.726373 0.186048
22.8 0.728475 0.18524
22.9 0.730475 0.184421
23 0.732371 0.18359
23.1 0.734162 0.182746
23.2 0.735844 0.181891
23.3 0.737418 0.181023
23.4 0.738883 0.180142
23.5 0.740236 0.179249
23.6 0.741479 0.178343
23.7 0.74261 0.177425
23.8 0.74363 0.176494
23.9 0.744539 0.175551
24 0.745337 0.174595
24.1 0.746027 0.173628
24.2 0.746608 0.172649
24.3 0.747083 0.171659
24.4 0.747453 0.170658
24.5 0.747721 0.169646
24.6 0.747888 0.168624
24.7 0.747957 0.167593
24.8 0.747932 0.166554
24.9 0.747814 0.165506
25 0.747609 0.164451
25.1 0.747318 0.16339
25.2 0.746946 0.162323
25.3 0.746498 0.161252
25.4 0.745976 0.160176
25.5 0.745385 0.159098
25.6 0.744731 0.158019
25.7 0.744017 0.156938
25.8 0.743248 0.155859
25.9 0.742428 0.15478
26 0.741564 0.153705
26.1 0.74066 0.152633
26.2 0.739721 0.151566
26.3 0.738751 0.150506
26.4 0.737757 0.149453
26.5 0.736743 0.148408
26.6 0.735715 0.147373
26.7 0.734676 0.146349
26.8 0.733633 0.145336
26.9 0.73259 0.144336
27 0.731552 0.143351
27.1 0.730524 0.14238
27.2 0.72951 0.141425
27.3 0.728515 0.140487
27.4 0.727543 0.139566
27.5 0.726598 0.138664
27.6 0.725685 0.137781
27.7 0.724806 0.136917
27.8 0.723966 0.136074
27.9 0.723167 0.135252
28 0.722413 0.13445
28.1 0.721708 0.13367
28.2 0.721052 0.132912
28.3 0.72045 0.132175
28.4 0.719902 0.13146
28.5 0.719411 0.130767
28.6 0.718979 0.130096
28.7 0.718606 0.129446
28.8 0.718295 0.128817
28.9 0.718045 0.12821
29 0.717858 0.127622
29.1 0.717733 0.127054
29.2 0.717671 0.126506
29.3 0.717672 0.125976
29.4 0.717735 0.125464
29.5 0.717859 0.124968
29.6 0.718043 0.124489
29.7 0.718287 0.124024
29.8 0.718588 0.123574
29.9 0.718946 0.123137
30 0.719358 0.122711
30.1 0.719823 0.122296
30.2 0.720338 0.121891
30.3 0.720901 0.121495
30.4 0.72151 0.121105
30.5 0.722161 0.120722
30.6 0.722852 0.120344
30.7 0.72358 0.11997
30.8 0.724342 0.119599
30.9 0.725136 0.119229
31 0.725956 0.11886
31.1 0.726802 0.11849
31.2 0.727668 0.118119
31.3 0.728552 0.117745
31.4 0.729451 0.117369
31.5 0.73036 0.116988
31.6 0.731277 0.116603
31.7 0.732198 0.116213
31.8 0.73312 0.115817
31.9 0.734038 0.115415
32 0.734951 0.115006
32.1 0.735855 0.114591
32.2 0.736746 0.114169
32.3 0.737621 0.113739
32.4 0.738477 0.113303
32.5 0.739312 0.112861
32.6 0.740121 0.112412
32.7 0.740904 0.111957
32.8 0.741655 0.111497
32.9 0.742374 0.111033
33 0.743058 0.110564
33.1 0.743704 0.110092
33.2 0.744309 0.109618
33.3 0.744873 0.109143
33.4 0.745392 0.108668
33.5 0.745865 0.108194
33.6 0.74629 0.107723
33.7 0.746665 0.107256
33.8 0.74699 0.106794
33.9 0.747262 0.10634
34 0.74748 0.105894
34.1 0.747642 0.105458
34.2 0.747749 0.105033
34.3 0.747799 0.104623
34.4 0.747791 0.104227
34.5 0.747724 0.103849
34.6 0.747598 0.103489
34.7 0.747412 0.10315
34.8 0.747166 0.102833
34.9 0.746859 0.10254
35 0.746491 0.102272
35.1 0.746063 0.102031
35.2 0.745573 0.101819
35.3 0.745021 0.101636
35.4 0.744408 0.101486
35.5 0.743734 0.101368
35.6 0.742999 0.101284
35.7 0.742203 0.101235
35.8 0.741346 0.101223
35.9 0.740428 0.101248
36 0.739451 0.10131
36.1 0.738413 0.101411
36.2 0.737316 0.101552
36.3 0.736159 0.101732
36.4 0.734944 0.101951
36.5 0.73367 0.102211
36.6 0.732338 0.10251
36.7 0.730949 0.102849
36.8 0.729502 0.103228
36.9 0.727999 0.103645
37 0.72644 0.104101
37.1 0.724826 0.104594
37.2 0.723156 0.105124
37.3 0.721431 0.105689
37.4 0.719653 0.106289
37.5 0.717821 0.106921
37.6 0.715936 0.107585
37.7 0.713998 0.108279
37.8 0.712009 0.109
37.9 0.709969 0.109748
38 0.707877 0.11052
38.1 0.705736 0.111314
38.2 0.703545 0.112128
38.3 0.701306 0.11296
38.4 0.699018 0.113806
38.5 0.696682 0.114666
38.6 0.6943 0.115536
38.7 0.691872 0.116413
38.8 0.689399 0.117296
38.9 0.68688 0.118181
39 0.684319 0.119066
39.1 0.681714 0.119949
39.2 0.679067 0.120825
39.3 0.676379 0.121694
39.4 0.673651 0.122552
39.5 0.670883 0.123396
39.6 0.668077 0.124224
39.7 0.665234 0.125034
39.8 0.662355 0.125823
39.9 0.659441 0.126588
40 0.656492 0.127327
40.1 0.653511 0.128038
40.2 0.650499 0.128719
40.3 0.647456 0.129368
40.4 0.644384 0.129982
40.5 0.641285 0.13056
40.6 0.638159 0.1311
40.7 0.635008 0.131601
40.8 0.631834 0.13206
40.9 0.628638 0.132477
41 0.625421 0.13285
41.1 0.622185 0.133178
41.2 0.618931 0.133461
41.3 0.615661 0.133696
41.4 0.612377 0.133885
41.5 0.609079 0.134026
41.6 0.60577 0.134118
41.7 0.602452 0.134162
41.8 0.599124 0.134157
41.9 0.595791 0.134104
42 0.592451 0.134002
42.1 0.589109 0.133852
42.2 0.585764 0.133654
42.3 0.582419 0.133409
42.4 0.579074 0.133118
42.5 0.575733 0.13278
42.6 0.572395 0.132398
42.7 0.569062 0.131973
42.8 0.565737 0.131504
42.9 0.562419 0.130994
43 0.559112 0.130444
43.1 0.555815 0.129855
43.2 0.55253 0.129228
43.3 0.549259 0.128566
43.4 0.546002 0.127869
43.5 0.542762 0.12714
43.6 0.539538 0.12638
43.7 0.536332 0.12559
43.8 0.533145 0.124774
43.9 0.529978 0.123931
44 0.526832 0.123065
44.1 0.523708 0.122177
44.2 0.520606 0.121268
44.3 0.517528 0.120342
44.4 0.514473 0.119399
44.5 0.511443 0.118441
44.6 0.508438 0.117471
44.7 0.505459 0.116489
44.8 0.502506 0.115499
44.9 0.49958 0.114501
45 0.496681 0.113498
45.1 0.493809 0.11249
45.2 0.490965 0.111481
45.3 0.488149 0.11047
45.4 0.485361 0.109461
45.5 0.482601 0.108454
45.6 0.479869 0.107451
45.7 0.477166 0.106453
45.8 0.474492 0.105462
45.9 0.471847 0.104479
46 0.46923 0.103505
46.1 0.466641 0.102542
46.2 0.464081 0.10159
46.3 0.46155 0.100651
46.4 0.459047 0.0997262
46.5 0.456573 0.0988157
46.6 0.454127 0.0979208
46.7 0.451709 0.0970423
46.8 0.44932 0.0961812
46.9 0.446958 0.095338
47 0.444624 0.0945136
47.1 0.442319 0.0937085
47.2 0.440041 0.0929234
47.3 0.437791 0.0921588
47.4 0.435569 0.0914151
47.5 0.433375 0.0906929
47.6 0.431208 0.0899924
47.7 0.42907 0.0893142
47.8 0.426959 0.0886584
47.9 0.424877 0.0880254
48 0.422823 0.0874153
48.1 0.420798 0.0868284
48.2 0.418802 0.0862648
48.3 0.416835 0.0857246
48.4 0.414897 0.0852079
48.5 0.412989 0.0847148
48.6 0.411112 0.0842452
48.7 0.409266 0.0837992
48.8 0.407451 0.0833766
48.9 0.405669 0.0829775
49 0.40392 0.0826016
49.1 0.402204 0.0822489
49.2 0.400523 0.0819192
49.3 0.398877 0.0816124
49.4 0.397268 0.0813281
49.5 0.395696 0.0810661
49.6 0.394163 0.0808262
49.7 0.392669 0.0806081
49.8 0.391217 0.0804115
49.9 0.389806 0.080236
50 0.388439 0.0800812
50.1 0.387117 0.0799468
50.2 0.385842 0.0798323
50.3 0.384614 0.0797374
50.4 0.383436 0.0796615
50.5 0.382309 0.0796042
50.6 0.381235 0.079565
50.7 0.380215 0.0795433
50.8 0.379251 0.0795387
50.9 0.378345 0.0795505
51 0.377499 0.0795782
51.1 0.376714 0.0796212
51.2 0.375992 0.0796789
51.3 0.375336 0.0797506
51.4 0.374746 0.0798357
51.5 0.374225 0.0799337
51.6 0.373774 0.0800437
51.7 0.373396 0.0801651
51.8 0.373092 0.0802972
51.9 0.372864 0.0804394
52 0.372713 0.080591
52.1 0.372642 0.0807512
52.2 0.372651 0.0809193
52.3 0.372742 0.0810946
52.4 0.372917 0.0812765
52.5 0.373178 0.0814643
52.6 0.373525 0.0816572
52.7 0.373959 0.0818545
52.8 0.374482 0.0820556
52.9 0.375095 0.0822599
53 0.375799 0.0824666
53.1 0.376593 0.0826752
53.2 0.37748 0.082885
53.3 0.378459 0.0830954
53.4 0.379531 0.0833059
53.5 0.380695 0.0835159
53.6 0.381952 0.083725
53.7 0.383302 0.0839325
53.8 0.384744 0.084138
53.9 0.386278 0.0843412
54 0.387903 0.0845416
54.1 0.389618 0.0847388
54.2 0.391421 0.0849326
54.3 0.393312 0.0851225
54.4 0.395289 0.0853084
54.5 0.39735 0.08549
54.6 0.399494 0.0856671
54.7 0.401718 0.0858397
54.8 0.404019 0.0860075
54.9 0.406395 0.0861704
55 0.408844 0.0863286
55.1 0.411362 0.0864818
55.2 0.413947 0.0866303
55.3 0.416593 0.0867739
55.4 0.419299 0.0869129
55.5 0.42206 0.0870473
55.6 0.424873 0.0871773
55.7 0.427732 0.0873031
55.8 0.430634 0.0874248
55.9 0.433574 0.0875428
56 0.436548 0.0876572
56.1 0.43955 0.0877683
56.2 0.442576 0.0878764
56.3 0.44562 0.0879819
56.4 0.448677 0.0880849
56.5 0.451741 0.0881858
56.6 0.454808 0.0882849
56.7 0.457872 0.0883826
56.8 0.460926 0.0884791
56.9 0.463966 0.0885748
57 0.466985 0.08867
57.1 0.469978 0.0887649
57.2 0.472939 0.0888599
57.3 0.475862 0.0889552
57.4 0.478741 0.0890511
57.5 0.48157 0.0891477
57.6 0.484343 0.0892453
57.7 0.487056 0.089344
57.8 0.489701 0.089444
57.9 0.492274 0.0895455
58 0.494769 0.0896485
58.1 0.49718 0.089753
58.2 0.499503 0.0898591
58.3 0.501731 0.0899667
58.4 0.503861 0.0900758
58.5 0.505886 0.0901863
58.6 0.507804 0.0902981
58.7 0.509608 0.090411
58.8 0.511295 0.0905249
58.9 0.51286 0.0906393
59 0.5143 0.0907542
59.1 0.515611 0.0908691
59.2 0.51679 0.0909837
59.3 0.517833 0.0910977
59.4 0.518737 0.0912106
59.5 0.519501 0.091322
59.6 0.52012 0.0914314
59.7 0.520594 0.0915383
59.8 0.52092 0.0916422
59.9 0.521097 0.0917426
60 0.521123 0.0918389
60.1 0.520997 0.0919306
60.2 0.520719 0.0920171
60.3 0.520288 0.0920978
60.4 0.519704 0.0921721
60.5 0.518966 0.0922395
60.6 0.518076 0.0922993
60.7 0.517034 0.092351
60.8 0.515841 0.092394
60.9 0.514497 0.0924278
61 0.513005 0.0924519
61.1 0.511366 0.0924657
61.2 0.509582 0.0924688
61.3 0.507655 0.0924607
61.4 0.505588 0.092441
61.5 0.503383 0.0924093
61.6 0.501043 0.0923653
61.7 0.498571 0.0923087
61.8 0.49597 0.0922391
61.9 0.493244 0.0921565
62 0.490396 0.0920606
62.1 0.487431 0.0919513
62.2 0.484352 0.0918286
62.3 0.481163 0.0916925
62.4 0.477869 0.0915429
62.5 0.474473 0.0913801
62.6 0.470981 0.0912042
62.7 0.467396 0.0910153
62.8 0.463724 0.0908138
62.9 0.45997 0.0906
63 0.456138 0.0903744
63.1 0.452232 0.0901372
63.2 0.448259 0.0898892
63.3 0.444222 0.0896307
63.4 0.440128 0.0893625
63.5 0.43598 0.0890851
63.6 0.431784 0.0887993
63.7 0.427545 0.0885059
63.8 0.423268 0.0882056
63.9 0.418958 0.0878993
64 0.41462 0.0875879
64.1 0.410259 0.0872722
64.2 0.405879 0.0869532
64.3 0.401486 0.0866318
64.4 0.397084 0.0863091
64.5 0.392678 0.0859861
64.6 0.388272 0.0856637
64.7 0.383871 0.0853431
64.8 0.37948 0.0850252
64.9 0.375103 0.0847112
65 0.370744 0.0844019
65.1 0.366407 0.0840986
65.2 0.362097 0.0838021
65.3 0.357817 0.0835136
65.4 0.353571 0.083234
65.5 0.349364 0.0829643
65.6 0.345197 0.0827054
65.7 0.341076 0.0824583
65.8 0.337004 0.0822238
65.9 0.332983 0.0820028
66 0.329017 0.0817961
66.1 0.325109 0.0816045
66.2 0.321262 0.0814287
66.3 0.317479 0.0812694
66.4 0.313762 0.0811271
66.5 0.310114 0.0810025
66.6 0.306537 0.0808961
66.7 0.303033 0.0808083
66.8 0.299605 0.0807396
66.9 0.296255 0.0806902
67 0.292985 0.0806604
67.1 0.289795 0.0806506
67.2 0.286689 0.0806608
67.3 0.283667 0.080691
67.4 0.280731 0.0807415
67.5 0.277882 0.0808121
67.6 0.275121 0.0809027
67.7 0.27245 0.0810132
67.8 0.269869 0.0811433
67.9 0.267378 0.0812929
68 0.264979 0.0814615
68.1 0.262672 0.0816489
68.2 0.260458 0.0818545
68.3 0.258336 0.0820779
68.4 0.256307 0.0823185
68.5 0.254371 0.0825759
68.6 0.252528 0.0828492
68.7 0.250777 0.0831379
68.8 0.249118 0.0834413
68.9 0.247552 0.0837586
69 0.246076 0.084089
69.1 0.244691 0.0844318
69.2 0.243396 0.0847861
69.3 0.24219 0.085151
69.4 0.241072 0.0855256
69.5 0.240041 0.0859091
69.6 0.239095 0.0863005
69.7 0.238234 0.0866989
69.8 0.237455 0.0871033
69.9 0.236758 0.0875129
70 0.236141 0.0879265
70.1 0.235602 0.0883433
70.2 0.235139 0.0887624
70.3 0.234751 0.0891827
70.4 0.234435 0.0896033
70.5 0.23419 0.0900233
70.6 0.234013 0.0904417
70.7 0.233902 0.0908576
70.8 0.233855 0.0912702
70.9 0.233869 0.0916784
71 0.233943 0.0920815
71.1 0.234073 0.0924786
71.2 0.234258 0.0928688
71.3 0.234494 0.0932514
71.4 0.23478 0.0936256
71.5 0.235112 0.0939905
71.6 0.235488 0.0943455
71.7 0.235905 0.0946899
71.8 0.23636 0.0950229
71.9 0.236851 0.095344
72 0.237376 0.0956525
72.1 0.23793 0.0959478
72.2 0.238512 0.0962293
72.3 0.239119 0.0964966
72.4 0.239748 0.096749
72.5 0.240397 0.0969862
72.6 0.241062 0.0972077
72.7 0.241742 0.0974131
72.8 0.242433 0.097602
72.9 0.243133 0.097774
73 0.243839 0.0979288
73.1 0.244549 0.0980663
73.2 0.245262 0.098186
73.3 0.245973 0.0982878
73.4 0.246681 0.0983714
73.5 0.247385 0.0984368
73.6 0.248081 0.0984837
73.7 0.248768 0.0985121
73.8 0.249443 0.098522
73.9 0.250105 0.0985131
74 0.250753 0.0984856
74.1 0.251384 0.0984394
74.2 0.251997 0.0983746
74.3 0.252591 0.0982913
74.4 0.253164 0.0981895
74.5 0.253715 0.0980694
74.6 0.254242 0.0979312
74.7 0.254746 0.0977749
74.8 0.255224 0.0976009
74.9 0.255677 0.0974094
75 0.256103 0.0972006
75.1 0.256502 0.0969749
75.2 0.256874 0.0967325
75.3 0.257218 0.0964738
75.4 0.257535 0.0961992
75.5 0.257823 0.0959091
75.6 0.258084 0.095604
75.7 0.258317 0.0952842
75.8 0.258523 0.0949503
75.9 0.258702 0.0946028
76 0.258855 0.0942421
76.1 0.258982 0.093869
76.2 0.259084 0.0934839
76.3 0.259161 0.0930875
76.4 0.259216 0.0926803
76.5 0.259248 0.0922631
76.6 0.259259 0.0918365
76.7 0.25925 0.0914012
76.8 0.259222 0.0909579
76.9 0.259178 0.0905074
77 0.259117 0.0900503
77.1 0.259042 0.0895875
77.2 0.258954 0.0891197
77.3 0.258855 0.0886477
77.4 0.258746 0.0881723
77.5 0.25863 0.0876943
77.6 0.258507 0.0872145
77.7 0.25838 0.0867337
77.8 0.25825 0.0862527
77.9 0.25812 0.0857725
78 0.257991 0.0852937
78.1 0.257865 0.0848172
78.2 0.257744 0.0843438
78.3 0.257629 0.0838743
78.4 0.257523 0.0834095
78.5 0.257427 0.0829502
78.6 0.257343 0.0824972
78.7 0.257273 0.0820511
78.8 0.257218 0.0816128
78.9 0.257181 0.0811829
79 0.257163 0.0807621
79.1 0.257165 0.0803511
79.2 0.257189 0.0799505
79.3 0.257237 0.0795608
79.4 0.257309 0.0791827
79.5 0.257408 0.0788166
79.6 0.257534 0.0784631
79.7 0.257689 0.0781226
79.8 0.257874 0.0777955
79.9 0.258089 0.0774821
80 0.258336 0.0771829
80.1 0.258615 0.0768979
80.2 0.258927 0.0766276
80.3 0.259273 0.0763719
80.4 0.259653 0.0761312
80.5 0.260067 0.0759053
80.6 0.260516 0.0756944
80.7 0.261 0.0754984
80.8 0.261519 0.0753172
80.9 0.262072 0.0751506
81 0.262661 0.0749986
81.1 0.263283 0.0748607
81.2 0.263939 0.0747368
81.3 0.264628 0.0746265
81.4 0.265349 0.0745294
81.5 0.266102 0.0744449
81.6 0.266886 0.0743727
81.7 0.2677 0.0743122
81.8 0.268542 0.0742627
81.9 0.269411 0.0742236
82 0.270306 0.0741943
82.1 0.271225 0.0741741
82.2 0.272167 0.0741621
82.3 0.27313 0.0741576
82.4 0.274112 0.0741597
82.5 0.275112 0.0741676
82.6 0.276127 0.0741805
82.7 0.277156 0.0741973
82.8 0.278196 0.0742172
82.9 0.279245 0.0742392
83 0.280301 0.0742624
83.1 0.281362 0.0742858
83.2 0.282425 0.0743084
83.3 0.283488 0.0743292
83.4 0.284549 0.0743473
83.5 0.285605 0.0743616
83.6 0.286654 0.0743712
83.7 0.287693 0.0743752
83.8 0.28872 0.0743724
83.9 0.289733 0.0743621
84 0.290728 0.0743432
84.1 0.291704 0.074315
84.2 0.292658 0.0742765
84.3 0.293588 0.0742268
84.4 0.294492 0.0741652
84.5 0.295367 0.0740908
84.6 0.296212 0.074003
84.7 0.297023 0.0739011
84.8 0.297799 0.0737843
84.9 0.298539 0.073652
85 0.299239 0.0735037
85.1 0.299899 0.0733389
85.2 0.300517 0.073157
85.3 0.301091 0.0729577
85.4 0.30162 0.0727405
85.5 0.302102 0.0725053
85.6 0.302537 0.0722516
85.7 0.302922 0.0719793
85.8 0.303258 0.0716883
85.9 0.303543 0.0713784
86 0.303777 0.0710496
86.1 0.30396 0.070702
86.2 0.30409 0.0703356
86.3 0.304168 0.0699505
86.4 0.304193 0.0695469
86.5 0.304166 0.0691251
86.6 0.304087 0.0686853
86.7 0.303957 0.0682279
86.8 0.303775 0.0677534
86.9 0.303542 0.0672621
87 0.30326 0.0667546
87.1 0.302929 0.0662313
87.2 0.30255 0.065693
87.3 0.302124 0.0651402
87.4 0.301654 0.0645736
87.5 0.30114 0.0639939
87.6 0.300584 0.0634019
87.7 0.299987 0.0627983
87.8 0.299352 0.0621841
87.9 0.298681 0.0615599
88 0.297974 0.0609268
88.1 0.297236 0.0602856
88.2 0.296468 0.0596372
88.3 0.295671 0.0589826
88.4 0.294849 0.0583227
88.5 0.294004 0.0576585
88.6 0.293139 0.0569911
88.7 0.292255 0.0563214
88.8 0.291356 0.0556504
88.9 0.290444 0.0549791
89 0.289522 0.0543085
89.1 0.288592 0.0536398
89.2 0.287657 0.0529738
89.3 0.286719 0.0523116
89.4 0.285782 0.0516541
89.5 0.284847 0.0510024
89.6 0.283918 0.0503575
89.7 0.282996 0.0497203
89.8 0.282084 0.0490918
89.9 0.281186 0.0484729
90 0.280302 0.0478645
90.1 0.279435 0.0472675
90.2 0.278588 0.0466827
90.3 0.277763 0.0461112
90.4 0.276961 0.0455535
90.5 0.276184 0.0450107
90.6 0.275435 0.0444833
90.7 0.274715 0.0439722
90.8 0.274025 0.0434781
90.9 0.273368 0.0430016
91 0.272744 0.0425434
91.1 0.272156 0.0421041
91.2 0.271603 0.0416842
91.3 0.271087 0.0412844
91.4 0.270609 0.0409051
91.5 0.27017 0.0405468
91.6 0.269771 0.0402099
91.7 0.269411 0.0398948
91.8 0.269091 0.0396019
91.9 0.268813 0.0393315
92 0.268575 0.0390839
92.1 0.268377 0.0388593
92.2 0.268221 0.0386579
92.3 0.268105 0.0384799
92.4 0.26803 0.0383254
92.5 0.267994 0.0381945
92.6 0.267997 0.0380873
92.7 0.268039 0.0380037
92.8 0.26812 0.0379438
92.9 0.268237 0.0379075
93 0.26839 0.0378946
93.1 0.268579 0.037905
93.2 0.268802 0.0379386
93.3 0.269058 0.0379951
93.4 0.269346 0.0380742
93.5 0.269664 0.0381758
93.6 0.270012 0.0382993
93.7 0.270387 0.0384445
93.8 0.270789 0.038611
93.9 0.271216 0.0387984
94 0.271666 0.0390061
94.1 0.272139 0.0392336
94.2 0.272631 0.0394805
94.3 0.273142 0.0397461
94.4 0.273671 0.0400298
94.5 0.274215 0.0403311
94.6 0.274773 0.0406492
94.7 0.275344 0.0409834
94.8 0.275925 0.0413331
94.9 0.276516 0.0416974
95 0.277114 0.0420757
95.1 0.277718 0.042467
95.2 0.278327 0.0428706
95.3 0.278938 0.0432857
95.4 0.279552 0.0437113
95.5 0.280165 0.0441465
95.6 0.280777 0.0445905
95.7 0.281386 0.0450423
95.8 0.281991 0.045501
95.9 0.282591 0.0459657
96 0.283184 0.0464352
96.1 0.283769 0.0469088
96.2 0.284345 0.0473853
96.3 0.28491 0.0478639
96.4 0.285464 0.0483434
96.5 0.286006 0.0488228
96.6 0.286534 0.0493013
96.7 0.287048 0.0497776
96.8 0.287546 0.050251
96.9 0.288027 0.0507202
97 0.288492 0.0511844
97.1 0.288938 0.0516426
97.2 0.289366 0.0520938
97.3 0.289774 0.0525369
97.4 0.290161 0.0529711
97.5 0.290528 0.0533955
97.6 0.290873 0.0538091
97.7 0.291196 0.054211
97.8 0.291497 0.0546003
97.9 0.291774 0.0549763
98 0.292027 0.0553381
98.1 0.292257 0.0556848
98.2 0.292461 0.0560159
98.3 0.292641 0.0563305
98.4 0.292795 0.0566279
98.5 0.292923 0.0569076
98.6 0.293025 0.0571689
98.7 0.293101 0.0574112
98.8 0.293151 0.0576341
98.9 0.293173 0.0578371
99 0.293168 0.0580196
99.1 0.293136 0.0581815
99.2 0.293076 0.0583222
99.3 0.292989 0.0584416
99.4 0.292874 0.0585394
99.5 0.29273 0.0586155
99.6 0.292559 0.0586696
99.7 0.29236 0.0587018
99.8 0.292132 0.0587121
99.9 0.291877 0.0587003
100 0.291592 0.0586668
100.1 0.29128 0.0586115
100.2 0.29094 0.0585347
100.3 0.290571 0.0584367
100.4 0.290174 0.0583177
100.5 0.28975 0.0581781
100.6 0.289297 0.0580184
100.7 0.288817 0.0578389
100.8 0.288309 0.0576402
100.9 0.287774 0.0574228
101 0.287212 0.0571874
101.1 0.286623 0.0569346
101.2 0.286008 0.0566651
101.3 0.285366 0.0563796
101.4 0.284698 0.0560789
101.5 0.284004 0.0557638
101.6 0.283286 0.0554351
101.7 0.282542 0.0550938
101.8 0.281774 0.0547406
101.9 0.280982 0.0543765
102 0.280167 0.0540026
102.1 0.279328 0.0536196
102.2 0.278467 0.0532287
102.3 0.277584 0.0528308
102.4 0.27668 0.0524269
102.5 0.275755 0.052018
102.6 0.27481 0.0516052
102.7 0.273845 0.0511894
102.8 0.272861 0.0507717
102.9 0.271859 0.0503531
103 0.270839 0.0499345
103.1 0.269802 0.0495169
103.2 0.268749 0.0491013
103.3 0.26768 0.0486886
103.4 0.266596 0.0482797
103.5 0.265497 0.0478755
103.6 0.264385 0.0474769
103.7 0.26326 0.0470846
103.8 0.262123 0.0466995
103.9 0.260973 0.0463223
104 0.259813 0.0459536
104.1 0.258643 0.0455941
104.2 0.257462 0.0452444
104.3 0.256272 0.0449051
104.4 0.255074 0.0445767
104.5 0.253867 0.0442595
104.6 0.252653 0.0439541
104.7 0.251432 0.0436606
104.8 0.250204 0.0433794
104.9 0.248969 0.0431107
105 0.247729 0.0428546
105.1 0.246483 0.0426113
105.2 0.245232 0.0423806
105.3 0.243976 0.0421627
105.4 0.242716 0.0419574
105.5 0.241451 0.0417645
105.6 0.240182 0.0415838
105.7 0.238908 0.0414151
105.8 0.23763 0.041258
105.9 0.236348 0.0411121
106 0.235062 0.040977
106.1 0.233772 0.0408521
106.2 0.232478 0.040737
106.3 0.231179 0.0406309
106.4 0.229876 0.0405334
106.5 0.228568 0.0404436
106.6 0.227255 0.0403609
106.7 0.225936 0.0402845
106.8 0.224612 0.0402135
106.9 0.223283 0.0401473
107 0.221946 0.0400848
107.1 0.220604 0.0400254
107.2 0.219254 0.0399679
107.3 0.217897 0.0399117
107.4 0.216532 0.0398557
107.5 0.215158 0.039799
107.6 0.213776 0.0397407
107.7 0.212384 0.0396799
107.8 0.210983 0.0396158
107.9 0.209572 0.0395473
108 0.20815 0.0394737
108.1 0.206717 0.039394
108.2 0.205273 0.0393075
108.3 0.203817 0.0392134
108.4 0.202349 0.0391109
108.5 0.200869 0.0389993
108.6 0.199376 0.0388778
108.7 0.19787 0.038746
108.8 0.196351 0.0386031
108.9 0.194819 0.0384487
109 0.193273 0.0382822
109.1 0.191714 0.0381034
109.2 0.190142 0.0379118
109.3 0.188556 0.0377071
109.4 0.186958 0.0374891
109.5 0.185347 0.0372577
109.6 0.183723 0.0370128
109.7 0.182087 0.0367544
109.8 0.180439 0.0364825
109.9 0.17878 0.0361974
110 0.177111 0.0358992
110.1 0.175431 0.0355881
110.2 0.173743 0.0352647
110.3 0.172046 0.0349294
110.4 0.170342 0.0345825
110.5 0.168632 0.0342249
110.6 0.166917 0.033857
110.7 0.165198 0.0334797
110.8 0.163476 0.0330938
110.9 0.161753 0.0327001
111 0.16003 0.0322995
111.1 0.158308 0.0318931
111.2 0.15659 0.031482
111.3 0.154877 0.0310672
111.4 0.153171 0.0306498
111.5 0.151473 0.0302312
111.6 0.149785 0.0298125
111.7 0.14811 0.0293951
111.8 0.146448 0.0289802
111.9 0.144803 0.0285693
112 0.143176 0.0281636
112.1 0.14157 0.0277647
112.2 0.139986 0.027374
112.3 0.138426 0.0269928
112.4 0.136893 0.0266226
112.5 0.135389 0.0262649
112.6 0.133916 0.025921
112.7 0.132477 0.0255925
112.8 0.131073 0.0252806
112.9 0.129706 0.0249869
113 0.128379 0.0247126
113.1 0.127094 0.0244592
113.2 0.125853 0.0242278
113.3 0.124658 0.0240198
113.4 0.123511 0.0238364
113.5 0.122414 0.0236788
113.6 0.121368 0.023548
113.7 0.120376 0.0234451
113.8 0.11944 0.0233712
113.9 0.118561 0.0233271
114 0.11774 0.0233138
114.1 0.116979 0.0233319
114.2 0.11628 0.0233823
114.3 0.115644 0.0234656
114.4 0.115072 0.0235823
114.5 0.114566 0.023733
114.6 0.114125 0.0239179
114.7 0.113752 0.0241375
114.8 0.113447 0.024392
114.9 0.11321 0.0246814
115 0.113042 0.0250059
115.1 0.112944 0.0253653
115.2 0.112916 0.0257597
115.3 0.112958 0.0261887
115.4 0.113069 0.0266521
115.5 0.113251 0.0271494
115.6 0.113503 0.0276802
115.7 0.113823 0.028244
115.8 0.114213 0.02884
115.9 0.114672 0.0294676
116 0.115198 0.0301259
116.1 0.115791 0.030814
116.2 0.116449 0.0315311
116.3 0.117173 0.032276
116.4 0.11796 0.0330478
116.5 0.11881 0.0338451
116.6 0.119721 0.0346668
116.7 0.120692 0.0355116
116.8 0.121721 0.0363781
116.9 0.122806 0.037265
117 0.123945 0.0381709
117.1 0.125138 0.0390942
117.2 0.126382 0.0400334
117.3 0.127674 0.0409869
117.4 0.129014 0.0419533
117.5 0.130398 0.0429307
117.6 0.131825 0.0439178
117.7 0.133293 0.0449126
117.8 0.134799 0.0459137
117.9 0.136341 0.0469193
118 0.137917 0.0479277
118.1 0.139524 0.0489372
118.2 0.141161 0.0499462
118.3 0.142824 0.0509529
118.4 0.144512 0.0519557
118.5 0.146222 0.052953
118.6 0.147952 0.0539431
118.7 0.149699 0.0549243
118.8 0.151461 0.0558951
118.9 0.153235 0.0568539
119 0.15502 0.0577992
119.1 0.156814 0.0587295
119.2 0.158613 0.0596433
119.3 0.160416 0.0605392
119.4 0.16222 0.0614158
119.5 0.164024 0.0622717
119.6 0.165825 0.0631058
119.7 0.167621 0.0639166
119.8 0.16941 0.0647032
119.9 0.171191 0.0654642
120 0.17296 0.0661987
120.1 0.174717 0.0669056
120.2 0.17646 0.0675839
120.3 0.178186 0.0682328
120.4 0.179894 0.0688514
120.5 0.181582 0.0694388
120.6 0.183249 0.0699945
120.7 0.184893 0.0705177
120.8 0.186512 0.0710077
120.9 0.188105 0.0714642
121 0.18967 0.0718866
121.1 0.191206 0.0722745
121.2 0.192712 0.0726275
121.3 0.194186 0.0729454
121.4 0.195626 0.073228
121.5 0.197032 0.073475
121.6 0.198403 0.0736865
121.7 0.199736 0.0738623
121.8 0.201031 0.0740025
121.9 0.202286 0.0741071
122 0.203501 0.0741764
122.1 0.204674 0.0742106
122.2 0.205804 0.0742097
122.3 0.206891 0.0741743
122.4 0.207932 0.0741047
122.5 0.208927 0.0740012
122.6 0.209875 0.0738644
122.7 0.210775 0.0736947
122.8 0.211626 0.0734929
122.9 0.212426 0.0732593
123 0.213176 0.0729948
123.1 0.213873 0.0727
123.2 0.214517 0.0723757
123.3 0.215108 0.0720227
123.4 0.215644 0.0716417
123.5 0.216124 0.0712337
123.6 0.216547 0.0707995
123.7 0.216913 0.0703401
123.8 0.217221 0.0698563
123.9 0.217471 0.0693493
124 0.21766 0.0688199
124.1 0.21779 0.0682693
124.2 0.217859 0.0676984
124.3 0.217866 0.0671083
124.4 0.217812 0.0665001
124.5 0.217695 0.065875
124.6 0.217515 0.0652339
124.7 0.217272 0.0645781
124.8 0.216966 0.0639085
124.9 0.216597 0.0632265
125 0.216163 0.062533
125.1 0.215666 0.0618291
125.2 0.215106 0.0611162
125.3 0.214481 0.0603951
125.4 0.213794 0.0596671
125.5 0.213044 0.0589331
125.6 0.212231 0.0581944
125.7 0.211357 0.057452
125.8 0.210421 0.0567068
125.9 0.209426 0.05596
126 0.20837 0.0552125
126.1 0.207257 0.0544654
126.2 0.206086 0.0537195
126.3 0.204859 0.0529759
126.4 0.203578 0.0522353
126.5 0.202243 0.0514987
126.6 0.200858 0.0507669
126.7 0.199423 0.0500407
126.8 0.19794 0.0493208
126.9 0.196412 0.0486081
127 0.194841 0.0479031
127.1 0.193229 0.0472064
127.2 0.191578 0.0465188
127.3 0.189891 0.0458408
127.4 0.188171 0.0451729
127.5 0.18642 0.0445155
127.6 0.184641 0.0438691
127.7 0.182837 0.0432341
127.8 0.181012 0.0426109
127.9 0.179168 0.0419996
128 0.177308 0.0414007
128.1 0.175435 0.0408142
128.2 0.173554 0.0402404
128.3 0.171667 0.0396794
128.4 0.169778 0.0391312
128.5 0.167889 0.038596
128.6 0.166005 0.0380737
128.7 0.164129 0.0375642
128.8 0.162264 0.0370676
128.9 0.160413 0.0365836
129 0.15858 0.0361122
129.1 0.156768 0.0356531
129.2 0.154981 0.0352062
129.3 0.153221 0.0347712
129.4 0.151492 0.0343478
129.5 0.149796 0.0339357
129.6 0.148137 0.0335347
129.7 0.146517 0.0331442
129.8 0.144938 0.0327641
129.9 0.143404 0.0323939
130 0.141917 0.0320331
130.1 0.140478 0.0316815
130.2 0.13909 0.0313385
130.3 0.137755 0.0310037
130.4 0.136474 0.0306767
130.5 0.135249 0.030357
130.6 0.13408 0.0300441
130.7 0.13297 0.0297377
130.8 0.131919 0.0294372
130.9 0.130927 0.0291422
131 0.129995 0.0288523
131.1 0.129122 0.028567
131.2 0.12831 0.0282859
131.3 0.127558 0.0280085
131.4 0.126864 0.0277345
131.5 0.126229 0.0274635
131.6 0.125651 0.0271951
131.7 0.125129 0.0269288
131.8 0.124662 0.0266644
131.9 0.124248 0.0264016
132 0.123886 0.0261399
132.1 0.123572 0.0258792
132.2 0.123305 0.0256192
132.3 0.123083 0.0253595
132.4 0.122902 0.0251001
132.5 0.12276 0.0248405
132.6 0.122654 0.0245808
132.7 0.122581 0.0243207
132.8 0.122537 0.02406
132.9 0.122519 0.0237987
133 0.122524 0.0235366
133.1 0.122548 0.0232736
133.2 0.122587 0.0230098
133.3 0.122638 0.022745
133.4 0.122696 0.0224792
133.5 0.122758 0.0222124
133.6 0.122819 0.0219447
133.7 0.122877 0.0216759
133.8 0.122926 0.0214063
133.9 0.122963 0.0211357
134 0.122985 0.0208644
134.1 0.122987 0.0205923
134.2 0.122965 0.0203196
134.3 0.122917 0.0200463
134.4 0.122838 0.0197725
134.5 0.122724 0.0194984
134.6 0.122573 0.019224
134.7 0.122381 0.0189495
134.8 0.122146 0.018675
134.9 0.121863 0.0184006
135 0.121532 0.0181263
135.1 0.121148 0.0178524
135.2 0.120709 0.017579
135.3 0.120214 0.0173061
135.4 0.119661 0.0170339
135.5 0.119047 0.0167624
135.6 0.118371 0.0164919
135.7 0.117632 0.0162222
135.8 0.116829 0.0159537
135.9 0.115961 0.0156863
136 0.115027 0.01542
136.1 0.114027 0.0151551
136.2 0.112961 0.0148914
136.3 0.111829 0.0146292
136.4 0.110631 0.0143684
136.5 0.109368 0.014109
136.6 0.10804 0.0138511
136.7 0.10665 0.0135947
136.8 0.105197 0.0133398
136.9 0.103684 0.0130865
137 0.102112 0.0128346
137.1 0.100483 0.0125843
137.2 0.0987986 0.0123355
137.3 0.097062 0.0120881
137.4 0.0952751 0.0118422
137.5 0.0934406 0.0115978
137.6 0.0915612 0.0113547
137.7 0.0896398 0.011113
137.8 0.0876794 0.0108727
137.9 0.0856831 0.0106336
138 0.0836541 0.0103959
138.1 0.0815957 0.0101593
138.2 0.0795114 0.00992404
138.3 0.0774045 0.00968993
138.4 0.0752785 0.00945699
138.5 0.073137 0.00922519
138.6 0.0709835 0.00899453
138.7 0.0688216 0.00876499
138.8 0.0666548 0.00853657
138.9 0.0644866 0.00830926
139 0.0623206 0.00808309
139.1 0.0601602 0.00785806
139.2 0.0580088 0.00763421
139.3 0.0558698 0.00741156
139.4 0.0537463 0.00719015
139.5 0.0516416 0.00697003
139.6 0.0495587 0.00675126
139.7 0.0475006 0.00653391
139.8 0.0454701 0.00631805
139.9 0.04347 0.00610375
140 0.0415029 0.00589112
140.1 0.0395711 0.00568025
140.2 0.0376771 0.00547124
140.3 0.0358229 0.00526421
140.4 0.0340105 0.00505928
140.5 0.0322419 0.00485657
140.6 0.0305187 0.00465621
140.7 0.0288423 0.00445834
140.8 0.0272142 0.00426309
140.9 0.0256356 0.00407062
141 0.0241074 0.00388106
141.1 0.0226305 0.00369456
141.2 0.0212057 0.00351128
141.3 0.0198334 0.00333136
141.4 0.018514 0.00315494
141.5 0.0172478 0.00298218
141.6 0.0160348 0.00281321
141.7 0.0148748 0.00264819
141.8 0.0137678 0.00248723
141.9 0.0127133 0.00233048
142 0.0117109 0.00217807
142.1 0.0107598 0.0020301
142.2 0.00985942 0.00188668
142.3 0.00900883 0.00174794
142.4 0.0082071 0.00161394
142.5 0.00745315 0.00148479
142.6 0.00674585 0.00136055
142.7 0.00608396 0.0012413
142.8 0.00546617 0.00112707
142.9 0.0048911 0.00101791
143 0.00435734 0.000913856
143.1 0.00386337 0.000814919
143.2 0.00340769 0.000721105
143.3 0.00298872 0.000632406
143.4 0.00260486 0.000548801
143.5 0.00225451 0.000470258
143.6 0.00193602 0.000396731
143.7 0.00164777 0.000328162
143.8 0.00138811 0.000264482
143.9 0.00115542 0.000205609
144 0.000948069 0.000151449
