-0.996 0.000928213 -0.000146366
-0.992 0.0036531 -0.00054035
-0.988 0.00751189 -0.000799758
-0.984 0.0112321 -0.000303247
-0.98 0.0133253 0.00146867
-0.976 0.0126069 0.00459461
-0.972 0.00865937 0.00854162
-0.968 0.00205326 0.012265
-0.964 -0.00579569 0.0145648
-0.96 -0.0131344 0.0145663
-0.956 -0.0185975 0.0121163
-0.952 -0.0218891 0.00790012
-0.948 -0.0241274 0.00317619
-0.944 -0.0276382 -0.000819992
-0.94 -0.0351493 -0.00359033
-0.936 -0.0485471 -0.00589579
-0.932 -0.0675565 -0.00978694
-0.928 -0.0888308 -0.0179907
-0.924 -0.10594 -0.0327428
-0.92 -0.110564 -0.0544124
-0.916 -0.0948521 -0.0804315
-0.912 -0.0544599 -0.105046
-0.908 0.00857181 -0.120209
-0.904 0.0841035 -0.117602
-0.9 0.154183 -0.0913332
-0.896 0.195748 -0.0405372
-0.892 0.185566 0.0290555
-0.888 0.106563 0.105363
-0.884 -0.0459009 0.172312
-0.88 -0.259601 0.213958
-0.876 -0.504561 0.219345
-0.872 -0.736745 0.186667
-0.868 -0.906202 0.125301
-0.864 -0.968245 0.05469
-0.86 -0.895189 -0.000102926
-0.856 -0.685721 -0.015375
-0.852 -0.369247 0.0234297
-0.848 -0.00337956 0.115414
-0.844 0.335856 0.241621
-0.84 0.569827 0.367531
-0.836 0.636055 0.450724
-0.832 0.505571 0.452134
-0.828 0.19423 0.348133
-0.824 -0.235562 0.140084
-0.82 -0.684034 -0.141637
-0.816 -1.03286 -0.440999
-0.812 -1.17002 -0.687148
-0.808 -1.01564 -0.8108
-0.804 -0.543283 -0.762469
-0.8 0.208518 -0.527776
-0.796 1.13802 -0.13528
-0.792 2.0962 0.346023
-0.788 2.91429 0.819718
-0.784 3.43695 1.18271
-0.78 3.55384 1.3487
-0.776 3.2222 1.26846
-0.772 2.4758 0.941838
-0.768 1.4184 0.417988
-0.764 0.203061 -0.216456
-0.76 -0.998672 -0.858765
-0.756 -2.03126 -1.41562
-0.752 -2.78583 -1.82585
-0.748 -3.21971 -2.07388
-0.744 -3.36006 -2.18988
-0.74 -3.29107 -2.2363
-0.736 -3.12829 -2.28484
-0.732 -2.98658 -2.39024
-0.728 -2.949 -2.56867
-0.724 -3.04296 -2.78715
-0.72 -3.22903 -2.96782
-0.716 -3.4055 -3.00676
-0.712 -3.42937 -2.80321
-0.708 -3.15029 -2.29138
-0.704 -2.45003 -1.46572
-0.7 -1.2777 -0.391811
-0.696 0.328235 0.801281
-0.692 2.23649 1.94588
-0.688 4.23903 2.87211
-0.684 6.08383 3.44675
-0.68 7.51899 3.60488
-0.676 8.34092 3.36595
-0.672 8.43723 2.82951
-0.668 7.81402 2.15058
-0.664 6.59928 1.50026
-0.66 5.01938 1.02208
-0.656 3.353 0.795921
-0.652 1.87282 0.819908
-0.648 0.788192 1.01515
-0.644 0.200876 1.25157
-0.64 0.0831342 1.38739
-0.636 0.283713 1.31144
-0.632 0.562731 0.976978
-0.628 0.650468 0.417763
-0.624 0.318232 -0.258666
-0.62 -0.555778 -0.899609
-0.616 -1.94325 -1.35032
-0.612 -3.65781 -1.49923
-0.608 -5.38593 -1.31138
-0.604 -6.75103 -0.839539
-0.6 -7.39758 -0.209204
-0.596 -7.07762 0.418458
-0.592 -5.72051 0.895237
-0.588 -3.46826 1.13255
-0.584 -0.66437 1.13284
-0.58 2.20548 0.995696
-0.576 4.61012 0.894614
-0.572 6.08574 1.0281
-0.568 6.33864 1.55668
-0.564 5.3137 2.54297
-0.56 3.21222 3.91254
-0.556 0.453545 5.44866
-0.552 -2.4129 6.82553
-0.548 -4.82721 7.67441
-0.544 -6.34331 7.669
-0.54 -6.72852 6.61094
-0.536 -6.01386 4.49465
-0.532 -4.48331 1.53369
-0.528 -2.60598 -1.86176
-0.524 -0.928765 -5.1552
-0.52 0.0445392 -7.78849
-0.516 -0.0394741 -9.29777
-0.512 -1.31346 -9.4138
-0.508 -3.67006 -8.12332
-0.504 -6.79568 -5.67754
-0.5 -10.2456 -2.54528
-0.496 -13.5381 0.679264
-0.492 -16.2429 3.39473
-0.488 -18.0427 5.11187
-0.484 -18.7587 5.54841
-0.48 -18.3428 4.67953
-0.476 -16.8463 2.73386
-0.472 -14.3799 0.136749
-0.468 -11.0823 -2.58626
-0.464 -7.10901 -4.92462
-0.46 -2.64651 -6.49152
-0.456 2.05659 -7.10173
-0.452 6.66127 -6.80091
-0.448 10.7373 -5.84
-0.444 13.8066 -4.60282
-0.44 15.4306 -3.50661
-0.436 15.3233 -2.90111
-0.432 13.4594 -2.98892
-0.428 10.145 -3.78224
-0.424 6.02383 -5.10198
-0.42 2.00224 -6.61778
-0.416 -0.909615 -7.92192
-0.412 -1.81697 -8.62357
-0.408 -0.173856 -8.44368
-0.404 4.03355 -7.28734
-0.4 10.2144 -5.27403
-0.396 17.2452 -2.71732
-0.392 23.6807 -0.0604876
-0.388 28.0561 2.21449
-0.384 29.2167 3.68311
-0.38 26.6009 4.06165
-0.376 20.4143 3.26433
-0.372 11.6465 1.42562
-0.368 1.90927 -1.1184
-0.364 -6.88794 -3.88953
-0.36 -12.9625 -6.3591
-0.356 -15.0844 -8.05301
-0.352 -12.8928 -8.64577
-0.348 -7.02027 -8.02176
-0.344 1.01353 -6.29028
-0.34 9.11709 -3.75323
-0.336 15.0846 -0.834158
-0.332 17.099 2.01539
-0.328 14.1693 4.41256
-0.324 6.39866 6.12175
-0.32 -4.99461 7.09712
-0.316 -17.9193 7.47891
-0.312 -29.8704 7.54446
-0.308 -38.4946 7.62644
-0.304 -42.1269 8.01787
-0.3 -40.1705 8.88533
-0.296 -33.2398 10.21
-0.292 -23.0369 11.7704
-0.288 -11.9894 13.1756
-0.284 -2.7243 13.9433
-0.28 2.51245 13.6121
-0.276 2.3612 11.8604
-0.272 -3.33937 8.60525
-0.268 -13.5089 4.05627
-0.264 -26.0602 -1.28977
-0.26 -38.3545 -6.71586
-0.256 -47.7658 -11.4037
-0.252 -52.2285 -14.5852
-0.248 -50.6474 -15.6967
-0.244 -43.0887 -14.5048
-0.24 -30.7188 -11.1693
-0.236 -15.517 -6.22875
-0.232 0.162692 -0.505406
-0.228 14.0764 5.04702
-0.224 24.5164 9.52108
-0.22 30.6 12.2216
-0.216 32.3764 12.7879
-0.212 30.747 11.2516
-0.208 27.2232 8.01686
-0.204 23.5716 3.77047
-0.2 21.4198 -0.663337
-0.196 21.9033 -4.4911
-0.192 25.43 -7.10608
-0.188 31.6061 -8.199
-0.184 39.3318 -7.80173
-0.18 47.0327 -6.25755
-0.176 52.9752 -4.12696
-0.172 55.6047 -2.05114
-0.168 53.8485 -0.60372
-0.164 47.3311 -0.162936
-0.16 36.4601 -0.831206
-0.156 22.3683 -2.41675
-0.152 6.72075 -4.47904
-0.148 -8.56936 -6.42884
-0.144 -21.6628 -7.66598
-0.14 -31.0992 -7.72986
-0.136 -36.0353 -6.42934
-0.132 -36.3769 -3.91389
-0.128 -32.7746 -0.656249
-0.124 -26.4753 2.65861
-0.12 -19.0563 5.3094
-0.116 -12.102 6.72454
-0.112 -6.89837 6.62087
-0.108 -4.21164 5.06125
-0.104 -4.1843 2.43004
-0.1 -6.35389 -0.652535
-0.096 -9.78254 -3.45379
-0.092 -13.2789 -5.27521
-0.088 -15.6811 -5.60938
-0.084 -16.1449 -4.28086
-0.08 -14.3605 -1.52721
-0.076 -10.625 2.02493
-0.072 -5.74155 5.5036
-0.068 -0.782628 8.02046
-0.064 3.19721 8.90811
-0.06 5.40741 7.88455
-0.056 5.47004 5.09806
-0.052 3.46203 1.05738
-0.048 -0.128285 -3.51023
-0.044 -4.50642 -7.82194
-0.04 -8.7248 -11.1862
-0.036 -11.8722 -13.1158
-0.032 -13.2733 -13.3994
-0.028 -12.6478 -12.1265
-0.024 -10.1737 -9.65736
-0.02 -6.41797 -6.5355
-0.016 -2.15147 -3.35531
-0.012 1.89176 -0.613731
-0.008 5.22617 1.41197
-0.004 7.72843 2.72246
0 9.62215 3.57142
0.004 11.3479 4.36537
0.008 13.3649 5.51913
0.012 15.9507 7.30933
0.016 19.0627 9.76957
0.02 22.3102 12.6591
0.024 25.0533 15.5142
0.028 26.6004 17.7651
0.032 26.4371 18.8804
0.036 24.4063 18.4984
0.04 20.7774 16.5164
0.044 16.1905 13.1243
0.048 11.5067 8.78457
0.052 7.62099 4.16629
0.056 5.28308 0.0361317
0.06 4.95247 -2.88582
0.064 6.69746 -4.08862
0.068 10.1517 -3.41406
0.072 14.5524 -1.12962
0.076 18.8811 2.11258
0.08 22.1009 5.43653
0.084 23.4356 7.97716
0.088 22.6012 9.10837
0.092 19.9051 8.58792
0.096 16.1758 6.58389
0.1 12.5509 3.5969
0.104 10.1937 0.321972
0.108 10.016 -2.50681
0.112 12.4599 -4.26306
0.116 17.371 -4.55307
0.12 23.9811 -3.30408
0.124 31.0112 -0.791853
0.128 36.8906 2.41429
0.132 40.059 5.58867
0.136 39.2867 8.03531
0.14 33.937 9.26571
0.144 24.1137 9.11312
0.148 10.6655 7.75393
0.152 -4.94541 5.64002
0.156 -20.8797 3.37129
0.16 -35.225 1.5453
0.164 -46.3181 0.617693
0.168 -53.0298 0.79859
0.172 -54.9581 2.00291
0.176 -52.4881 3.86491
0.18 -46.7043 5.81623
0.184 -39.1745 7.21297
0.188 -31.6441 7.48533
0.192 -25.6951 6.27697
0.196 -22.4296 3.5429
0.2 -22.237 -0.417127
0.204 -24.7 -4.99954
0.208 -28.6704 -9.40658
0.212 -32.507 -12.803
0.216 -34.4313 -14.4871
0.22 -32.924 -14.0393
0.224 -27.0806 -11.4166
0.228 -16.8536 -6.9753
0.232 -3.13165 -1.41497
0.236 12.3698 4.34454
0.24 27.3985 9.33177
0.244 39.5936 12.7052
0.248 46.9713 13.9102
0.252 48.3647 12.7766
0.256 43.7106 9.53617
0.26 34.111 4.75825
0.264 21.6408 -0.776439
0.268 8.9361 -6.23367
0.272 -1.35466 -10.8802
0.276 -7.1379 -14.2062
0.28 -7.33128 -15.9942
0.284 -2.09979 -16.3265
0.288 7.18753 -15.5303
0.292 18.2706 -14.0781
0.296 28.5053 -12.4651
0.3 35.4467 -11.0954
0.304 37.3783 -10.1999
0.308 33.6776 -9.8019
0.312 24.9408 -9.73353
0.316 12.8418 -9.6955
0.32 -0.249576 -9.3455
0.324 -11.8062 -8.39551
0.328 -19.7125 -6.69585
0.332 -22.7273 -4.28592
0.336 -20.7303 -1.39896
0.34 -14.7035 1.58043
0.344 -6.46549 4.19562
0.348 1.76653 6.01585
0.352 7.88106 6.73142
0.356 10.3333 6.22601
0.36 8.46452 4.61003
0.364 2.61161 2.20597
0.368 -6.01249 -0.512658
0.372 -15.6339 -3.01586
0.376 -24.3423 -4.82286
0.38 -30.5166 -5.59443
0.384 -33.1512 -5.1931
0.388 -32.0218 -3.70215
0.392 -27.6714 -1.40342
0.396 -21.2401 1.28
0.4 -14.1832 3.86719
0.404 -7.94342 5.91569
0.408 -3.64739 7.11229
0.412 -1.89363 7.33724
0.416 -2.67827 6.68432
0.42 -5.46518 5.43064
0.424 -9.36731 3.96457
0.428 -13.3788 2.69155
0.432 -16.5937 1.94041
0.436 -18.3648 1.89012
0.44 -18.3801 2.52985
0.444 -16.6584 3.65953
0.448 -13.4806 4.93249
0.452 -9.28337 5.93414
0.456 -4.54766 6.28221
0.46 0.289538 5.7257
0.464 4.88039 4.21725
0.468 8.9682 1.93898
0.472 12.3619 -0.726149
0.476 14.9063 -3.27139
0.48 16.4683 -5.17403
0.484 16.9463 -6.00993
0.488 16.2992 -5.54971
0.492 14.5834 -3.81575
0.496 11.9816 -1.08686
0.5 8.80965 2.15135
0.504 5.49057 5.30042
0.508 2.49453 7.76777
0.512 0.253046 9.08473
0.516 -0.932305 8.99897
0.52 -0.962195 7.52178
0.524 0.0286041 4.92028
0.528 1.69098 1.65657
0.532 3.53092 -1.71223
0.536 5.01472 -4.6498
0.54 5.68719 -6.74545
0.544 5.27632 -7.78489
0.548 3.75893 -7.77305
0.552 1.37004 -6.90821
0.556 -1.44753 -5.51718
0.56 -4.1417 -3.96973
0.564 -6.1733 -2.59289
0.568 -7.13299 -1.60433
0.572 -6.82674 -1.0788
0.576 -5.31255 -0.953046
0.58 -2.88235 -1.0647
0.584 0.00537967 -1.21241
0.588 2.82627 -1.21919
0.592 5.10059 -0.982031
0.596 6.48822 -0.496015
0.6 6.84717 0.151112
0.604 6.24504 0.809908
0.608 4.92487 1.31594
0.612 3.23688 1.53893
0.616 1.55342 1.42057
0.62 0.185954 0.990618
0.624 -0.678637 0.356771
0.628 -1.00921 -0.327978
0.632 -0.923248 -0.910126
0.636 -0.644901 -1.27887
0.64 -0.440372 -1.39532
0.644 -0.548075 -1.30028
0.648 -1.12029 -1.09937
0.652 -2.18805 -0.93028
0.656 -3.65431 -0.921193
0.66 -5.3146 -1.15145
0.664 -6.89995 -1.62538
0.668 -8.13306 -2.26689
0.672 -8.78591 -2.93667
0.676 -8.72589 -3.46736
0.68 -7.94011 -3.70652
0.684 -6.53339 -3.55561
0.688 -4.7026 -2.99448
0.692 -2.69529 -2.08595
0.696 -0.762396 -0.960265
0.7 0.885746 0.21592
0.704 2.11271 1.27767
0.708 2.87315 2.0976
0.712 3.21071 2.61054
0.716 3.23725 2.82106
0.72 3.09854 2.793
0.724 2.93534 2.62464
0.728 2.84939 2.41756
0.732 2.88215 2.24796
0.736 3.00957 2.1481
0.74 3.15258 2.10217
0.744 3.20024 2.05659
0.748 3.04031 1.94126
0.752 2.59106 1.69518
0.756 1.8268 1.28918
0.76 0.790793 0.739138
0.764 -0.408229 0.10579
0.768 -1.61547 -0.518513
0.772 -2.66053 -1.0323
0.776 -3.39177 -1.35017
0.78 -3.70691 -1.42396
0.784 -3.57355 -1.25436
0.788 -3.03559 -0.890594
0.792 -2.20427 -0.418512
0.796 -1.23543 0.0595928
0.8 -0.29807 0.448248
0.804 0.458927 0.679348
0.808 0.934275 0.725012
0.812 1.09017 0.60001
0.816 0.953965 0.353918
0.82 0.6065 0.0558738
0.824 0.160669 -0.223568
0.828 -0.264578 -0.428734
0.832 -0.569211 -0.529587
0.836 -0.690988 -0.525043
0.84 -0.614618 -0.438916
0.844 -0.369922 -0.310359
0.848 -0.0203404 -0.181784
0.852 0.354616 -0.0876094
0.856 0.6783 -0.0466345
0.86 0.892826 -0.0595723
0.864 0.968859 -0.11171
0.868 0.90804 -0.179257
0.872 0.738527 -0.237151
0.876 0.505499 -0.266037
0.88 0.259337 -0.256691
0.884 0.0444077 -0.211105
0.888 -0.109097 -0.14042
0.892 -0.188836 -0.0607433
0.896 -0.199413 0.0117372
0.9 -0.157917 0.0648859
0.904 -0.0876243 0.0929906
0.908 -0.0116387 0.0970037
0.912 0.0520509 0.0829598
0.916 0.0932746 0.0593493
0.92 0.109956 0.034384
0.924 0.106387 0.0139506
0.928 0.09035 0.000693558
0.932 0.0700883 -0.00574433
0.936 0.0519581 -0.0076471
0.94 0.0392496 -0.0078349
0.944 0.0322067 -0.00847489
0.948 0.0289385 -0.0104445
0.952 0.0267365 -0.0133421
0.956 0.0233098 -0.0159963
0.96 0.0175809 -0.0171775
0.964 0.00988162 -0.0161973
0.968 0.0016014 -0.0131842
0.972 -0.00549463 -0.00897556
0.976 -0.00998438 -0.00472854
0.98 -0.0112854 -0.00144471
0.984 -0.00978784 0.000384599
0.988 -0.00662938 0.00087677
0.992 -0.00323685 0.000585522
0.996 -0.00082076 0.000159632
0.1 0.356238 0.187295
0.2 0.361685 0.189353
0.3 0.37075 0.192777
0.4 0.383412 0.197559
0.5 0.399644 0.203686
0.6 0.419408 0.211145
0.7 0.442661 0.219916
0.8 0.46935 0.229978
0.9 0.499416 0.241307
1 0.532792 0.253874
1.1 0.569403 0.26765
1.2 0.609169 0.282601
1.3 0.652002 0.298691
1.4 0.697808 0.315883
1.5 0.746485 0.334135
1.6 0.797928 0.353406
1.7 0.852025 0.373649
1.8 0.908659 0.39482
1.9 0.967707 0.416868
2 1.02904 0.439746
2.1 1.09254 0.463401
2.2 1.15805 0.487783
2.3 1.22545 0.512837
2.4 1.2946 0.538511
2.5 1.36534 0.56475
2.6 1.43754 0.591499
2.7 1.51104 0.618704
2.8 1.5857 0.64631
2.9 1.66137 0.674263
3 1.7379 0.702508
3.1 1.81513 0.730992
3.2 1.89291 0.759662
3.3 1.9711 0.788466
3.4 2.04955 0.817354
3.5 2.1281 0.846274
3.6 2.20661 0.875178
3.7 2.28494 0.904019
3.8 2.36294 0.932752
3.9 2.44048 0.961332
4 2.51741 0.989715
4.1 2.59361 1.01786
4.2 2.66895 1.04573
4.3 2.7433 1.07329
4.4 2.81653 1.1005
4.5 2.88854 1.12733
4.6 2.95921 1.15375
4.7 3.02843 1.17972
4.8 3.09609 1.20523
4.9 3.16211 1.23024
5 3.22638 1.25473
5.1 3.28883 1.27867
5.2 3.34936 1.30206
5.3 3.4079 1.32487
5.4 3.46437 1.34708
5.5 3.51873 1.36869
5.6 3.57089 1.38967
5.7 3.62082 1.41001
5.8 3.66846 1.42972
5.9 3.71376 1.44876
6 3.75669 1.46715
6.1 3.79722 1.48487
6.2 3.83532 1.50192
6.3 3.87096 1.5183
6.4 3.90414 1.53399
6.5 3.93483 1.54901
6.6 3.96304 1.56334
6.7 3.98876 1.57699
6.8 4.01199 1.58995
6.9 4.03274 1.60223
7 4.05102 1.61383
7.1 4.06685 1.62474
7.2 4.08024 1.63498
7.3 4.09122 1.64453
7.4 4.09982 1.65341
7.5 4.10606 1.66161
7.6 4.10997 1.66914
7.7 4.1116 1.67599
7.8 4.11097 1.68216
7.9 4.10814 1.68767
8 4.10314 1.6925
8.1 4.09602 1.69666
8.2 4.08682 1.70016
8.3 4.0756 1.70298
8.4 4.0624 1.70514
8.5 4.04728 1.70662
8.6 4.03029 1.70744
8.7 4.01148 1.70759
8.8 3.9909 1.70707
8.9 3.96862 1.70588
9 3.94468 1.70401
9.1 3.91914 1.70148
9.2 3.89207 1.69827
9.3 3.8635 1.69439
9.4 3.83351 1.68984
9.5 3.80215 1.68462
9.6 3.76946 1.67872
9.7 3.73552 1.67216
9.8 3.70037 1.66492
9.9 3.66406 1.65702
10 3.62666 1.64844
10.1 3.58821 1.63921
10.2 3.54877 1.62931
10.3 3.50839 1.61876
10.4 3.46712 1.60755
10.5 3.42501 1.5957
10.6 3.38211 1.58321
10.7 3.33848 1.57008
10.8 3.29415 1.55633
10.9 3.24918 1.54197
11 3.20361 1.527
11.1 3.15749 1.51144
11.2 3.11087 1.49531
11.3 3.06379 1.4786
11.4 3.01628 1.46134
11.5 2.96841 1.44355
11.6 2.9202 1.42524
11.7 2.87169 1.40642
11.8 2.82294 1.38713
11.9 2.77398 1.36738
12 2.72485 1.34719
12.1 2.67559 1.32658
12.2 2.62623 1.30557
12.3 2.57682 1.2842
12.4 2.52739 1.26249
12.5 2.47798 1.24046
12.6 2.42862 1.21813
12.7 2.37936 1.19555
12.8 2.33022 1.17273
12.9 2.28125 1.1497
13 2.23247 1.12649
13.1 2.18392 1.10314
13.2 2.13563 1.07967
13.3 2.08764 1.05611
13.4 2.03998 1.0325
13.5 1.99268 1.00885
13.6 1.94577 0.985209
13.7 1.89928 0.961599
13.8 1.85325 0.93805
13.9 1.80769 0.914593
14 1.76265 0.891255
14.1 1.71815 0.868065
14.2 1.67422 0.84505
14.3 1.63089 0.822238
14.4 1.58817 0.799654
14.5 1.5461 0.777325
14.6 1.5047 0.755273
14.7 1.464 0.733523
14.8 1.42401 0.712096
14.9 1.38476 0.691015
15 1.34627 0.670298
15.1 1.30856 0.649964
15.2 1.27165 0.630032
15.3 1.23555 0.610516
15.4 1.20028 0.591432
15.5 1.16586 0.572792
15.6 1.13229 0.554609
15.7 1.0996 0.536894
15.8 1.06779 0.519655
15.9 1.03687 0.5029
16 1.00685 0.486636
16.1 0.97774 0.470867
16.2 0.949541 0.455596
16.3 0.922258 0.440826
16.4 0.895894 0.426557
16.5 0.870449 0.412789
16.6 0.845924 0.39952
16.7 0.822317 0.386746
16.8 0.799624 0.374464
16.9 0.777841 0.362668
17 0.756961 0.351351
17.1 0.736978 0.340507
17.2 0.717882 0.330125
17.3 0.699664 0.320197
17.4 0.682312 0.310713
17.5 0.665813 0.301661
17.6 0.650154 0.29303
17.7 0.63532 0.284806
17.8 0.621295 0.276978
17.9 0.608062 0.269531
18 0.595602 0.262451
18.1 0.583898 0.255724
18.2 0.572929 0.249335
18.3 0.562674 0.24327
18.4 0.553113 0.237512
18.5 0.544223 0.232048
18.6 0.535982 0.226861
18.7 0.528368 0.221936
18.8 0.521356 0.217259
18.9 0.514924 0.212814
19 0.509046 0.208585
19.1 0.5037 0.204559
19.2 0.49886 0.200722
19.3 0.494503 0.197058
19.4 0.490603 0.193554
19.5 0.487138 0.190198
19.6 0.484082 0.186975
19.7 0.481412 0.183874
19.8 0.479104 0.180883
19.9 0.477135 0.177989
20 0.475482 0.175183
20.1 0.474123 0.172454
20.2 0.473037 0.169792
20.3 0.472201 0.167188
20.4 0.471594 0.164633
20.5 0.471198 0.162119
20.6 0.470992 0.159638
20.7 0.470958 0.157184
20.8 0.471078 0.154751
20.9 0.471335 0.152332
21 0.471711 0.149923
21.1 0.472192 0.147518
21.2 0.472763 0.145114
21.3 0.473409 0.142707
21.4 0.474118 0.140295
21.5 0.474876 0.137874
21.6 0.475673 0.135442
21.7 0.476498 0.132999
21.8 0.477341 0.130542
21.9 0.478191 0.128071
22 0.479042 0.125587
22.1 0.479885 0.123088
22.2 0.480713 0.120575
22.3 0.48152 0.11805
22.4 0.4823 0.115513
22.5 0.483049 0.112965
22.6 0.483762 0.110409
22.7 0.484435 0.107846
22.8 0.485065 0.105279
22.9 0.48565 0.102709
23 0.486186 0.100139
23.1 0.486673 0.0975721
23.2 0.487108 0.0950112
23.3 0.487492 0.0924591
23.4 0.487823 0.089919
23.5 0.488101 0.087394
23.6 0.488325 0.0848875
23.7 0.488497 0.0824028
23.8 0.488616 0.0799432
23.9 0.488683 0.0775123
24 0.488699 0.0751134
24.1 0.488664 0.0727499
24.2 0.48858 0.0704254
24.3 0.488447 0.0681431
24.4 0.488267 0.0659065
24.5 0.488041 0.0637188
24.6 0.487769 0.0615833
24.7 0.487453 0.0595031
24.8 0.487093 0.0574813
24.9 0.486692 0.0555209
25 0.486249 0.0536247
25.1 0.485766 0.0517956
25.2 0.485243 0.050036
25.3 0.484681 0.0483486
25.4 0.484082 0.0467356
25.5 0.483444 0.0451992
25.6 0.48277 0.0437415
25.7 0.482059 0.0423643
25.8 0.481311 0.0410692
25.9 0.480528 0.0398578
26 0.479709 0.0387313
26.1 0.478854 0.0376908
26.2 0.477963 0.0367372
26.3 0.477037 0.0358711
26.4 0.476075 0.0350931
26.5 0.475077 0.0344033
26.6 0.474044 0.0338018
26.7 0.472974 0.0332883
26.8 0.471869 0.0328623
26.9 0.470728 0.0325231
27 0.46955 0.0322699
27.1 0.468337 0.0321014
27.2 0.467087 0.0320162
27.3 0.465801 0.0320127
27.4 0.464479 0.032089
27.5 0.463122 0.032243
27.6 0.461729 0.0324723
27.7 0.460301 0.0327744
27.8 0.458838 0.0331464
27.9 0.457341 0.0335855
28 0.455811 0.0340883
28.1 0.454248 0.0346515
28.2 0.452652 0.0352715
28.3 0.451026 0.0359446
28.4 0.44937 0.0366668
28.5 0.447685 0.037434
28.6 0.445972 0.0382421
28.7 0.444233 0.0390868
28.8 0.44247 0.0399635
28.9 0.440683 0.0408678
29 0.438875 0.0417951
29.1 0.437046 0.0427407
29.2 0.4352 0.0436999
29.3 0.433338 0.0446681
29.4 0.431462 0.0456405
29.5 0.429574 0.0466124
29.6 0.427675 0.0475792
29.7 0.425768 0.0485363
29.8 0.423856 0.0494792
29.9 0.421939 0.0504035
30 0.42002 0.0513048
30.1 0.418102 0.0521791
30.2 0.416186 0.0530224
30.3 0.414274 0.0538308
30.4 0.412369 0.0546007
30.5 0.410471 0.0553286
30.6 0.408584 0.0560115
30.7 0.406708 0.0566464
30.8 0.404846 0.0572305
30.9 0.402998 0.0577615
31 0.401168 0.0582373
31.1 0.399355 0.0586559
31.2 0.39756 0.0590158
31.3 0.395787 0.0593159
31.4 0.394034 0.0595552
31.5 0.392303 0.0597331
31.6 0.390595 0.0598493
31.7 0.38891 0.0599038
31.8 0.387248 0.0598971
31.9 0.38561 0.0598298
32 0.383997 0.059703
32.1 0.382407 0.0595179
32.2 0.380841 0.0592763
32.3 0.379298 0.0589799
32.4 0.377778 0.058631
32.5 0.37628 0.0582321
32.6 0.374804 0.0577859
32.7 0.373348 0.0572954
32.8 0.371912 0.0567638
32.9 0.370494 0.0561946
33 0.369094 0.0555913
33.1 0.367709 0.0549577
33.2 0.366339 0.0542977
33.3 0.364982 0.0536154
33.4 0.363636 0.052915
33.5 0.3623 0.0522007
33.6 0.360972 0.0514769
33.7 0.359651 0.0507478
33.8 0.358334 0.0500178
33.9 0.357019 0.0492912
34 0.355706 0.0485725
34.1 0.354391 0.0478657
34.2 0.353074 0.0471751
34.3 0.351752 0.0465047
34.4 0.350424 0.0458585
34.5 0.349088 0.0452401
34.6 0.347742 0.0446533
34.7 0.346384 0.0441014
34.8 0.345013 0.0435877
34.9 0.343628 0.043115
35 0.342227 0.0426862
35.1 0.340808 0.0423037
35.2 0.33937 0.0419697
35.3 0.337912 0.0416862
35.4 0.336434 0.0414547
35.5 0.334932 0.0412765
35.6 0.333408 0.0411528
35.7 0.33186 0.0410842
35.8 0.330287 0.0410712
35.9 0.328688 0.0411137
36 0.327064 0.0412116
36.1 0.325413 0.0413643
36.2 0.323736 0.041571
36.3 0.322031 0.0418305
36.4 0.3203 0.0421414
36.5 0.318541 0.042502
36.6 0.316756 0.0429101
36.7 0.314943 0.0433637
36.8 0.313104 0.0438601
36.9 0.311239 0.0443967
37 0.309347 0.0449704
37.1 0.30743 0.0455782
37.2 0.305488 0.0462167
37.3 0.303522 0.0468823
37.4 0.301532 0.0475715
37.5 0.29952 0.0482806
37.6 0.297485 0.0490057
37.7 0.295429 0.0497428
37.8 0.293352 0.0504881
37.9 0.291256 0.0512375
38 0.289142 0.051987
38.1 0.28701 0.0527326
38.2 0.284861 0.0534705
38.3 0.282697 0.0541967
38.4 0.280519 0.0549075
38.5 0.278327 0.055599
38.6 0.276122 0.0562679
38.7 0.273907 0.0569106
38.8 0.271681 0.0575239
38.9 0.269447 0.0581047
39 0.267205 0.0586501
39.1 0.264956 0.0591575
39.2 0.262701 0.0596243
39.3 0.260442 0.0600485
39.4 0.25818 0.0604279
39.5 0.255915 0.0607609
39.6 0.25365 0.061046
39.7 0.251385 0.0612821
39.8 0.249121 0.0614683
39.9 0.24686 0.0616039
40 0.244603 0.0616887
40.1 0.242351 0.0617225
40.2 0.240106 0.0617057
40.3 0.237868 0.0616387
40.4 0.23564 0.0615222
40.5 0.233422 0.0613574
40.6 0.231216 0.0611456
40.7 0.229023 0.0608884
40.8 0.226845 0.0605875
40.9 0.224684 0.060245
41 0.222541 0.0598632
41.1 0.220417 0.0594445
41.2 0.218315 0.0589916
41.3 0.216236 0.0585073
41.4 0.214182 0.0579947
41.5 0.212155 0.0574568
41.6 0.210157 0.056897
41.7 0.20819 0.0563186
41.8 0.206255 0.055725
41.9 0.204356 0.0551199
42 0.202494 0.0545068
42.1 0.200671 0.0538893
42.2 0.19889 0.053271
42.3 0.197153 0.0526555
42.4 0.195462 0.0520465
42.5 0.193821 0.0514474
42.6 0.19223 0.0508618
42.7 0.190694 0.050293
42.8 0.189214 0.0497444
42.9 0.187792 0.0492191
43 0.186432 0.0487202
43.1 0.185136 0.0482505
43.2 0.183907 0.0478128
43.3 0.182746 0.0474096
43.4 0.181656 0.0470433
43.5 0.18064 0.0467161
43.6 0.179701 0.0464299
43.7 0.178839 0.0461864
43.8 0.178058 0.0459872
43.9 0.17736 0.0458334
44 0.176746 0.0457261
44.1 0.176218 0.0456661
44.2 0.175779 0.0456539
44.3 0.175429 0.0456897
44.4 0.17517 0.0457736
44.5 0.175003 0.0459052
44.6 0.17493 0.0460842
44.7 0.174951 0.0463097
44.8 0.175066 0.0465807
44.9 0.175276 0.046896
45 0.175581 0.0472542
45.1 0.175981 0.0476535
45.2 0.176476 0.048092
45.3 0.177064 0.0485675
45.4 0.177745 0.0490778
45.5 0.178517 0.0496202
45.6 0.17938 0.0501921
45.7 0.18033 0.0507907
45.8 0.181367 0.0514129
45.9 0.182486 0.0520555
46 0.183686 0.0527153
46.1 0.184964 0.0533888
46.2 0.186315 0.0540726
46.3 0.187736 0.0547632
46.4 0.189223 0.0554568
46.5 0.190772 0.0561499
46.6 0.192378 0.0568386
46.7 0.194035 0.0575194
46.8 0.19574 0.0581885
46.9 0.197485 0.0588421
47 0.199265 0.0594767
47.1 0.201074 0.0600887
47.2 0.202907 0.0606744
47.3 0.204756 0.0612304
47.4 0.206614 0.0617533
47.5 0.208475 0.0622399
47.6 0.210332 0.0626871
47.7 0.212178 0.0630918
47.8 0.214004 0.0634511
47.9 0.215805 0.0637624
48 0.217573 0.0640231
48.1 0.2193 0.0642309
48.2 0.220978 0.0643835
48.3 0.222601 0.0644791
48.4 0.224161 0.0645158
48.5 0.225651 0.064492
48.6 0.227064 0.0644064
48.7 0.228392 0.0642579
48.8 0.229628 0.0640454
48.9 0.230767 0.0637684
49 0.231802 0.0634264
49.1 0.232727 0.063019
49.2 0.233535 0.0625463
49.3 0.234222 0.0620084
49.4 0.234781 0.0614058
49.5 0.235209 0.060739
49.6 0.2355 0.0600089
49.7 0.235652 0.0592166
49.8 0.235659 0.0583633
49.9 0.23552 0.0574503
50 0.235231 0.0564794
50.1 0.234791 0.0554523
50.2 0.234197 0.054371
50.3 0.233448 0.0532375
50.4 0.232545 0.0520542
50.5 0.231486 0.0508234
50.6 0.230273 0.0495477
50.7 0.228907 0.0482296
50.8 0.227388 0.046872
50.9 0.22572 0.0454777
51 0.223905 0.0440496
51.1 0.221946 0.0425905
51.2 0.219847 0.0411036
51.3 0.217613 0.039592
51.4 0.215248 0.0380586
51.5 0.212758 0.0365066
51.6 0.210149 0.0349391
51.7 0.207427 0.0333592
51.8 0.204599 0.0317699
51.9 0.201672 0.0301743
52 0.198654 0.0285753
52.1 0.195553 0.0269758
52.2 0.192377 0.0253788
52.3 0.189135 0.0237869
52.4 0.185836 0.0222029
52.5 0.182489 0.0206293
52.6 0.179104 0.0190687
52.7 0.17569 0.0175234
52.8 0.172258 0.0159956
52.9 0.168817 0.0144875
53 0.165377 0.013001
53.1 0.161948 0.0115381
53.2 0.15854 0.0101004
53.3 0.155163 0.0086895
53.4 0.151828 0.00730687
53.5 0.148543 0.00595375
53.6 0.145319 0.00463131
53.7 0.142165 0.00334051
53.8 0.13909 0.00208222
53.9 0.136103 0.000857115
54 0.133212 -0.000334234
54.1 0.130427 -0.00149141
54.2 0.127754 -0.00261414
54.3 0.125202 -0.00370226
54.4 0.122777 -0.00475576
54.5 0.120487 -0.00577473
54.6 0.118336 -0.00675938
54.7 0.116332 -0.00771003
54.8 0.114478 -0.00862711
54.9 0.11278 -0.00951114
55 0.111242 -0.0103627
55.1 0.109866 -0.0111825
55.2 0.108657 -0.0119713
55.3 0.107616 -0.0127299
55.4 0.106744 -0.0134592
55.5 0.106044 -0.01416
55.6 0.105515 -0.0148334
55.7 0.105157 -0.0154803
55.8 0.10497 -0.0161018
55.9 0.104952 -0.0166988
56 0.105102 -0.0172725
56.1 0.105417 -0.0178237
56.2 0.105893 -0.0183535
56.3 0.106529 -0.0188629
56.4 0.107318 -0.0193528
56.5 0.108258 -0.0198243
56.6 0.109343 -0.0202782
56.7 0.110567 -0.0207153
56.8 0.111924 -0.0211365
56.9 0.113409 -0.0215425
57 0.115015 -0.0219341
57.1 0.116734 -0.0223118
57.2 0.11856 -0.0226763
57.3 0.120485 -0.023028
57.4 0.122501 -0.0233674
57.5 0.124601 -0.023695
57.6 0.126775 -0.0240109
57.7 0.129017 -0.0243155
57.8 0.131317 -0.0246089
57.9 0.133667 -0.0248912
58 0.136059 -0.0251626
58.1 0.138484 -0.0254229
58.2 0.140934 -0.0256721
58.3 0.143401 -0.02591
58.4 0.145876 -0.0261365
58.5 0.148352 -0.0263514
58.6 0.15082 -0.0265542
58.7 0.153273 -0.0267448
58.8 0.155703 -0.0269226
58.9 0.158103 -0.0270874
59 0.160467 -0.0272387
59.1 0.162788 -0.027376
59.2 0.165059 -0.0274988
59.3 0.167274 -0.0276067
59.4 0.169428 -0.0276992
59.5 0.171516 -0.0277757
59.6 0.173533 -0.0278357
59.7 0.175474 -0.0278788
59.8 0.177336 -0.0279045
59.9 0.179114 -0.0279123
60 0.180806 -0.0279017
60.1 0.182409 -0.0278724
60.2 0.183921 -0.0278239
60.3 0.185339 -0.0277559
60.4 0.186662 -0.027668
60.5 0.18789 -0.02756
60.6 0.189021 -0.0274315
60.7 0.190055 -0.0272825
60.8 0.190992 -0.0271127
60.9 0.191834 -0.026922
61 0.19258 -0.0267103
61.1 0.193232 -0.0264776
61.2 0.193792 -0.026224
61.3 0.194261 -0.0259495
61.4 0.194642 -0.0256542
61.5 0.194937 -0.0253382
61.6 0.195149 -0.0250019
61.7 0.19528 -0.0246453
61.8 0.195334 -0.0242689
61.9 0.195315 -0.023873
62 0.195226 -0.0234578
62.1 0.19507 -0.0230238
62.2 0.194851 -0.0225715
62.3 0.194573 -0.0221013
62.4 0.19424 -0.0216136
62.5 0.193857 -0.021109
62.6 0.193426 -0.020588
62.7 0.192953 -0.0200511
62.8 0.192441 -0.0194988
62.9 0.191894 -0.0189318
63 0.191316 -0.0183506
63.1 0.19071 -0.0177558
63.2 0.190081 -0.0171478
63.3 0.189433 -0.0165273
63.4 0.188768 -0.0158948
63.5 0.188089 -0.0152508
63.6 0.187401 -0.014596
63.7 0.186705 -0.0139307
63.8 0.186006 -0.0132555
63.9 0.185304 -0.0125709
64 0.184603 -0.0118773
64.1 0.183904 -0.0111753
64.2 0.18321 -0.0104651
64.3 0.182521 -0.0097473
64.4 0.18184 -0.0090222
64.5 0.181167 -0.0082902
64.6 0.180504 -0.00755165
64.7 0.17985 -0.00680688
64.8 0.179207 -0.00605622
64.9 0.178573 -0.00529997
65 0.17795 -0.00453843
65.1 0.177335 -0.0037719
65.2 0.17673 -0.00300063
65.3 0.176133 -0.00222492
65.4 0.175542 -0.00144503
65.5 0.174957 -0.000661224
65.6 0.174376 0.000126214
65.7 0.173797 0.000917007
65.8 0.173218 0.00171087
65.9 0.172637 0.00250749
66 0.172051 0.00330656
66.1 0.171459 0.00410774
66.2 0.170858 0.00491069
66.3 0.170245 0.00571501
66.4 0.169616 0.00652031
66.5 0.168971 0.00732615
66.6 0.168304 0.00813207
66.7 0.167615 0.00893757
66.8 0.166898 0.00974212
66.9 0.166153 0.0105452
67 0.165374 0.0113461
67.1 0.16456 0.0121443
67.2 0.163708 0.012939
67.3 0.162814 0.0137296
67.4 0.161875 0.0145154
67.5 0.16089 0.0152954
67.6 0.159855 0.016069
67.7 0.158767 0.0168353
67.8 0.157626 0.0175933
67.9 0.156427 0.0183422
68 0.155169 0.019081
68.1 0.15385 0.0198088
68.2 0.152468 0.0205246
68.3 0.151023 0.0212275
68.4 0.149512 0.0219164
68.5 0.147934 0.0225903
68.6 0.146289 0.0232482
68.7 0.144576 0.0238891
68.8 0.142794 0.0245121
68.9 0.140944 0.0251161
69 0.139025 0.0257003
69.1 0.137038 0.0262636
69.2 0.134984 0.0268052
69.3 0.132863 0.0273243
69.4 0.130677 0.02782
69.5 0.128427 0.0282916
69.6 0.126114 0.0287384
69.7 0.123742 0.0291598
69.8 0.121311 0.0295551
69.9 0.118825 0.0299239
70 0.116286 0.0302658
70.1 0.113697 0.0305805
70.2 0.111062 0.0308676
70.3 0.108383 0.0311271
70.4 0.105665 0.0313588
70.5 0.10291 0.0315629
70.6 0.100124 0.0317394
70.7 0.0973105 0.0318886
70.8 0.0944734 0.0320108
70.9 0.0916174 0.0321065
71 0.0887471 0.0321762
71.1 0.0858673 0.0322206
71.2 0.0829827 0.0322405
71.3 0.0800984 0.0322367
71.4 0.0772191 0.0322102
71.5 0.07435 0.0321622
71.6 0.071496 0.0320937
71.7 0.0686623 0.032006
71.8 0.0658537 0.0319005
71.9 0.0630753 0.0317787
72 0.060332 0.0316421
72.1 0.0576287 0.0314923
72.2 0.0549702 0.0313309
72.3 0.0523611 0.0311598
72.4 0.0498061 0.0309806
72.5 0.0473094 0.0307953
72.6 0.0448755 0.0306058
72.7 0.0425083 0.0304139
72.8 0.0402118 0.0302217
72.9 0.0379897 0.0300311
73 0.0358454 0.0298441
73.1 0.0337823 0.0296626
73.2 0.0318032 0.0294887
73.3 0.029911 0.0293243
73.4 0.0281081 0.0291714
73.5 0.0263969 0.0290318
73.6 0.0247792 0.0289074
73.7 0.0232567 0.0288001
73.8 0.0218309 0.0287115
73.9 0.0205027 0.0286433
74 0.019273 0.0285972
74.1 0.0181423 0.0285747
74.2 0.0171108 0.0285773
74.3 0.0161784 0.0286061
74.4 0.0153447 0.0286626
74.5 0.0146092 0.0287478
74.6 0.0139709 0.0288627
74.7 0.0134286 0.0290083
74.8 0.0129808 0.0291852
74.9 0.0126259 0.0293942
75 0.0123619 0.0296357
75.1 0.0121866 0.0299101
75.2 0.0120977 0.0302176
75.3 0.0120927 0.0305584
75.4 0.0121687 0.0309323
75.5 0.0123228 0.0313393
75.6 0.0125521 0.0317789
75.7 0.0128532 0.0322507
75.8 0.0132229 0.0327542
75.9 0.0136578 0.0332885
76 0.0141544 0.0338529
76.1 0.0147093 0.0344462
76.2 0.0153187 0.0350674
76.3 0.0159792 0.0357152
76.4 0.0166873 0.0363883
76.5 0.0174392 0.0370851
76.6 0.0182317 0.0378041
76.7 0.0190611 0.0385436
76.8 0.0199242 0.0393018
76.9 0.0208178 0.0400768
77 0.0217386 0.0408667
77.1 0.0226836 0.0416693
77.2 0.02365 0.0424828
77.3 0.0246351 0.0433047
77.4 0.0256363 0.0441331
77.5 0.0266513 0.0449656
77.6 0.0276779 0.0457999
77.7 0.0287143 0.0466337
77.8 0.0297585 0.0474647
77.9 0.0308092 0.0482906
78 0.0318649 0.049109
78.1 0.0329247 0.0499176
78.2 0.0339877 0.050714
78.3 0.0350531 0.0514961
78.4 0.0361207 0.0522615
78.5 0.0371903 0.0530081
78.6 0.0382617 0.0537336
78.7 0.0393354 0.054436
78.8 0.0404117 0.0551132
78.9 0.0414912 0.0557633
79 0.0425748 0.0563843
79.1 0.0436634 0.0569745
79.2 0.0447581 0.0575321
79.3 0.0458602 0.0580555
79.4 0.046971 0.0585431
79.5 0.0480921 0.0589936
79.6 0.0492249 0.0594056
79.7 0.0503712 0.059778
79.8 0.0515326 0.0601097
79.9 0.0527107 0.0603996
80 0.0539073 0.0606471
80.1 0.0551241 0.0608513
80.2 0.0563628 0.0610117
80.3 0.0576248 0.0611278
80.4 0.0589118 0.0611995
80.5 0.0602251 0.0612263
80.6 0.061566 0.0612084
80.7 0.0629356 0.0611458
80.8 0.064335 0.0610388
80.9 0.0657649 0.0608876
81 0.0672259 0.0606927
81.1 0.0687183 0.0604548
81.2 0.0702424 0.0601746
81.3 0.071798 0.0598529
81.4 0.0733848 0.0594908
81.5 0.0750021 0.0590893
81.6 0.0766489 0.0586496
81.7 0.0783242 0.058173
81.8 0.0800263 0.057661
81.9 0.0817535 0.057115
82 0.0835036 0.0565367
82.1 0.0852743 0.0559278
82.2 0.0870628 0.0552901
82.3 0.088866 0.0546253
82.4 0.0906807 0.0539356
82.5 0.0925033 0.0532228
82.6 0.0943297 0.052489
82.7 0.0961559 0.0517363
82.8 0.0979775 0.0509669
82.9 0.0997898 0.0501829
83 0.101588 0.0493866
83.1 0.103366 0.0485803
83.2 0.105121 0.0477661
83.3 0.106845 0.0469464
83.4 0.108533 0.0461234
83.5 0.11018 0.0452993
83.6 0.11178 0.0444765
83.7 0.113326 0.0436572
83.8 0.114814 0.0428434
83.9 0.116237 0.0420375
84 0.117589 0.0412415
84.1 0.118864 0.0404574
84.2 0.120057 0.0396873
84.3 0.121162 0.0389332
84.4 0.122173 0.0381968
84.5 0.123085 0.03748
84.6 0.123893 0.0367844
84.7 0.124592 0.0361118
84.8 0.125177 0.0354635
84.9 0.125644 0.0348411
85 0.125989 0.0342459
85.1 0.126208 0.033679
85.2 0.126297 0.0331415
85.3 0.126254 0.0326344
85.4 0.126077 0.0321587
85.5 0.125762 0.0317149
85.6 0.125308 0.0313037
85.7 0.124715 0.0309255
85.8 0.123981 0.0305808
85.9 0.123106 0.0302697
86 0.12209 0.0299923
86.1 0.120934 0.0297486
86.2 0.119639 0.0295383
86.3 0.118208 0.0293612
86.4 0.116641 0.0292168
86.5 0.114943 0.0291046
86.6 0.113117 0.0290238
86.7 0.111165 0.0289737
86.8 0.109093 0.0289534
86.9 0.106905 0.0289617
87 0.104607 0.0289975
87.1 0.102204 0.0290596
87.2 0.0997026 0.0291467
87.3 0.0971089 0.0292573
87.4 0.0944301 0.0293898
87.5 0.0916735 0.0295426
87.6 0.0888466 0.0297142
87.7 0.0859574 0.0299026
87.8 0.0830142 0.0301062
87.9 0.0800254 0.0303229
88 0.0769997 0.0305511
88.1 0.0739459 0.0307886
88.2 0.0708731 0.0310336
88.3 0.0677903 0.0312841
88.4 0.0647069 0.031538
88.5 0.061632 0.0317934
88.6 0.0585748 0.0320483
88.7 0.0555447 0.0323008
88.8 0.0525506 0.0325488
88.9 0.0496017 0.0327906
89 0.0467068 0.0330241
89.1 0.0438746 0.0332477
89.2 0.0411137 0.0334596
89.3 0.0384322 0.033658
89.4 0.0358382 0.0338414
89.5 0.0333393 0.0340082
89.6 0.0309429 0.034157
89.7 0.0286558 0.0342864
89.8 0.0264847 0.0343952
89.9 0.0244357 0.0344822
90 0.0225145 0.0345463
90.1 0.0207263 0.0345868
90.2 0.0190759 0.0346026
90.3 0.0175676 0.0345932
90.4 0.0162051 0.034558
90.5 0.0149917 0.0344966
90.6 0.01393 0.0344087
90.7 0.0130223 0.0342941
90.8 0.0122702 0.0341527
90.9 0.0116747 0.0339847
91 0.0112365 0.0337904
91.1 0.0109554 0.0335699
91.2 0.0108311 0.033324
91.3 0.0108624 0.0330531
91.4 0.0110478 0.032758
91.5 0.0113852 0.0324396
91.6 0.0118721 0.0320988
91.7 0.0125054 0.0317368
91.8 0.0132817 0.0313548
91.9 0.0141971 0.0309541
92 0.0152471 0.0305361
92.1 0.0164273 0.0301023
92.2 0.0177323 0.0296543
92.3 0.019157 0.0291937
92.4 0.0206955 0.0287224
92.5 0.022342 0.0282421
92.6 0.02409 0.0277547
92.7 0.0259333 0.0272622
92.8 0.0278652 0.0267665
92.9 0.0298788 0.0262695
93 0.0319673 0.0257735
93.1 0.0341238 0.0252802
93.2 0.036341 0.024792
93.3 0.038612 0.0243107
93.4 0.0409296 0.0238385
93.5 0.0432868 0.0233775
93.6 0.0456767 0.0229295
93.7 0.0480923 0.0224967
93.8 0.0505269 0.0220809
93.9 0.0529738 0.0216841
94 0.0554266 0.0213082
94.1 0.0578791 0.0209549
94.2 0.0603252 0.020626
94.3 0.0627591 0.020323
94.4 0.0651755 0.0200477
94.5 0.0675689 0.0198015
94.6 0.0699345 0.0195858
94.7 0.0722676 0.0194018
94.8 0.074564 0.0192509
94.9 0.0768198 0.019134
95 0.0790311 0.0190523
95.1 0.081195 0.0190065
95.2 0.0833083 0.0189974
95.3 0.0853686 0.0190256
95.4 0.0873737 0.0190918
95.5 0.0893217 0.0191962
95.6 0.0912113 0.0193391
95.7 0.0930412 0.0195207
95.8 0.0948107 0.0197411
95.9 0.0965194 0.02
96 0.0981672 0.0202972
96.1 0.0997542 0.0206325
96.2 0.101281 0.0210053
96.3 0.102748 0.0214149
96.4 0.104158 0.0218607
96.5 0.10551 0.0223418
96.6 0.106806 0.0228573
96.7 0.108049 0.023406
96.8 0.109241 0.0239868
96.9 0.110382 0.0245983
97 0.111477 0.0252392
97.1 0.112527 0.0259079
97.2 0.113535 0.0266029
97.3 0.114503 0.0273224
97.4 0.115435 0.0280647
97.5 0.116333 0.0288278
97.6 0.117199 0.02961
97.7 0.118037 0.0304091
97.8 0.11885 0.0312231
97.9 0.11964 0.0320499
98 0.12041 0.0328872
98.1 0.121162 0.0337329
98.2 0.1219 0.0345847
98.3 0.122625 0.0354402
98.4 0.12334 0.0362972
98.5 0.124046 0.0371532
98.6 0.124747 0.0380059
98.7 0.125444 0.038853
98.8 0.126138 0.039692
98.9 0.126831 0.0405205
99 0.127524 0.0413362
99.1 0.128218 0.0421367
99.2 0.128914 0.0429197
99.3 0.129613 0.0436829
99.4 0.130315 0.044424
99.5 0.13102 0.0451408
99.6 0.131727 0.0458311
99.7 0.132438 0.0464929
99.8 0.133151 0.047124
99.9 0.133865 0.0477224
100 0.13458 0.0482863
100.1 0.135295 0.0488138
100.2 0.136007 0.0493032
100.3 0.136716 0.0497527
100.4 0.13742 0.0501608
100.5 0.138116 0.0505261
100.6 0.138804 0.0508471
100.7 0.139481 0.0511227
100.8 0.140144 0.0513516
100.9 0.140791 0.0515328
101 0.14142 0.0516654
101.1 0.142027 0.0517486
101.2 0.142611 0.0517818
101.3 0.143169 0.0517644
101.4 0.143698 0.051696
101.5 0.144195 0.0515764
101.6 0.144657 0.0514053
101.7 0.145082 0.0511829
101.8 0.145468 0.0509092
101.9 0.14581 0.0505844
102 0.146108 0.0502091
102.1 0.146358 0.0497837
102.2 0.146557 0.049309
102.3 0.146705 0.0487857
102.4 0.146798 0.0482147
102.5 0.146834 0.0475972
102.6 0.146813 0.0469344
102.7 0.146731 0.0462275
102.8 0.146587 0.0454781
102.9 0.14638 0.0446876
103 0.14611 0.0438578
103.1 0.145774 0.0429904
103.2 0.145372 0.0420873
103.3 0.144903 0.0411505
103.4 0.144368 0.040182
103.5 0.143765 0.039184
103.6 0.143096 0.0381587
103.7 0.142359 0.0371084
103.8 0.141557 0.0360355
103.9 0.140688 0.0349423
104 0.139755 0.0338314
104.1 0.138759 0.0327051
104.2 0.137699 0.0315661
104.3 0.136579 0.0304169
104.4 0.1354 0.0292599
104.5 0.134163 0.0280979
104.6 0.132871 0.0269332
104.7 0.131525 0.0257684
104.8 0.130129 0.0246061
104.9 0.128683 0.0234487
105 0.127192 0.0222987
105.1 0.125658 0.0211583
105.2 0.124083 0.02003
105.3 0.12247 0.0189159
105.4 0.120822 0.0178182
105.5 0.119143 0.0167391
105.6 0.117435 0.0156805
105.7 0.115701 0.0146442
105.8 0.113945 0.0136321
105.9 0.112169 0.0126459
106 0.110377 0.011687
106.1 0.108571 0.010757
106.2 0.106755 0.0098571
106.3 0.104932 0.00898847
106.4 0.103104 0.00815213
106.5 0.101275 0.00734899
106.6 0.0994474 0.00657979
106.7 0.0976238 0.00584511
106.8 0.0958067 0.00514542
106.9 0.0939988 0.00448102
107 0.0922024 0.00385207
107.1 0.0904199 0.00325859
107.2 0.0886532 0.00270045
107.3 0.0869046 0.00217738
107.4 0.0851757 0.00168897
107.5 0.0834685 0.00123469
107.6 0.0817843 0.000813863
107.7 0.0801247 0.000425689
107.8 0.078491 6.92546e-05
107.9 0.0768843 -0.00025647
108 0.0753056 -0.00055262
108.1 0.0737557 -0.000820431
108.2 0.0722354 -0.00106123
108.3 0.0707451 -0.00127643
108.4 0.0692853 -0.00146751
108.5 0.0678563 -0.00163602
108.6 0.0664583 -0.00178357
108.7 0.0650911 -0.00191182
108.8 0.0637549 -0.00202244
108.9 0.0624493 -0.00211717
109 0.0611741 -0.00219772
109.1 0.0599288 -0.00226583
109.2 0.058713 -0.00232325
109.3 0.0575261 -0.00237168
109.4 0.0563675 -0.00241282
109.5 0.0552365 -0.00244832
109.6 0.0541322 -0.00247981
109.7 0.0530541 -0.00250882
109.8 0.0520011 -0.00253687
109.9 0.0509725 -0.00256536
110 0.0499674 -0.00259563
110.1 0.0489849 -0.00262893
110.2 0.0480242 -0.0026664
110.3 0.0470845 -0.0027091
110.4 0.0461649 -0.00275794
110.5 0.0452647 -0.00281375
110.6 0.044383 -0.00287722
110.7 0.0435192 -0.00294891
110.8 0.0426726 -0.00302925
110.9 0.0418427 -0.00311854
111 0.0410289 -0.00321693
111.1 0.0402308 -0.00332446
111.2 0.039448 -0.003441
111.3 0.0386802 -0.00356629
111.4 0.0379273 -0.00369995
111.5 0.037189 -0.00384142
111.6 0.0364655 -0.00399006
111.7 0.0357567 -0.00414505
111.8 0.0350628 -0.00430547
111.9 0.0343842 -0.00447027
112 0.0337211 -0.00463827
112.1 0.0330741 -0.0048082
112.2 0.0324436 -0.00497867
112.3 0.0318304 -0.0051482
112.4 0.0312351 -0.00531521
112.5 0.0306585 -0.00547805
112.6 0.0301016 -0.00563498
112.7 0.0295653 -0.00578423
112.8 0.0290507 -0.00592393
112.9 0.0285588 -0.00605222
113 0.0280909 -0.00616717
113.1 0.0276481 -0.00626684
113.2 0.0272317 -0.00634927
113.3 0.026843 -0.00641253
113.4 0.0264834 -0.00645467
113.5 0.0261541 -0.00647377
113.6 0.0258566 -0.00646797
113.7 0.0255922 -0.00643541
113.8 0.0253624 -0.00637432
113.9 0.0251683 -0.006283
114 0.0250114 -0.0061598
114.1 0.024893 -0.00600318
114.2 0.0248144 -0.00581168
114.3 0.0247766 -0.00558396
114.4 0.024781 -0.0053188
114.5 0.0248286 -0.00501507
114.6 0.0249203 -0.00467182
114.7 0.0250572 -0.00428819
114.8 0.02524 -0.00386349
114.9 0.0254696 -0.00339718
115 0.0257465 -0.00288886
115.1 0.0260712 -0.00233831
115.2 0.0264443 -0.00174544
115.3 0.0268658 -0.00111035
115.4 0.027336 -0.000433303
115.5 0.0278549 0.000285281
115.6 0.0284224 0.00104481
115.7 0.0290381 0.00184452
115.8 0.0297016 0.00268349
115.9 0.0304124 0.00356065
116 0.0311698 0.00447473
116.1 0.0319727 0.00542434
116.2 0.0328202 0.00640794
116.3 0.0337111 0.00742382
116.4 0.034644 0.00847015
116.5 0.0356174 0.00954496
116.6 0.0366296 0.0106462
116.7 0.0376787 0.0117716
116.8 0.0387629 0.0129188
116.9 0.0398799 0.0140855
117 0.0410276 0.0152692
117.1 0.0422035 0.0164672
117.2 0.043405 0.0176769
117.3 0.0446296 0.0188957
117.4 0.0458743 0.0201207
117.5 0.0471365 0.0213491
117.6 0.0484129 0.0225782
117.7 0.0497006 0.0238051
117.8 0.0509963 0.025027
117.9 0.0522968 0.026241
118 0.0535988 0.0274444
118.1 0.0548988 0.0286344
118.2 0.0561933 0.0298082
118.3 0.057479 0.0309633
118.4 0.0587522 0.0320969
118.5 0.0600094 0.0332067
118.6 0.0612471 0.0342901
118.7 0.0624617 0.0353448
118.8 0.0636497 0.0363685
118.9 0.0648076 0.0373592
119 0.0659318 0.0383149
119.1 0.067019 0.0392336
119.2 0.0680658 0.0401136
119.3 0.0690689 0.0409534
119.4 0.070025 0.0417514
119.5 0.0709311 0.0425064
119.6 0.071784 0.0432172
119.7 0.072581 0.0438829
119.8 0.0733192 0.0445026
119.9 0.0739959 0.0450757
120 0.0746087 0.0456016
120.1 0.0751552 0.0460801
120.2 0.0756332 0.0465109
120.3 0.0760406 0.0468941
120.4 0.0763756 0.0472298
120.5 0.0766366 0.0475184
120.6 0.076822 0.0477603
120.7 0.0769306 0.0479561
120.8 0.0769612 0.0481067
120.9 0.0769132 0.0482129
121 0.0767856 0.0482758
121.1 0.0765782 0.0482966
121.2 0.0762907 0.0482766
121.3 0.0759231 0.0482172
121.4 0.0754756 0.0481199
121.5 0.0749486 0.0479865
121.6 0.0743428 0.0478186
121.7 0.0736591 0.047618
121.8 0.0728986 0.0473866
121.9 0.0720626 0.0471265
122 0.0711527 0.0468395
122.1 0.0701705 0.0465277
122.2 0.0691181 0.0461933
122.3 0.0679976 0.0458384
122.4 0.0668114 0.0454651
122.5 0.0655619 0.0450755
122.6 0.064252 0.0446719
122.7 0.0628846 0.0442563
122.8 0.0614626 0.0438308
122.9 0.0599894 0.0433976
123 0.0584683 0.0429586
123.1 0.0569028 0.042516
123.2 0.0552966 0.0420716
123.3 0.0536534 0.0416273
123.4 0.0519771 0.041185
123.5 0.0502717 0.0407463
123.6 0.0485411 0.0403131
123.7 0.0467896 0.0398867
123.8 0.0450212 0.0394687
123.9 0.0432402 0.0390605
124 0.0414508 0.0386633
124.1 0.0396573 0.0382783
124.2 0.0378639 0.0379066
124.3 0.0360748 0.037549
124.4 0.0342944 0.0372065
124.5 0.0325267 0.0368796
124.6 0.030776 0.0365691
124.7 0.0290462 0.0362753
124.8 0.0273414 0.0359986
124.9 0.0256655 0.0357392
125 0.0240222 0.0354972
125.1 0.0224154 0.0352726
125.2 0.0208485 0.0350653
125.3 0.0193249 0.0348751
125.4 0.017848 0.0347015
125.5 0.0164208 0.0345442
125.6 0.0150464 0.0344026
125.7 0.0137274 0.034276
125.8 0.0124665 0.0341636
125.9 0.0112661 0.0340647
126 0.0101284 0.0339784
126.1 0.00905538 0.0339036
126.2 0.00804878 0.0338392
126.3 0.00711019 0.0337842
126.4 0.00624093 0.0337374
126.5 0.00544214 0.0336975
126.6 0.00471468 0.0336632
126.7 0.00405922 0.0336333
126.8 0.00347617 0.0336064
126.9 0.00296574 0.0335812
127 0.00252788 0.0335561
127.1 0.00216232 0.03353
127.2 0.00186858 0.0335013
127.3 0.00164592 0.0334686
127.4 0.00149343 0.0334306
127.5 0.00140993 0.033386
127.6 0.00139407 0.0333334
127.7 0.00144428 0.0332714
127.8 0.0015588 0.0331988
127.9 0.00173567 0.0331145
128 0.00197276 0.0330171
128.1 0.00226776 0.0329056
128.2 0.00261819 0.032779
128.3 0.00302143 0.0326361
128.4 0.00347471 0.0324761
128.5 0.00397513 0.0322981
128.6 0.00451966 0.0321013
128.7 0.00510518 0.0318851
128.8 0.00572846 0.0316486
128.9 0.00638617 0.0313915
129 0.00707492 0.0311132
129.1 0.00779128 0.0308133
129.2 0.00853173 0.0304916
129.3 0.00929276 0.0301478
129.4 0.0100708 0.0297819
129.5 0.0108623 0.0293938
129.6 0.0116637 0.0289835
129.7 0.0124714 0.0285512
129.8 0.0132819 0.0280971
129.9 0.0140918 0.0276215
130 0.0148977 0.0271249
130.1 0.0156961 0.0266078
130.2 0.0164838 0.0260705
130.3 0.0172576 0.0255139
130.4 0.0180143 0.0249386
130.5 0.0187511 0.0243454
130.6 0.019465 0.0237351
130.7 0.0201533 0.0231086
130.8 0.0208134 0.0224668
130.9 0.0214428 0.0218109
131 0.0220391 0.0211417
131.1 0.0226002 0.0204606
131.2 0.0231241 0.0197685
131.3 0.023609 0.0190666
131.4 0.0240531 0.0183562
131.5 0.024455 0.0176385
131.6 0.0248134 0.0169148
131.7 0.0251271 0.0161863
131.8 0.0253952 0.0154543
131.9 0.0256168 0.01472
132 0.0257915 0.0139848
132.1 0.0259188 0.01325
132.2 0.0259984 0.0125167
132.3 0.0260303 0.0117863
132.4 0.0260147 0.0110601
132.5 0.0259519 0.0103391
132.6 0.0258422 0.0096247
132.7 0.0256864 0.00891796
132.8 0.0254853 0.00822002
132.9 0.0252397 0.00753198
133 0.0249508 0.00685489
133.1 0.0246199 0.00618974
133.2 0.0242482 0.00553752
133.3 0.0238373 0.00489911
133.4 0.0233888 0.00427539
133.5 0.0229045 0.00366715
133.6 0.0223861 0.00307515
133.7 0.0218356 0.00250008
133.8 0.0212549 0.00194256
133.9 0.0206463 0.00140318
134 0.0200117 0.000882451
134.1 0.0193535 0.000380819
134.2 0.0186738 -0.000101321
134.3 0.0179749 -0.00056364
134.4 0.0172593 -0.00100587
134.5 0.0165291 -0.0014278
134.6 0.0157867 -0.00182928
134.7 0.0150345 -0.00221023
134.8 0.0142748 -0.0025706
134.9 0.0135099 -0.00291043
135 0.0127421 -0.0032298
135.1 0.0119736 -0.00352884
135.2 0.0112067 -0.00380772
135.3 0.0104435 -0.00406669
135.4 0.00968602 -0.00430602
135.5 0.00893641 -0.00452603
135.6 0.00819659 -0.0047271
135.7 0.00746842 -0.00490963
135.8 0.00675372 -0.00507406
135.9 0.00605418 -0.00522086
136 0.00537143 -0.00535055
136.1 0.00470698 -0.00546365
136.2 0.00406223 -0.00556074
136.3 0.00343852 -0.00564239
136.4 0.00283703 -0.0057092
136.5 0.00225886 -0.0057618
136.6 0.00170499 -0.00580082
136.7 0.00117629 -0.0058269
136.8 0.000673512 -0.0058407
136.9 0.000197304 -0.00584286
137 -0.000251809 -0.00583407
137.1 -0.000673412 -0.00581496
137.2 -0.0010672 -0.0057862
137.3 -0.00143298 -0.00574845
137.4 -0.00177066 -0.00570234
137.5 -0.00208027 -0.00564852
137.6 -0.00236193 -0.00558761
137.7 -0.00261585 -0.00552022
137.8 -0.00284235 -0.00544694
137.9 -0.00304185 -0.00536836
138 -0.00321484 -0.00528504
138.1 -0.0033619 -0.00519752
138.2 -0.00348369 -0.00510631
138.3 -0.00358093 -0.00501192
138.4 -0.00365444 -0.00491482
138.5 -0.00370508 -0.00481547
138.6 -0.00373377 -0.00471429
138.7 -0.00374149 -0.00461169
138.8 -0.00372926 -0.00450804
138.9 -0.00369814 -0.00440369
139 -0.00364923 -0.00429899
139.1 -0.00358367 -0.00419422
139.2 -0.00350262 -0.00408967
139.3 -0.00340724 -0.00398559
139.4 -0.00329873 -0.0038822
139.5 -0.00317827 -0.00377973
139.6 -0.00304709 -0.00367834
139.7 -0.00290636 -0.0035782
139.8 -0.00275728 -0.00347945
139.9 -0.00260103 -0.00338222
140 -0.00243878 -0.00328659
140.1 -0.00227167 -0.00319265
140.2 -0.00210081 -0.00310048
140.3 -0.0019273 -0.00301011
140.4 -0.00175218 -0.00292158
140.5 -0.0015765 -0.00283491
140.6 -0.00140122 -0.00275012
140.7 -0.00122729 -0.00266719
140.8 -0.00105561 -0.00258612
140.9 -0.000887022 -0.00250688
141 -0.000722341 -0.00242944
141.1 -0.000562316 -0.00235378
141.2 -0.00040765 -0.00227984
141.3 -0.000258992 -0.00220759
141.4 -0.000116941 -0.00213698
141.5 1.79618e-05 -0.00206796
141.6 0.000145226 -0.00200047
141.7 0.000264417 -0.00193448
141.8 0.000375154 -0.00186992
141.9 0.000477107 -0.00180676
142 0.000570003 -0.00174494
142.1 0.000653616 -0.00168442
142.2 0.000727774 -0.00162518
142.3 0.000792354 -0.00156716
142.4 0.000847278 -0.00151035
142.5 0.000892518 -0.00145471
142.6 0.000928088 -0.00140023
142.7 0.000954043 -0.00134689
142.8 0.000970483 -0.00129469
142.9 0.00097754 -0.00124362
143 0.000975388 -0.00119369
143.1 0.000964229 -0.00114489
143.2 0.000944299 -0.00109725
143.3 0.000915864 -0.00105079
143.4 0.000879212 -0.00100552
143.5 0.000834658 -0.000961476
143.6 0.000782537 -0.000918692
143.7 0.000723203 -0.000877201
143.8 0.000657026 -0.000837044
143.9 0.00058439 -0.000798263
144 0.00050569 -0.000760902
