-0.996 3.60808e-06 -6.78233e-07
-0.992 1.64073e-05 3.10632e-06
-0.988 4.14941e-05 1.74628e-05
-0.984 8.09234e-05 4.20687e-05
-0.98 0.000134061 6.87912e-05
-0.976 0.000196608 8.33618e-05
-0.972 0.00026087 6.95288e-05
-0.968 0.000317147 1.43116e-05
-0.964 0.000355568 -8.73712e-05
-0.96 0.000367388 -0.000230234
-0.956 0.000345136 -0.000399201
-0.952 0.000281641 -0.000573006
-0.948 0.000168825 -0.000729866
-0.944 -2.39396e-06 -0.000853606
-0.94 -0.000239777 -0.000938285
-0.936 -0.000544551 -0.000989519
-0.932 -0.000904144 -0.00102134
-0.928 -0.00128515 -0.0010486
-0.924 -0.00162973 -0.00107634
-0.92 -0.0018587 -0.00108926
-0.916 -0.00188307 -0.00104523
-0.912 -0.00162357 -0.000876895
-0.908 -0.00103472 -0.000503944
-0.904 -0.000127412 0.000143992
-0.9 0.00101702 0.00109719
-0.896 0.00224769 0.00231531
-0.892 0.00336334 0.00366576
-0.888 0.00414863 0.00492057
-0.884 0.00442126 0.00577932
-0.88 0.00407915 0.00591995
-0.876 0.00313493 0.00507209
-0.872 0.00172645 0.00309889
-0.868 9.66038e-05 6.74951e-05
-0.864 -0.00145639 -0.00371379
-0.86 -0.00264906 -0.00770923
-0.856 -0.00328683 -0.0112282
-0.852 -0.00332263 -0.0135497
-0.848 -0.00288153 -0.0140782
-0.844 -0.00223971 -0.0124959
-0.84 -0.00175691 -0.00887359
-0.836 -0.00177428 -0.00370416
-0.832 -0.00250164 0.0021604
-0.828 -0.00392472 0.00766748
-0.824 -0.00576273 0.0117902
-0.82 -0.00749699 0.0137731
-0.816 -0.00847545 0.0133377
-0.812 -0.00807726 0.0107904
-0.808 -0.00590276 0.00699446
-0.804 -0.00194145 0.0031989
-0.8 0.00333185 0.000750914
-0.796 0.00897179 0.00075359
-0.792 0.0137046 0.00374948
-0.788 0.0161826 0.00951224
-0.784 0.0153044 0.0170087
-0.78 0.0105285 0.0245563
-0.776 0.00209969 0.0301534
-0.772 -0.00888296 0.0319173
-0.768 -0.020596 0.0285318
-0.764 -0.0308159 0.0195985
-0.76 -0.0373836 0.00580392
-0.756 -0.0387139 -0.0111478
-0.752 -0.0342322 -0.0288313
-0.748 -0.0246208 -0.0445655
-0.744 -0.0117942 -0.0559458
-0.74 0.00142442 -0.0613215
-0.736 0.011879 -0.0601115
-0.732 0.0167964 -0.0528855
-0.728 0.0144821 -0.0411981
-0.724 0.00482454 -0.0272174
-0.72 -0.0105332 -0.0132387
-0.716 -0.0284264 -0.00119791
-0.712 -0.0447856 0.00770345
-0.708 -0.0555214 0.0131798
-0.704 -0.0574862 0.0158156
-0.7 -0.0492876 0.0168154
-0.696 -0.0317479 0.0176228
-0.692 -0.00787337 0.0195079
-0.688 0.0176929 0.0232255
-0.684 0.0396383 0.0288207
-0.68 0.0531618 0.035616
-0.676 0.0550998 0.0423702
-0.672 0.0447234 0.047559
-0.668 0.0239989 0.0497098
-0.664 -0.0027752 0.0477128
-0.66 -0.0298957 0.0410493
-0.656 -0.0515468 0.0298987
-0.652 -0.0631583 0.0151176
-0.648 -0.0625032 -0.00188637
-0.644 -0.0502584 -0.0193477
-0.64 -0.0298729 -0.0353605
-0.636 -0.00675616 -0.0480902
-0.632 0.0130359 -0.0559663
-0.628 0.0243042 -0.0578556
-0.624 0.0240333 -0.0532163
-0.62 0.0122068 -0.0422248
-0.616 -0.00810537 -0.025853
-0.612 -0.031432 -0.00586216
-0.608 -0.0512117 0.0153167
-0.604 -0.0614237 0.0348337
-0.6 -0.0581458 0.0497946
-0.596 -0.0406464 0.0577186
-0.592 -0.0117286 0.0570076
-0.588 0.0227839 0.0473336
-0.584 0.0553144 0.0298434
-0.58 0.0782625 0.00710265
-0.576 0.0857846 -0.0172519
-0.572 0.0751997 -0.0391172
-0.568 0.0476797 -0.0546826
-0.564 0.00805689 -0.0611926
-0.56 -0.0362105 -0.0575469
-0.556 -0.0766702 -0.0445943
-0.552 -0.10572 -0.0250365
-0.548 -0.11823 -0.00293819
-0.544 -0.112561 0.0170703
-0.54 -0.0907556 0.0307387
-0.536 -0.0578772 0.0350871
-0.532 -0.0206844 0.029042
-0.528 0.0140131 0.0136716
-0.524 0.0409026 -0.00803768
-0.52 0.0572455 -0.0318159
-0.516 0.0632387 -0.0530148
-0.512 0.0616083 -0.0675805
-0.508 0.056579 -0.0728788
-0.504 0.0525242 -0.0681906
-0.5 0.0526698 -0.054774
-0.496 0.0582033 -0.0354894
-0.492 0.0680184 -0.0140866
-0.488 0.079148 0.00566947
-0.484 0.0877499 0.0208241
-0.48 0.0903582 0.0298176
-0.476 0.0850441 0.0327019
-0.472 0.0721525 0.0309552
-0.468 0.0543976 0.0269554
-0.464 0.0362744 0.0232563
-0.46 0.0229314 0.02185
-0.456 0.0187967 0.0236041
-0.452 0.0263249 0.0280171
-0.448 0.0452073 0.0333596
-0.444 0.0722697 0.03717
-0.44 0.102109 0.0369857
-0.436 0.128326 0.0311251
-0.432 0.145056 0.0193183
-0.428 0.148419 0.00301733
-0.424 0.137524 -0.0147158
-0.42 0.114773 -0.0297412
-0.416 0.0853798 -0.037697
-0.412 0.0562009 -0.0350001
-0.408 0.0341771 -0.0197681
-0.404 0.024735 0.00755419
-0.4 0.0305333 0.0440315
-0.396 0.0508411 0.0846083
-0.392 0.081679 0.122973
-0.388 0.116673 0.152759
-0.384 0.148409 0.168848
-0.38 0.169957 0.168487
-0.376 0.176241 0.151964
-0.372 0.164952 0.122669
-0.368 0.136863 0.0864778
-0.364 0.0955484 0.0505686
-0.36 0.0466098 0.0219154
-0.356 -0.00335159 0.00577298
-0.352 -0.0478003 0.00450221
-0.348 -0.0811608 0.0170107
-0.344 -0.0994236 0.0389582
-0.34 -0.100438 0.0637096
-0.336 -0.08395 0.0838457
-0.332 -0.0515018 0.0929035
-0.328 -0.00628327 0.0869497
-0.324 0.0470062 0.0656039
-0.32 0.102323 0.0322468
-0.316 0.152568 -0.00667164
-0.312 0.190104 -0.04309
-0.308 0.207594 -0.0692317
-0.304 0.1991 -0.0794942
-0.3 0.161336 -0.0718711
-0.296 0.0947859 -0.0485447
-0.292 0.00440471 -0.0154823
-0.288 -0.100409 0.0188964
-0.284 -0.206746 0.0456812
-0.28 -0.30002 0.0575989
-0.276 -0.366492 0.0507927
-0.272 -0.396004 0.0258076
-0.268 -0.384366 -0.0124766
-0.264 -0.334775 -0.0559695
-0.26 -0.257835 -0.0952953
-0.256 -0.170009 -0.122059
-0.252 -0.0906729 -0.130899
-0.248 -0.038314 -0.120828
-0.244 -0.026624 -0.0955117
-0.24 -0.0613505 -0.0624413
-0.236 -0.138664 -0.0311899
-0.232 -0.24551 -0.0111987
-0.228 -0.361991 -0.00963073
-0.224 -0.465368 -0.0298049
-0.22 -0.534863 -0.070561
-0.216 -0.556197 -0.126668
-0.212 -0.524853 -0.19013
-0.208 -0.447252 -0.252032
-0.204 -0.339532 -0.304446
-0.2 -0.224146 -0.341931
-0.196 -0.125011 -0.362304
-0.192 -0.0622857 -0.36655
-0.188 -0.0479719 -0.357998
-0.184 -0.0833498 -0.341067
-0.18 -0.158843 -0.319986
-0.176 -0.256349 -0.29782
-0.172 -0.353484 -0.276052
-0.168 -0.42874 -0.254736
-0.164 -0.46633 -0.233092
-0.16 -0.459578 -0.210277
-0.156 -0.412053 -0.186021
-0.152 -0.336221 -0.160923
-0.148 -0.24999 -0.136294
-0.144 -0.172038 -0.113653
-0.14 -0.117131 -0.0940955
-0.136 -0.0926048 -0.0778366
-0.132 -0.0968869 -0.0641637
-0.128 -0.120402 -0.0518881
-0.124 -0.148576 -0.040177
-0.12 -0.166135 -0.0294758
-0.116 -0.161537 -0.0221408
-0.112 -0.13035 -0.0224466
-0.108 -0.0766595 -0.035789
-0.104 -0.0120809 -0.0671534
-0.1 0.0473805 -0.119185
-0.096 0.085811 -0.190402
-0.092 0.0920073 -0.274169
-0.088 0.0629636 -0.358929
-0.084 0.00524553 -0.429897
-0.08 -0.0661794 -0.472011
-0.076 -0.131412 -0.47353
-0.072 -0.170529 -0.429371
-0.068 -0.168679 -0.343245
-0.064 -0.120011 -0.227839
-0.06 -0.0293561 -0.10273
-0.056 0.0888752 0.00974656
-0.052 0.214422 0.089875
-0.048 0.326637 0.125969
-0.044 0.410285 0.11845
-0.04 0.460134 0.0813925
-0.036 0.483018 0.0408337
-0.032 0.496717 0.0299249
-0.028 0.525758 0.0817661
-0.024 0.595081 0.221438
-0.02 0.723034 0.459036
-0.016 0.915389 0.785396
-0.012 1.16192 1.17167
-0.008 1.43656 1.57306
-0.004 1.7013 1.93626
0 1.9133 2.20897
0.004 2.0334 2.34898
0.008 2.03531 2.33466
0.012 1.911 2.16678
0.016 1.67326 1.86906
0.02 1.35364 1.4834
0.024 0.996372 1.06169
0.028 0.649773 0.655914
0.032 0.357025 0.308888
0.036 0.148292 0.0474575
0.04 0.0358611 -0.120565
0.044 0.0131839 -0.205299
0.048 0.0578737 -0.230099
0.052 0.13782 -0.224585
0.056 0.218938 -0.217127
0.06 0.272726 -0.228547
0.064 0.281922 -0.268393
0.068 0.24307 -0.3344
0.072 0.165594 -0.414951
0.076 0.0678608 -0.493598
0.08 -0.0286072 -0.554296
0.084 -0.105198 -0.585906
0.088 -0.151049 -0.584896
0.092 -0.165503 -0.555677
0.096 -0.157691 -0.508705
0.1 -0.143471 -0.457053
0.104 -0.140597 -0.412492
0.108 -0.163445 -0.382227
0.112 -0.218678 -0.367148
0.116 -0.303003 -0.362035
0.12 -0.403583 -0.357546
0.124 -0.501016 -0.343352
0.128 -0.574094 -0.311485
0.132 -0.605159 -0.258929
0.136 -0.584706 -0.18877
0.14 -0.514102 -0.109587
0.144 -0.405747 -0.0333215
0.148 -0.280618 0.0277926
0.152 -0.163757 0.0643732
0.156 -0.078756 0.0722572
0.16 -0.0425012 0.0534655
0.164 -0.061408 0.015531
0.168 -0.129992 -0.0305925
0.172 -0.232094 -0.0734429
0.176 -0.344459 -0.103985
0.18 -0.441828 -0.117784
0.184 -0.502401 -0.115869
0.188 -0.512448 -0.104097
0.192 -0.469086 -0.0912192
0.196 -0.380665 -0.0862111
0.2 -0.264748 -0.0955739
0.204 -0.144186 -0.12134
0.208 -0.0422026 -0.160306
0.212 0.0224434 -0.204682
0.216 0.0391837 -0.243994
0.22 0.00751634 -0.267715
0.224 -0.0632849 -0.267972
0.228 -0.156466 -0.241626
0.232 -0.251511 -0.191212
0.236 -0.328426 -0.124529
0.24 -0.371664 -0.052967
0.244 -0.372895 0.0110136
0.248 -0.332139 0.0566544
0.252 -0.257153 0.0772749
0.256 -0.161346 0.0716998
0.26 -0.0607896 0.0444236
0.264 0.0289996 0.00449526
0.268 0.0958279 -0.0365951
0.272 0.132631 -0.0675254
0.276 0.138073 -0.0796515
0.28 0.115959 -0.0688639
0.284 0.0737539 -0.0364074
0.288 0.0206454 0.0114854
0.292 -0.034351 0.0650303
0.296 -0.0838462 0.113062
0.3 -0.122854 0.145455
0.304 -0.148868 0.155285
0.308 -0.161402 0.140274
0.312 -0.161257 0.10324
0.316 -0.149808 0.0514789
0.32 -0.128538 -0.00478193
0.324 -0.0989182 -0.0545112
0.328 -0.0626021 -0.0881408
0.332 -0.0217824 -0.0995004
0.336 0.0205188 -0.0870246
0.34 0.0604296 -0.0539995
0.344 0.0935988 -0.00780969
0.348 0.115936 0.0416444
0.352 0.124558 0.0840274
0.356 0.118668 0.110716
0.36 0.100099 0.116569
0.364 0.0732852 0.100957
0.368 0.0445907 0.0678296
0.372 0.021082 0.0248142
0.376 0.00899119 -0.0184701
0.38 0.0122233 -0.0525059
0.384 0.031288 -0.0699284
0.388 0.0629559 -0.0670832
0.392 0.100786 -0.0447567
0.396 0.13645 -0.0079319
0.4 0.161587 0.0353656
0.404 0.169753 0.0758614
0.408 0.157995 0.105062
0.412 0.127672 0.117069
0.416 0.0842723 0.109769
0.42 0.0362634 0.0851561
0.424 -0.0067721 0.0487211
0.428 -0.0362893 0.00807984
0.432 -0.0467046 -0.0288231
0.436 -0.036632 -0.0555014
0.44 -0.00913626 -0.0682853
0.444 0.0290522 -0.0669446
0.448 0.0691615 -0.0544558
0.452 0.102441 -0.0360043
0.456 0.122155 -0.0174999
0.46 0.125029 -0.00399399
0.464 0.111814 0.00159895
0.468 0.0868536 -0.000838607
0.472 0.056802 -0.00873282
0.476 0.0288467 -0.0176396
0.48 0.00889863 -0.0225502
0.484 0.0002197 -0.0193345
0.488 0.00282182 -0.00594548
0.492 0.0137625 0.0169214
0.496 0.0282217 0.0458782
0.5 0.0410376 0.0755859
0.504 0.0482638 0.0999956
0.508 0.0483104 0.113773
0.512 0.042357 0.113558
0.516 0.0339268 0.0987495
0.52 0.0277476 0.0716485
0.524 0.0282242 0.036937
0.528 0.0379554 0.000639309
0.532 0.0567225 -0.0311746
0.536 0.0812506 -0.0536342
0.54 0.10584 -0.0639837
0.544 0.123729 -0.0619804
0.548 0.128837 -0.0497265
0.552 0.117446 -0.0310206
0.556 0.0893547 -0.0104191
0.56 0.048191 0.00775331
0.564 0.000769377 0.0202239
0.568 -0.0443711 0.0252687
0.572 -0.0789007 0.0228251
0.576 -0.0966356 0.0142549
0.58 -0.0949988 0.00186325
0.584 -0.075643 -0.0116806
0.588 -0.0440751 -0.0238798
0.592 -0.00836676 -0.0327992
0.596 0.0227379 -0.0372598
0.6 0.0418572 -0.0368555
0.604 0.0446574 -0.0318478
0.608 0.0307838 -0.0230103
0.612 0.00382829 -0.0114781
0.616 -0.0296403 0.00137168
0.62 -0.0617259 0.0140195
0.624 -0.0851208 0.0249055
0.628 -0.0948201 0.0325628
0.632 -0.0892315 0.0357904
0.636 -0.0704316 0.0338528
0.64 -0.0435354 0.0266646
0.644 -0.0153581 0.0149066
0.648 0.00728392 1.68481e-05
0.652 0.0192097 -0.0159769
0.656 0.0180565 -0.0307787
0.66 0.00473985 -0.0422459
0.664 -0.0168924 -0.0488194
0.668 -0.0410943 -0.0498536
0.672 -0.0616677 -0.0457537
0.676 -0.0734568 -0.0378742
0.68 -0.0735313 -0.0281906
0.684 -0.0617899 -0.0188191
0.688 -0.0408689 -0.0114994
0.692 -0.0154098 -0.00716837
0.696 0.00910823 -0.00573611
0.7 0.0276726 -0.00612646
0.704 0.0368636 -0.00657983
0.708 0.0355488 -0.00514745
0.712 0.0250075 -0.000253619
0.716 0.00849248 0.00881917
0.72 -0.00963545 0.021651
0.724 -0.0249701 0.0366884
0.728 -0.0340615 0.0515373
0.732 -0.0351293 0.0634765
0.736 -0.0283425 0.0700688
0.74 -0.015635 0.0697236
0.744 -0.000133447 0.0620756
0.748 0.0146381 0.0480917
0.752 0.0255768 0.0298825
0.756 0.0306518 0.0102654
0.76 0.0292548 -0.00781588
0.764 0.0221982 -0.0218796
0.768 0.0113961 -0.0303701
0.772 -0.00066644 -0.0328996
0.776 -0.0115338 -0.0302261
0.78 -0.0193057 -0.0239893
0.784 -0.0229764 -0.0162802
0.788 -0.0225336 -0.00915228
0.792 -0.0188204 -0.00418857
0.796 -0.0132249 -0.00221483
0.8 -0.00728773 -0.00321007
0.804 -0.00233285 -0.00641433
0.808 0.000797665 -0.0105895
0.812 0.00185563 -0.0143583
0.816 0.00114166 -0.0165359
0.82 -0.000663486 -0.0163825
0.824 -0.00273248 -0.013728
0.828 -0.00432349 -0.00895803
0.832 -0.00495451 -0.00288045
0.836 -0.00448526 0.00348261
0.84 -0.00310025 0.00912284
0.844 -0.00121175 0.013242
0.848 0.00068083 0.0153789
0.852 0.00213294 0.0154518
0.856 0.00286184 0.0137196
0.86 0.00279655 0.0106848
0.864 0.00206661 0.00696784
0.868 0.000941961 0.00318223
0.872 -0.000253361 -0.000164405
0.876 -0.00122772 -0.00273071
0.88 -0.00178661 -0.00436015
0.884 -0.0018626 -0.00506388
0.888 -0.00150878 -0.00497984
0.892 -0.000863408 -0.00432123
0.896 -0.000100253 -0.00332631
0.9 0.000619958 -0.00221765
0.904 0.00118431 -0.00117458
0.908 0.00154232 -0.000319151
0.912 0.00170085 0.000286198
0.916 0.00170504 0.000632084
0.92 0.00161406 0.000749823
0.924 0.00147987 0.000696078
0.928 0.00133472 0.000537218
0.932 0.0011891 0.000335734
0.936 0.00103821 0.000140469
0.94 0.000872546 -1.83333e-05
0.944 0.000687735 -0.000129103
0.948 0.000489863 -0.000195004
0.952 0.000294968 -0.000227595
0.956 0.000123747 -0.000240124
0.96 -5.76956e-06 -0.000242383
0.964 -8.43575e-05 -0.000238402
0.968 -0.000114221 -0.000227214
0.972 -0.000107349 -0.000205811
0.976 -8.06415e-05 -0.000172673
0.98 -4.99944e-05 -0.000130165
0.984 -2.57667e-05 -8.46966e-05
0.988 -1.12454e-05 -4.4584e-05
0.992 -4.32885e-06 -1.66143e-05
0.996 -1.21171e-06 -2.95258e-06
0.1 0.0474733 0.0210029
0.2 0.0475091 0.0210152
0.3 0.0475685 0.0210356
0.4 0.0476515 0.0210642
0.5 0.0477576 0.0211013
0.6 0.0478866 0.0211467
0.7 0.0480381 0.0212008
0.8 0.0482115 0.0212637
0.9 0.0484064 0.0213356
1 0.048622 0.0214166
1.1 0.0488577 0.0215071
1.2 0.0491128 0.0216073
1.3 0.0493866 0.0217175
1.4 0.0496782 0.021838
1.5 0.049987 0.0219692
1.6 0.0503119 0.0221113
1.7 0.0506523 0.0222648
1.8 0.0510072 0.02243
1.9 0.0513758 0.0226074
2 0.0517574 0.0227974
2.1 0.0521511 0.0230004
2.2 0.0525562 0.0232169
2.3 0.0529721 0.0234473
2.4 0.0533979 0.0236921
2.5 0.0538333 0.0239519
2.6 0.0542776 0.024227
2.7 0.0547305 0.0245181
2.8 0.0551915 0.0248256
2.9 0.0556605 0.0251501
3 0.0561373 0.025492
3.1 0.0566219 0.0258519
3.2 0.0571144 0.0262303
3.3 0.0576149 0.0266278
3.4 0.0581239 0.0270449
3.5 0.0586417 0.0274821
3.6 0.0591691 0.0279399
3.7 0.0597067 0.0284188
3.8 0.0602555 0.0289194
3.9 0.0608165 0.0294421
4 0.0613909 0.0299875
4.1 0.06198 0.030556
4.2 0.0625854 0.0311481
4.3 0.0632085 0.0317642
4.4 0.0638513 0.0324048
4.5 0.0645156 0.0330704
4.6 0.0652033 0.0337612
4.7 0.0659168 0.0344779
4.8 0.0666583 0.0352206
4.9 0.0674301 0.0359898
5 0.0682348 0.0367858
5.1 0.069075 0.037609
5.2 0.0699533 0.0384596
5.3 0.0708726 0.0393379
5.4 0.0718357 0.0402443
5.5 0.0728455 0.0411788
5.6 0.0739049 0.0421419
5.7 0.0750169 0.0431335
5.8 0.0761845 0.044154
5.9 0.0774106 0.0452034
6 0.0786984 0.0462819
6.1 0.0800507 0.0473896
6.2 0.0814704 0.0485266
6.3 0.0829605 0.0496929
6.4 0.0845237 0.0508885
6.5 0.0861628 0.0521135
6.6 0.0878804 0.0533679
6.7 0.0896791 0.0546516
6.8 0.0915611 0.0559646
6.9 0.0935288 0.0573067
7 0.0955842 0.058678
7.1 0.0977292 0.0600782
7.2 0.0999657 0.0615072
7.3 0.102295 0.0629648
7.4 0.104719 0.064451
7.5 0.107238 0.0659654
7.6 0.109853 0.0675078
7.7 0.112565 0.0690781
7.8 0.115374 0.0706758
7.9 0.118281 0.0723009
8 0.121285 0.0739528
8.1 0.124386 0.0756314
8.2 0.127582 0.0773363
8.3 0.130874 0.0790671
8.4 0.13426 0.0808235
8.5 0.137738 0.082605
8.6 0.141306 0.0844113
8.7 0.144962 0.0862419
8.8 0.148704 0.0880963
8.9 0.152529 0.0899742
9 0.156434 0.0918749
9.1 0.160416 0.0937981
9.2 0.164471 0.0957432
9.3 0.168594 0.0977096
9.4 0.172783 0.0996967
9.5 0.177032 0.101704
9.6 0.181337 0.103731
9.7 0.185693 0.105777
9.8 0.190095 0.107841
9.9 0.194537 0.109923
10 0.199015 0.112021
10.1 0.203522 0.114136
10.2 0.208052 0.116266
10.3 0.212599 0.118411
10.4 0.217158 0.12057
10.5 0.221722 0.122742
10.6 0.226284 0.124925
10.7 0.230839 0.127121
10.8 0.235379 0.129326
10.9 0.239897 0.131541
11 0.244388 0.133764
11.1 0.248845 0.135995
11.2 0.253261 0.138232
11.3 0.257629 0.140474
11.4 0.261943 0.14272
11.5 0.266197 0.14497
11.6 0.270384 0.147221
11.7 0.274498 0.149473
11.8 0.278532 0.151725
11.9 0.282481 0.153974
12 0.286339 0.156221
12.1 0.2901 0.158463
12.2 0.293759 0.160699
12.3 0.29731 0.162928
12.4 0.300749 0.165149
12.5 0.30407 0.16736
12.6 0.307269 0.169559
12.7 0.310343 0.171746
12.8 0.313285 0.173918
12.9 0.316094 0.176074
13 0.318766 0.178213
13.1 0.321297 0.180333
13.2 0.323684 0.182432
13.3 0.325926 0.18451
13.4 0.328019 0.186564
13.5 0.329963 0.188593
13.6 0.331755 0.190595
13.7 0.333394 0.192569
13.8 0.334879 0.194513
13.9 0.336211 0.196427
14 0.337387 0.198307
14.1 0.33841 0.200153
14.2 0.339278 0.201963
14.3 0.339993 0.203736
14.4 0.340555 0.20547
14.5 0.340967 0.207165
14.6 0.341229 0.208818
14.7 0.341343 0.210428
14.8 0.341312 0.211994
14.9 0.341138 0.213515
15 0.340823 0.21499
15.1 0.340372 0.216417
15.2 0.339785 0.217796
15.3 0.339068 0.219125
15.4 0.338224 0.220403
15.5 0.337256 0.22163
15.6 0.336168 0.222805
15.7 0.334964 0.223927
15.8 0.333649 0.224995
15.9 0.332227 0.226009
16 0.330703 0.226968
16.1 0.329081 0.227872
16.2 0.327365 0.228721
16.3 0.325561 0.229514
16.4 0.323673 0.23025
16.5 0.321707 0.230931
16.6 0.319666 0.231555
16.7 0.317556 0.232124
16.8 0.315383 0.232636
16.9 0.31315 0.233093
17 0.310863 0.233495
17.1 0.308526 0.233842
17.2 0.306145 0.234134
17.3 0.303723 0.234372
17.4 0.301266 0.234557
17.5 0.298779 0.23469
17.6 0.296265 0.234771
17.7 0.29373 0.234802
17.8 0.291177 0.234782
17.9 0.288611 0.234714
18 0.286035 0.234598
18.1 0.283454 0.234436
18.2 0.280871 0.234228
18.3 0.278291 0.233977
18.4 0.275715 0.233682
18.5 0.273149 0.233347
18.6 0.270594 0.232972
18.7 0.268055 0.232558
18.8 0.265533 0.232108
18.9 0.263032 0.231622
19 0.260554 0.231103
19.1 0.258102 0.230551
19.2 0.255677 0.229969
19.3 0.253282 0.229359
19.4 0.250918 0.228721
19.5 0.248587 0.228058
19.6 0.246292 0.227372
19.7 0.244032 0.226663
19.8 0.24181 0.225934
19.9 0.239626 0.225186
20 0.237482 0.224421
20.1 0.235378 0.223641
20.2 0.233315 0.222847
20.3 0.231293 0.222042
20.4 0.229313 0.221225
20.5 0.227375 0.2204
20.6 0.225479 0.219567
20.7 0.223625 0.218729
20.8 0.221813 0.217886
20.9 0.220042 0.21704
21 0.218313 0.216192
21.1 0.216625 0.215344
21.2 0.214978 0.214497
21.3 0.21337 0.213652
21.4 0.211802 0.21281
21.5 0.210272 0.211973
21.6 0.20878 0.211141
21.7 0.207324 0.210316
21.8 0.205904 0.209498
21.9 0.204519 0.208688
22 0.203167 0.207888
22.1 0.201849 0.207098
22.2 0.200561 0.206318
22.3 0.199304 0.20555
22.4 0.198076 0.204793
22.5 0.196876 0.204049
22.6 0.195703 0.203318
22.7 0.194555 0.2026
22.8 0.193432 0.201897
22.9 0.192331 0.201207
23 0.191252 0.200531
23.1 0.190193 0.19987
23.2 0.189153 0.199224
23.3 0.188132 0.198592
23.4 0.187127 0.197975
23.5 0.186137 0.197373
23.6 0.185162 0.196786
23.7 0.1842 0.196214
23.8 0.183251 0.195657
23.9 0.182312 0.195114
24 0.181383 0.194585
24.1 0.180463 0.194071
24.2 0.179551 0.193571
24.3 0.178646 0.193084
24.4 0.177747 0.192611
24.5 0.176853 0.192151
24.6 0.175964 0.191703
24.7 0.175079 0.191268
24.8 0.174197 0.190846
24.9 0.173317 0.190435
25 0.172439 0.190036
25.1 0.171563 0.189647
25.2 0.170688 0.18927
25.3 0.169813 0.188903
25.4 0.168938 0.188546
25.5 0.168064 0.188198
25.6 0.167189 0.18786
25.7 0.166314 0.187531
25.8 0.165439 0.18721
25.9 0.164563 0.186898
26 0.163686 0.186594
26.1 0.16281 0.186298
26.2 0.161933 0.186009
26.3 0.161056 0.185728
26.4 0.160179 0.185454
26.5 0.159304 0.185187
26.6 0.158429 0.184926
26.7 0.157555 0.184672
26.8 0.156683 0.184425
26.9 0.155814 0.184184
27 0.154948 0.18395
27.1 0.154085 0.183722
27.2 0.153227 0.1835
27.3 0.152373 0.183285
27.4 0.151525 0.183077
27.5 0.150683 0.182875
27.6 0.149848 0.18268
27.7 0.149021 0.182491
27.8 0.148203 0.18231
27.9 0.147394 0.182136
28 0.146596 0.18197
28.1 0.145808 0.181811
28.2 0.145032 0.18166
28.3 0.144269 0.181518
28.4 0.14352 0.181384
28.5 0.142784 0.181259
28.6 0.142064 0.181143
28.7 0.14136 0.181037
28.8 0.140672 0.180941
28.9 0.140001 0.180855
29 0.139348 0.18078
29.1 0.138714 0.180716
29.2 0.138099 0.180663
29.3 0.137503 0.180622
29.4 0.136928 0.180593
29.5 0.136373 0.180577
29.6 0.13584 0.180573
29.7 0.135328 0.180583
29.8 0.134837 0.180606
29.9 0.134368 0.180642
30 0.133922 0.180693
30.1 0.133497 0.180758
30.2 0.133095 0.180837
30.3 0.132715 0.180931
30.4 0.132357 0.18104
30.5 0.132021 0.181163
30.6 0.131706 0.181302
30.7 0.131413 0.181456
30.8 0.131141 0.181624
30.9 0.130889 0.181808
31 0.130658 0.182007
31.1 0.130445 0.18222
31.2 0.130252 0.182448
31.3 0.130077 0.182691
31.4 0.129919 0.182948
31.5 0.129777 0.183218
31.6 0.129652 0.183503
31.7 0.129541 0.1838
31.8 0.129444 0.18411
31.9 0.12936 0.184433
32 0.129287 0.184767
32.1 0.129225 0.185112
32.2 0.129173 0.185468
32.3 0.129129 0.185834
32.4 0.129093 0.186209
32.5 0.129063 0.186593
32.6 0.129037 0.186984
32.7 0.129016 0.187383
32.8 0.128997 0.187787
32.9 0.128979 0.188197
33 0.128962 0.188611
33.1 0.128943 0.189029
33.2 0.128923 0.18945
33.3 0.128899 0.189872
33.4 0.12887 0.190295
33.5 0.128837 0.190718
33.6 0.128796 0.19114
33.7 0.128748 0.19156
33.8 0.128692 0.191977
33.9 0.128626 0.19239
34 0.12855 0.192798
34.1 0.128463 0.193201
34.2 0.128364 0.193597
34.3 0.128253 0.193986
34.4 0.128128 0.194366
34.5 0.12799 0.194738
34.6 0.127837 0.195099
34.7 0.12767 0.195451
34.8 0.127488 0.195791
34.9 0.12729 0.196119
35 0.127077 0.196435
35.1 0.126848 0.196738
35.2 0.126604 0.197027
35.3 0.126343 0.197303
35.4 0.126067 0.197564
35.5 0.125776 0.197811
35.6 0.125469 0.198042
35.7 0.125147 0.198259
35.8 0.124811 0.19846
35.9 0.12446 0.198646
36 0.124095 0.198817
36.1 0.123717 0.198972
36.2 0.123326 0.199112
36.3 0.122923 0.199236
36.4 0.122508 0.199346
36.5 0.122083 0.199441
36.6 0.121647 0.199521
36.7 0.121203 0.199587
36.8 0.12075 0.19964
36.9 0.120289 0.199679
37 0.119822 0.199706
37.1 0.119349 0.19972
37.2 0.118871 0.199722
37.3 0.118389 0.199714
37.4 0.117905 0.199695
37.5 0.117418 0.199666
37.6 0.11693 0.199628
37.7 0.116442 0.199582
37.8 0.115955 0.199528
37.9 0.115469 0.199468
38 0.114986 0.199401
38.1 0.114507 0.199329
38.2 0.114031 0.199252
38.3 0.113561 0.199171
38.4 0.113097 0.199087
38.5 0.112639 0.199001
38.6 0.112189 0.198913
38.7 0.111747 0.198825
38.8 0.111314 0.198735
38.9 0.110889 0.198647
39 0.110475 0.198559
39.1 0.110072 0.198473
39.2 0.109679 0.198389
39.3 0.109297 0.198308
39.4 0.108927 0.19823
39.5 0.108569 0.198156
39.6 0.108224 0.198086
39.7 0.107891 0.19802
39.8 0.10757 0.197959
39.9 0.107262 0.197903
40 0.106967 0.197852
40.1 0.106685 0.197807
40.2 0.106416 0.197767
40.3 0.10616 0.197733
40.4 0.105916 0.197704
40.5 0.105684 0.197681
40.6 0.105465 0.197664
40.7 0.105259 0.197652
40.8 0.105063 0.197645
40.9 0.10488 0.197644
41 0.104707 0.197648
41.1 0.104545 0.197656
41.2 0.104394 0.197668
41.3 0.104253 0.197685
41.4 0.104121 0.197705
41.5 0.103998 0.197729
41.6 0.103883 0.197755
41.7 0.103777 0.197784
41.8 0.103678 0.197815
41.9 0.103586 0.197847
42 0.1035 0.19788
42.1 0.10342 0.197914
42.2 0.103345 0.197948
42.3 0.103276 0.197981
42.4 0.10321 0.198013
42.5 0.103148 0.198043
42.6 0.103089 0.198072
42.7 0.103032 0.198098
42.8 0.102977 0.198121
42.9 0.102924 0.19814
43 0.102872 0.198156
43.1 0.102819 0.198167
43.2 0.102767 0.198173
43.3 0.102714 0.198174
43.4 0.10266 0.198169
43.5 0.102605 0.198158
43.6 0.102547 0.198141
43.7 0.102487 0.198117
43.8 0.102424 0.198086
43.9 0.102358 0.198048
44 0.102288 0.198003
44.1 0.102214 0.19795
44.2 0.102136 0.197888
44.3 0.102053 0.197819
44.4 0.101965 0.197742
44.5 0.101872 0.197656
44.6 0.101773 0.197562
44.7 0.101669 0.19746
44.8 0.101558 0.197349
44.9 0.101442 0.197229
45 0.101319 0.197101
45.1 0.101189 0.196964
45.2 0.101052 0.196818
45.3 0.100909 0.196664
45.4 0.100759 0.196501
45.5 0.100601 0.19633
45.6 0.100437 0.19615
45.7 0.100265 0.195961
45.8 0.100085 0.195763
45.9 0.0998983 0.195558
46 0.0997039 0.195343
46.1 0.099502 0.19512
46.2 0.0992925 0.194888
46.3 0.0990755 0.194648
46.4 0.0988509 0.194399
46.5 0.0986187 0.194141
46.6 0.0983791 0.193875
46.7 0.0981319 0.193599
46.8 0.0978774 0.193314
46.9 0.0976155 0.193021
47 0.0973463 0.192717
47.1 0.0970699 0.192404
47.2 0.0967865 0.192082
47.3 0.096496 0.191749
47.4 0.0961986 0.191406
47.5 0.0958945 0.191052
47.6 0.0955838 0.190687
47.7 0.0952667 0.190311
47.8 0.0949432 0.189923
47.9 0.0946136 0.189523
48 0.0942781 0.189111
48.1 0.0939368 0.188685
48.2 0.09359 0.188247
48.3 0.0932378 0.187794
48.4 0.0928806 0.187327
48.5 0.0925184 0.186845
48.6 0.0921517 0.186347
48.7 0.0917806 0.185834
48.8 0.0914054 0.185304
48.9 0.0910264 0.184757
49 0.0906438 0.184193
49.1 0.0902581 0.183611
49.2 0.0898693 0.18301
49.3 0.089478 0.18239
49.4 0.0890843 0.181751
49.5 0.0886887 0.181091
49.6 0.0882914 0.180411
49.7 0.0878929 0.179711
49.8 0.0874933 0.178988
49.9 0.0870932 0.178245
50 0.0866927 0.177479
50.1 0.0862924 0.176691
50.2 0.0858925 0.17588
50.3 0.0854934 0.175046
50.4 0.0850955 0.174189
50.5 0.084699 0.173309
50.6 0.0843044 0.172406
50.7 0.0839121 0.171479
50.8 0.0835223 0.170529
50.9 0.0831354 0.169555
51 0.0827517 0.168559
51.1 0.0823716 0.167539
51.2 0.0819954 0.166496
51.3 0.0816234 0.16543
51.4 0.0812559 0.164343
51.5 0.0808932 0.163233
51.6 0.0805356 0.162101
51.7 0.0801833 0.160949
51.8 0.0798367 0.159776
51.9 0.079496 0.158584
52 0.0791613 0.157372
52.1 0.078833 0.156141
52.2 0.0785113 0.154893
52.3 0.0781963 0.153628
52.4 0.0778882 0.152346
52.5 0.0775872 0.15105
52.6 0.0772935 0.149739
52.7 0.0770072 0.148415
52.8 0.0767284 0.147079
52.9 0.0764572 0.145731
53 0.0761939 0.144374
53.1 0.0759383 0.143008
53.2 0.0756907 0.141634
53.3 0.0754511 0.140253
53.4 0.0752196 0.138868
53.5 0.0749963 0.137478
53.6 0.0747811 0.136085
53.7 0.0745741 0.134691
53.8 0.0743754 0.133297
53.9 0.074185 0.131903
54 0.0740029 0.130512
54.1 0.0738292 0.129125
54.2 0.0736639 0.127742
54.3 0.0735069 0.126366
54.4 0.0733585 0.124997
54.5 0.0732185 0.123636
54.6 0.073087 0.122286
54.7 0.0729641 0.120947
54.8 0.0728499 0.11962
54.9 0.0727443 0.118307
55 0.0726475 0.117009
55.1 0.0725595 0.115726
55.2 0.0724804 0.11446
55.3 0.0724104 0.113212
55.4 0.0723495 0.111984
55.5 0.0722978 0.110775
55.6 0.0722556 0.109587
55.7 0.072223 0.108421
55.8 0.0722001 0.107277
55.9 0.0721871 0.106157
56 0.0721842 0.105061
56.1 0.0721917 0.103991
56.2 0.0722097 0.102945
56.3 0.0722384 0.101926
56.4 0.0722782 0.100934
56.5 0.0723293 0.099969
56.6 0.072392 0.0990317
56.7 0.0724665 0.0981226
56.8 0.0725531 0.0972419
56.9 0.072652 0.09639
57 0.0727637 0.0955671
57.1 0.0728884 0.0947734
57.2 0.0730263 0.094009
57.3 0.0731779 0.093274
57.4 0.0733432 0.0925685
57.5 0.0735227 0.0918924
57.6 0.0737167 0.0912456
57.7 0.0739252 0.090628
57.8 0.0741487 0.0900394
57.9 0.0743874 0.0894796
58 0.0746414 0.0889484
58.1 0.0749109 0.0884452
58.2 0.0751961 0.0879699
58.3 0.0754972 0.087522
58.4 0.0758142 0.0871009
58.5 0.0761472 0.0867062
58.6 0.0764962 0.0863374
58.7 0.0768613 0.0859938
58.8 0.0772424 0.0856748
58.9 0.0776394 0.0853797
59 0.0780522 0.0851079
59.1 0.0784806 0.0848585
59.2 0.0789243 0.0846307
59.3 0.0793832 0.0844239
59.4 0.0798569 0.084237
59.5 0.080345 0.0840693
59.6 0.0808471 0.0839199
59.7 0.0813627 0.0837877
59.8 0.0818912 0.083672
59.9 0.0824321 0.0835716
60 0.0829847 0.0834857
60.1 0.0835483 0.0834132
60.2 0.0841222 0.083353
60.3 0.0847055 0.0833043
60.4 0.0852974 0.0832658
60.5 0.0858969 0.0832367
60.6 0.0865032 0.0832157
60.7 0.0871151 0.083202
60.8 0.0877316 0.0831943
60.9 0.0883517 0.0831917
61 0.0889741 0.083193
61.1 0.0895978 0.0831974
61.2 0.0902214 0.0832036
61.3 0.0908438 0.0832107
61.4 0.0914637 0.0832177
61.5 0.0920798 0.0832236
61.6 0.0926907 0.0832274
61.7 0.0932952 0.0832282
61.8 0.0938919 0.0832249
61.9 0.0944795 0.0832168
62 0.0950566 0.083203
62.1 0.0956219 0.0831825
62.2 0.0961741 0.0831546
62.3 0.0967118 0.0831185
62.4 0.0972338 0.0830735
62.5 0.0977387 0.0830189
62.6 0.0982253 0.082954
62.7 0.0986924 0.0828781
62.8 0.0991387 0.0827909
62.9 0.0995633 0.0826916
63 0.0999649 0.0825799
63.1 0.100343 0.0824552
63.2 0.100695 0.0823174
63.3 0.101022 0.082166
63.4 0.101322 0.0820007
63.5 0.101594 0.0818214
63.6 0.101838 0.0816279
63.7 0.102053 0.0814201
63.8 0.102239 0.081198
63.9 0.102394 0.0809616
64 0.102518 0.0807109
64.1 0.102612 0.0804461
64.2 0.102675 0.0801674
64.3 0.102706 0.079875
64.4 0.102706 0.0795692
64.5 0.102674 0.0792503
64.6 0.102611 0.0789188
64.7 0.102516 0.0785751
64.8 0.10239 0.0782198
64.9 0.102234 0.0778533
65 0.102047 0.0774763
65.1 0.10183 0.0770894
65.2 0.101583 0.0766933
65.3 0.101308 0.0762887
65.4 0.101005 0.0758764
65.5 0.100675 0.0754572
65.6 0.100318 0.0750319
65.7 0.0999355 0.0746014
65.8 0.0995285 0.0741666
65.9 0.0990978 0.0737284
66 0.0986447 0.0732877
66.1 0.0981701 0.0728454
66.2 0.0976752 0.0724026
66.3 0.0971613 0.0719602
66.4 0.0966295 0.0715191
66.5 0.0960812 0.0710804
66.6 0.0955175 0.070645
66.7 0.0949399 0.0702139
66.8 0.0943495 0.0697881
66.9 0.0937478 0.0693685
67 0.093136 0.0689561
67.1 0.0925155 0.0685518
67.2 0.0918877 0.0681564
67.3 0.0912537 0.0677709
67.4 0.090615 0.0673961
67.5 0.0899727 0.0670328
67.6 0.0893281 0.0666818
67.7 0.0886826 0.0663439
67.8 0.0880371 0.0660197
67.9 0.087393 0.0657099
68 0.0867513 0.0654151
68.1 0.086113 0.0651359
68.2 0.0854793 0.0648728
68.3 0.084851 0.0646263
68.4 0.0842292 0.0643968
68.5 0.0836146 0.0641846
68.6 0.0830081 0.0639901
68.7 0.0824105 0.0638134
68.8 0.0818224 0.0636549
68.9 0.0812445 0.0635146
69 0.0806773 0.0633926
69.1 0.0801215 0.063289
69.2 0.0795774 0.0632036
69.3 0.0790454 0.0631365
69.4 0.0785259 0.0630874
69.5 0.0780191 0.0630561
69.6 0.0775253 0.0630424
69.7 0.0770446 0.0630459
69.8 0.0765771 0.0630664
69.9 0.0761229 0.0631033
70 0.0756819 0.0631562
70.1 0.0752541 0.0632246
70.2 0.0748394 0.0633079
70.3 0.0744377 0.0634056
70.4 0.0740487 0.0635169
70.5 0.0736721 0.0636412
70.6 0.0733079 0.0637779
70.7 0.0729555 0.063926
70.8 0.0726148 0.064085
70.9 0.0722852 0.0642539
71 0.0719665 0.064432
71.1 0.0716582 0.0646185
71.2 0.0713599 0.0648123
71.3 0.0710712 0.0650128
71.4 0.0707915 0.065219
71.5 0.0705204 0.0654301
71.6 0.0702574 0.0656451
71.7 0.0700021 0.0658631
71.8 0.069754 0.0660834
71.9 0.0695126 0.066305
72 0.0692774 0.066527
72.1 0.069048 0.0667487
72.2 0.0688239 0.0669692
72.3 0.0686048 0.0671876
72.4 0.0683901 0.0674032
72.5 0.0681796 0.0676153
72.6 0.0679727 0.067823
72.7 0.0677692 0.0680257
72.8 0.0675688 0.0682227
72.9 0.067371 0.0684134
73 0.0671757 0.0685972
73.1 0.0669826 0.0687734
73.2 0.0667914 0.0689417
73.3 0.0666019 0.0691014
73.4 0.0664141 0.0692522
73.5 0.0662277 0.0693936
73.6 0.0660426 0.0695254
73.7 0.0658588 0.0696471
73.8 0.0656761 0.0697586
73.9 0.0654947 0.0698595
74 0.0653144 0.0699499
74.1 0.0651353 0.0700294
74.2 0.0649574 0.0700982
74.3 0.0647809 0.070156
74.4 0.0646059 0.070203
74.5 0.0644324 0.0702391
74.6 0.0642607 0.0702646
74.7 0.0640909 0.0702795
74.8 0.0639231 0.0702841
74.9 0.0637577 0.0702785
75 0.0635948 0.070263
75.1 0.0634347 0.070238
75.2 0.0632776 0.0702037
75.3 0.0631238 0.0701606
75.4 0.0629735 0.0701091
75.5 0.0628272 0.0700495
75.6 0.0626849 0.0699824
75.7 0.0625471 0.0699082
75.8 0.062414 0.0698275
75.9 0.0622859 0.0697408
76 0.0621631 0.0696486
76.1 0.0620459 0.0695515
76.2 0.0619345 0.0694502
76.3 0.0618294 0.0693451
76.4 0.0617306 0.069237
76.5 0.0616386 0.0691264
76.6 0.0615535 0.069014
76.7 0.0614755 0.0689003
76.8 0.061405 0.068786
76.9 0.0613421 0.0686717
77 0.0612869 0.0685581
77.1 0.0612398 0.0684457
77.2 0.0612008 0.0683352
77.3 0.0611701 0.0682271
77.4 0.0611477 0.068122
77.5 0.0611339 0.0680206
77.6 0.0611286 0.0679232
77.7 0.0611319 0.0678305
77.8 0.0611439 0.067743
77.9 0.0611645 0.0676611
78 0.0611937 0.0675854
78.1 0.0612315 0.0675162
78.2 0.0612778 0.067454
78.3 0.0613324 0.0673992
78.4 0.0613954 0.067352
78.5 0.0614664 0.0673129
78.6 0.0615454 0.0672822
78.7 0.0616322 0.06726
78.8 0.0617264 0.0672466
78.9 0.0618278 0.0672423
79 0.0619363 0.0672472
79.1 0.0620513 0.0672613
79.2 0.0621726 0.0672849
79.3 0.0622999 0.0673179
79.4 0.0624327 0.0673604
79.5 0.0625707 0.0674124
79.6 0.0627133 0.0674738
79.7 0.0628601 0.0675445
79.8 0.0630107 0.0676244
79.9 0.0631645 0.0677134
80 0.063321 0.0678112
80.1 0.0634797 0.0679177
80.2 0.0636399 0.0680325
80.3 0.063801 0.0681555
80.4 0.0639626 0.0682862
80.5 0.0641238 0.0684243
80.6 0.0642842 0.0685693
80.7 0.064443 0.068721
80.8 0.0645996 0.0688789
80.9 0.0647533 0.0690423
81 0.0649033 0.069211
81.1 0.0650491 0.0693842
81.2 0.0651898 0.0695616
81.3 0.0653249 0.0697424
81.4 0.0654535 0.0699261
81.5 0.065575 0.0701121
81.6 0.0656886 0.0702997
81.7 0.0657936 0.0704882
81.8 0.0658894 0.0706771
81.9 0.0659751 0.0708656
82 0.0660502 0.0710529
82.1 0.0661139 0.0712385
82.2 0.0661656 0.0714215
82.3 0.0662046 0.0716013
82.4 0.0662303 0.0717771
82.5 0.066242 0.0719482
82.6 0.0662391 0.0721138
82.7 0.0662212 0.0722731
82.8 0.0661876 0.0724256
82.9 0.0661377 0.0725704
83 0.0660712 0.0727068
83.1 0.0659876 0.072834
83.2 0.0658863 0.0729515
83.3 0.0657671 0.0730585
83.4 0.0656296 0.0731543
83.5 0.0654734 0.0732382
83.6 0.0652984 0.0733097
83.7 0.0651041 0.0733681
83.8 0.0648906 0.0734128
83.9 0.0646576 0.0734433
84 0.064405 0.073459
84.1 0.0641328 0.0734594
84.2 0.063841 0.073444
84.3 0.0635296 0.0734123
84.4 0.0631987 0.0733641
84.5 0.0628485 0.0732988
84.6 0.0624792 0.0732161
84.7 0.062091 0.0731158
84.8 0.0616843 0.0729977
84.9 0.0612593 0.0728614
85 0.0608166 0.0727068
85.1 0.0603564 0.0725338
85.2 0.0598794 0.0723423
85.3 0.0593861 0.0721323
85.4 0.058877 0.0719038
85.5 0.0583528 0.0716569
85.6 0.0578142 0.0713917
85.7 0.0572619 0.0711083
85.8 0.0566967 0.0708071
85.9 0.0561193 0.0704881
86 0.0555305 0.0701518
86.1 0.0549314 0.0697985
86.2 0.0543226 0.0694287
86.3 0.0537053 0.0690428
86.4 0.0530802 0.0686412
86.5 0.0524484 0.0682247
86.6 0.0518108 0.0677937
86.7 0.0511685 0.0673489
86.8 0.0505224 0.0668911
86.9 0.0498736 0.0664209
87 0.049223 0.0659391
87.1 0.0485718 0.0654466
87.2 0.0479208 0.0649442
87.3 0.0472713 0.0644327
87.4 0.046624 0.0639131
87.5 0.0459801 0.0633863
87.6 0.0453405 0.0628533
87.7 0.0447061 0.0623151
87.8 0.044078 0.0617727
87.9 0.0434569 0.0612271
88 0.0428439 0.0606793
88.1 0.0422396 0.0601305
88.2 0.041645 0.0595817
88.3 0.0410609 0.0590339
88.4 0.0404879 0.0584883
88.5 0.0399267 0.0579458
88.6 0.039378 0.0574076
88.7 0.0388424 0.0568747
88.8 0.0383205 0.0563481
88.9 0.0378128 0.0558289
89 0.0373197 0.055318
89.1 0.0368415 0.0548165
89.2 0.0363788 0.0543253
89.3 0.0359317 0.0538454
89.4 0.0355006 0.0533775
89.5 0.0350855 0.0529227
89.6 0.0346866 0.0524816
89.7 0.0343041 0.0520552
89.8 0.0339379 0.051644
89.9 0.033588 0.0512489
90 0.0332543 0.0508704
90.1 0.0329367 0.0505091
90.2 0.0326351 0.0501656
90.3 0.0323491 0.0498403
90.4 0.0320786 0.0495337
90.5 0.0318232 0.0492462
90.6 0.0315825 0.048978
90.7 0.0313561 0.0487294
90.8 0.0311437 0.0485006
90.9 0.0309448 0.0482917
91 0.0307587 0.0481028
91.1 0.0305851 0.0479338
91.2 0.0304234 0.0477848
91.3 0.0302729 0.0476556
91.4 0.0301331 0.047546
91.5 0.0300034 0.0474558
91.6 0.0298832 0.0473847
91.7 0.0297717 0.0473323
91.8 0.0296684 0.0472983
91.9 0.0295727 0.0472821
92 0.0294838 0.0472834
92.1 0.0294011 0.0473014
92.2 0.029324 0.0473357
92.3 0.0292518 0.0473856
92.4 0.029184 0.0474503
92.5 0.0291199 0.0475292
92.6 0.0290589 0.0476215
92.7 0.0290004 0.0477264
92.8 0.028944 0.0478431
92.9 0.0288891 0.0479707
93 0.0288351 0.0481085
93.1 0.0287817 0.0482554
93.2 0.0287283 0.0484107
93.3 0.0286747 0.0485734
93.4 0.0286203 0.0487425
93.5 0.0285648 0.0489173
93.6 0.028508 0.0490967
93.7 0.0284496 0.0492799
93.8 0.0283893 0.049466
93.9 0.0283269 0.049654
94 0.0282623 0.0498431
94.1 0.0281954 0.0500325
94.2 0.028126 0.0502213
94.3 0.0280542 0.0504087
94.4 0.0279799 0.050594
94.5 0.0279031 0.0507763
94.6 0.0278239 0.050955
94.7 0.0277424 0.0511294
94.8 0.0276587 0.0512988
94.9 0.027573 0.0514627
95 0.0274853 0.0516204
95.1 0.0273961 0.0517715
95.2 0.0273054 0.0519156
95.3 0.0272136 0.0520521
95.4 0.027121 0.0521807
95.5 0.0270277 0.0523011
95.6 0.0269343 0.052413
95.7 0.0268409 0.0525162
95.8 0.026748 0.0526104
95.9 0.026656 0.0526957
96 0.0265651 0.0527719
96.1 0.0264758 0.052839
96.2 0.0263884 0.052897
96.3 0.0263034 0.0529459
96.4 0.0262211 0.052986
96.5 0.0261419 0.0530173
96.6 0.0260662 0.0530401
96.7 0.0259944 0.0530546
96.8 0.0259268 0.0530612
96.9 0.0258638 0.0530601
97 0.0258058 0.0530517
97.1 0.0257529 0.0530365
97.2 0.0257057 0.0530148
97.3 0.0256643 0.0529871
97.4 0.025629 0.052954
97.5 0.0256001 0.0529159
97.6 0.0255779 0.0528734
97.7 0.0255624 0.052827
97.8 0.025554 0.0527774
97.9 0.0255527 0.0527251
98 0.0255588 0.0526707
98.1 0.0255722 0.0526149
98.2 0.0255932 0.0525582
98.3 0.0256216 0.0525013
98.4 0.0256577 0.0524447
98.5 0.0257013 0.0523892
98.6 0.0257524 0.0523354
98.7 0.025811 0.0522837
98.8 0.025877 0.052235
98.9 0.0259503 0.0521896
99 0.0260307 0.0521482
99.1 0.0261181 0.0521114
99.2 0.0262123 0.0520797
99.3 0.0263131 0.0520536
99.4 0.0264202 0.0520335
99.5 0.0265334 0.05202
99.6 0.0266524 0.0520135
99.7 0.026777 0.0520144
99.8 0.0269067 0.0520231
99.9 0.0270413 0.0520399
100 0.0271804 0.0520652
100.1 0.0273237 0.0520993
100.2 0.0274707 0.0521423
100.3 0.0276212 0.0521946
100.4 0.0277746 0.0522563
100.5 0.0279306 0.0523276
100.6 0.0280888 0.0524085
100.7 0.0282488 0.0524992
100.8 0.0284101 0.0525998
100.9 0.0285724 0.0527101
101 0.0287351 0.0528303
101.1 0.0288979 0.0529602
101.2 0.0290604 0.0530998
101.3 0.0292221 0.0532488
101.4 0.0293826 0.0534073
101.5 0.0295416 0.0535749
101.6 0.0296986 0.0537515
101.7 0.0298532 0.0539367
101.8 0.0300051 0.0541304
101.9 0.030154 0.0543322
102 0.0302993 0.0545417
102.1 0.0304409 0.0547586
102.2 0.0305784 0.0549825
102.3 0.0307115 0.055213
102.4 0.0308398 0.0554497
102.5 0.0309632 0.0556919
102.6 0.0310813 0.0559394
102.7 0.031194 0.0561916
102.8 0.031301 0.0564479
102.9 0.031402 0.0567079
103 0.031497 0.0569709
103.1 0.0315858 0.0572365
103.2 0.0316682 0.0575039
103.3 0.031744 0.0577728
103.4 0.0318133 0.0580423
103.5 0.0318759 0.0583121
103.6 0.0319317 0.0585813
103.7 0.0319807 0.0588495
103.8 0.0320229 0.0591159
103.9 0.0320583 0.0593801
104 0.0320868 0.0596412
104.1 0.0321086 0.0598988
104.2 0.0321237 0.0601523
104.3 0.032132 0.0604009
104.4 0.0321338 0.060644
104.5 0.0321291 0.0608812
104.6 0.032118 0.0611117
104.7 0.0321006 0.061335
104.8 0.0320771 0.0615505
104.9 0.0320477 0.0617577
105 0.0320124 0.061956
105.1 0.0319715 0.0621447
105.2 0.0319251 0.0623236
105.3 0.0318734 0.0624919
105.4 0.0318167 0.0626492
105.5 0.0317551 0.0627951
105.6 0.0316888 0.0629291
105.7 0.031618 0.0630508
105.8 0.031543 0.0631597
105.9 0.031464 0.0632555
106 0.0313811 0.0633378
106.1 0.0312947 0.0634063
106.2 0.0312049 0.0634607
106.3 0.0311119 0.0635007
106.4 0.0310161 0.063526
106.5 0.0309175 0.0635365
106.6 0.0308164 0.0635319
106.7 0.0307129 0.0635121
106.8 0.0306074 0.063477
106.9 0.0305 0.0634264
107 0.0303909 0.0633602
107.1 0.0302802 0.0632786
107.2 0.0301682 0.0631815
107.3 0.030055 0.0630688
107.4 0.0299407 0.0629408
107.5 0.0298256 0.0627974
107.6 0.0297097 0.0626389
107.7 0.0295932 0.0624654
107.8 0.0294762 0.0622772
107.9 0.0293589 0.0620745
108 0.0292412 0.0618576
108.1 0.0291235 0.0616268
108.2 0.0290056 0.0613825
108.3 0.0288877 0.061125
108.4 0.0287699 0.0608548
108.5 0.0286522 0.0605724
108.6 0.0285346 0.0602782
108.7 0.0284173 0.0599728
108.8 0.0283002 0.0596567
108.9 0.0281835 0.0593306
109 0.028067 0.0589949
109.1 0.0279508 0.0586503
109.2 0.027835 0.0582976
109.3 0.0277195 0.0579374
109.4 0.0276044 0.0575704
109.5 0.0274896 0.0571973
109.6 0.0273751 0.0568189
109.7 0.027261 0.056436
109.8 0.0271473 0.0560493
109.9 0.0270338 0.0556597
110 0.0269207 0.0552679
110.1 0.026808 0.0548747
110.2 0.0266955 0.0544811
110.3 0.0265835 0.0540877
110.4 0.0264717 0.0536955
110.5 0.0263603 0.0533053
110.6 0.0262493 0.0529179
110.7 0.0261387 0.0525342
110.8 0.0260286 0.0521549
110.9 0.0259189 0.0517809
111 0.0258098 0.051413
111.1 0.0257012 0.051052
111.2 0.0255934 0.0506986
111.3 0.0254862 0.0503537
111.4 0.0253799 0.0500179
111.5 0.0252745 0.049692
111.6 0.0251702 0.0493767
111.7 0.025067 0.0490726
111.8 0.0249652 0.0487804
111.9 0.0248648 0.0485008
112 0.024766 0.0482342
112.1 0.0246691 0.0479813
112.2 0.0245741 0.0477425
112.3 0.0244813 0.0475184
112.4 0.0243908 0.0473094
112.5 0.024303 0.0471159
112.6 0.0242181 0.0469382
112.7 0.0241362 0.0467768
112.8 0.0240577 0.0466319
112.9 0.0239828 0.0465037
113 0.0239119 0.0463925
113.1 0.0238451 0.0462984
113.2 0.0237828 0.0462216
113.3 0.0237252 0.046162
113.4 0.0236728 0.0461198
113.5 0.0236258 0.046095
113.6 0.0235845 0.0460875
113.7 0.0235492 0.0460971
113.8 0.0235204 0.0461239
113.9 0.0234982 0.0461675
114 0.0234831 0.0462278
114.1 0.0234753 0.0463046
114.2 0.0234753 0.0463975
114.3 0.0234832 0.0465061
114.4 0.0234995 0.0466302
114.5 0.0235245 0.0467694
114.6 0.0235584 0.0469231
114.7 0.0236015 0.047091
114.8 0.0236543 0.0472725
114.9 0.0237168 0.047467
115 0.0237895 0.0476741
115.1 0.0238725 0.0478932
115.2 0.0239661 0.0481236
115.3 0.0240706 0.0483647
115.4 0.0241861 0.0486158
115.5 0.0243129 0.0488763
115.6 0.024451 0.0491456
115.7 0.0246008 0.0494228
115.8 0.0247622 0.0497073
115.9 0.0249355 0.0499984
116 0.0251207 0.0502953
116.1 0.0253179 0.0505973
116.2 0.0255271 0.0509036
116.3 0.0257484 0.0512136
116.4 0.0259817 0.0515263
116.5 0.026227 0.0518412
116.6 0.0264843 0.0521574
116.7 0.0267534 0.0524742
116.8 0.0270343 0.0527908
116.9 0.0273268 0.0531066
117 0.0276308 0.0534209
117.1 0.027946 0.0537328
117.2 0.0282722 0.0540418
117.3 0.0286092 0.0543471
117.4 0.0289567 0.0546481
117.5 0.0293143 0.0549441
117.6 0.0296818 0.0552345
117.7 0.0300587 0.0555186
117.8 0.0304447 0.055796
117.9 0.0308393 0.056066
118 0.0312421 0.0563281
118.1 0.0316526 0.0565818
118.2 0.0320703 0.0568265
118.3 0.0324946 0.0570618
118.4 0.0329251 0.0572873
118.5 0.0333612 0.0575024
118.6 0.0338021 0.0577069
118.7 0.0342474 0.0579003
118.8 0.0346963 0.0580824
118.9 0.0351483 0.0582527
119 0.0356026 0.0584111
119.1 0.0360585 0.0585572
119.2 0.0365153 0.0586908
119.3 0.0369723 0.0588118
119.4 0.0374287 0.0589199
119.5 0.0378837 0.0590149
119.6 0.0383367 0.0590969
119.7 0.0387868 0.0591656
119.8 0.0392333 0.059221
119.9 0.0396752 0.0592631
120 0.040112 0.0592918
120.1 0.0405426 0.0593071
120.2 0.0409665 0.0593092
120.3 0.0413826 0.0592979
120.4 0.0417903 0.0592735
120.5 0.0421887 0.059236
120.6 0.0425771 0.0591855
120.7 0.0429546 0.0591221
120.8 0.0433206 0.0590461
120.9 0.0436741 0.0589576
121 0.0440145 0.0588568
121.1 0.0443411 0.0587438
121.2 0.0446531 0.0586191
121.3 0.0449498 0.0584826
121.4 0.0452305 0.0583349
121.5 0.0454946 0.058176
121.6 0.0457414 0.0580062
121.7 0.0459704 0.057826
121.8 0.0461808 0.0576355
121.9 0.0463723 0.057435
122 0.0465442 0.057225
122.1 0.0466961 0.0570056
122.2 0.0468275 0.0567772
122.3 0.0469379 0.0565402
122.4 0.0470271 0.0562949
122.5 0.0470945 0.0560415
122.6 0.04714 0.0557805
122.7 0.0471633 0.0555122
122.8 0.0471641 0.0552369
122.9 0.0471422 0.0549548
123 0.0470975 0.0546665
123.1 0.04703 0.054372
123.2 0.0469394 0.0540719
123.3 0.046826 0.0537664
123.4 0.0466896 0.0534557
123.5 0.0465304 0.0531403
123.6 0.0463485 0.0528203
123.7 0.0461441 0.0524961
123.8 0.0459174 0.052168
123.9 0.0456687 0.0518361
124 0.0453983 0.0515008
124.1 0.0451067 0.0511623
124.2 0.0447941 0.0508208
124.3 0.0444611 0.0504766
124.4 0.0441083 0.0501299
124.5 0.0437361 0.0497808
124.6 0.0433451 0.0494296
124.7 0.042936 0.0490764
124.8 0.0425094 0.0487215
124.9 0.0420662 0.0483649
125 0.041607 0.0480069
125.1 0.0411326 0.0476475
125.2 0.0406438 0.047287
125.3 0.0401416 0.0469254
125.4 0.0396268 0.0465628
125.5 0.0391002 0.0461994
125.6 0.0385629 0.0458352
125.7 0.0380159 0.0454703
125.8 0.03746 0.0451049
125.9 0.0368962 0.044739
126 0.0363257 0.0443727
126.1 0.0357494 0.0440061
126.2 0.0351683 0.0436392
126.3 0.0345835 0.043272
126.4 0.033996 0.0429047
126.5 0.0334068 0.0425374
126.6 0.0328171 0.04217
126.7 0.0322277 0.0418027
126.8 0.0316397 0.0414354
126.9 0.0310542 0.0410683
127 0.0304721 0.0407015
127.1 0.0298943 0.040335
127.2 0.0293219 0.0399688
127.3 0.0287556 0.0396031
127.4 0.0281966 0.039238
127.5 0.0276454 0.0388734
127.6 0.0271032 0.0385096
127.7 0.0265705 0.0381466
127.8 0.0260481 0.0377846
127.9 0.0255368 0.0374236
128 0.0250373 0.0370637
128.1 0.0245501 0.0367052
128.2 0.0240758 0.0363481
128.3 0.023615 0.0359925
128.4 0.0231681 0.0356387
128.5 0.0227356 0.0352867
128.6 0.0223178 0.0349368
128.7 0.0219151 0.0345891
128.8 0.0215277 0.0342437
128.9 0.0211558 0.033901
129 0.0207996 0.0335609
129.1 0.0204593 0.0332239
129.2 0.0201347 0.0328899
129.3 0.019826 0.0325593
129.4 0.0195331 0.0322322
129.5 0.0192558 0.0319088
129.6 0.0189941 0.0315893
129.7 0.0187476 0.031274
129.8 0.0185161 0.030963
129.9 0.0182992 0.0306564
130 0.0180968 0.0303546
130.1 0.0179082 0.0300576
130.2 0.0177331 0.0297657
130.3 0.017571 0.0294791
130.4 0.0174213 0.0291978
130.5 0.0172835 0.028922
130.6 0.0171569 0.0286519
130.7 0.0170411 0.0283876
130.8 0.0169352 0.0281293
130.9 0.0168386 0.0278769
131 0.0167506 0.0276306
131.1 0.0166706 0.0273905
131.2 0.0165976 0.0271566
131.3 0.0165311 0.0269289
131.4 0.0164703 0.0267075
131.5 0.0164143 0.0264923
131.6 0.0163625 0.0262833
131.7 0.016314 0.0260805
131.8 0.0162681 0.0258837
131.9 0.0162241 0.025693
132 0.0161812 0.0255081
132.1 0.0161387 0.025329
132.2 0.0160959 0.0251554
132.3 0.016052 0.0249872
132.4 0.0160065 0.0248243
132.5 0.0159586 0.0246662
132.6 0.0159078 0.0245129
132.7 0.0158534 0.0243641
132.8 0.0157949 0.0242194
132.9 0.0157318 0.0240785
133 0.0156635 0.0239412
133.1 0.0155896 0.0238071
133.2 0.0155097 0.0236757
133.3 0.0154234 0.0235469
133.4 0.0153304 0.02342
133.5 0.0152304 0.0232949
133.6 0.015123 0.0231709
133.7 0.0150081 0.0230478
133.8 0.0148855 0.0229251
133.9 0.014755 0.0228023
134 0.0146167 0.022679
134.1 0.0144703 0.0225549
134.2 0.0143159 0.0224293
134.3 0.0141536 0.022302
134.4 0.0139833 0.0221724
134.5 0.0138053 0.0220401
134.6 0.0136195 0.0219047
134.7 0.0134263 0.0217659
134.8 0.0132258 0.021623
134.9 0.0130183 0.0214759
135 0.012804 0.0213241
135.1 0.0125832 0.0211673
135.2 0.0123563 0.021005
135.3 0.0121237 0.020837
135.4 0.0118856 0.020663
135.5 0.0116425 0.0204827
135.6 0.0113948 0.0202959
135.7 0.011143 0.0201022
135.8 0.0108874 0.0199016
135.9 0.0106286 0.0196938
136 0.0103669 0.0194787
136.1 0.010103 0.0192561
136.2 0.00983713 0.0190261
136.3 0.00956991 0.0187884
136.4 0.00930178 0.0185432
136.5 0.00903321 0.0182903
136.6 0.00876468 0.0180299
136.7 0.00849664 0.017762
136.8 0.00822955 0.0174867
136.9 0.00796385 0.0172042
137 0.00769998 0.0169145
137.1 0.00743835 0.0166179
137.2 0.00717936 0.0163147
137.3 0.0069234 0.0160049
137.4 0.00667084 0.0156891
137.5 0.00642202 0.0153673
137.6 0.00617727 0.01504
137.7 0.00593691 0.0147075
137.8 0.0057012 0.0143703
137.9 0.00547043 0.0140286
138 0.00524482 0.0136829
138.1 0.00502459 0.0133336
138.2 0.00480994 0.0129812
138.3 0.00460102 0.0126261
138.4 0.004398 0.0122689
138.5 0.00420098 0.01191
138.6 0.00401006 0.0115498
138.7 0.00382533 0.011189
138.8 0.00364682 0.0108279
138.9 0.00347457 0.0104672
139 0.0033086 0.0101072
139.1 0.00314888 0.0097486
139.2 0.00299538 0.00939179
139.3 0.00284806 0.0090373
139.4 0.00270684 0.00868561
139.5 0.00257165 0.00833721
139.6 0.00244237 0.00799255
139.7 0.0023189 0.00765211
139.8 0.0022011 0.00731631
139.9 0.00208884 0.00698559
140 0.00198196 0.00666036
140.1 0.00188031 0.006341
140.2 0.0017837 0.00602789
140.3 0.00169198 0.00572138
140.4 0.00160494 0.0054218
140.5 0.00152241 0.00512944
140.6 0.0014442 0.00484459
140.7 0.0013701 0.00456751
140.8 0.00129994 0.00429843
140.9 0.0012335 0.00403756
141 0.00117061 0.00378507
141.1 0.00111106 0.00354112
141.2 0.00105466 0.00330584
141.3 0.00100124 0.00307934
141.4 0.00095061 0.00286168
141.5 0.000902593 0.00265292
141.6 0.00085702 0.00245309
141.7 0.000813726 0.00226218
141.8 0.000772555 0.00208017
141.9 0.000733357 0.00190702
142 0.00069599 0.00174266
142.1 0.000660319 0.00158699
142.2 0.00062622 0.0014399
142.3 0.000593575 0.00130127
142.4 0.000562275 0.00117093
142.5 0.000532219 0.00104872
142.6 0.000503317 0.000934462
142.7 0.000475484 0.000827943
142.8 0.000448646 0.000728951
142.9 0.000422736 0.00063726
143 0.000397695 0.000552628
143.1 0.000373471 0.000474806
143.2 0.00035002 0.000403535
143.3 0.000327305 0.000338549
143.4 0.000305294 0.000279575
143.5 0.000283964 0.000226335
143.6 0.000263293 0.000178547
143.7 0.000243268 0.000135928
143.8 0.00022388 9.81932e-05
143.9 0.000205122 6.50567e-05
144 0.000186994 3.62349e-05
