-0.996 2.02244e-05 -2.28933e-05
-0.992 9.55979e-05 -0.000101545
-0.988 0.000243045 -0.000227201
-0.984 0.000469634 -0.000358847
-0.98 0.000772519 -0.00043485
-0.976 0.00114223 -0.000395902
-0.972 0.0015668 -0.000210989
-0.968 0.00203396 0.000103652
-0.964 0.00252955 0.000480597
-0.96 0.00303215 0.000815355
-0.956 0.0035064 0.000995619
-0.952 0.00389885 0.00093803
-0.948 0.00414056 0.000622576
-0.944 0.00415871 0.000115005
-0.94 0.00389612 -0.00043026
-0.936 0.00333394 -0.000790742
-0.932 0.00251042 -0.00071914
-0.928 0.00152904 -2.14866e-06
-0.924 0.000551374 0.00147806
-0.92 -0.000226069 0.00369587
-0.916 -0.000607718 0.0064628
-0.912 -0.000440159 0.00944582
-0.908 0.000351848 0.0122239
-0.904 0.00174602 0.0143741
-0.9 0.0036281 0.0155696
-0.896 0.00582304 0.0156683
-0.892 0.00814282 0.0147676
-0.888 0.0104347 0.0132068
-0.884 0.0126124 0.0115076
-0.88 0.0146579 0.0102598
-0.876 0.0165921 0.00997599
-0.872 0.0184246 0.0109506
-0.868 0.0201004 0.0131622
-0.864 0.0214628 0.0162498
-0.86 0.0222534 0.0195766
-0.856 0.0221535 0.0223752
-0.852 0.0208677 0.0239444
-0.848 0.0182278 0.023853
-0.844 0.0142881 0.0220905
-0.84 0.00937528 0.0191151
-0.836 0.00407004 0.0157699
-0.832 -0.000886847 0.0130787
-0.828 -0.00474215 0.0119676
-0.824 -0.00689792 0.0129832
-0.82 -0.00706027 0.0160829
-0.816 -0.00533389 0.0205684
-0.812 -0.00223383 0.0252035
-0.808 0.00140173 0.0285137
-0.804 0.00459136 0.0292038
-0.8 0.00644622 0.0265825
-0.796 0.00640065 0.0208626
-0.792 0.00437198 0.0132344
-0.788 0.000805519 0.0056714
-0.784 -0.00340436 0.000503399
-0.78 -0.00709545 -0.000141759
-0.776 -0.00908206 0.00510729
-0.772 -0.00841588 0.0164553
-0.768 -0.00461594 0.0327882
-0.764 0.0021758 0.051838
-0.76 0.0111474 0.0706463
-0.756 0.0209004 0.0862323
-0.752 0.0296693 0.0963033
-0.748 0.0356586 0.0998289
-0.744 0.037442 0.0973137
-0.74 0.034335 0.0906766
-0.736 0.0266291 0.0827412
-0.732 0.0155979 0.0764509
-0.728 0.0032365 0.0740125
-0.724 -0.00821448 0.076207
-0.72 -0.0168344 0.0820697
-0.716 -0.0215075 0.0890461
-0.712 -0.0221805 0.0936028
-0.708 -0.0198204 0.0921527
-0.704 -0.0160902 0.0820649
-0.7 -0.0128352 0.0624926
-0.696 -0.011519 0.0347806
-0.692 -0.0127651 0.00231597
-0.688 -0.0161354 -0.0301686
-0.684 -0.0202212 -0.0576756
-0.68 -0.0230324 -0.0761411
-0.676 -0.0225855 -0.0834517
-0.672 -0.0175259 -0.080015
-0.668 -0.00760179 -0.0687146
-0.664 0.00615098 -0.0542174
-0.66 0.0215707 -0.0417678
-0.656 0.0358307 -0.0357647
-0.652 0.0460727 -0.0385135
-0.648 0.0500502 -0.0495221
-0.644 0.0466255 -0.0655621
-0.64 0.0360066 -0.0814845
-0.636 0.01967 -0.0915724
-0.632 -1.564e-05 -0.0910802
-0.628 -0.020372 -0.0775864
-0.624 -0.0390476 -0.0518304
-0.62 -0.0545221 -0.0177999
-0.616 -0.0663232 0.0180149
-0.612 -0.0748862 0.0480853
-0.608 -0.0811152 0.0656934
-0.604 -0.0858173 0.0666833
-0.6 -0.0892207 0.0506058
-0.596 -0.0907459 0.020904
-0.592 -0.0890978 -0.0159315
-0.588 -0.082642 -0.051984
-0.584 -0.0699545 -0.0798296
-0.58 -0.0503992 -0.0942389
-0.576 -0.0245808 -0.093279
-0.572 0.00546481 -0.0786306
-0.568 0.0364398 -0.0551128
-0.564 0.0643328 -0.0295386
-0.56 0.0852571 -0.00913366
-0.556 0.096377 0.000149317
-0.552 0.0966564 -0.00497379
-0.548 0.087193 -0.0243652
-0.544 0.0710146 -0.0545452
-0.54 0.052379 -0.089565
-0.536 0.0357479 -0.122434
-0.532 0.0246891 -0.146752
-0.528 0.0209704 -0.158173
-0.524 0.0240712 -0.155367
-0.52 0.0312493 -0.140249
-0.516 0.0381746 -0.117379
-0.512 0.0400058 -0.0927148
-0.508 0.0326706 -0.0720373
-0.504 0.0140594 -0.0595172
-0.5 -0.0151463 -0.0567759
-0.496 -0.0512112 -0.062632
-0.492 -0.0877472 -0.0735269
-0.488 -0.116755 -0.0844742
-0.484 -0.130158 -0.0902987
-0.48 -0.121549 -0.0868819
-0.476 -0.0877805 -0.0721325
-0.472 -0.030001 -0.0464548
-0.468 0.0461295 -0.0126257
-0.464 0.131154 0.0248395
-0.46 0.213327 0.0606189
-0.456 0.28061 0.0895703
-0.452 0.32277 0.107593
-0.448 0.333146 0.112275
-0.444 0.309765 0.103271
-0.44 0.25557 0.0823754
-0.436 0.177732 0.0532376
-0.432 0.0861869 0.0207598
-0.428 -0.00828515 -0.00967599
-0.424 -0.0959875 -0.0329823
-0.42 -0.16984 -0.0450505
-0.416 -0.226208 -0.0433649
-0.412 -0.26491 -0.0275847
-0.408 -0.28849 -2.59312e-05
-0.404 -0.300976 0.0341563
-0.4 -0.306465 0.0673235
-0.396 -0.307919 0.0903753
-0.392 -0.306491 0.0943571
-0.388 -0.301531 0.0723507
-0.384 -0.291185 0.0212058
-0.38 -0.273376 -0.057331
-0.376 -0.246853 -0.156394
-0.372 -0.212079 -0.264776
-0.368 -0.171732 -0.368597
-0.364 -0.130659 -0.453648
-0.36 -0.0952081 -0.508022
-0.356 -0.0720089 -0.524568
-0.352 -0.0664709 -0.502599
-0.348 -0.0814142 -0.448343
-0.344 -0.116269 -0.373883
-0.34 -0.167142 -0.294684
-0.336 -0.227776 -0.226207
-0.332 -0.291148 -0.180389
-0.328 -0.351233 -0.162867
-0.324 -0.404471 -0.171715
-0.32 -0.450522 -0.198056
-0.316 -0.492134 -0.228443
-0.312 -0.534079 -0.248356
-0.308 -0.581396 -0.245894
-0.304 -0.637345 -0.214647
-0.3 -0.701683 -0.155094
-0.296 -0.769813 -0.0742563
-0.292 -0.833217 0.0161476
-0.288 -0.881155 0.10246
-0.284 -0.903261 0.172056
-0.28 -0.892349 0.215855
-0.276 -0.846688 0.229889
-0.272 -0.77119 0.215659
-0.268 -0.677156 0.179281
-0.264 -0.580612 0.129683
-0.26 -0.499468 0.0762836
-0.256 -0.450054 0.026683
-0.252 -0.44369 -0.0151487
-0.248 -0.484047 -0.0498037
-0.244 -0.565923 -0.0822395
-0.24 -0.67584 -0.120422
-0.236 -0.794446 -0.173058
-0.232 -0.900303 -0.246949
-0.228 -0.974242 -0.344704
-0.224 -1.00331 -0.463481
-0.22 -0.983438 -0.595163
-0.216 -0.920177 -0.727947
-0.212 -0.827447 -0.848873
-0.208 -0.724431 -0.946561
-0.204 -0.63128 -1.01335
-0.2 -0.564524 -1.04629
-0.196 -0.533237 -1.04685
-0.192 -0.536952 -1.01954
-0.188 -0.565905 -0.970074
-0.184 -0.603616 -0.903698
-0.18 -0.631102 -0.824055
-0.176 -0.631616 -0.733024
-0.172 -0.594666 -0.631407
-0.168 -0.518457 -0.520229
-0.164 -0.410357 -0.402186
-0.16 -0.285472 -0.282705
-0.156 -0.163654 -0.170155
-0.152 -0.0654427 -0.0749401
-0.148 -0.00761803 -0.0075216
-0.144 0.000730525 0.0241726
-0.14 -0.0393698 0.0171848
-0.136 -0.116603 -0.0250328
-0.132 -0.21162 -0.0927619
-0.128 -0.301205 -0.1718
-0.124 -0.36329 -0.246364
-0.12 -0.381606 -0.302278
-0.116 -0.348896 -0.329671
-0.112 -0.26805 -0.324662
-0.108 -0.15096 -0.289776
-0.104 -0.015371 -0.232985
-0.1 0.119598 -0.165478
-0.096 0.238184 -0.0986305
-0.092 0.331774 -0.0410125
-0.088 0.400701 0.00359657
-0.084 0.453595 0.0365217
-0.08 0.504548 0.0627907
-0.076 0.569015 0.088636
-0.072 0.659563 0.118893
-0.068 0.78245 0.155218
-0.064 0.935647 0.195637
-0.06 1.10863 0.235454
-0.056 1.28418 0.269243
-0.052 1.44193 0.293435
-0.048 1.56336 0.308934
-0.044 1.63685 0.323005
-0.04 1.66146 0.349612
-0.036 1.64827 0.407629
-0.032 1.61867 0.51693
-0.028 1.59999 0.693252
-0.024 1.61965 0.943281
-0.02 1.69897 1.26143
-0.016 1.84801 1.62921
-0.012 2.06202 2.01717
-0.008 2.32046 2.38895
-0.004 2.58902 2.70656
0 2.82491 2.93614
0.004 2.98513 3.05325
0.008 3.03495 3.04737
0.012 2.9564 2.9234
0.016 2.75248 2.70073
0.02 2.44688 2.40922
0.024 2.07919 2.08349
0.028 1.69707 1.75682
0.032 1.34693 1.4561
0.036 1.06535 1.19855
0.04 0.872718 0.990635
0.044 0.770632 0.828968
0.048 0.743404 0.702963
0.052 0.763352 0.598532
0.056 0.798359 0.501995
0.06 0.819693 0.403284
0.064 0.808131 0.297737
0.068 0.757133 0.186266
0.072 0.672729 0.074138
0.076 0.570584 -0.0310169
0.08 0.471144 -0.12133
0.084 0.393892 -0.190525
0.088 0.35182 -0.235246
0.092 0.34734 -0.25577
0.096 0.370789 -0.255961
0.1 0.402246 -0.242379
0.104 0.416461 -0.222644
0.108 0.3897 -0.203495
0.112 0.306558 -0.189155
0.116 0.164775 -0.180589
0.12 -0.0233542 -0.175842
0.124 -0.233285 -0.1712
0.128 -0.433603 -0.162625
0.132 -0.593065 -0.14701
0.136 -0.687662 -0.123068
0.14 -0.70612 -0.0919051
0.144 -0.652595 -0.0573601
0.148 -0.545828 -0.0260259
0.152 -0.414821 -0.00671974
0.156 -0.291989 -0.00923775
0.16 -0.205592 -0.0424773
0.164 -0.173483 -0.112313
0.168 -0.199778 -0.219742
0.172 -0.275074 -0.35977
0.176 -0.379784 -0.521324
0.18 -0.489462 -0.688329
0.184 -0.580766 -0.841929
0.188 -0.636758 -0.963584
0.192 -0.650497 -1.0385
0.196 -0.626204 -1.05857
0.2 -0.577706 -1.02414
0.204 -0.524496 -0.944003
0.208 -0.486388 -0.833712
0.212 -0.47819 -0.712489
0.216 -0.505922 -0.599382
0.22 -0.565584 -0.509388
0.224 -0.644718 -0.450374
0.228 -0.726097 -0.42158
0.232 -0.792384 -0.414198
0.236 -0.830467 -0.413971
0.24 -0.834452 -0.405196
0.244 -0.80676 -0.375044
0.248 -0.757189 -0.317065
0.252 -0.700236 -0.233004
0.256 -0.651313 -0.132532
0.26 -0.622758 -0.0310614
0.264 -0.620638 0.0537659
0.268 -0.643168 0.106098
0.272 -0.681198 0.115546
0.276 -0.720645 0.0797498
0.28 -0.746232 0.00530886
0.284 -0.745527 -0.0931792
0.288 -0.712196 -0.195802
0.292 -0.647605 -0.281234
0.296 -0.560419 -0.331079
0.3 -0.464425 -0.33376
0.304 -0.375283 -0.287115
0.308 -0.307098 -0.199048
0.312 -0.26961 -0.0860304
0.316 -0.266526 0.0302482
0.32 -0.295189 0.127306
0.324 -0.347504 0.18639
0.328 -0.41184 0.196139
0.332 -0.475437 0.154683
0.336 -0.526805 0.0698381
0.34 -0.557602 -0.0426084
0.344 -0.563687 -0.162168
0.348 -0.545262 -0.267822
0.352 -0.506284 -0.342221
0.356 -0.453405 -0.374922
0.36 -0.394694 -0.363909
0.364 -0.338309 -0.315143
0.368 -0.291258 -0.240498
0.372 -0.258384 -0.154894
0.376 -0.241715 -0.0734145
0.38 -0.240329 -0.00892059
0.384 -0.250736 0.0296571
0.388 -0.267688 0.0383574
0.392 -0.28517 0.0185324
0.396 -0.297333 -0.0235931
0.4 -0.299211 -0.0781863
0.404 -0.287157 -0.133725
0.408 -0.2591 -0.179161
0.412 -0.214687 -0.205848
0.416 -0.155386 -0.208883
0.42 -0.0844825 -0.187759
0.424 -0.00689894 -0.146325
0.428 0.071252 -0.0920988
0.432 0.143377 -0.034957
0.436 0.203277 0.0147013
0.44 0.246014 0.0480054
0.444 0.268579 0.0594172
0.448 0.270229 0.047804
0.452 0.252455 0.0165119
0.456 0.218663 -0.0275036
0.46 0.173661 -0.0751749
0.464 0.123064 -0.117057
0.468 0.072645 -0.144986
0.472 0.027658 -0.153458
0.476 -0.0077976 -0.140589
0.48 -0.0312666 -0.108526
0.484 -0.0421479 -0.0631644
0.488 -0.041558 -0.0131403
0.492 -0.0318987 0.0318111
0.496 -0.0162817 0.062837
0.5 0.00201163 0.073874
0.504 0.0199223 0.0630306
0.508 0.0348502 0.0330784
0.512 0.0447984 -0.00911956
0.516 0.048499 -0.0541527
0.52 0.0455484 -0.0922198
0.524 0.0365274 -0.115366
0.528 0.0230391 -0.119237
0.532 0.00759113 -0.103936
0.536 -0.00673434 -0.0737956
0.54 -0.0168168 -0.0362054
0.544 -0.0201641 0.000158416
0.548 -0.0155552 0.0272599
0.552 -0.00345717 0.039375
0.556 0.0139574 0.0342105
0.56 0.0332612 0.0132847
0.564 0.0505939 -0.0185015
0.568 0.0626221 -0.054019
0.572 0.0673614 -0.0855462
0.576 0.0646397 -0.106529
0.58 0.0560979 -0.113081
0.584 0.0447359 -0.104904
0.588 0.0341072 -0.085407
0.592 0.0273393 -0.0609561
0.596 0.026215 -0.0393817
0.6 0.0305673 -0.0280337
0.604 0.0381812 -0.0318465
0.608 0.0452756 -0.0519141
0.612 0.0474712 -0.0849902
0.616 0.0410018 -0.124109
0.62 0.0238328 -0.160213
0.624 -0.00363304 -0.184387
0.628 -0.0384698 -0.19007
0.632 -0.075788 -0.174659
0.636 -0.109784 -0.140084
0.64 -0.135007 -0.092292
0.644 -0.147529 -0.0398504
0.648 -0.145763 0.00793726
0.652 -0.130751 0.0429776
0.656 -0.105892 0.0600277
0.66 -0.0761732 0.0577197
0.664 -0.0470824 0.0387655
0.668 -0.023448 0.00928386
0.672 -0.008461 -0.0226106
0.676 -0.00310918 -0.0486282
0.68 -0.00614092 -0.0620966
0.684 -0.0145436 -0.059305
0.688 -0.024392 -0.0401146
0.692 -0.0318503 -0.00775582
0.696 -0.0340938 0.0320768
0.7 -0.0299483 0.0725775
0.704 -0.0201037 0.107302
0.708 -0.00684634 0.131437
0.712 0.0066312 0.1426
0.716 0.0171573 0.141049
0.72 0.0224764 0.129306
0.724 0.0218419 0.111353
0.728 0.0161382 0.0916074
0.732 0.00753166 0.0739406
0.736 -0.00120016 0.0609296
0.74 -0.00742767 0.0534993
0.744 -0.00929882 0.0509913
0.748 -0.00609866 0.0515995
0.752 0.00170388 0.0530252
0.756 0.0126861 0.0531622
0.76 0.0248925 0.0506404
0.764 0.036334 0.0451124
0.768 0.0454425 0.0372495
0.772 0.0513725 0.0284898
0.776 0.0540793 0.0206274
0.78 0.0541669 0.0153503
0.784 0.052567 0.0138272
0.788 0.0501626 0.0164297
0.792 0.0474841 0.0226465
0.796 0.0445735 0.0312116
0.8 0.0410523 0.0404095
0.804 0.0363507 0.0484748
0.808 0.0300067 0.0539717
0.812 0.0219243 0.0560534
0.816 0.0125066 0.0545509
0.82 0.00262298 0.0498993
0.824 -0.00657046 0.0429557
0.828 -0.0138978 0.0347768
0.832 -0.0184368 0.026412
0.836 -0.0197254 0.0187427
0.84 -0.0178536 0.0123832
0.844 -0.0134262 0.00764348
0.848 -0.00741475 0.00455052
0.852 -0.000938744 0.00291294
0.856 0.00496942 0.00241105
0.86 0.00956128 0.00268955
0.864 0.0124845 0.00343334
0.868 0.0137873 0.00441087
0.872 0.0138219 0.0054785
0.876 0.0130865 0.00655167
0.88 0.012058 0.00756147
0.884 0.0110703 0.00841983
0.888 0.0102633 0.00901086
0.892 0.00960367 0.00921106
0.896 0.00895279 0.00892742
0.9 0.00815056 0.00813467
0.904 0.00708793 0.00689505
0.908 0.00575079 0.00535251
0.912 0.00422852 0.00370401
0.916 0.00269034 0.00215817
0.92 0.00133888 0.00089335
0.924 0.000355329 2.45295e-05
0.928 -0.000148462 -0.000415287
0.932 -0.000157955 -0.000475925
0.936 0.00024312 -0.000272487
0.94 0.000897349 4.73217e-05
0.944 0.00161502 0.000342579
0.948 0.00221974 0.000513367
0.952 0.00258617 0.000519313
0.956 0.00266108 0.000378246
0.96 0.00246435 0.000148524
0.964 0.0020716 -9.63718e-05
0.968 0.00158527 -0.000291927
0.972 0.00110363 -0.000399009
0.976 0.000697319 -0.000409919
0.98 0.000398925 -0.000344497
0.984 0.000206437 -0.000238971
0.988 9.60806e-05 -0.000131884
0.992 3.80964e-05 -5.17579e-05
0.996 9.45251e-06 -9.97805e-06
0.1 -0.0164991 7.81149e-05
0.2 -0.0160377 0.000285022
0.3 -0.0152687 0.000630647
0.4 -0.014192 0.00111615
0.5 -0.0128078 0.00174313
0.6 -0.0111161 0.00251363
0.7 -0.0091169 0.0034301
0.8 -0.00681033 0.00449535
0.9 -0.00419653 0.00571258
1 -0.00127573 0.00708528
1.1 0.00195179 0.00861722
1.2 0.00548564 0.0103124
1.3 0.00932535 0.0121751
1.4 0.0134703 0.0142096
1.5 0.0179197 0.0164205
1.6 0.0226726 0.0188121
1.7 0.027728 0.021389
1.8 0.0330844 0.0241556
1.9 0.0387404 0.0271163
2 0.0446941 0.0302751
2.1 0.0509434 0.033636
2.2 0.0574861 0.0372026
2.3 0.0643194 0.0409782
2.4 0.0714403 0.0449655
2.5 0.0788455 0.0491671
2.6 0.0865314 0.0535848
2.7 0.0944937 0.05822
2.8 0.102728 0.0630734
2.9 0.11123 0.0681453
3 0.119993 0.073435
3.1 0.129013 0.0789413
3.2 0.138283 0.0846621
3.3 0.147796 0.0905948
3.4 0.157546 0.0967356
3.5 0.167525 0.10308
3.6 0.177726 0.109624
3.7 0.188139 0.11636
3.8 0.198757 0.123282
3.9 0.20957 0.130382
4 0.22057 0.137652
4.1 0.231745 0.145082
4.2 0.243086 0.152662
4.3 0.254582 0.160382
4.4 0.266222 0.16823
4.5 0.277996 0.176194
4.6 0.289891 0.184261
4.7 0.301896 0.192418
4.8 0.313999 0.20065
4.9 0.326188 0.208943
5 0.338451 0.217283
5.1 0.350775 0.225653
5.2 0.363147 0.234039
5.3 0.375555 0.242424
5.4 0.387987 0.250793
5.5 0.400429 0.259129
5.6 0.412869 0.267417
5.7 0.425295 0.27564
5.8 0.437694 0.283782
5.9 0.450053 0.291828
6 0.462362 0.299763
6.1 0.474606 0.30757
6.2 0.486776 0.315237
6.3 0.498858 0.322748
6.4 0.510843 0.330089
6.5 0.522719 0.337249
6.6 0.534476 0.344215
6.7 0.546103 0.350975
6.8 0.55759 0.357518
6.9 0.568928 0.363836
7 0.580108 0.369919
7.1 0.591122 0.375759
7.2 0.60196 0.38135
7.3 0.612615 0.386686
7.4 0.62308 0.391762
7.5 0.633348 0.396574
7.6 0.643413 0.401121
7.7 0.653267 0.4054
7.8 0.662907 0.409411
7.9 0.672326 0.413156
8 0.681519 0.416636
8.1 0.690484 0.419854
8.2 0.699214 0.422815
8.3 0.707708 0.425523
8.4 0.715962 0.427986
8.5 0.723973 0.430211
8.6 0.731739 0.432204
8.7 0.739257 0.433977
8.8 0.746525 0.435538
8.9 0.753543 0.436899
9 0.760309 0.438071
9.1 0.766822 0.439065
9.2 0.77308 0.439896
9.3 0.779084 0.440576
9.4 0.784832 0.441118
9.5 0.790325 0.441537
9.6 0.795562 0.441848
9.7 0.800542 0.442064
9.8 0.805267 0.442201
9.9 0.809735 0.442273
10 0.813946 0.442295
10.1 0.817901 0.442282
10.2 0.8216 0.442247
10.3 0.825042 0.442205
10.4 0.828227 0.442171
10.5 0.831156 0.442156
10.6 0.833827 0.442174
10.7 0.836241 0.442237
10.8 0.838397 0.442356
10.9 0.840296 0.442543
11 0.841935 0.442808
11.1 0.843315 0.443159
11.2 0.844436 0.443606
11.3 0.845295 0.444156
11.4 0.845893 0.444816
11.5 0.846229 0.44559
11.6 0.846301 0.446484
11.7 0.84611 0.447502
11.8 0.845653 0.448645
11.9 0.84493 0.449915
12 0.84394 0.451314
12.1 0.842681 0.452839
12.2 0.841154 0.45449
12.3 0.839357 0.456264
12.4 0.83729 0.458157
12.5 0.834952 0.460165
12.6 0.832343 0.462281
12.7 0.829461 0.4645
12.8 0.826309 0.466813
12.9 0.822884 0.469214
13 0.819189 0.471692
13.1 0.815223 0.474238
13.2 0.810988 0.476842
13.3 0.806484 0.479493
13.4 0.801714 0.482179
13.5 0.796679 0.484888
13.6 0.791381 0.487608
13.7 0.785824 0.490326
13.8 0.780011 0.493029
13.9 0.773945 0.495705
14 0.76763 0.498339
14.1 0.76107 0.500919
14.2 0.754271 0.503432
14.3 0.747238 0.505863
14.4 0.739977 0.508201
14.5 0.732494 0.510433
14.6 0.724795 0.512547
14.7 0.716889 0.51453
14.8 0.708783 0.516371
14.9 0.700485 0.518059
15 0.692004 0.519584
15.1 0.683349 0.520937
15.2 0.674529 0.522108
15.3 0.665554 0.523088
15.4 0.656436 0.523871
15.5 0.647183 0.52445
15.6 0.637808 0.52482
15.7 0.628322 0.524974
15.8 0.618737 0.524909
15.9 0.609063 0.524623
16 0.599314 0.524112
16.1 0.589502 0.523376
16.2 0.57964 0.522414
16.3 0.569739 0.521227
16.4 0.559813 0.519817
16.5 0.549875 0.518186
16.6 0.539937 0.516338
16.7 0.530012 0.514277
16.8 0.520113 0.512008
16.9 0.510253 0.509538
17 0.500444 0.506873
17.1 0.490699 0.50402
17.2 0.481029 0.500989
17.3 0.471448 0.497788
17.4 0.461965 0.494426
17.5 0.452594 0.490915
17.6 0.443345 0.487264
17.7 0.434228 0.483485
17.8 0.425255 0.47959
17.9 0.416434 0.47559
18 0.407776 0.471498
18.1 0.399288 0.467326
18.2 0.390981 0.463087
18.3 0.382861 0.458793
18.4 0.374936 0.454458
18.5 0.367213 0.450095
18.6 0.359697 0.445715
18.7 0.352396 0.441331
18.8 0.345313 0.436956
18.9 0.338454 0.432603
19 0.331821 0.428281
19.1 0.325419 0.424004
19.2 0.31925 0.419782
19.3 0.313316 0.415626
19.4 0.307618 0.411545
19.5 0.302157 0.407549
19.6 0.296934 0.403647
19.7 0.291947 0.399848
19.8 0.287196 0.396158
19.9 0.28268 0.392585
20 0.278396 0.389135
20.1 0.274342 0.385814
20.2 0.270514 0.382626
20.3 0.26691 0.379575
20.4 0.263524 0.376664
20.5 0.260353 0.373897
20.6 0.257391 0.371273
20.7 0.254634 0.368796
20.8 0.252075 0.366463
20.9 0.249708 0.364276
21 0.247527 0.362231
21.1 0.245526 0.360329
21.2 0.243697 0.358564
21.3 0.242034 0.356934
21.4 0.240528 0.355436
21.5 0.239173 0.354062
21.6 0.237961 0.35281
21.7 0.236884 0.351671
21.8 0.235934 0.350641
21.9 0.235103 0.349711
22 0.234384 0.348874
22.1 0.233768 0.348123
22.2 0.233248 0.347448
22.3 0.232814 0.346842
22.4 0.232461 0.346295
22.5 0.23218 0.345799
22.6 0.231963 0.345343
22.7 0.231803 0.344918
22.8 0.231692 0.344516
22.9 0.231624 0.344125
23 0.231591 0.343736
23.1 0.231587 0.34334
23.2 0.231605 0.342928
23.3 0.23164 0.342488
23.4 0.231684 0.342013
23.5 0.231732 0.341493
23.6 0.231779 0.340919
23.7 0.23182 0.340283
23.8 0.231849 0.339576
23.9 0.231863 0.33879
24 0.231856 0.337918
24.1 0.231824 0.336953
24.2 0.231765 0.335888
24.3 0.231675 0.334716
24.4 0.23155 0.333433
24.5 0.231388 0.332032
24.6 0.231186 0.330509
24.7 0.230943 0.32886
24.8 0.230656 0.327081
24.9 0.230325 0.32517
25 0.229947 0.323123
25.1 0.229522 0.320939
25.2 0.229049 0.318616
25.3 0.228527 0.316154
25.4 0.227958 0.313553
25.5 0.22734 0.310813
25.6 0.226674 0.307935
25.7 0.225961 0.304921
25.8 0.225202 0.301772
25.9 0.224397 0.298492
26 0.223547 0.295084
26.1 0.222655 0.291551
26.2 0.221721 0.287897
26.3 0.220748 0.284128
26.4 0.219737 0.280248
26.5 0.21869 0.276263
26.6 0.21761 0.272179
26.7 0.216498 0.268002
26.8 0.215357 0.263739
26.9 0.214189 0.259396
27 0.212996 0.254981
27.1 0.211782 0.250501
27.2 0.210548 0.245965
27.3 0.209297 0.24138
27.4 0.208031 0.236753
27.5 0.206754 0.232094
27.6 0.205467 0.227409
27.7 0.204173 0.222709
27.8 0.202875 0.218001
27.9 0.201575 0.213292
28 0.200274 0.208593
28.1 0.198976 0.20391
28.2 0.197682 0.199252
28.3 0.196395 0.194627
28.4 0.195116 0.190042
28.5 0.193848 0.185506
28.6 0.192592 0.181025
28.7 0.191349 0.176607
28.8 0.190121 0.172259
28.9 0.18891 0.167986
29 0.187716 0.163797
29.1 0.186541 0.159695
29.2 0.185386 0.155688
29.3 0.184251 0.15178
29.4 0.183137 0.147975
29.5 0.182044 0.144279
29.6 0.180974 0.140696
29.7 0.179925 0.137228
29.8 0.178899 0.13388
29.9 0.177895 0.130654
30 0.176912 0.127552
30.1 0.175952 0.124575
30.2 0.175012 0.121727
30.3 0.174093 0.119007
30.4 0.173194 0.116415
30.5 0.172313 0.113953
30.6 0.171452 0.11162
30.7 0.170607 0.109415
30.8 0.169779 0.107337
30.9 0.168965 0.105385
31 0.168166 0.103556
31.1 0.16738 0.101849
31.2 0.166605 0.10026
31.3 0.16584 0.0987883
31.4 0.165085 0.0974292
31.5 0.164337 0.0961797
31.6 0.163595 0.0950362
31.7 0.162859 0.0939948
31.8 0.162126 0.0930514
31.9 0.161397 0.0922018
32 0.160668 0.0914416
32.1 0.159941 0.0907664
32.2 0.159212 0.0901715
32.3 0.158482 0.0896523
32.4 0.15775 0.0892042
32.5 0.157014 0.0888224
32.6 0.156275 0.0885025
32.7 0.155531 0.0882397
32.8 0.154782 0.0880296
32.9 0.154028 0.0878678
33 0.153268 0.0877501
33.1 0.152504 0.0876724
33.2 0.151733 0.0876307
33.3 0.150958 0.0876214
33.4 0.150178 0.0876411
33.5 0.149393 0.0876864
33.6 0.148605 0.0877546
33.7 0.147814 0.087843
33.8 0.147021 0.0879492
33.9 0.146227 0.0880713
34 0.145433 0.0882076
34.1 0.144641 0.0883567
34.2 0.143851 0.0885177
34.3 0.143067 0.08869
34.4 0.142288 0.0888733
34.5 0.141518 0.0890679
34.6 0.140757 0.0892741
34.7 0.140007 0.0894929
34.8 0.139272 0.0897255
34.9 0.138552 0.0899734
35 0.13785 0.0902387
35.1 0.137168 0.0905236
35.2 0.136508 0.0908308
35.3 0.135872 0.091163
35.4 0.135262 0.0915236
35.5 0.134681 0.0919161
35.6 0.13413 0.0923442
35.7 0.133612 0.0928119
35.8 0.133128 0.0933234
35.9 0.132681 0.0938831
36 0.132272 0.0944956
36.1 0.131902 0.0951655
36.2 0.131575 0.0958977
36.3 0.13129 0.096697
36.4 0.131049 0.0975683
36.5 0.130853 0.0985166
36.6 0.130704 0.0995468
36.7 0.130602 0.100664
36.8 0.130548 0.101872
36.9 0.130541 0.103177
37 0.130583 0.104582
37.1 0.130673 0.106093
37.2 0.130811 0.107713
37.3 0.130997 0.109446
37.4 0.131229 0.111296
37.5 0.131507 0.113266
37.6 0.13183 0.115359
37.7 0.132196 0.117578
37.8 0.132603 0.119925
37.9 0.133051 0.122402
38 0.133536 0.125011
38.1 0.134056 0.127753
38.2 0.134609 0.130628
38.3 0.135192 0.133636
38.4 0.135802 0.136777
38.5 0.136436 0.140051
38.6 0.13709 0.143455
38.7 0.137761 0.146988
38.8 0.138445 0.150648
38.9 0.139138 0.154432
39 0.139837 0.158337
39.1 0.140537 0.162357
39.2 0.141233 0.16649
39.3 0.141922 0.17073
39.4 0.1426 0.175073
39.5 0.143261 0.179511
39.6 0.143901 0.184039
39.7 0.144516 0.18865
39.8 0.1451 0.193337
39.9 0.145651 0.198092
40 0.146162 0.202908
40.1 0.14663 0.207776
40.2 0.14705 0.212688
40.3 0.147419 0.217635
40.4 0.147731 0.222607
40.5 0.147982 0.227597
40.6 0.14817 0.232593
40.7 0.14829 0.237586
40.8 0.148338 0.242568
40.9 0.148311 0.247527
41 0.148206 0.252454
41.1 0.14802 0.257339
41.2 0.147751 0.262173
41.3 0.147395 0.266945
41.4 0.14695 0.271645
41.5 0.146415 0.276265
41.6 0.145788 0.280795
41.7 0.145068 0.285226
41.8 0.144253 0.289548
41.9 0.143342 0.293754
42 0.142335 0.297834
42.1 0.141232 0.301782
42.2 0.140033 0.305589
42.3 0.138738 0.309248
42.4 0.137347 0.312753
42.5 0.135863 0.316097
42.6 0.134285 0.319274
42.7 0.132616 0.322279
42.8 0.130857 0.325108
42.9 0.129011 0.327755
43 0.12708 0.330217
43.1 0.125066 0.332491
43.2 0.122972 0.334574
43.3 0.120802 0.336464
43.4 0.118559 0.33816
43.5 0.116246 0.33966
43.6 0.113867 0.340964
43.7 0.111427 0.342073
43.8 0.108928 0.342986
43.9 0.106376 0.343705
44 0.103774 0.344232
44.1 0.101128 0.34457
44.2 0.098442 0.34472
44.3 0.0957205 0.344686
44.4 0.0929685 0.344473
44.5 0.0901907 0.344083
44.6 0.0873923 0.343523
44.7 0.0845779 0.342795
44.8 0.0817526 0.341907
44.9 0.0789214 0.340864
45 0.0760891 0.339672
45.1 0.0732606 0.338337
45.2 0.0704408 0.336865
45.3 0.0676343 0.335264
45.4 0.064846 0.33354
45.5 0.0620804 0.331701
45.6 0.0593421 0.329754
45.7 0.0566354 0.327706
45.8 0.0539647 0.325565
45.9 0.051334 0.323338
46 0.0487475 0.321032
46.1 0.0462089 0.318655
46.2 0.0437221 0.316215
46.3 0.0412906 0.313718
46.4 0.0389179 0.311172
46.5 0.0366071 0.308584
46.6 0.0343614 0.305959
46.7 0.0321838 0.303306
46.8 0.0300769 0.300631
46.9 0.0280433 0.297939
47 0.0260855 0.295236
47.1 0.0242057 0.292528
47.2 0.022406 0.28982
47.3 0.0206882 0.287117
47.4 0.0190543 0.284423
47.5 0.0175057 0.281744
47.6 0.0160439 0.279082
47.7 0.0146702 0.27644
47.8 0.0133857 0.273823
47.9 0.0121915 0.271233
48 0.0110883 0.268672
48.1 0.0100771 0.266141
48.2 0.00915828 0.263643
48.3 0.00833247 0.261179
48.4 0.0076 0.25875
48.5 0.00696117 0.256355
48.6 0.00641615 0.253995
48.7 0.005965 0.25167
48.8 0.0056077 0.249378
48.9 0.00534416 0.24712
49 0.00517417 0.244893
49.1 0.00509745 0.242696
49.2 0.00511366 0.240528
49.3 0.00522236 0.238385
49.4 0.00542305 0.236266
49.5 0.00571516 0.234169
49.6 0.00609803 0.23209
49.7 0.00657096 0.230026
49.8 0.00713315 0.227974
49.9 0.00778376 0.225932
50 0.00852186 0.223895
50.1 0.00934645 0.22186
50.2 0.0102565 0.219825
50.3 0.0112508 0.217784
50.4 0.0123281 0.215736
50.5 0.0134872 0.213675
50.6 0.0147266 0.2116
50.7 0.0160448 0.209506
50.8 0.0174403 0.20739
50.9 0.0189115 0.205249
51 0.0204564 0.203079
51.1 0.0220732 0.200879
51.2 0.0237599 0.198645
51.3 0.0255143 0.196374
51.4 0.0273343 0.194064
51.5 0.0292174 0.191713
51.6 0.0311611 0.189319
51.7 0.0331627 0.18688
51.8 0.0352195 0.184395
51.9 0.0373285 0.181862
52 0.0394866 0.179282
52.1 0.0416906 0.176652
52.2 0.043937 0.173973
52.3 0.0462224 0.171244
52.4 0.0485429 0.168467
52.5 0.0508948 0.16564
52.6 0.053274 0.162767
52.7 0.0556764 0.159846
52.8 0.0580975 0.15688
52.9 0.0605331 0.153871
53 0.0629783 0.15082
53.1 0.0654286 0.14773
53.2 0.067879 0.144603
53.3 0.0703246 0.141442
53.4 0.0727601 0.13825
53.5 0.0751805 0.13503
53.6 0.0775805 0.131786
53.7 0.0799545 0.128521
53.8 0.0822973 0.12524
53.9 0.0846033 0.121946
54 0.0868669 0.118643
54.1 0.0890826 0.115335
54.2 0.0912449 0.112028
54.3 0.0933482 0.108724
54.4 0.0953869 0.10543
54.5 0.0973556 0.10215
54.6 0.0992489 0.0988873
54.7 0.101061 0.0956476
54.8 0.102788 0.0924354
54.9 0.104423 0.0892552
55 0.105963 0.0861114
55.1 0.107401 0.0830086
55.2 0.108734 0.0799511
55.3 0.109957 0.0769431
55.4 0.111066 0.0739886
55.5 0.112057 0.0710918
55.6 0.112927 0.0682562
55.7 0.113671 0.0654855
55.8 0.114287 0.0627831
55.9 0.114771 0.0601521
56 0.115123 0.0575954
56.1 0.115338 0.0551157
56.2 0.115416 0.0527154
56.3 0.115355 0.0503967
56.4 0.115154 0.0481614
56.5 0.114813 0.046011
56.6 0.11433 0.0439469
56.7 0.113706 0.0419701
56.8 0.112942 0.0400811
56.9 0.112039 0.0382805
57 0.110997 0.0365683
57.1 0.109819 0.0349442
57.2 0.108507 0.0334078
57.3 0.107063 0.0319581
57.4 0.10549 0.0305942
57.5 0.103792 0.0293145
57.6 0.101971 0.0281173
57.7 0.100033 0.0270009
57.8 0.0979817 0.0259629
57.9 0.0958217 0.0250008
58 0.0935581 0.0241121
58.1 0.0911965 0.0232938
58.2 0.0887424 0.0225429
58.3 0.0862019 0.021856
58.4 0.0835811 0.0212297
58.5 0.0808867 0.0206604
58.6 0.0781251 0.0201444
58.7 0.0753033 0.0196778
58.8 0.0724284 0.0192568
58.9 0.0695074 0.0188773
59 0.0665477 0.0185354
59.1 0.0635566 0.0182269
59.2 0.0605415 0.0179478
59.3 0.05751 0.017694
59.4 0.0544695 0.0174615
59.5 0.0514275 0.0172463
59.6 0.0483915 0.0170447
59.7 0.0453687 0.0168527
59.8 0.0423664 0.0166668
59.9 0.0393919 0.0164834
60 0.0364521 0.0162991
60.1 0.0335539 0.0161108
60.2 0.0307039 0.0159154
60.3 0.0279087 0.0157101
60.4 0.0251746 0.0154924
60.5 0.0225074 0.01526
60.6 0.019913 0.0150106
60.7 0.0173969 0.0147424
60.8 0.0149643 0.014454
60.9 0.0126201 0.0141438
61 0.0103688 0.0138109
61.1 0.0082148 0.0134545
61.2 0.00616199 0.0130742
61.3 0.00421399 0.0126697
61.4 0.00237408 0.012241
61.5 0.000645216 0.0117887
61.6 -0.000970015 0.0113132
61.7 -0.00246935 0.0108156
61.8 -0.00385088 0.010297
61.9 -0.005113 0.00975879
62 -0.00625448 0.00920273
62.1 -0.00727437 0.00863072
62.2 -0.00817207 0.0080449
62.3 -0.00894728 0.00744765
62.4 -0.00959998 0.0068415
62.5 -0.0101305 0.00622921
62.6 -0.0105393 0.00561366
62.7 -0.0108273 0.00499791
62.8 -0.0109955 0.00438511
62.9 -0.0110452 0.00377856
63 -0.010978 0.00318161
63.1 -0.0107957 0.00259769
63.2 -0.0105 0.00203027
63.3 -0.0100931 0.00148286
63.4 -0.0095773 0.000958947
63.5 -0.00895497 0.000462018
63.6 -0.00822862 -4.49028e-06
63.7 -0.00740091 -0.000437202
63.8 -0.00647457 -0.000832824
63.9 -0.00545241 -0.00118817
64 -0.00433732 -0.00150016
64.1 -0.00313225 -0.00176588
64.2 -0.00184019 -0.00198256
64.3 -0.000464153 -0.00214762
64.4 0.00099282 -0.00225866
64.5 0.00252768 -0.00231349
64.6 0.00413738 -0.00231015
64.7 0.00581886 -0.00224691
64.8 0.00756912 -0.00212229
64.9 0.00938512 -0.00193506
65 0.0112639 -0.00168425
65.1 0.0132025 -0.00136917
65.2 0.015198 -0.000989401
65.3 0.0172475 -0.000544799
65.4 0.0193482 -3.55013e-05
65.5 0.0214972 0.000538075
65.6 0.0236918 0.00117524
65.7 0.0259292 0.00187502
65.8 0.0282068 0.00263617
65.9 0.0305217 0.00345721
66 0.0328715 0.00433638
66.1 0.0352533 0.00527169
66.2 0.0376646 0.00626089
66.3 0.0401028 0.00730156
66.4 0.0425652 0.00839102
66.5 0.0450493 0.00952645
66.6 0.0475523 0.0107048
66.7 0.0500716 0.011923
66.8 0.0526047 0.0131776
66.9 0.0551486 0.0144653
67 0.0577008 0.0157824
67.1 0.0602584 0.0171255
67.2 0.0628186 0.0184909
67.3 0.0653786 0.0198749
67.4 0.0679353 0.0212737
67.5 0.0704858 0.0226837
67.6 0.0730271 0.0241013
67.7 0.0755561 0.0255228
67.8 0.0780694 0.0269448
67.9 0.080564 0.0283637
68 0.0830365 0.0297763
68.1 0.0854834 0.0311794
68.2 0.0879014 0.03257
68.3 0.090287 0.0339452
68.4 0.0926365 0.0353025
68.5 0.0949465 0.0366392
68.6 0.0972133 0.0379532
68.7 0.0994331 0.0392426
68.8 0.101602 0.0405054
68.9 0.103717 0.0417404
69 0.105774 0.0429461
69.1 0.107769 0.0441216
69.2 0.109699 0.0452663
69.3 0.111559 0.0463797
69.4 0.113347 0.0474617
69.5 0.115059 0.0485124
69.6 0.116691 0.0495322
69.7 0.118239 0.0505219
69.8 0.119701 0.0514823
69.9 0.121074 0.0524147
70 0.122354 0.0533206
70.1 0.123538 0.0542016
70.2 0.124624 0.0550597
70.3 0.12561 0.0558971
70.4 0.126492 0.056716
70.5 0.127269 0.0575191
70.6 0.127938 0.058309
70.7 0.128499 0.0590886
70.8 0.12895 0.0598608
70.9 0.129289 0.0606288
71 0.129516 0.0613956
71.1 0.12963 0.0621646
71.2 0.12963 0.062939
71.3 0.129518 0.0637221
71.4 0.129292 0.0645172
71.5 0.128954 0.0653275
71.6 0.128505 0.0661563
71.7 0.127945 0.0670068
71.8 0.127276 0.0678818
71.9 0.1265 0.0687845
72 0.12562 0.0697176
72.1 0.124637 0.0706836
72.2 0.123554 0.0716852
72.3 0.122375 0.0727245
72.4 0.121102 0.0738036
72.5 0.119739 0.0749244
72.6 0.118291 0.0760883
72.7 0.11676 0.0772968
72.8 0.115152 0.0785508
72.9 0.113471 0.0798511
73 0.111721 0.0811983
73.1 0.109908 0.0825924
73.2 0.108036 0.0840334
73.3 0.106112 0.0855209
73.4 0.104139 0.0870542
73.5 0.102124 0.0886321
73.6 0.100072 0.0902534
73.7 0.0979881 0.0919164
73.8 0.0958789 0.0936192
73.9 0.0937496 0.0953595
74 0.0916058 0.097135
74.1 0.0894531 0.0989427
74.2 0.0872972 0.10078
74.3 0.0851434 0.102643
74.4 0.0829973 0.104528
74.5 0.080864 0.106433
74.6 0.0787489 0.108352
74.7 0.0766569 0.110283
74.8 0.0745928 0.112219
74.9 0.0725614 0.114159
75 0.0705671 0.116096
75.1 0.0686143 0.118026
75.2 0.0667069 0.119945
75.3 0.0648488 0.121848
75.4 0.0630436 0.123731
75.5 0.0612946 0.125588
75.6 0.0596049 0.127415
75.7 0.0579771 0.129207
75.8 0.056414 0.130961
75.9 0.0549176 0.132671
76 0.05349 0.134333
76.1 0.0521328 0.135943
76.2 0.0508474 0.137497
76.3 0.049635 0.138991
76.4 0.0484964 0.140421
76.5 0.0474322 0.141785
76.6 0.0464427 0.143078
76.7 0.0455281 0.144299
76.8 0.044688 0.145443
76.9 0.0439222 0.14651
77 0.04323 0.147496
77.1 0.0426104 0.1484
77.2 0.0420626 0.14922
77.3 0.0415852 0.149955
77.4 0.0411768 0.150604
77.5 0.0408359 0.151166
77.6 0.0405606 0.151641
77.7 0.0403492 0.15203
77.8 0.0401997 0.152331
77.9 0.04011 0.152546
78 0.0400778 0.152676
78.1 0.040101 0.152722
78.2 0.0401772 0.152684
78.3 0.040304 0.152565
78.4 0.0404791 0.152367
78.5 0.0407 0.152092
78.6 0.0409642 0.151742
78.7 0.0412694 0.151319
78.8 0.041613 0.150827
78.9 0.0419928 0.150268
79 0.0424062 0.149645
79.1 0.0428509 0.148963
79.2 0.0433247 0.148223
79.3 0.0438253 0.147429
79.4 0.0443504 0.146585
79.5 0.0448979 0.145694
79.6 0.0454658 0.144761
79.7 0.0460521 0.143788
79.8 0.0466547 0.142779
79.9 0.0472719 0.141737
80 0.0479018 0.140667
80.1 0.0485426 0.139572
80.2 0.0491926 0.138455
80.3 0.0498503 0.137318
80.4 0.0505141 0.136167
80.5 0.0511824 0.135003
80.6 0.0518538 0.13383
80.7 0.0525269 0.13265
80.8 0.0532003 0.131465
80.9 0.0538725 0.13028
81 0.0545424 0.129094
81.1 0.0552085 0.127912
81.2 0.0558695 0.126734
81.3 0.0565243 0.125562
81.4 0.0571714 0.124398
81.5 0.0578096 0.123243
81.6 0.0584376 0.122097
81.7 0.059054 0.120963
81.8 0.0596575 0.11984
81.9 0.0602466 0.11873
82 0.06082 0.117631
82.1 0.0613763 0.116545
82.2 0.0619138 0.115471
82.3 0.0624312 0.114409
82.4 0.0629267 0.113358
82.5 0.0633989 0.112319
82.6 0.063846 0.111289
82.7 0.0642663 0.110269
82.8 0.0646581 0.109257
82.9 0.0650196 0.108252
83 0.0653489 0.107253
83.1 0.0656443 0.106258
83.2 0.0659038 0.105267
83.3 0.0661255 0.104278
83.4 0.0663076 0.10329
83.5 0.0664481 0.102301
83.6 0.066545 0.101309
83.7 0.0665966 0.100313
83.8 0.0666009 0.0993128
83.9 0.0665561 0.0983057
84 0.0664603 0.0972906
84.1 0.0663118 0.0962665
84.2 0.0661089 0.0952321
84.3 0.06585 0.0941863
84.4 0.0655335 0.0931282
84.5 0.065158 0.0920568
84.6 0.0647222 0.0909715
84.7 0.0642249 0.0898715
84.8 0.0636649 0.0887565
84.9 0.0630413 0.0876261
85 0.0623534 0.08648
85.1 0.0616005 0.0853183
85.2 0.0607822 0.084141
85.3 0.0598982 0.0829484
85.4 0.0589484 0.081741
85.5 0.057933 0.0805194
85.6 0.0568522 0.0792842
85.7 0.0557066 0.0780365
85.8 0.0544969 0.0767772
85.9 0.0532241 0.0755076
86 0.0518894 0.0742291
86.1 0.0504942 0.0729432
86.2 0.0490401 0.0716514
86.3 0.0475289 0.0703557
86.4 0.0459629 0.0690577
86.5 0.0443441 0.0677596
86.6 0.0426753 0.0664635
86.7 0.040959 0.0651714
86.8 0.0391982 0.0638858
86.9 0.0373961 0.0626088
87 0.035556 0.061343
87.1 0.0336813 0.0600906
87.2 0.0317757 0.0588543
87.3 0.029843 0.0576365
87.4 0.0278872 0.0564397
87.5 0.0259125 0.0552664
87.6 0.0239229 0.0541191
87.7 0.0219229 0.0530003
87.8 0.0199168 0.0519123
87.9 0.0179092 0.0508576
88 0.0159045 0.0498385
88.1 0.0139074 0.0488573
88.2 0.0119224 0.0479161
88.3 0.00995424 0.0470169
88.4 0.00800744 0.0461619
88.5 0.00608659 0.0453528
88.6 0.00419623 0.0445914
88.7 0.00234083 0.0438794
88.8 0.000524775 0.0432182
88.9 -0.00124763 0.0426093
89 -0.00297219 0.0420539
89.1 -0.00464484 0.0415531
89.2 -0.00626167 0.0411078
89.3 -0.00781889 0.0407188
89.4 -0.00931289 0.0403867
89.5 -0.0107403 0.0401121
89.6 -0.0120978 0.0398951
89.7 -0.0133823 0.0397361
89.8 -0.0145912 0.039635
89.9 -0.0157217 0.0395916
90 -0.0167715 0.0396056
90.1 -0.0177384 0.0396766
90.2 -0.0186206 0.0398039
90.3 -0.0194163 0.0399868
90.4 -0.0201242 0.0402243
90.5 -0.0207431 0.0405155
90.6 -0.021272 0.040859
90.7 -0.0217104 0.0412536
90.8 -0.0220577 0.0416979
90.9 -0.0223138 0.0421902
91 -0.0224788 0.0427289
91.1 -0.022553 0.0433122
91.2 -0.0225369 0.0439381
91.3 -0.0224312 0.0446048
91.4 -0.0222371 0.04531
91.5 -0.0219555 0.0460516
91.6 -0.021588 0.0468273
91.7 -0.0211362 0.047635
91.8 -0.0206018 0.048472
91.9 -0.0199867 0.049336
92 -0.0192931 0.0502246
92.1 -0.0185231 0.051135
92.2 -0.0176793 0.0520649
92.3 -0.0167642 0.0530115
92.4 -0.0157803 0.0539722
92.5 -0.0147304 0.0549443
92.6 -0.0136174 0.0559251
92.7 -0.0124441 0.0569121
92.8 -0.0112135 0.0579023
92.9 -0.00992863 0.0588933
93 -0.00859262 0.0598822
93.1 -0.00720851 0.0608664
93.2 -0.00577945 0.0618432
93.3 -0.00430856 0.06281
93.4 -0.00279896 0.0637642
93.5 -0.00125379 0.0647032
93.6 0.000323868 0.0656243
93.7 0.00193093 0.0665252
93.8 0.00356435 0.0674032
93.9 0.00522115 0.068256
94 0.00689837 0.0690812
94.1 0.00859311 0.0698764
94.2 0.0103025 0.0706394
94.3 0.0120239 0.0713679
94.4 0.0137545 0.0720598
94.5 0.0154916 0.072713
94.6 0.0172328 0.0733253
94.7 0.0189755 0.073895
94.8 0.0207173 0.07442
94.9 0.0224559 0.0748987
95 0.024189 0.0753291
95.1 0.0259145 0.0757098
95.2 0.0276301 0.0760391
95.3 0.0293339 0.0763157
95.4 0.0310238 0.076538
95.5 0.0326981 0.0767048
95.6 0.0343547 0.076815
95.7 0.0359919 0.0768674
95.8 0.037608 0.076861
95.9 0.0392012 0.0767951
96 0.04077 0.0766687
96.1 0.0423126 0.0764814
96.2 0.0438277 0.0762324
96.3 0.0453135 0.0759214
96.4 0.0467686 0.0755481
96.5 0.0481916 0.0751122
96.6 0.0495809 0.0746138
96.7 0.0509351 0.0740527
96.8 0.0522528 0.0734292
96.9 0.0535326 0.0727436
97 0.0547731 0.0719963
97.1 0.0559728 0.0711878
97.2 0.0571303 0.0703188
97.3 0.0582444 0.06939
97.4 0.0593134 0.0684023
97.5 0.0603361 0.0673568
97.6 0.061311 0.0662546
97.7 0.0622368 0.065097
97.8 0.063112 0.0638852
97.9 0.0639352 0.0626209
98 0.064705 0.0613056
98.1 0.0654201 0.059941
98.2 0.066079 0.0585289
98.3 0.0666803 0.0570711
98.4 0.0672228 0.0555698
98.5 0.067705 0.0540269
98.6 0.0681257 0.0524447
98.7 0.0684835 0.0508253
98.8 0.0687772 0.0491712
98.9 0.0690057 0.0474846
99 0.0691677 0.045768
99.1 0.0692621 0.0440239
99.2 0.0692879 0.0422548
99.3 0.0692442 0.0404633
99.4 0.0691299 0.0386521
99.5 0.0689444 0.0368236
99.6 0.0686868 0.0349807
99.7 0.0683566 0.0331258
99.8 0.0679532 0.0312617
99.9 0.0674762 0.029391
100 0.0669253 0.0275163
100.1 0.0663004 0.0256403
100.2 0.0656014 0.0237654
100.3 0.0648284 0.0218943
100.4 0.0639817 0.0200294
100.5 0.0630616 0.0181731
100.6 0.0620688 0.0163278
100.7 0.061004 0.0144959
100.8 0.0598679 0.0126796
100.9 0.0586618 0.010881
101 0.0573867 0.0091022
101.1 0.0560442 0.00734526
101.2 0.0546357 0.00561205
101.3 0.053163 0.00390441
101.4 0.051628 0.00222404
101.5 0.0500329 0.000572588
101.6 0.0483799 -0.00104844
101.7 0.0466714 -0.0026376
101.8 0.0449101 -0.00419359
101.9 0.0430988 -0.00571517
102 0.0412403 -0.00720122
102.1 0.0393379 -0.00865073
102.2 0.0373947 -0.0100628
102.3 0.0354142 -0.0114365
102.4 0.0333999 -0.0127712
102.5 0.0313554 -0.0140662
102.6 0.0292846 -0.015321
102.7 0.0271913 -0.016535
102.8 0.0250796 -0.0177079
102.9 0.0229535 -0.0188394
103 0.0208173 -0.019929
103.1 0.0186751 -0.0209768
103.2 0.0165314 -0.0219823
103.3 0.0143903 -0.0229457
103.4 0.0122564 -0.0238667
103.5 0.010134 -0.0247453
103.6 0.00802748 -0.0255815
103.7 0.00594131 -0.0263752
103.8 0.00387985 -0.0271265
103.9 0.00184744 -0.0278353
104 -0.000151625 -0.0285016
104.1 -0.00211311 -0.0291254
104.2 -0.00403284 -0.0297067
104.3 -0.00590676 -0.0302452
104.4 -0.00773089 -0.030741
104.5 -0.00950138 -0.0311937
104.6 -0.0112145 -0.0316033
104.7 -0.0128667 -0.0319695
104.8 -0.0144544 -0.0322919
104.9 -0.0159746 -0.0325701
105 -0.0174239 -0.0328036
105.1 -0.0187996 -0.032992
105.2 -0.0200988 -0.0331346
105.3 -0.0213192 -0.0332307
105.4 -0.0224583 -0.0332796
105.5 -0.0235141 -0.0332804
105.6 -0.0244847 -0.0332323
105.7 -0.0253685 -0.0331342
105.8 -0.0261641 -0.032985
105.9 -0.0268703 -0.0327837
106 -0.0274863 -0.032529
106.1 -0.0280113 -0.0322196
106.2 -0.0284449 -0.0318543
106.3 -0.0287869 -0.0314315
106.4 -0.0290375 -0.0309499
106.5 -0.0291969 -0.0304081
106.6 -0.0292657 -0.0298044
106.7 -0.0292447 -0.0291374
106.8 -0.029135 -0.0284054
106.9 -0.0289378 -0.027607
107 -0.0286547 -0.0267406
107.1 -0.0282873 -0.0258047
107.2 -0.0278375 -0.0247976
107.3 -0.0273076 -0.0237181
107.4 -0.0266999 -0.0225645
107.5 -0.0260168 -0.0213357
107.6 -0.0252612 -0.0200302
107.7 -0.0244358 -0.0186468
107.8 -0.0235436 -0.0171846
107.9 -0.022588 -0.0156424
108 -0.021572 -0.0140195
108.1 -0.0204992 -0.012315
108.2 -0.0193731 -0.0105285
108.3 -0.0181973 -0.00865947
108.4 -0.0169754 -0.00670774
108.5 -0.0157113 -0.00467324
108.6 -0.0144088 -0.00255614
108.7 -0.0130716 -0.00035679
108.8 -0.0117037 0.00192422
108.9 -0.010309 0.00428608
109 -0.0088914 0.00672775
109.1 -0.00745465 0.00924791
109.2 -0.00600266 0.011845
109.3 -0.00453921 0.0145173
109.4 -0.00306805 0.0172626
109.5 -0.00159283 0.0200787
109.6 -0.000117166 0.0229628
109.7 0.00135545 0.0259122
109.8 0.00282162 0.0289235
109.9 0.00427804 0.0319935
110 0.00572156 0.0351183
110.1 0.00714913 0.038294
110.2 0.00855785 0.0415162
110.3 0.00994498 0.0447805
110.4 0.0113079 0.048082
110.5 0.0126442 0.0514157
110.6 0.0139516 0.0547763
110.7 0.0152279 0.0581582
110.8 0.0164714 0.0615556
110.9 0.0176801 0.0649627
111 0.0188526 0.0683731
111.1 0.0199874 0.0717806
111.2 0.0210833 0.0751785
111.3 0.0221394 0.0785602
111.4 0.0231548 0.0819189
111.5 0.0241288 0.0852475
111.6 0.025061 0.088539
111.7 0.025951 0.0917863
111.8 0.0267988 0.094982
111.9 0.0276044 0.098119
112 0.028368 0.10119
112.1 0.02909 0.104188
112.2 0.0297709 0.107105
112.3 0.0304114 0.109934
112.4 0.0310123 0.112669
112.5 0.0315747 0.115301
112.6 0.0320995 0.117825
112.7 0.0325881 0.120233
112.8 0.0330418 0.122518
112.9 0.0334619 0.124675
113 0.0338501 0.126697
113.1 0.0342079 0.128579
113.2 0.0345371 0.130313
113.3 0.0348394 0.131896
113.4 0.0351168 0.133321
113.5 0.035371 0.134585
113.6 0.035604 0.135682
113.7 0.0358179 0.136609
113.8 0.0360146 0.137362
113.9 0.0361961 0.137937
114 0.0363645 0.138332
114.1 0.0365218 0.138544
114.2 0.0366701 0.138572
114.3 0.0368114 0.138413
114.4 0.0369477 0.138067
114.5 0.037081 0.137533
114.6 0.0372132 0.136812
114.7 0.0373462 0.135902
114.8 0.037482 0.134807
114.9 0.0376222 0.133526
115 0.0377686 0.132062
115.1 0.037923 0.130417
115.2 0.0380869 0.128595
115.3 0.0382619 0.126598
115.4 0.0384495 0.124431
115.5 0.038651 0.122098
115.6 0.0388678 0.119604
115.7 0.0391011 0.116954
115.8 0.039352 0.114155
115.9 0.0396216 0.111212
116 0.0399108 0.108133
116.1 0.0402205 0.104924
116.2 0.0405515 0.101593
116.3 0.0409044 0.0981479
116.4 0.0412799 0.094597
116.5 0.0416783 0.0909487
116.6 0.0421002 0.0872119
116.7 0.0425457 0.0833959
116.8 0.0430152 0.0795098
116.9 0.0435086 0.0755634
117 0.0440261 0.0715663
117.1 0.0445675 0.0675285
117.2 0.0451327 0.0634601
117.3 0.0457213 0.0593711
117.4 0.0463332 0.0552716
117.5 0.0469678 0.051172
117.6 0.0476246 0.0470824
117.7 0.0483031 0.0430129
117.8 0.0490025 0.0389736
117.9 0.0497221 0.0349743
118 0.0504611 0.031025
118.1 0.0512186 0.027135
118.2 0.0519936 0.023314
118.3 0.0527851 0.0195709
118.4 0.053592 0.0159146
118.5 0.054413 0.0123536
118.6 0.0552471 0.00889624
118.7 0.0560928 0.0055502
118.8 0.0569489 0.00232293
118.9 0.0578139 -0.000778569
119 0.0586864 -0.00374775
119.1 0.0595649 -0.00657854
119.2 0.0604479 -0.00926536
119.3 0.0613337 -0.0118031
119.4 0.0622208 -0.0141873
119.5 0.0631075 -0.016414
119.6 0.0639921 -0.0184796
119.7 0.064873 -0.0203814
119.8 0.0657482 -0.0221171
119.9 0.0666161 -0.0236849
120 0.0674749 -0.0250837
120.1 0.0683227 -0.0263131
120.2 0.0691578 -0.0273731
120.3 0.0699783 -0.0282644
120.4 0.0707824 -0.0289882
120.5 0.0715682 -0.0295464
120.6 0.0723339 -0.0299413
120.7 0.0730776 -0.030176
120.8 0.0737976 -0.0302538
120.9 0.0744919 -0.0301788
121 0.075159 -0.0299556
121.1 0.0757968 -0.0295891
121.2 0.0764038 -0.0290847
121.3 0.0769782 -0.0284485
121.4 0.0775184 -0.0276867
121.5 0.0780226 -0.026806
121.6 0.0784894 -0.0258135
121.7 0.0789171 -0.0247165
121.8 0.0793043 -0.0235227
121.9 0.0796496 -0.0222401
122 0.0799516 -0.0208767
122.1 0.080209 -0.0194408
122.2 0.0804206 -0.0179411
122.3 0.0805853 -0.016386
122.4 0.080702 -0.0147842
122.5 0.0807696 -0.0131444
122.6 0.0807874 -0.0114753
122.7 0.0807546 -0.00978569
122.8 0.0806704 -0.00808404
122.9 0.0805342 -0.00637887
123 0.0803456 -0.00467855
123.1 0.0801042 -0.00299122
123.2 0.0798096 -0.00132485
123.3 0.0794618 0.000312853
123.4 0.0790606 0.00191447
123.5 0.0786061 0.00347287
123.6 0.0780985 0.00498127
123.7 0.077538 0.00643325
123.8 0.0769251 0.00782278
123.9 0.0762603 0.00914424
124 0.0755443 0.0103924
124.1 0.0747777 0.0115626
124.2 0.0739614 0.0126506
124.3 0.0730964 0.0136525
124.4 0.0721838 0.014565
124.5 0.0712248 0.0153855
124.6 0.0702206 0.0161115
124.7 0.0691727 0.0167415
124.8 0.0680825 0.0172741
124.9 0.0669517 0.0177086
125 0.0657818 0.0180449
125.1 0.0645747 0.0182832
125.2 0.0633322 0.0184245
125.3 0.0620562 0.0184699
125.4 0.0607485 0.0184215
125.5 0.0594114 0.0182814
125.6 0.0580468 0.0180523
125.7 0.0566569 0.0177375
125.8 0.0552438 0.0173406
125.9 0.0538097 0.0168654
126 0.0523569 0.0163165
126.1 0.0508875 0.0156984
126.2 0.0494039 0.0150163
126.3 0.0479083 0.0142754
126.4 0.0464029 0.0134812
126.5 0.04489 0.0126397
126.6 0.0433717 0.0117567
126.7 0.0418503 0.0108384
126.8 0.040328 0.0098912
126.9 0.0388067 0.00892142
127 0.0372886 0.00793554
127.1 0.0357757 0.00694005
127.2 0.0342699 0.00594147
127.3 0.0327732 0.00494625
127.4 0.0312873 0.00396081
127.5 0.029814 0.00299146
127.6 0.0283548 0.00204439
127.7 0.0269115 0.00112562
127.8 0.0254854 0.00024101
127.9 0.024078 -0.000603816
128 0.0226906 -0.00140346
128.1 0.0213242 -0.00215279
128.2 0.0199801 -0.00284695
128.3 0.0186592 -0.00348142
128.4 0.0173624 -0.00405198
128.5 0.0160905 -0.00455476
128.6 0.0148442 -0.00498628
128.7 0.0136241 -0.00534339
128.8 0.0124306 -0.00562338
128.9 0.0112641 -0.0058239
129 0.0101249 -0.00594302
129.1 0.00901323 -0.00597921
129.2 0.00792917 -0.00593139
129.3 0.00687273 -0.00579886
129.4 0.00584384 -0.00558136
129.5 0.00484235 -0.00527903
129.6 0.00386803 -0.00489242
129.7 0.00292059 -0.0044225
129.8 0.00199968 -0.00387062
129.9 0.00110486 -0.00323851
130 0.000235656 -0.00252828
130.1 -0.000608444 -0.00174239
130.2 -0.00142801 -0.000883661
130.3 -0.00222365 4.47874e-05
130.4 -0.002996 0.00103951
130.5 -0.00374571 0.0020968
130.6 -0.00447346 0.00321264
130.7 -0.00517995 0.00438283
130.8 -0.00586586 0.00560289
130.9 -0.00653191 0.00686818
131 -0.00717878 0.00817388
131.1 -0.00780715 0.00951502
131.2 -0.0084177 0.0108865
131.3 -0.00901108 0.0122831
131.4 -0.0095879 0.0136997
131.5 -0.0101488 0.0151308
131.6 -0.0106943 0.0165712
131.7 -0.0112249 0.0180155
131.8 -0.0117411 0.0194585
131.9 -0.0122434 0.0208949
132 -0.0127322 0.0223196
132.1 -0.0132078 0.0237275
132.2 -0.0136705 0.0251136
132.3 -0.0141205 0.0264732
132.4 -0.0145582 0.0278016
132.5 -0.0149835 0.0290944
132.6 -0.0153967 0.0303473
132.7 -0.0157977 0.0315563
132.8 -0.0161867 0.0327176
132.9 -0.0165634 0.0338276
133 -0.0169279 0.0348831
133.1 -0.0172799 0.0358808
133.2 -0.0176193 0.0368182
133.3 -0.017946 0.0376927
133.4 -0.0182595 0.0385022
133.5 -0.0185597 0.0392446
133.6 -0.0188462 0.0399184
133.7 -0.0191186 0.0405224
133.8 -0.0193767 0.0410554
133.9 -0.0196199 0.0415168
134 -0.019848 0.0419061
134.1 -0.0200605 0.0422232
134.2 -0.020257 0.0424682
134.3 -0.020437 0.0426416
134.4 -0.0206003 0.042744
134.5 -0.0207463 0.0427765
134.6 -0.0208748 0.0427401
134.7 -0.0209853 0.0426363
134.8 -0.0210775 0.0424668
134.9 -0.0211511 0.0422334
135 -0.0212059 0.0419382
135.1 -0.0212415 0.0415835
135.2 -0.0212577 0.0411717
135.3 -0.0212544 0.0407053
135.4 -0.0212315 0.040187
135.5 -0.0211889 0.0396197
135.6 -0.0211266 0.0390064
135.7 -0.0210445 0.03835
135.8 -0.0209428 0.0376536
135.9 -0.0208215 0.0369205
136 -0.020681 0.0361539
136.1 -0.0205213 0.0353569
136.2 -0.0203428 0.0345328
136.3 -0.0201459 0.0336849
136.4 -0.019931 0.0328164
136.5 -0.0196985 0.0319304
136.6 -0.0194489 0.0310303
136.7 -0.0191829 0.0301189
136.8 -0.0189009 0.0291994
136.9 -0.0186038 0.0282747
137 -0.0182922 0.0273477
137.1 -0.0179668 0.0264211
137.2 -0.0176285 0.0254976
137.3 -0.0172781 0.0245797
137.4 -0.0169164 0.0236698
137.5 -0.0165443 0.0227702
137.6 -0.0161628 0.021883
137.7 -0.0157728 0.0210103
137.8 -0.0153753 0.0201538
137.9 -0.0149712 0.0193154
138 -0.0145615 0.0184966
138.1 -0.0141472 0.0176988
138.2 -0.0137293 0.0169232
138.3 -0.0133088 0.016171
138.4 -0.0128866 0.0154432
138.5 -0.0124637 0.0147406
138.6 -0.012041 0.0140638
138.7 -0.0116196 0.0134134
138.8 -0.0112002 0.0127899
138.9 -0.0107838 0.0121934
139 -0.0103712 0.0116242
139.1 -0.00996319 0.0110822
139.2 -0.0095606 0.0105673
139.3 -0.00916415 0.0100794
139.4 -0.00877452 0.00961819
139.5 -0.00839237 0.00918319
139.6 -0.00801829 0.00877395
139.7 -0.00765284 0.00838988
139.8 -0.00729653 0.00803033
139.9 -0.0069498 0.00769457
140 -0.00661307 0.00738182
140.1 -0.00628667 0.00709124
140.2 -0.00597092 0.00682194
140.3 -0.00566605 0.00657298
140.4 -0.00537225 0.00634342
140.5 -0.00508968 0.00613225
140.6 -0.00481843 0.00593846
140.7 -0.00455853 0.00576104
140.8 -0.00430998 0.00559895
140.9 -0.00407273 0.00545114
141 -0.0038467 0.00531661
141.1 -0.00363174 0.00519431
141.2 -0.00342767 0.00508323
141.3 -0.00323429 0.0049824
141.4 -0.00305134 0.00489083
141.5 -0.00287855 0.00480759
141.6 -0.00271561 0.00473176
141.7 -0.00256217 0.00466246
141.8 -0.00241789 0.00459884
141.9 -0.00228239 0.0045401
142 -0.00215527 0.00448546
142.1 -0.00203612 0.00443421
142.2 -0.00192452 0.00438565
142.3 -0.00182004 0.00433916
142.4 -0.00172226 0.00429413
142.5 -0.00163073 0.00425003
142.6 -0.00154502 0.00420633
142.7 -0.0014647 0.0041626
142.8 -0.00138935 0.00411841
142.9 -0.00131856 0.00407341
143 -0.00125192 0.00402725
143.1 -0.00118903 0.00397967
143.2 -0.00112953 0.00393042
143.3 -0.00107305 0.00387931
143.4 -0.00101926 0.00382617
143.5 -0.00096783 0.00377087
143.6 -0.00091847 0.00371333
143.7 -0.000870901 0.00365349
143.8 -0.00082487 0.00359132
143.9 -0.000780148 0.00352683
144 -0.000736531 0.00346004
