-0.996 0.00035246 0.000206808
-0.992 0.00125643 0.000812564
-0.988 0.00241608 0.00162877
-0.984 0.00352667 0.00235873
-0.98 0.00436313 0.00277695
-0.976 0.00481405 0.00288074
-0.972 0.00482791 0.00293973
-0.968 0.00427751 0.00340831
-0.964 0.00279746 0.00471942
-0.96 -0.000313252 0.00702801
-0.956 -0.00602796 0.00999976
-0.952 -0.0153126 0.0127406
-0.948 -0.0286523 0.0139352
-0.944 -0.0455018 0.0122104
-0.94 -0.0638556 0.00666776
-0.936 -0.0801593 -0.00254985
-0.932 -0.0897341 -0.0138516
-0.928 -0.0877525 -0.0241527
-0.924 -0.0706201 -0.0293224
-0.92 -0.0374359 -0.0251297
-0.916 0.0089191 -0.00854043
-0.912 0.0615095 0.0209132
-0.908 0.110194 0.0600448
-0.904 0.143618 0.101572
-0.9 0.152031 0.134612
-0.896 0.130271 0.146266
-0.892 0.0800587 0.124168
-0.888 0.0107731 0.0596076
-0.884 -0.0618217 -0.0494316
-0.88 -0.118913 -0.196129
-0.876 -0.143422 -0.364265
-0.872 -0.125105 -0.529675
-0.868 -0.0645463 -0.663689
-0.864 0.0252574 -0.738094
-0.86 0.120567 -0.730752
-0.856 0.191883 -0.630728
-0.852 0.211408 -0.441779
-0.848 0.1613 -0.183198
-0.844 0.0405855 0.11249
-0.84 -0.131426 0.404879
-0.836 -0.316729 0.653194
-0.832 -0.465571 0.824502
-0.828 -0.527744 0.900822
-0.824 -0.465853 0.883422
-0.82 -0.26739 0.793121
-0.816 0.0477114 0.666223
-0.812 0.42661 0.546664
-0.808 0.791292 0.47584
-0.804 1.05367 0.482196
-0.8 1.13524 0.572855
-0.796 0.986992 0.729294
-0.792 0.604686 0.908395
-0.788 0.0353505 1.04916
-0.784 -0.627579 1.08419
-0.78 -1.26036 0.953974
-0.776 -1.73355 0.621089
-0.772 -1.94013 0.0812325
-0.768 -1.82089 -0.631584
-0.764 -1.3811 -1.44724
-0.76 -0.694084 -2.26903
-0.756 0.110143 -2.98883
-0.752 0.869596 -3.50523
-0.748 1.42376 -3.741
-0.744 1.64889 -3.65703
-0.74 1.48741 -3.25985
-0.736 0.964276 -2.60116
-0.732 0.185955 -1.76909
-0.728 -0.678987 -0.872427
-0.724 -1.43413 -0.0206799
-0.72 -1.89733 0.695881
-0.716 -1.94149 1.22184
-0.712 -1.52486 1.54456
-0.708 -0.703754 1.69295
-0.704 0.375523 1.72776
-0.7 1.50459 1.72576
-0.696 2.45523 1.7609
-0.692 3.02752 1.88591
-0.688 3.09367 2.1176
-0.684 2.62802 2.42916
-0.68 1.7161 2.75193
-0.676 0.539867 2.98774
-0.672 -0.658634 3.03001
-0.668 -1.62801 2.78934
-0.664 -2.16211 2.21746
-0.66 -2.14643 1.32374
-0.656 -1.5857 0.180413
-0.652 -0.605936 -1.08433
-0.648 0.570609 -2.30414
-0.644 1.67248 -3.30018
-0.64 2.43837 -3.91116
-0.636 2.67593 -4.023
-0.632 2.30728 -3.59287
-0.628 1.39107 -2.66204
-0.624 0.115719 -1.35373
-0.62 -1.23626 0.144873
-0.616 -2.34674 1.61317
-0.612 -2.93212 2.83437
-0.608 -2.81013 3.6322
-0.604 -1.94763 3.90064
-0.6 -0.476951 3.62209
-0.596 1.32472 2.87063
-0.592 3.08939 1.79943
-0.588 4.43404 0.61337
-0.584 5.04114 -0.468604
-0.58 4.72674 -1.25436
-0.576 3.48146 -1.61422
-0.572 1.4762 -1.50414
-0.568 -0.969282 -0.972524
-0.564 -3.44904 -0.150097
-0.56 -5.55236 0.774675
-0.556 -6.94654 1.59036
-0.552 -7.44243 2.10211
-0.548 -7.02772 2.16926
-0.544 -5.86067 1.73375
-0.54 -4.22679 0.832888
-0.536 -2.46966 -0.406785
-0.532 -0.913026 -1.79371
-0.528 0.207741 -3.10827
-0.524 0.789345 -4.14487
-0.52 0.870137 -4.75079
-0.516 0.604386 -4.85462
-0.512 0.208811 -4.47857
-0.508 -0.103862 -3.73191
-0.504 -0.185968 -2.78567
-0.5 0.00620152 -1.8336
-0.496 0.406093 -1.04801
-0.492 0.864225 -0.541055
-0.488 1.20071 -0.340897
-0.484 1.2676 -0.388052
-0.48 1.00293 -0.552618
-0.476 0.460479 -0.668554
-0.472 -0.194629 -0.578194
-0.468 -0.724846 -0.177983
-0.464 -0.884531 0.544823
-0.46 -0.492674 1.49449
-0.456 0.506067 2.4753
-0.452 2.00972 3.22759
-0.448 3.76705 3.48557
-0.444 5.42555 3.0446
-0.44 6.60931 1.82222
-0.436 7.00877 -0.1021
-0.432 6.461 -2.47983
-0.428 4.99963 -4.9232
-0.424 2.86051 -6.96886
-0.42 0.439 -8.16441
-0.416 -1.79278 -8.16066
-0.412 -3.38989 -6.7902
-0.408 -4.03458 -4.11481
-0.404 -3.60797 -0.430544
-0.4 -2.21637 3.77244
-0.396 -0.167208 7.88961
-0.392 2.09803 11.3085
-0.388 4.09618 13.523
-0.384 5.39828 14.2335
-0.38 5.70829 13.4091
-0.376 4.91087 11.296
-0.372 3.08229 8.36577
-0.368 0.466969 5.21431
-0.364 -2.57188 2.43522
-0.36 -5.61537 0.496788
-0.356 -8.25234 -0.350309
-0.352 -10.1311 -0.11718
-0.348 -10.992 0.933423
-0.344 -10.6817 2.3477
-0.34 -9.15467 3.58016
-0.336 -6.47351 4.11346
-0.332 -2.81509 3.57535
-0.328 1.5185 1.82729
-0.324 6.09437 -0.996652
-0.32 10.3636 -4.51125
-0.316 13.7077 -8.15788
-0.312 15.5189 -11.3201
-0.308 15.3049 -13.4503
-0.304 12.7988 -14.1792
-0.3 8.05287 -13.3868
-0.296 1.49182 -11.2226
-0.292 -6.09625 -8.07295
-0.288 -13.6442 -4.48468
-0.284 -19.9663 -1.05886
-0.28 -23.973 1.66461
-0.276 -24.898 3.31064
-0.272 -22.4839 3.74008
-0.268 -17.0737 3.07266
-0.264 -9.58055 1.65489
-0.26 -1.33298 -0.0209234
-0.256 6.17189 -1.42818
-0.252 11.5594 -2.12142
-0.248 13.8531 -1.82931
-0.244 12.6801 -0.506807
-0.24 8.36125 1.6595
-0.236 1.86157 4.28838
-0.232 -5.39605 6.87312
-0.228 -11.8223 8.87144
-0.224 -15.9969 9.80436
-0.22 -16.9733 9.34978
-0.216 -14.4798 7.41332
-0.212 -8.96958 4.1593
-0.208 -1.50884 -0.00881141
-0.204 6.46785 -4.51701
-0.2 13.4716 -8.72514
-0.196 18.2685 -12.0456
-0.192 20.1158 -14.0535
-0.188 18.8794 -14.5683
-0.184 15.02 -13.689
-0.18 9.46016 -11.7742
-0.176 3.36874 -9.36469
-0.172 -2.08829 -7.06011
-0.168 -5.97984 -5.37822
-0.164 -7.77457 -4.6294
-0.16 -7.40464 -4.84022
-0.156 -5.21878 -5.74563
-0.152 -1.84558 -6.85153
-0.148 1.98656 -7.55293
-0.144 5.618 -7.28197
-0.14 8.57151 -5.65509
-0.136 10.5935 -2.58823
-0.132 11.6314 1.64806
-0.128 11.7724 6.45308
-0.124 11.1703 11.0039
-0.12 9.98185 14.429
-0.116 8.32551 16.0102
-0.112 6.27068 15.3638
-0.108 3.85907 12.5544
-0.104 1.15089 8.11128
-0.1 -1.724 2.93876
-0.096 -4.53662 -1.86276
-0.092 -6.97283 -5.22765
-0.088 -8.6948 -6.35701
-0.084 -9.43237 -4.89862
-0.08 -9.07209 -1.03273
-0.076 -7.712 4.55714
-0.072 -5.66299 10.8231
-0.068 -3.39539 16.5714
-0.064 -1.44367 20.7137
-0.06 -0.291151 22.4935
-0.056 -0.261107 21.6387
-0.052 -1.44032 18.4002
-0.048 -3.65609 13.4716
-0.044 -6.51475 7.81166
-0.04 -9.49245 2.41901
-0.036 -12.0529 -1.88042
-0.032 -13.759 -4.58359
-0.028 -14.3504 -5.5706
-0.024 -13.7715 -5.07405
-0.02 -12.1509 -3.57602
-0.016 -9.74437 -1.66159
-0.012 -6.85599 0.136924
-0.008 -3.76132 1.46913
-0.004 -0.652603 2.2362
0 2.37689 2.5808
0.004 5.30713 2.7999
0.008 8.13656 3.20835
0.012 10.8241 3.99923
0.016 13.2509 5.14703
0.02 15.2196 6.38392
0.024 16.4915 7.25499
0.028 16.8501 7.23514
0.032 16.1718 5.8769
0.036 14.4854 2.95417
0.04 12.0014 -1.43251
0.044 9.09744 -6.81913
0.048 6.25637 -12.4298
0.052 3.96728 -17.3167
0.056 2.61495 -20.5635
0.06 2.38958 -21.5032
0.064 3.24226 -19.8913
0.068 4.89724 -15.9871
0.072 6.91555 -10.5183
0.076 8.79251 -4.53644
0.08 10.0655 0.801894
0.084 10.4076 4.47859
0.088 9.68595 5.82776
0.092 7.96989 4.6728
0.096 5.48793 1.35693
0.1 2.54973 -3.33937
0.104 -0.538042 -8.37426
0.108 -3.53123 -12.6724
0.112 -6.26569 -15.3525
0.116 -8.63581 -15.9037
0.12 -10.5536 -14.2732
0.124 -11.9129 -10.8496
0.128 -12.5761 -6.34847
0.132 -12.3891 -1.63289
0.136 -11.2218 2.48728
0.14 -9.02606 5.42722
0.144 -5.8998 6.93312
0.148 -2.13847 7.10482
0.152 1.75115 6.3385
0.156 5.09739 5.20935
0.16 7.17848 4.32243
0.164 7.38792 4.1639
0.168 5.40851 4.98349
0.172 1.34152 6.73436
0.176 -4.25357 9.08458
0.18 -10.4283 11.4977
0.184 -16.0129 13.3618
0.188 -19.8472 14.1328
0.192 -21.0273 13.4586
0.196 -19.1153 11.2555
0.2 -14.2668 7.72694
0.204 -7.24102 3.32388
0.208 0.719875 -1.34012
0.212 8.12706 -5.60363
0.216 13.5531 -8.87972
0.22 15.9436 -10.7627
0.224 14.859 -11.0976
0.228 10.5835 -9.99822
0.232 4.07317 -7.81332
0.236 -3.24607 -5.05146
0.24 -9.78359 -2.28249
0.244 -14.1185 -0.0340729
0.248 -15.2896 1.30167
0.252 -12.9805 1.53893
0.256 -7.56806 0.734706
0.26 -0.0310504 -0.819049
0.264 8.25478 -2.6516
0.268 15.7924 -4.21097
0.272 21.2537 -4.98371
0.276 23.7269 -4.60942
0.28 22.8695 -2.96327
0.284 18.9392 -0.187696
0.288 12.7013 3.33227
0.292 5.24244 7.04275
0.296 -2.25656 10.3273
0.3 -8.73586 12.6248
0.304 -13.4159 13.5368
0.308 -15.8806 12.905
0.312 -16.0842 10.8442
0.316 -14.2962 7.72273
0.32 -11.0067 4.09115
0.324 -6.81502 0.572923
0.328 -2.32594 -2.26297
0.332 1.92867 -4.01863
0.336 5.53358 -4.54657
0.34 8.20139 -3.97331
0.344 9.7637 -2.6629
0.348 10.1581 -1.13045
0.352 9.42172 0.0734305
0.356 7.69274 0.482485
0.36 5.21133 -0.184268
0.364 2.30961 -1.95918
0.368 -0.617857 -4.6124
0.372 -3.16307 -7.69246
0.376 -4.96663 -10.6156
0.38 -5.78082 -12.7867
0.384 -5.52022 -13.725
0.388 -4.28748 -13.1667
0.392 -2.36508 -11.1187
0.396 -0.170211 -7.85548
0.4 1.82226 -3.86061
0.404 3.17482 0.268402
0.408 3.58006 3.93215
0.412 2.92864 6.63539
0.416 1.33508 8.06863
0.42 -0.887052 8.15199
0.424 -3.29526 7.0345
0.428 -5.41731 5.0506
0.432 -6.85511 2.64416
0.436 -7.36839 0.277022
0.44 -6.91903 -1.65836
0.444 -5.66724 -2.90465
0.448 -3.92286 -3.37222
0.452 -2.06585 -3.13467
0.456 -0.456038 -2.39124
0.46 0.645859 -1.40673
0.464 1.12776 -0.443887
0.468 1.03599 0.295859
0.472 0.545005 0.710517
0.476 -0.102604 0.808109
0.48 -0.668442 0.69054
0.484 -0.982734 0.517523
0.488 -0.98392 0.460385
0.492 -0.724091 0.656111
0.496 -0.340698 1.17092
0.5 -0.00409403 1.9807
0.504 0.143295 2.97285
0.508 0.0383936 3.9694
0.512 -0.275654 4.76663
0.516 -0.6555 5.18142
0.52 -0.895514 5.09325
0.524 -0.787405 4.47236
0.528 -0.185037 3.38825
0.532 0.943602 1.99798
0.536 2.49177 0.516914
0.54 4.22413 -0.82196
0.544 5.8204 -1.81266
0.548 6.94334 -2.31586
0.552 7.31551 -2.28535
0.556 6.7869 -1.77571
0.56 5.37653 -0.929891
0.564 3.27705 0.0499264
0.568 0.820357 0.941586
0.572 -1.58814 1.54456
0.576 -3.5514 1.71681
0.58 -4.76026 1.40096
0.584 -5.05373 0.635554
0.588 -4.44799 -0.45132
0.592 -3.12916 -1.66541
0.596 -1.41165 -2.78271
0.6 0.329115 -3.59145
0.604 1.73569 -3.93116
0.608 2.54203 -3.72112
0.612 2.62525 -2.97382
0.616 2.02423 -1.79197
0.62 0.922105 -0.350271
0.624 -0.401662 1.13467
0.628 -1.63711 2.4414
0.632 -2.51199 3.38105
0.636 -2.84791 3.82814
0.64 -2.59369 3.73869
0.644 -1.83048 3.15264
0.648 -0.749002 2.18139
0.652 0.395562 0.984165
0.656 1.34089 -0.261453
0.66 1.8747 -1.38944
0.664 1.87959 -2.27125
0.668 1.35602 -2.83385
0.672 0.419325 -3.06697
0.676 -0.727967 -3.01809
0.68 -1.84155 -2.77609
0.684 -2.68832 -2.44735
0.688 -3.09528 -2.13017
0.692 -2.98418 -1.89348
0.696 -2.38516 -1.76445
0.7 -1.42717 -1.72647
0.704 -0.308119 -1.72682
0.708 0.748273 -1.69127
0.712 1.53948 -1.54261
0.716 1.92525 -1.21952
0.72 1.85436 -0.69249
0.724 1.37212 0.0263762
0.728 0.607294 0.882031
0.732 -0.257897 1.78429
0.736 -1.02812 2.6234
0.74 -1.53646 3.28994
0.744 -1.67825 3.69486
0.748 -1.43017 3.78535
0.752 -0.851311 3.55382
0.756 -0.0668845 3.03848
0.76 0.761023 2.3159
0.764 1.46867 1.48735
0.768 1.92415 0.661194
0.772 2.05238 -0.0651383
0.776 1.84668 -0.620443
0.78 1.36573 -0.96946
0.784 0.717117 -1.11529
0.788 0.0321093 -1.0944
0.792 -0.562644 -0.965702
0.796 -0.970138 -0.796281
0.8 -1.13974 -0.647035
0.804 -1.07271 -0.56103
0.808 -0.816271 -0.556695
0.812 -0.448642 -0.626755
0.816 -0.0591609 -0.742607
0.82 0.27167 -0.862788
0.824 0.487817 -0.943508
0.828 0.566114 -0.948901
0.832 0.516432 -0.858924
0.836 0.374586 -0.673379
0.84 0.190456 -0.411498
0.844 0.0146062 -0.107449
0.848 -0.11335 0.196989
0.852 -0.172175 0.460827
0.856 -0.161054 0.651497
0.86 -0.0965088 0.75019
0.864 -0.0056418 0.754046
0.868 0.0821454 0.675111
0.872 0.142746 0.536625
0.876 0.162523 0.367675
0.88 0.14017 0.19745
0.884 0.0852791 0.0502193
0.888 0.0144421 -0.0580666
0.892 -0.0538049 -0.121113
0.896 -0.10378 -0.141565
0.9 -0.126037 -0.128702
0.904 -0.118708 -0.0952746
0.908 -0.0867873 -0.0543155
0.912 -0.0398768 -0.0165783
0.916 0.010781 0.0109845
0.92 0.0551257 0.0256222
0.924 0.08629 0.0282269
0.928 0.101463 0.0221396
0.932 0.101619 0.0117123
0.936 0.0904216 0.000996653
0.94 0.0727427 -0.00716128
0.944 0.0532639 -0.0114893
0.948 0.0354976 -0.0121506
0.952 0.0213736 -0.0102601
0.956 0.0113519 -0.00727702
0.96 0.00488003 -0.00447441
0.964 0.000963609 -0.00261362
0.968 -0.0013532 -0.00186255
0.972 -0.00271749 -0.00192092
0.976 -0.00342613 -0.00226754
0.98 -0.0035491 -0.00242599
0.984 -0.00311211 -0.00215501
0.988 -0.00223899 -0.00150658
0.992 -0.00119651 -0.000746695
0.996 -0.000339723 -0.000186046
0.1 -0.0163269 0.0137447
0.2 -0.0157072 0.0139684
0.3 -0.0146751 0.0143407
0.4 -0.0132317 0.0148611
0.5 -0.0113786 0.0155286
0.6 -0.00911771 0.016342
0.7 -0.0064515 0.0172999
0.8 -0.00338287 0.0184006
0.9 8.48308e-05 0.0196422
1 0.00394777 0.0210227
1.1 0.00820166 0.0225396
1.2 0.0128417 0.0241905
1.3 0.0178627 0.0259725
1.4 0.0232588 0.027883
1.5 0.0290239 0.0299187
1.6 0.0351511 0.0320765
1.7 0.0416332 0.0343531
1.8 0.0484625 0.036745
1.9 0.0556305 0.0392488
2 0.0631286 0.0418609
2.1 0.0709474 0.0445776
2.2 0.079077 0.0473952
2.3 0.087507 0.0503101
2.4 0.0962266 0.0533186
2.5 0.105224 0.0564169
2.6 0.114489 0.0596015
2.7 0.124007 0.0628688
2.8 0.133766 0.0662153
2.9 0.143752 0.0696375
3 0.153953 0.0731321
3.1 0.164354 0.0766959
3.2 0.174939 0.080326
3.3 0.185695 0.0840193
3.4 0.196606 0.087773
3.5 0.207657 0.0915847
3.6 0.21883 0.0954519
3.7 0.230111 0.0993724
3.8 0.241483 0.103344
3.9 0.252929 0.107365
4 0.264433 0.111434
4.1 0.275977 0.11555
4.2 0.287546 0.119711
4.3 0.299123 0.123916
4.4 0.31069 0.128164
4.5 0.322231 0.132456
4.6 0.33373 0.13679
4.7 0.34517 0.141167
4.8 0.356536 0.145586
4.9 0.367812 0.150048
5 0.378983 0.154553
5.1 0.390033 0.159102
5.2 0.400949 0.163696
5.3 0.411717 0.168334
5.4 0.422323 0.173019
5.5 0.432754 0.177752
5.6 0.443 0.182533
5.7 0.453048 0.187363
5.8 0.462887 0.192245
5.9 0.472509 0.197179
6 0.481904 0.202167
6.1 0.491064 0.207211
6.2 0.499981 0.21231
6.3 0.508649 0.217467
6.4 0.517063 0.222683
6.5 0.525218 0.227959
6.6 0.53311 0.233296
6.7 0.540737 0.238695
6.8 0.548096 0.244156
6.9 0.555187 0.24968
7 0.562009 0.255267
7.1 0.568563 0.260917
7.2 0.574851 0.266631
7.3 0.580875 0.272408
7.4 0.586639 0.278247
7.5 0.592146 0.284147
7.6 0.597402 0.290107
7.7 0.602412 0.296126
7.8 0.607182 0.302201
7.9 0.611718 0.308331
8 0.616028 0.314513
8.1 0.62012 0.320744
8.2 0.624002 0.327021
8.3 0.627682 0.33334
8.4 0.631169 0.339698
8.5 0.634473 0.34609
8.6 0.637602 0.352511
8.7 0.640566 0.358957
8.8 0.643375 0.365422
8.9 0.646037 0.371901
9 0.648562 0.378387
9.1 0.65096 0.384874
9.2 0.653239 0.391356
9.3 0.655407 0.397826
9.4 0.657474 0.404276
9.5 0.659447 0.410699
9.6 0.661333 0.417088
9.7 0.663139 0.423434
9.8 0.664872 0.42973
9.9 0.666538 0.435966
10 0.668142 0.442135
10.1 0.669687 0.448229
10.2 0.671178 0.454237
10.3 0.672618 0.460152
10.4 0.674009 0.465965
10.5 0.675352 0.471667
10.6 0.676649 0.477249
10.7 0.677898 0.482701
10.8 0.679098 0.488017
10.9 0.680249 0.493186
11 0.681347 0.4982
11.1 0.68239 0.50305
11.2 0.683372 0.507729
11.3 0.684289 0.512228
11.4 0.685135 0.51654
11.5 0.685905 0.520656
11.6 0.686591 0.524569
11.7 0.687185 0.528273
11.8 0.687681 0.531759
11.9 0.688069 0.535023
12 0.68834 0.538057
12.1 0.688485 0.540857
12.2 0.688495 0.543416
12.3 0.688359 0.545729
12.4 0.688068 0.547793
12.5 0.687611 0.549603
12.6 0.686978 0.551155
12.7 0.686159 0.552446
12.8 0.685145 0.553474
12.9 0.683924 0.554236
13 0.682488 0.554731
13.1 0.680826 0.554956
13.2 0.678931 0.554911
13.3 0.676793 0.554597
13.4 0.674405 0.554012
13.5 0.671759 0.553158
13.6 0.668848 0.552035
13.7 0.665666 0.550645
13.8 0.662208 0.548991
13.9 0.658469 0.547074
14 0.654445 0.544898
14.1 0.650133 0.542465
14.2 0.645532 0.53978
14.3 0.64064 0.536846
14.4 0.635458 0.533669
14.5 0.629986 0.530252
14.6 0.624225 0.526602
14.7 0.61818 0.522724
14.8 0.611854 0.518624
14.9 0.605252 0.514308
15 0.598379 0.509783
15.1 0.591243 0.505055
15.2 0.583852 0.500132
15.3 0.576215 0.49502
15.4 0.568341 0.489728
15.5 0.560242 0.484264
15.6 0.551928 0.478634
15.7 0.543413 0.472848
15.8 0.534709 0.466913
15.9 0.525831 0.460838
16 0.516793 0.45463
16.1 0.507611 0.4483
16.2 0.4983 0.441855
16.3 0.488877 0.435304
16.4 0.479358 0.428655
16.5 0.469761 0.421918
16.6 0.460102 0.415101
16.7 0.450401 0.408212
16.8 0.440674 0.401262
16.9 0.43094 0.394257
17 0.421216 0.387207
17.1 0.411521 0.38012
17.2 0.401872 0.373006
17.3 0.392287 0.365871
17.4 0.382783 0.358725
17.5 0.373378 0.351575
17.6 0.364088 0.344431
17.7 0.354928 0.337299
17.8 0.345916 0.330187
17.9 0.337066 0.323104
18 0.328392 0.316056
18.1 0.319908 0.309052
18.2 0.311628 0.302098
18.3 0.303564 0.295201
18.4 0.295727 0.288369
18.5 0.288128 0.281608
18.6 0.280777 0.274924
18.7 0.273683 0.268324
18.8 0.266854 0.261814
18.9 0.260296 0.2554
19 0.254016 0.249088
19.1 0.248019 0.242883
19.2 0.24231 0.23679
19.3 0.23689 0.230814
19.4 0.231764 0.224961
19.5 0.22693 0.219235
19.6 0.222391 0.21364
19.7 0.218145 0.208181
19.8 0.214191 0.20286
19.9 0.210525 0.197683
20 0.207145 0.192651
20.1 0.204047 0.187769
20.2 0.201224 0.183039
20.3 0.198672 0.178464
20.4 0.196384 0.174046
20.5 0.194351 0.169786
20.6 0.192567 0.165687
20.7 0.191022 0.161751
20.8 0.189708 0.157977
20.9 0.188613 0.154367
21 0.187729 0.150922
21.1 0.187044 0.147642
21.2 0.186547 0.144526
21.3 0.186226 0.141575
21.4 0.18607 0.138787
21.5 0.186067 0.136162
21.6 0.186204 0.133698
21.7 0.186469 0.131394
21.8 0.18685 0.129247
21.9 0.187333 0.127257
22 0.187906 0.12542
22.1 0.188557 0.123733
22.2 0.189274 0.122194
22.3 0.190043 0.120799
22.4 0.190852 0.119545
22.5 0.191691 0.118428
22.6 0.192546 0.117444
22.7 0.193407 0.116588
22.8 0.194263 0.115857
22.9 0.195102 0.115245
23 0.195914 0.114748
23.1 0.19669 0.11436
23.2 0.19742 0.114077
23.3 0.198094 0.113893
23.4 0.198705 0.113803
23.5 0.199244 0.113801
23.6 0.199703 0.113882
23.7 0.200076 0.11404
23.8 0.200356 0.114269
23.9 0.200537 0.114564
24 0.200614 0.114918
24.1 0.200582 0.115327
24.2 0.200437 0.115785
24.3 0.200175 0.116286
24.4 0.199793 0.116824
24.5 0.199289 0.117395
24.6 0.198661 0.117994
24.7 0.197907 0.118615
24.8 0.197027 0.119253
24.9 0.196022 0.119905
25 0.19489 0.120566
25.1 0.193633 0.121231
25.2 0.192253 0.121897
25.3 0.190751 0.122561
25.4 0.18913 0.123218
25.5 0.187392 0.123868
25.6 0.185542 0.124506
25.7 0.183583 0.12513
25.8 0.181519 0.12574
25.9 0.179355 0.126333
26 0.177095 0.126908
26.1 0.174746 0.127465
26.2 0.172313 0.128003
26.3 0.169802 0.128522
26.4 0.167218 0.129023
26.5 0.16457 0.129507
26.6 0.161863 0.129974
26.7 0.159104 0.130426
26.8 0.156301 0.130865
26.9 0.153461 0.131294
27 0.150591 0.131715
27.1 0.147699 0.13213
27.2 0.144792 0.132544
27.3 0.141878 0.132959
27.4 0.138965 0.133379
27.5 0.136061 0.133808
27.6 0.133172 0.13425
27.7 0.130306 0.13471
27.8 0.127472 0.135192
27.9 0.124675 0.135701
28 0.121925 0.13624
28.1 0.119226 0.136816
28.2 0.116587 0.137433
28.3 0.114013 0.138096
28.4 0.111512 0.138809
28.5 0.10909 0.139577
28.6 0.106751 0.140405
28.7 0.104503 0.141298
28.8 0.102349 0.142258
28.9 0.100296 0.143292
29 0.0983473 0.144402
29.1 0.0965074 0.145592
29.2 0.0947802 0.146866
29.3 0.0931692 0.148226
29.4 0.0916775 0.149676
29.5 0.0903076 0.151216
29.6 0.0890618 0.152851
29.7 0.0879419 0.15458
29.8 0.0869494 0.156405
29.9 0.0860852 0.158327
30 0.0853498 0.160345
30.1 0.0847433 0.162459
30.2 0.0842654 0.164669
30.3 0.0839154 0.166973
30.4 0.083692 0.169369
30.5 0.0835937 0.171855
30.6 0.0836184 0.174427
30.7 0.0837638 0.177083
30.8 0.0840271 0.179818
30.9 0.0844051 0.182628
31 0.0848943 0.185509
31.1 0.0854908 0.188453
31.2 0.0861905 0.191457
31.3 0.0869888 0.194513
31.4 0.0878809 0.197615
31.5 0.0888618 0.200756
31.6 0.0899261 0.203927
31.7 0.0910684 0.207122
31.8 0.0922828 0.210332
31.9 0.0935634 0.213549
32 0.0949042 0.216764
32.1 0.096299 0.219968
32.2 0.0977413 0.223152
32.3 0.0992249 0.226307
32.4 0.100743 0.229424
32.5 0.10229 0.232493
32.6 0.103858 0.235505
32.7 0.105442 0.238451
32.8 0.107035 0.241321
32.9 0.10863 0.244107
33 0.110221 0.246799
33.1 0.111803 0.249389
33.2 0.113369 0.251868
33.3 0.114913 0.254228
33.4 0.11643 0.256461
33.5 0.117914 0.258559
33.6 0.11936 0.260516
33.7 0.120764 0.262324
33.8 0.122119 0.263977
33.9 0.123423 0.26547
34 0.12467 0.266797
34.1 0.125857 0.267953
34.2 0.12698 0.268934
34.3 0.128036 0.269737
34.4 0.129022 0.270359
34.5 0.129936 0.270797
34.6 0.130774 0.271049
34.7 0.131535 0.271115
34.8 0.132218 0.270993
34.9 0.132821 0.270685
35 0.133343 0.27019
35.1 0.133783 0.269511
35.2 0.13414 0.268649
35.3 0.134416 0.267607
35.4 0.134609 0.266389
35.5 0.134721 0.264997
35.6 0.134752 0.263438
35.7 0.134703 0.261716
35.8 0.134575 0.259836
35.9 0.13437 0.257804
36 0.134089 0.255628
36.1 0.133735 0.253314
36.2 0.133308 0.250869
36.3 0.132812 0.248301
36.4 0.132249 0.245619
36.5 0.131621 0.242831
36.6 0.13093 0.239945
36.7 0.13018 0.236971
36.8 0.129373 0.233917
36.9 0.128511 0.230794
37 0.127597 0.227609
37.1 0.126635 0.224373
37.2 0.125627 0.221094
37.3 0.124575 0.217783
37.4 0.123483 0.214449
37.5 0.122352 0.211101
37.6 0.121186 0.207747
37.7 0.119987 0.204397
37.8 0.118757 0.201059
37.9 0.117499 0.197743
38 0.116214 0.194455
38.1 0.114905 0.191203
38.2 0.113574 0.187996
38.3 0.112223 0.18484
38.4 0.110852 0.181741
38.5 0.109464 0.178706
38.6 0.10806 0.175741
38.7 0.106641 0.172851
38.8 0.105208 0.170041
38.9 0.103761 0.167314
39 0.102303 0.164676
39.1 0.100833 0.162128
39.2 0.0993509 0.159675
39.3 0.0978581 0.157318
39.4 0.0963546 0.155059
39.5 0.0948402 0.1529
39.6 0.093315 0.150841
39.7 0.0917788 0.148883
39.8 0.0902313 0.147025
39.9 0.0886724 0.145266
40 0.0871015 0.143607
40.1 0.0855182 0.142046
40.2 0.083922 0.140579
40.3 0.0823124 0.139207
40.4 0.0806889 0.137925
40.5 0.0790509 0.136732
40.6 0.0773979 0.135624
40.7 0.0757292 0.134597
40.8 0.0740445 0.133649
40.9 0.0723433 0.132775
41 0.070625 0.131971
41.1 0.0688895 0.131234
41.2 0.0671363 0.130559
41.3 0.0653654 0.129942
41.4 0.0635765 0.129379
41.5 0.0617698 0.128866
41.6 0.0599452 0.128398
41.7 0.0581031 0.127971
41.8 0.0562438 0.127582
41.9 0.0543676 0.127226
42 0.0524754 0.1269
42.1 0.0505676 0.1266
42.2 0.0486454 0.126323
42.3 0.0467095 0.126065
42.4 0.0447612 0.125825
42.5 0.0428018 0.125598
42.6 0.0408327 0.125383
42.7 0.0388555 0.125177
42.8 0.0368717 0.124979
42.9 0.0348833 0.124788
43 0.0328922 0.124602
43.1 0.0309004 0.12442
43.2 0.02891 0.124241
43.3 0.0269234 0.124067
43.4 0.0249429 0.123895
43.5 0.0229709 0.123728
43.6 0.02101 0.123566
43.7 0.0190627 0.123409
43.8 0.0171317 0.123258
43.9 0.0152196 0.123116
44 0.0133292 0.122985
44.1 0.0114632 0.122865
44.2 0.00962449 0.122759
44.3 0.00781568 0.12267
44.4 0.0060396 0.1226
44.5 0.00429898 0.122552
44.6 0.00259652 0.122528
44.7 0.000934906 0.122531
44.8 -0.00068326 0.122565
44.9 -0.00225542 0.122632
45 -0.00377909 0.122734
45.1 -0.00525188 0.122876
45.2 -0.00667147 0.123059
45.3 -0.00803566 0.123286
45.4 -0.00934236 0.123561
45.5 -0.0105896 0.123885
45.6 -0.0117754 0.124262
45.7 -0.0128983 0.124692
45.8 -0.0139564 0.125178
45.9 -0.0149485 0.125723
46 -0.0158732 0.126326
46.1 -0.0167293 0.12699
46.2 -0.017516 0.127715
46.3 -0.0182322 0.128503
46.4 -0.0188775 0.129352
46.5 -0.0194513 0.130264
46.6 -0.0199532 0.131237
46.7 -0.020383 0.132271
46.8 -0.0207409 0.133366
46.9 -0.0210269 0.134518
47 -0.0212413 0.135728
47.1 -0.0213848 0.136992
47.2 -0.0214578 0.138308
47.3 -0.0214612 0.139673
47.4 -0.021396 0.141083
47.5 -0.0212634 0.142536
47.6 -0.0210645 0.144028
47.7 -0.0208008 0.145554
47.8 -0.0204738 0.147109
47.9 -0.0200853 0.14869
48 -0.019637 0.15029
48.1 -0.0191309 0.151906
48.2 -0.0185691 0.153531
48.3 -0.0179538 0.15516
48.4 -0.0172872 0.156787
48.5 -0.0165717 0.158406
48.6 -0.0158099 0.160011
48.7 -0.0150043 0.161596
48.8 -0.0141576 0.163156
48.9 -0.0132726 0.164683
49 -0.012352 0.166172
49.1 -0.0113987 0.167616
49.2 -0.0104158 0.16901
49.3 -0.00940621 0.170348
49.4 -0.00837297 0.171623
49.5 -0.00731918 0.172831
49.6 -0.00624799 0.173965
49.7 -0.00516255 0.17502
49.8 -0.00406604 0.175992
49.9 -0.00296167 0.176876
50 -0.00185264 0.177666
50.1 -0.000742185 0.178359
50.2 0.00036649 0.178951
50.3 0.00147017 0.179438
50.4 0.00256567 0.179816
50.5 0.0036498 0.180084
50.6 0.00471941 0.180238
50.7 0.00577138 0.180276
50.8 0.00680263 0.180197
50.9 0.00781012 0.179998
51 0.00879085 0.17968
51.1 0.00974189 0.179241
51.2 0.0106604 0.178681
51.3 0.0115435 0.178
51.4 0.0123885 0.177199
51.5 0.0131927 0.176279
51.6 0.0139536 0.175241
51.7 0.0146688 0.174086
51.8 0.0153357 0.172817
51.9 0.0159522 0.171436
52 0.0165162 0.169945
52.1 0.0170255 0.168348
52.2 0.0174782 0.166648
52.3 0.0178726 0.164847
52.4 0.018207 0.162951
52.5 0.0184799 0.160962
52.6 0.01869 0.158886
52.7 0.018836 0.156725
52.8 0.018917 0.154486
52.9 0.0189319 0.152172
53 0.0188801 0.149788
53.1 0.0187612 0.147339
53.2 0.0185746 0.14483
53.3 0.0183203 0.142265
53.4 0.0179983 0.13965
53.5 0.0176088 0.13699
53.6 0.0171522 0.13429
53.7 0.0166291 0.131553
53.8 0.0160404 0.128787
53.9 0.0153869 0.125994
54 0.0146701 0.12318
54.1 0.0138913 0.120349
54.2 0.0130521 0.117505
54.3 0.0121544 0.114654
54.4 0.0112003 0.111799
54.5 0.010192 0.108944
54.6 0.00913202 0.106092
54.7 0.00802299 0.103249
54.8 0.0068678 0.100416
54.9 0.00566951 0.0975971
55 0.00443139 0.0947959
55.1 0.00315689 0.0920148
55.2 0.00184962 0.0892568
55.3 0.000513394 0.0865242
55.4 -0.000847832 0.0838194
55.5 -0.00222993 0.0811447
55.6 -0.00362864 0.078502
55.7 -0.00503953 0.0758931
55.8 -0.00645808 0.0733197
55.9 -0.00787963 0.0707834
56 -0.0092994 0.0682855
56.1 -0.0107125 0.0658274
56.2 -0.0121141 0.06341
56.3 -0.0134991 0.0610346
56.4 -0.0148625 0.0587019
56.5 -0.0161991 0.056413
56.6 -0.0175039 0.0541684
56.7 -0.0187716 0.0519691
56.8 -0.0199972 0.0498156
56.9 -0.0211756 0.0477086
57 -0.0223017 0.0456488
57.1 -0.0233704 0.0436366
57.2 -0.0243769 0.0416728
57.3 -0.0253163 0.0397579
57.4 -0.0261837 0.0378926
57.5 -0.0269747 0.0360775
57.6 -0.0276848 0.0343133
57.7 -0.0283094 0.0326007
57.8 -0.0288447 0.0309404
57.9 -0.0292864 0.0293334
58 -0.029631 0.0277804
58.1 -0.0298747 0.0262823
58.2 -0.0300144 0.0248402
58.3 -0.0300469 0.023455
58.4 -0.0299694 0.0221278
58.5 -0.0297794 0.0208598
58.6 -0.0294746 0.019652
58.7 -0.0290531 0.0185057
58.8 -0.0285133 0.0174221
58.9 -0.0278537 0.0164025
59 -0.0270735 0.0154481
59.1 -0.0261719 0.0145603
59.2 -0.0251486 0.0137402
59.3 -0.0240036 0.0129891
59.4 -0.0227374 0.0123082
59.5 -0.0213506 0.0116989
59.6 -0.0198444 0.011162
59.7 -0.0182202 0.0106989
59.8 -0.0164797 0.0103103
59.9 -0.0146253 0.00999723
60 -0.0126593 0.00976046
60.1 -0.0105847 0.00960064
60.2 -0.00840461 0.00951829
60.3 -0.00612269 0.00951379
60.4 -0.00374279 0.00958736
60.5 -0.00126913 0.00973903
60.6 0.00129376 0.00996866
60.7 0.00394106 0.0102759
60.8 0.00666764 0.0106602
60.9 0.00946812 0.0111209
61 0.0123368 0.0116568
61.1 0.0152679 0.0122669
61.2 0.0182551 0.0129496
61.3 0.0212922 0.0137034
61.4 0.0243726 0.0145262
61.5 0.0274896 0.0154158
61.6 0.0306363 0.01637
61.7 0.0338057 0.017386
61.8 0.0369908 0.018461
61.9 0.0401842 0.0195919
62 0.0433788 0.0207752
62.1 0.0465673 0.0220076
62.2 0.0497422 0.0232852
62.3 0.0528962 0.0246041
62.4 0.0560221 0.0259601
62.5 0.0591126 0.0273491
62.6 0.0621604 0.0287665
62.7 0.0651585 0.0302078
62.8 0.0680999 0.0316684
62.9 0.0709777 0.0331434
63 0.0737854 0.034628
63.1 0.0765163 0.0361173
63.2 0.0791643 0.0376064
63.3 0.0817231 0.0390904
63.4 0.0841872 0.0405644
63.5 0.0865508 0.0420235
63.6 0.0888087 0.0434628
63.7 0.0909561 0.0448777
63.8 0.0929881 0.0462636
63.9 0.0949006 0.047616
64 0.0966895 0.0489306
64.1 0.0983512 0.0502032
64.2 0.0998826 0.0514301
64.3 0.101281 0.0526073
64.4 0.102543 0.0537317
64.5 0.103667 0.0547998
64.6 0.104652 0.055809
64.7 0.105497 0.0567565
64.8 0.106199 0.0576401
64.9 0.106759 0.0584578
65 0.107177 0.0592081
65.1 0.107454 0.0598898
65.2 0.107589 0.0605019
65.3 0.107584 0.0610438
65.4 0.10744 0.0615156
65.5 0.10716 0.0619174
65.6 0.106745 0.0622498
65.7 0.106198 0.0625138
65.8 0.105523 0.0627108
65.9 0.104722 0.0628424
66 0.103799 0.0629108
66.1 0.102758 0.0629184
66.2 0.101603 0.0628679
66.3 0.100338 0.0627624
66.4 0.0989684 0.0626053
66.5 0.0974989 0.0624003
66.6 0.0959344 0.0621513
66.7 0.0942803 0.0618624
66.8 0.092542 0.0615382
66.9 0.0907249 0.0611831
67 0.0888349 0.060802
67.1 0.0868776 0.0603999
67.2 0.0848589 0.0599817
67.3 0.0827846 0.0595525
67.4 0.0806605 0.0591177
67.5 0.0784926 0.0586824
67.6 0.0762867 0.0582519
67.7 0.0740485 0.0578313
67.8 0.0717838 0.0574259
67.9 0.0694983 0.0570408
68 0.0671973 0.0566807
68.1 0.0648863 0.0563507
68.2 0.0625706 0.0560552
68.3 0.0602551 0.0557988
68.4 0.0579447 0.0555855
68.5 0.0556441 0.0554195
68.6 0.0533578 0.0553043
68.7 0.05109 0.0552433
68.8 0.0488446 0.0552395
68.9 0.0466255 0.0552957
69 0.044436 0.0554141
69.1 0.0422796 0.0555968
69.2 0.040159 0.0558453
69.3 0.038077 0.0561607
69.4 0.036036 0.0565439
69.5 0.0340382 0.0569952
69.6 0.0320854 0.0575145
69.7 0.0301792 0.0581013
69.8 0.0283211 0.0587547
69.9 0.026512 0.0594732
70 0.0247529 0.0602552
70.1 0.0230443 0.0610984
70.2 0.0213866 0.0620002
70.3 0.0197799 0.0629577
70.4 0.0182242 0.0639674
70.5 0.0167192 0.0650257
70.6 0.0152645 0.0661284
70.7 0.0138595 0.0672712
70.8 0.0125034 0.0684494
70.9 0.0111954 0.0696579
71 0.00993457 0.0708915
71.1 0.00871974 0.0721448
71.2 0.00754979 0.073412
71.3 0.00642352 0.0746873
71.4 0.00533967 0.0759647
71.5 0.00429701 0.0772381
71.6 0.00329426 0.0785013
71.7 0.00233018 0.079748
71.8 0.00140359 0.0809721
71.9 0.000513338 0.0821671
72 -0.000341653 0.083327
72.1 -0.00116236 0.0844456
72.2 -0.00194966 0.085517
72.3 -0.00270431 0.0865351
72.4 -0.00342694 0.0874945
72.5 -0.00411802 0.0883895
72.6 -0.00477788 0.089215
72.7 -0.00540668 0.089966
72.8 -0.0060044 0.0906377
72.9 -0.00657084 0.0912258
73 -0.00710563 0.0917262
73.1 -0.00760818 0.0921353
73.2 -0.00807774 0.0924498
73.3 -0.00851334 0.0926668
73.4 -0.00891385 0.0927837
73.5 -0.00927793 0.0927986
73.6 -0.00960406 0.0927098
73.7 -0.00989054 0.0925161
73.8 -0.0101355 0.092217
73.9 -0.010337 0.0918121
74 -0.0104927 0.0913016
74.1 -0.0106005 0.0906864
74.2 -0.0106579 0.0899675
74.3 -0.0106623 0.0891466
74.4 -0.0106111 0.0882259
74.5 -0.0105017 0.0872078
74.6 -0.0103313 0.0860954
74.7 -0.0100971 0.0848921
74.8 -0.00979637 0.0836017
74.9 -0.00942633 0.0822285
75 -0.00898425 0.0807771
75.1 -0.00846744 0.0792524
75.2 -0.0078733 0.0776598
75.3 -0.00719933 0.0760049
75.4 -0.00644317 0.0742935
75.5 -0.00560258 0.072532
75.6 -0.00467552 0.0707266
75.7 -0.00366013 0.068884
75.8 -0.00255477 0.067011
75.9 -0.00135803 0.0651146
76 -6.87711e-05 0.0632017
76.1 0.00131388 0.0612796
76.2 0.00279051 0.0593554
76.3 0.00436137 0.0574363
76.4 0.0060264 0.0555296
76.5 0.0077852 0.0536425
76.6 0.00963701 0.051782
76.7 0.0115807 0.0499552
76.8 0.0136148 0.0481689
76.9 0.0157375 0.0464299
77 0.0179464 0.0447446
77.1 0.020239 0.0431194
77.2 0.0226122 0.0415603
77.3 0.0250625 0.0400732
77.4 0.0275863 0.0386636
77.5 0.0301794 0.0373366
77.6 0.0328371 0.0360972
77.7 0.0355546 0.0349498
77.8 0.0383267 0.0338986
77.9 0.0411478 0.0329474
78 0.0440121 0.0320995
78.1 0.0469132 0.0313579
78.2 0.0498449 0.0307251
78.3 0.0528003 0.0302032
78.4 0.0557726 0.0297939
78.5 0.0587546 0.0294984
78.6 0.0617389 0.0293176
78.7 0.0647183 0.0292516
78.8 0.0676849 0.0293005
78.9 0.0706313 0.0294638
79 0.0735496 0.0297403
79.1 0.0764321 0.0301288
79.2 0.0792712 0.0306274
79.3 0.0820591 0.0312339
79.4 0.0847881 0.0319456
79.5 0.0874509 0.0327595
79.6 0.09004 0.0336723
79.7 0.0925482 0.0346802
79.8 0.0949687 0.0357791
79.9 0.0972946 0.0369645
80 0.0995196 0.0382319
80.1 0.101637 0.0395762
80.2 0.103642 0.0409922
80.3 0.105529 0.0424743
80.4 0.107292 0.0440169
80.5 0.108927 0.045614
80.6 0.11043 0.0472596
80.7 0.111796 0.0489474
80.8 0.113023 0.0506711
80.9 0.114108 0.0524242
81 0.115049 0.0542002
81.1 0.115843 0.0559925
81.2 0.11649 0.0577945
81.3 0.116988 0.0595995
81.4 0.117338 0.061401
81.5 0.117539 0.0631922
81.6 0.117593 0.0649668
81.7 0.117502 0.0667183
81.8 0.117266 0.0684402
81.9 0.116888 0.0701265
82 0.116372 0.0717709
82.1 0.11572 0.0733675
82.2 0.114937 0.0749106
82.3 0.114026 0.0763946
82.4 0.112993 0.0778141
82.5 0.111843 0.079164
82.6 0.110581 0.0804392
82.7 0.109213 0.0816351
82.8 0.107745 0.0827474
82.9 0.106183 0.0837717
83 0.104536 0.0847042
83.1 0.102808 0.0855413
83.2 0.101008 0.0862796
83.3 0.0991424 0.086916
83.4 0.0972191 0.0874479
83.5 0.0952454 0.0878727
83.6 0.0932288 0.0881883
83.7 0.0911768 0.0883929
83.8 0.0890969 0.0884849
83.9 0.0869966 0.088463
84 0.0848831 0.0883264
84.1 0.0827635 0.0880743
84.2 0.080645 0.0877065
84.3 0.0785342 0.0872229
84.4 0.0764378 0.0866238
84.5 0.0743619 0.0859096
84.6 0.0723125 0.0850813
84.7 0.0702954 0.08414
84.8 0.0683157 0.0830869
84.9 0.0663784 0.0819238
85 0.064488 0.0806525
85.1 0.0626486 0.0792752
85.2 0.0608639 0.0777942
85.3 0.0591372 0.0762123
85.4 0.0574711 0.0745322
85.5 0.0558681 0.072757
85.6 0.0543299 0.0708901
85.7 0.052858 0.0689348
85.8 0.0514533 0.066895
85.9 0.0501162 0.0647744
86 0.0488468 0.062577
86.1 0.0476445 0.0603072
86.2 0.0465085 0.0579693
86.3 0.0454374 0.0555677
86.4 0.0444295 0.0531072
86.5 0.0434828 0.0505926
86.6 0.0425946 0.0480286
86.7 0.0417622 0.0454205
86.8 0.0409823 0.0427733
86.9 0.0402516 0.0400922
87 0.0395663 0.0373826
87.1 0.0389223 0.0346498
87.2 0.0383156 0.0318994
87.3 0.0377417 0.0291368
87.4 0.0371962 0.0263675
87.5 0.0366744 0.0235973
87.6 0.0361717 0.0208318
87.7 0.0356833 0.0180766
87.8 0.0352044 0.0153374
87.9 0.0347304 0.0126199
88 0.0342567 0.00992988
88.1 0.0337786 0.0072729
88.2 0.0332917 0.00465465
88.3 0.0327917 0.00208075
88.4 0.0322746 -0.000443221
88.5 0.0317365 -0.00291174
88.6 0.0311738 -0.00531934
88.7 0.0305831 -0.00766062
88.8 0.0299613 -0.00993029
88.9 0.0293057 -0.0121231
89 0.028614 -0.014234
89.1 0.027884 -0.0162578
89.2 0.0271141 -0.0181899
89.3 0.0263029 -0.0200253
89.4 0.0254497 -0.0217595
89.5 0.0245538 -0.0233881
89.6 0.0236152 -0.0249067
89.7 0.0226342 -0.0263112
89.8 0.0216114 -0.0275978
89.9 0.0205481 -0.0287626
90 0.0194458 -0.0298021
90.1 0.0183063 -0.0307131
90.2 0.0171319 -0.0314924
90.3 0.0159253 -0.0321372
90.4 0.0146895 -0.0326449
90.5 0.0134279 -0.033013
90.6 0.012144 -0.0332396
90.7 0.0108418 -0.0333227
90.8 0.00952562 -0.0332608
90.9 0.00819977 -0.0330526
91 0.00686894 -0.0326972
91.1 0.00553796 -0.0321938
91.2 0.00421182 -0.0315421
91.3 0.00289561 -0.0307419
91.4 0.00159454 -0.0297934
91.5 0.000313835 -0.0286973
91.6 -0.000941235 -0.0274542
91.7 -0.00216543 -0.0260655
91.8 -0.00335354 -0.0245324
91.9 -0.00450045 -0.0228569
92 -0.00560118 -0.021041
92.1 -0.00665086 -0.019087
92.2 -0.00764483 -0.0169977
92.3 -0.00857863 -0.0147761
92.4 -0.00944806 -0.0124255
92.5 -0.0102492 -0.00994949
92.6 -0.0109783 -0.00735188
92.7 -0.0116322 -0.00463685
92.8 -0.0122078 -0.0018088
92.9 -0.0127026 0.00112761
93 -0.0131143 0.00416748
93.1 -0.0134412 0.00730568
93.2 -0.0136818 0.0105369
93.3 -0.0138353 0.0138555
93.4 -0.013901 0.0172557
93.5 -0.013879 0.0207318
93.6 -0.0137696 0.0242775
93.7 -0.0135738 0.0278867
93.8 -0.0132927 0.031553
93.9 -0.0129282 0.0352701
94 -0.0124825 0.0390313
94.1 -0.0119582 0.0428301
94.2 -0.0113584 0.0466598
94.3 -0.0106866 0.0505137
94.4 -0.00994656 0.0543852
94.5 -0.00914259 0.0582676
94.6 -0.00827928 0.0621542
94.7 -0.00736154 0.0660385
94.8 -0.0063946 0.0699139
94.9 -0.00538395 0.0737739
95 -0.00433533 0.0776123
95.1 -0.0032547 0.0814228
95.2 -0.0021482 0.0851994
95.3 -0.00102212 0.0889361
95.4 0.000117149 0.0926272
95.5 0.00126311 0.0962672
95.6 0.00240925 0.0998508
95.7 0.00354902 0.103373
95.8 0.00467592 0.106829
95.9 0.00578351 0.110213
96 0.00686545 0.113522
96.1 0.00791553 0.116752
96.2 0.00892771 0.119899
96.3 0.00989616 0.122959
96.4 0.0108153 0.125929
96.5 0.0116797 0.128806
96.6 0.0124845 0.131587
96.7 0.0132249 0.134271
96.8 0.0138965 0.136855
96.9 0.0144954 0.139338
97 0.015018 0.141718
97.1 0.0154611 0.143994
97.2 0.015822 0.146166
97.3 0.0160985 0.148233
97.4 0.0162887 0.150194
97.5 0.0163913 0.152051
97.6 0.0164055 0.153803
97.7 0.0163308 0.155452
97.8 0.0161676 0.156998
97.9 0.0159162 0.158442
98 0.015578 0.159787
98.1 0.0151544 0.161033
98.2 0.0146476 0.162182
98.3 0.0140599 0.163238
98.4 0.0133946 0.164201
98.5 0.0126548 0.165075
98.6 0.0118445 0.165863
98.7 0.0109678 0.166566
98.8 0.0100293 0.167188
98.9 0.00903394 0.167732
99 0.00798696 0.168201
99.1 0.00689387 0.168598
99.2 0.00576045 0.168927
99.3 0.00459271 0.16919
99.4 0.00339685 0.169391
99.5 0.00217924 0.169533
99.6 0.000946351 0.16962
99.7 -0.000295222 0.169655
99.8 -0.00153884 0.16964
99.9 -0.00277786 0.16958
100 -0.00400563 0.169476
100.1 -0.00521556 0.169333
100.2 -0.00640114 0.169153
100.3 -0.00755598 0.168939
100.4 -0.00867386 0.168693
100.5 -0.00974873 0.168418
100.6 -0.0107748 0.168116
100.7 -0.0117464 0.16779
100.8 -0.0126583 0.167441
100.9 -0.0135054 0.167073
101 -0.0142832 0.166685
101.1 -0.0149873 0.166281
101.2 -0.0156137 0.165861
101.3 -0.0161589 0.165426
101.4 -0.0166199 0.164978
101.5 -0.0169938 0.164518
101.6 -0.0172784 0.164046
101.7 -0.0174719 0.163563
101.8 -0.0175729 0.163069
101.9 -0.0175807 0.162565
102 -0.0174946 0.16205
102.1 -0.0173149 0.161524
102.2 -0.0170419 0.160988
102.3 -0.0166767 0.16044
102.4 -0.0162207 0.15988
102.5 -0.0156757 0.159308
102.6 -0.0150441 0.158723
102.7 -0.0143286 0.158123
102.8 -0.0135324 0.157508
102.9 -0.0126589 0.156877
103 -0.0117121 0.156229
103.1 -0.0106961 0.155562
103.2 -0.00961555 0.154874
103.3 -0.00847533 0.154166
103.4 -0.00728053 0.153435
103.5 -0.00603655 0.15268
103.6 -0.00474899 0.151899
103.7 -0.00342362 0.151091
103.8 -0.00206641 0.150255
103.9 -0.000683423 0.14939
104 0.000719159 0.148493
104.1 0.00213509 0.147564
104.2 0.00355809 0.146601
104.3 0.00498187 0.145603
104.4 0.00640017 0.144569
104.5 0.00780677 0.143497
104.6 0.00919556 0.142387
104.7 0.0105605 0.141238
104.8 0.0118958 0.140049
104.9 0.0131957 0.138819
105 0.0144547 0.137547
105.1 0.0156675 0.136233
105.2 0.0168291 0.134877
105.3 0.0179348 0.133478
105.4 0.01898 0.132035
105.5 0.0199606 0.13055
105.6 0.0208727 0.129021
105.7 0.0217128 0.127449
105.8 0.0224778 0.125835
105.9 0.0231649 0.124178
106 0.0237716 0.122479
106.1 0.024296 0.120739
106.2 0.0247364 0.118959
106.3 0.0250917 0.117139
106.4 0.0253608 0.115281
106.5 0.0255435 0.113386
106.6 0.0256396 0.111454
106.7 0.0256497 0.109488
106.8 0.0255743 0.107488
106.9 0.0254146 0.105456
107 0.0251722 0.103395
107.1 0.024849 0.101305
107.2 0.0244472 0.099189
107.3 0.0239694 0.0970483
107.4 0.0234185 0.0948851
107.5 0.0227977 0.0927016
107.6 0.0221107 0.0905
107.7 0.0213612 0.0882824
107.8 0.0205533 0.0860512
107.9 0.0196913 0.0838087
108 0.0187799 0.0815575
108.1 0.0178238 0.0792999
108.2 0.0168279 0.0770386
108.3 0.0157975 0.074776
108.4 0.0147376 0.0725147
108.5 0.0136538 0.0702574
108.6 0.0125514 0.0680068
108.7 0.0114362 0.0657654
108.8 0.0103135 0.063536
108.9 0.00918925 0.0613213
109 0.00806893 0.0591239
109.1 0.00695822 0.0569466
109.2 0.00586275 0.0547921
109.3 0.00478808 0.052663
109.4 0.0037397 0.0505619
109.5 0.00272301 0.0484916
109.6 0.00174332 0.0464547
109.7 0.00080578 0.0444537
109.8 -8.45658e-05 0.0424912
109.9 -0.000922854 0.0405697
110 -0.00170439 0.0386917
110.1 -0.00242466 0.0368596
110.2 -0.00307936 0.0350757
110.3 -0.0036644 0.0333425
110.4 -0.0041759 0.031662
110.5 -0.00461023 0.0300366
110.6 -0.00496399 0.0284682
110.7 -0.00523405 0.0269589
110.8 -0.00541752 0.0255107
110.9 -0.00551178 0.0241254
111 -0.00551449 0.0228046
111.1 -0.00542358 0.0215501
111.2 -0.00523725 0.0203634
111.3 -0.004954 0.019246
111.4 -0.00457258 0.0181991
111.5 -0.00409206 0.0172239
111.6 -0.00351176 0.0163215
111.7 -0.00283131 0.0154928
111.8 -0.00205061 0.0147387
111.9 -0.00116981 0.0140598
112 -0.000189388 0.0134566
112.1 0.000889953 0.0129295
112.2 0.00206722 0.0124787
112.3 0.00334118 0.0121043
112.4 0.00471031 0.0118061
112.5 0.00617287 0.0115841
112.6 0.00772687 0.0114376
112.7 0.00937008 0.0113663
112.8 0.0111 0.0113693
112.9 0.0129141 0.0114457
113 0.0148093 0.0115944
113.1 0.0167826 0.0118143
113.2 0.0188307 0.0121039
113.3 0.0209501 0.0124617
113.4 0.0231373 0.0128858
113.5 0.0253883 0.0133746
113.6 0.0276992 0.0139257
113.7 0.030066 0.0145372
113.8 0.0324843 0.0152065
113.9 0.0349497 0.0159313
114 0.0374579 0.0167088
114.1 0.0400042 0.0175362
114.2 0.0425839 0.0184107
114.3 0.0451923 0.0193291
114.4 0.0478246 0.0202884
114.5 0.0504758 0.0212853
114.6 0.053141 0.0223163
114.7 0.0558153 0.0233781
114.8 0.0584937 0.0244671
114.9 0.061171 0.0255796
115 0.0638425 0.0267121
115.1 0.0665029 0.0278607
115.2 0.0691474 0.0290217
115.3 0.0717711 0.0301913
115.4 0.0743689 0.0313656
115.5 0.0769361 0.032541
115.6 0.0794679 0.0337135
115.7 0.0819596 0.0348793
115.8 0.0844066 0.0360348
115.9 0.0868044 0.0371761
116 0.0891485 0.0382996
116.1 0.0914348 0.0394017
116.2 0.093659 0.0404788
116.3 0.0958172 0.0415276
116.4 0.0979055 0.0425447
116.5 0.0999203 0.0435269
116.6 0.101858 0.044471
116.7 0.103715 0.0453741
116.8 0.105489 0.0462335
116.9 0.107177 0.0470463
117 0.108775 0.0478102
117.1 0.110282 0.0485227
117.2 0.111694 0.0491817
117.3 0.113011 0.0497852
117.4 0.11423 0.0503314
117.5 0.11535 0.0508187
117.6 0.116369 0.0512457
117.7 0.117286 0.0516112
117.8 0.118101 0.0519141
117.9 0.118813 0.0521538
118 0.119421 0.0523295
118.1 0.119926 0.052441
118.2 0.120328 0.052488
118.3 0.120627 0.0524705
118.4 0.120824 0.0523889
118.5 0.120921 0.0522436
118.6 0.120917 0.0520351
118.7 0.120816 0.0517644
118.8 0.120619 0.0514324
118.9 0.120327 0.0510403
119 0.119943 0.0505896
119.1 0.11947 0.0500817
119.2 0.118911 0.0495183
119.3 0.118267 0.0489014
119.4 0.117543 0.048233
119.5 0.116742 0.0475151
119.6 0.115867 0.04675
119.7 0.114923 0.0459401
119.8 0.113912 0.0450879
119.9 0.11284 0.044196
120 0.111709 0.0432669
120.1 0.110525 0.0423036
120.2 0.109293 0.0413087
120.3 0.108015 0.0402851
120.4 0.106698 0.0392356
120.5 0.105345 0.0381633
120.6 0.103962 0.037071
120.7 0.102553 0.0359617
120.8 0.101122 0.0348383
120.9 0.0996756 0.0337038
121 0.0982171 0.032561
121.1 0.0967516 0.0314128
121.2 0.0952837 0.0302622
121.3 0.0938178 0.0291117
121.4 0.0923586 0.0279643
121.5 0.0909102 0.0268225
121.6 0.0894771 0.025689
121.7 0.0880631 0.0245662
121.8 0.0866724 0.0234567
121.9 0.0853087 0.0223627
122 0.0839755 0.0212866
122.1 0.0826764 0.0202305
122.2 0.0814145 0.0191963
122.3 0.0801928 0.0181862
122.4 0.0790141 0.0172019
122.5 0.077881 0.0162452
122.6 0.0767958 0.0153177
122.7 0.0757605 0.0144209
122.8 0.074777 0.0135563
122.9 0.0738468 0.0127251
123 0.0729711 0.0119284
123.1 0.072151 0.0111675
123.2 0.0713873 0.0104433
123.3 0.0706804 0.00975653
123.4 0.0700305 0.00910806
123.5 0.0694377 0.00849852
123.6 0.0689015 0.00792847
123.7 0.0684215 0.00739836
123.8 0.0679968 0.00690858
123.9 0.0676263 0.00645938
124 0.0673088 0.00605096
124.1 0.0670426 0.00568344
124.2 0.0668261 0.00535684
124.3 0.0666572 0.00507111
124.4 0.0665339 0.00482614
124.5 0.0664537 0.00462173
124.6 0.0664141 0.00445763
124.7 0.0664124 0.00433354
124.8 0.0664458 0.00424907
124.9 0.0665114 0.00420381
125 0.066606 0.00419726
125.1 0.0667265 0.0042289
125.2 0.0668695 0.00429815
125.3 0.0670319 0.00440439
125.4 0.0672102 0.00454696
125.5 0.067401 0.00472516
125.6 0.0676008 0.00493824
125.7 0.0678064 0.00518542
125.8 0.0680141 0.00546589
125.9 0.0682208 0.0057788
126 0.068423 0.00612327
126.1 0.0686175 0.00649839
126.2 0.0688011 0.00690321
126.3 0.0689709 0.00733675
126.4 0.0691237 0.007798
126.5 0.0692569 0.00828593
126.6 0.0693676 0.00879946
126.7 0.0694534 0.0093375
126.8 0.0695118 0.00989891
126.9 0.0695407 0.0104825
127 0.069538 0.0110871
127.1 0.0695019 0.0117116
127.2 0.0694308 0.0123545
127.3 0.0693232 0.0130147
127.4 0.0691779 0.0136908
127.5 0.0689938 0.0143814
127.6 0.0687703 0.0150852
127.7 0.0685066 0.0158008
127.8 0.0682026 0.0165267
127.9 0.0678579 0.0172615
128 0.0674728 0.0180035
128.1 0.0670474 0.0187514
128.2 0.0665824 0.0195035
128.3 0.0660783 0.0202583
128.4 0.0655362 0.0210141
128.5 0.0649572 0.0217694
128.6 0.0643425 0.0225224
128.7 0.0636936 0.0232716
128.8 0.0630121 0.0240152
128.9 0.0623 0.0247515
129 0.061559 0.025479
129.1 0.0607913 0.0261958
129.2 0.0599992 0.0269003
129.3 0.0591848 0.0275908
129.4 0.0583507 0.0282656
129.5 0.0574993 0.0289231
129.6 0.0566333 0.0295616
129.7 0.0557552 0.0301795
129.8 0.0548677 0.0307753
129.9 0.0539735 0.0313473
130 0.0530753 0.031894
130.1 0.0521759 0.0324141
130.2 0.0512779 0.0329059
130.3 0.0503839 0.0333683
130.4 0.0494967 0.0337999
130.5 0.0486187 0.0341994
130.6 0.0477525 0.0345656
130.7 0.0469005 0.0348975
130.8 0.0460649 0.035194
130.9 0.045248 0.0354543
131 0.0444519 0.0356774
131.1 0.0436785 0.0358626
131.2 0.0429297 0.0360092
131.3 0.0422072 0.0361167
131.4 0.0415124 0.0361846
131.5 0.0408469 0.0362125
131.6 0.0402117 0.0362002
131.7 0.039608 0.0361476
131.8 0.0390365 0.0360545
131.9 0.0384981 0.0359211
132 0.0379932 0.0357475
132.1 0.0375221 0.035534
132.2 0.0370851 0.0352811
132.3 0.0366821 0.0349893
132.4 0.0363129 0.034659
132.5 0.0359771 0.0342912
132.6 0.0356743 0.0338866
132.7 0.0354037 0.033446
132.8 0.0351644 0.0329707
132.9 0.0349555 0.0324616
133 0.0347758 0.0319199
133.1 0.0346239 0.031347
133.2 0.0344985 0.0307443
133.3 0.0343981 0.0301131
133.4 0.0343208 0.029455
133.5 0.034265 0.0287716
133.6 0.0342289 0.0280645
133.7 0.0342103 0.0273354
133.8 0.0342075 0.026586
133.9 0.0342182 0.0258182
134 0.0342404 0.0250337
134.1 0.0342718 0.0242344
134.2 0.0343104 0.0234221
134.3 0.0343538 0.0225987
134.4 0.0344 0.021766
134.5 0.0344467 0.020926
134.6 0.0344917 0.0200805
134.7 0.034533 0.0192314
134.8 0.0345683 0.0183804
134.9 0.0345957 0.0175294
135 0.0346131 0.0166802
135.1 0.0346188 0.0158345
135.2 0.0346107 0.014994
135.3 0.0345873 0.0141603
135.4 0.0345468 0.0133349
135.5 0.0344877 0.0125195
135.6 0.0344087 0.0117155
135.7 0.0343082 0.0109243
135.8 0.0341853 0.0101471
135.9 0.0340388 0.00938535
136 0.0338678 0.00864008
136.1 0.0336714 0.00791242
136.2 0.0334491 0.00720338
136.3 0.0332003 0.00651389
136.4 0.0329246 0.0058448
136.5 0.0326218 0.00519687
136.6 0.0322918 0.00457077
136.7 0.0319345 0.00396711
136.8 0.0315502 0.00338638
136.9 0.0311391 0.00282901
137 0.0307017 0.00229535
137.1 0.0302385 0.00178567
137.2 0.0297501 0.00130014
137.3 0.0292375 0.000838874
137.4 0.0287013 0.000401913
137.5 0.0281427 -1.07799e-05
137.6 0.0275627 -0.000399309
137.7 0.0269626 -0.000763841
137.8 0.0263435 -0.00110461
137.9 0.0257068 -0.00142189
138 0.0250539 -0.00171604
138.1 0.0243863 -0.00198744
138.2 0.0237054 -0.00223653
138.3 0.023013 -0.0024638
138.4 0.0223104 -0.00266976
138.5 0.0215994 -0.00285497
138.6 0.0208817 -0.00302002
138.7 0.0201587 -0.00316551
138.8 0.0194323 -0.00329209
138.9 0.018704 -0.00340041
139 0.0179755 -0.00349115
139.1 0.0172483 -0.00356498
139.2 0.0165241 -0.00362261
139.3 0.0158044 -0.00366472
139.4 0.0150907 -0.00369203
139.5 0.0143844 -0.00370523
139.6 0.013687 -0.00370503
139.7 0.0129998 -0.00369211
139.8 0.012324 -0.00366716
139.9 0.0116609 -0.00363085
140 0.0110116 -0.00358386
140.1 0.0103771 -0.00352682
140.2 0.00975855 -0.00346038
140.3 0.00915668 -0.00338515
140.4 0.00857235 -0.00330174
140.5 0.0080063 -0.00321073
140.6 0.00745916 -0.00311268
140.7 0.00693148 -0.00300814
140.8 0.00642373 -0.00289764
140.9 0.00593629 -0.00278168
141 0.00546946 -0.00266074
141.1 0.00502344 -0.0025353
141.2 0.00459836 -0.00240581
141.3 0.00419427 -0.00227269
141.4 0.00381113 -0.00213635
141.5 0.00344884 -0.00199719
141.6 0.00310722 -0.00185558
141.7 0.00278602 -0.00171189
141.8 0.00248493 -0.00156645
141.9 0.00220358 -0.00141961
142 0.00194153 -0.00127168
142.1 0.0016983 -0.00112297
142.2 0.00147336 -0.000973764
142.3 0.00126614 -0.000824352
142.4 0.00107602 -0.000675006
142.5 0.000902365 -0.00052599
142.6 0.000744487 -0.000377562
142.7 0.000601688 -0.000229969
142.8 0.000473249 -8.34558e-05
142.9 0.000358433 6.17429e-05
143 0.000256494 0.000205396
143.1 0.000166678 0.000347278
143.2 8.82312e-05 0.000487167
143.3 2.03997e-05 0.000624848
143.4 -3.75631e-05 0.000760109
143.5 -8.63945e-05 0.00089274
143.6 -0.000126819 0.00102254
143.7 -0.000159543 0.0011493
143.8 -0.000185255 0.00127284
143.9 -0.000204621 0.00139296
144 -0.000218281 0.00150947
