-5.95156 -5.95148
-5.99113 -5.99131
-5.93941 -5.93961
-5.95099 -5.95119
-5.99282 -5.9931
-5.98826 -5.98822
-5.97326 -5.97338
-5.91133 -5.91123
-5.96589 -5.96624
-5.92432 -5.92413
-5.98324 -5.98327
-5.93824 -5.93761
-5.98157 -5.98172
-5.92363 -5.92352
-5.96275 -5.96288
-5.97092 -5.97123
-5.96819 -5.96809
-5.9806 -5.9806
-5.97459 -5.97447
-5.93577 -5.93582
-5.99403 -5.99423
-5.93739 -5.93722
-5.93484 -5.93542
-5.94942 -5.94936
-5.90552 -5.90517
-5.92939 -5.92917
-5.91587 -5.91624
-5.98628 -5.98652
-5.95299 -5.95304
-5.93362 -5.93339
-5.96166 -5.96184
-5.94425 -5.94439
-5.96653 -5.96641
-5.93977 -5.93993
-5.96232 -5.96261
-5.98062 -5.98097
-5.92314 -5.92324
-5.9716 -5.97185
-5.98526 -5.9852
-5.96783 -5.96805
-5.94784 -5.94778
-5.90349 -5.90332
-5.95219 -5.95207
-5.97951 -5.97993
-5.91415 -5.91375
-5.9868 -5.98722
-5.90155 -5.90089
-5.97817 -5.97831
-5.90333 -5.90338
-5.96625 -5.96662
-5.95268 -5.95278
-5.94512 -5.94492
-5.92599 -5.92648
-5.94005 -5.9402
-5.97095 -5.97086
-5.91974 -5.91957
-5.95186 -5.9523
-5.93487 -5.93562
-5.99353 -5.99371
-5.89571 -5.8969
-5.92385 -5.92431
-5.91062 -5.91136
-5.98309 -5.98339
-5.94254 -5.9431
-5.93568 -5.93588
-5.93669 -5.93648
-5.95755 -5.95786
-5.9642 -5.96421
-5.9873 -5.98759
-5.98175 -5.9818
-5.96761 -5.96791
-5.9926 -5.99285
-5.94293 -5.94266
-5.98477 -5.98519
-5.98888 -5.98882
-5.9179 -5.91826
-5.93043 -5.93073
-5.94815 -5.94802
-5.95734 -5.95732
-5.91087 -5.91022
-5.89633 -5.89636
-5.97192 -5.97184
-5.93807 -5.93801
-5.98884 -5.98889
-5.92924 -5.92898
-5.93301 -5.93294
-5.91995 -5.91933
-5.97441 -5.97476
-5.9261 -5.92645
-5.9591 -5.95874
-5.95446 -5.95444
-5.91022 -5.91099
-5.89322 -5.89301
-5.90766 -5.90785
-5.91799 -5.91824
-5.94459 -5.9448
-5.97578 -5.97604
-5.89764 -5.89738
-5.94386 -5.94371
-5.97551 -5.9758
-5.95987 -5.95995
-5.91595 -5.91662
-5.99577 -5.99598
-5.91838 -5.91807
-5.95896 -5.95874
-5.90938 -5.90953
-5.91835 -5.91798
-5.98224 -5.98258
-5.99309 -5.99338
-5.93347 -5.93365
-5.94468 -5.945
-5.9771 -5.97722
-5.95856 -5.95852
-5.95903 -5.95921
-5.9314 -5.93221
-5.98943 -5.98935
-5.97536 -5.97548
-5.94877 -5.94862
-5.93482 -5.93512
-5.92704 -5.92727
-5.98068 -5.98083
-5.97336 -5.97351
-5.91937 -5.91951
-5.97508 -5.97508
-5.98959 -5.98959
-5.91183 -5.91148
-5.93216 -5.93187
-5.8977 -5.89742
-5.93994 -5.9399
-5.92954 -5.92926
-5.93401 -5.93386
-5.91643 -5.91649
-5.90319 -5.90305
-5.94878 -5.9493
-5.96364 -5.96359
-5.93193 -5.93184
-5.90171 -5.90209
-5.95646 -5.95669
-5.99383 -5.99385
-5.92467 -5.92474
-5.96371 -5.96353
-5.96215 -5.96267
-5.9755 -5.97564
-5.95073 -5.95092
-5.92272 -5.92328
-5.99114 -5.99119
-5.90459 -5.90466
-5.90168 -5.90188
-5.95101 -5.95118
-5.90534 -5.90501
-5.94669 -5.94699
-5.99147 -5.99142
-5.94193 -5.94183
-5.94739 -5.94773
-5.99166 -5.99186
-5.98708 -5.98743
-5.96927 -5.96957
-5.90055 -5.90057
-5.96248 -5.96258
-5.90728 -5.90616
-5.98325 -5.98347
-5.93086 -5.93121
-5.97977 -5.97996
-5.9151 -5.91513
-5.96139 -5.96135
-5.96948 -5.97001
-5.96914 -5.96939
-5.97997 -5.98011
-5.97514 -5.9749
-5.93178 -5.93231
-5.99026 -5.99043
-5.93484 -5.93405
-5.94328 -5.94285
-5.95073 -5.9505
-5.91572 -5.91598
-5.93196 -5.93176
-5.91344 -5.91272
-5.98617 -5.98637
-5.94176 -5.94184
-5.92789 -5.92887
-5.95385 -5.95415
-5.9461 -5.94678
-5.97044 -5.97028
-5.92111 -5.92057
-5.95533 -5.95496
-5.97884 -5.97884
-5.92522 -5.92519
-5.97256 -5.97303
-5.98255 -5.98257
-5.9635 -5.96356
-5.94355 -5.94352
-5.90507 -5.90448
-5.95535 -5.95539
-5.97623 -5.9764
-5.9308 -5.93065
-5.98682 -5.98694
-5.90489 -5.90555
-5.97919 -5.97932
-5.90494 -5.90563
-5.9628 -5.96281
-5.95121 -5.95128
-5.94307 -5.94252
-5.91287 -5.91286
-5.93199 -5.93226
-5.96763 -5.96771
-5.91307 -5.91314
-5.96378 -5.96346
-5.94122 -5.94146
-5.99352 -5.99343
-5.90658 -5.90761
-5.92868 -5.92847
-5.91352 -5.91329
-5.983 -5.983
-5.9321 -5.93211
-5.94039 -5.94025
-5.93094 -5.9314
-5.95923 -5.95897
-5.96012 -5.9601
-5.98453 -5.98471
-5.97681 -5.97721
-5.96137 -5.9613
-5.99281 -5.99312
-5.94861 -5.94859
-5.98295 -5.98338
-5.98805 -5.98795
-5.90476 -5.90545
-5.92737 -5.92735
-5.94773 -5.9476
-5.95516 -5.95593
-5.92305 -5.92344
-5.90296 -5.90317
-5.96756 -5.96727
-5.94028 -5.94054
-5.98926 -5.98933
-5.91182 -5.91181
-5.94016 -5.94006
-5.90751 -5.90651
-5.97022 -5.97056
-5.92224 -5.92256
-5.95605 -5.95591
-5.95218 -5.95269
-5.91165 -5.91148
-5.9057 -5.90629
-5.8926 -5.89191
-5.92125 -5.92127
-5.94072 -5.94114
-5.96953 -5.96991
-5.89158 -5.89128
-5.95091 -5.95089
-5.97024 -5.97068
-5.9564 -5.95621
-5.92551 -5.92575
-5.98773 -5.98801
-5.91058 -5.91133
-5.95724 -5.95675
-5.91947 -5.91946
-5.92354 -5.92327
-5.98223 -5.98245
-5.99752 -5.99748
-5.93889 -5.93902
-5.93513 -5.93538
-5.97515 -5.97554
-5.95555 -5.95573
-5.9654 -5.9655
-5.92228 -5.92216
-5.98821 -5.98837
-5.97721 -5.97766
-5.94647 -5.94687
-5.94665 -5.94614
-5.93223 -5.93251
-5.98026 -5.98024
-5.97233 -5.97196
-5.92804 -5.92813
-5.97807 -5.97847
-5.98806 -5.98826
-5.90586 -5.90494
-5.92896 -5.92914
-5.90965 -5.91034
-5.93938 -5.93869
-5.92634 -5.92645
-5.93225 -5.9322
-5.92079 -5.92033
-5.90696 -5.90762
-5.94683 -5.94721
-5.9633 -5.96357
-5.92925 -5.92924
-5.91351 -5.91401
-5.95647 -5.95626
-5.99386 -5.99397
-5.89537 -5.89576
-5.96741 -5.96724
-5.96621 -5.9665
-5.97829 -5.97811
-5.95778 -5.95855
-5.92241 -5.92174
-5.98989 -5.99019
-5.89755 -5.89763
-5.90955 -5.90909
-5.94796 -5.94818
-5.90813 -5.90797
-5.93933 -5.93904
-5.98467 -5.98486
-5.92952 -5.92994
-5.93741 -5.93787
-5.98609 -5.98637
-5.98268 -5.98292
-5.95971 -5.96028
-5.95761 -5.95735
-5.97434 -5.97456
-5.97333 -5.97384
-5.9553 -5.95492
-5.95678 -5.95637
-5.96426 -5.96418
-5.97308 -5.97329
-5.96608 -5.96634
-5.9081 -5.90849
-5.98592 -5.98608
-5.92159 -5.92123
-5.93224 -5.93269
-5.94045 -5.94121
-5.98126 -5.98151
-5.93128 -5.93115
-5.94397 -5.94478
-5.93695 -5.93697
-5.96644 -5.96648
-5.95289 -5.95289
-5.97264 -5.9725
-5.96769 -5.96792
-5.97254 -5.97276
-5.95755 -5.95784
-5.93309 -5.9333
-5.93567 -5.93558
-5.97013 -5.97014
-5.97633 -5.9766
-5.97094 -5.9711
-5.94935 -5.9494
-5.94383 -5.94401
-5.93255 -5.93212
-5.92354 -5.92326
-5.95718 -5.95733
-5.94663 -5.94693
-5.92356 -5.92382
-5.98819 -5.98831
-5.97838 -5.97852
-5.92478 -5.92542
-5.91895 -5.91979
-5.92152 -5.92173
-5.94842 -5.94875
-5.95361 -5.95402
-5.97992 -5.98041
-5.96946 -5.96995
-5.95224 -5.95264
-5.98763 -5.9879
-5.93261 -5.93254
-5.97781 -5.97831
-5.98109 -5.98107
-5.94026 -5.9405
-5.945 -5.94511
-5.96258 -5.96313
-5.92061 -5.92057
-5.98332 -5.98362
-5.92694 -5.92733
-5.96136 -5.96192
-5.94618 -5.94665
-5.93659 -5.93667
-5.9266 -5.92704
-5.9705 -5.97031
-5.93413 -5.93375
-5.96114 -5.96125
-5.95091 -5.95153
-5.98843 -5.98886
-5.94698 -5.94711
-5.9779 -5.97815
-5.98775 -5.98816
-5.92421 -5.92385
-5.92591 -5.92609
-5.96599 -5.96579
-5.9448 -5.94533
-5.94874 -5.94855
-5.982 -5.98225
-5.97019 -5.97075
-5.93938 -5.93894
-5.92921 -5.9286
-5.97559 -5.97557
-5.95881 -5.95953
-5.96989 -5.9702
-5.9841 -5.9843
-5.91513 -5.91434
-5.92547 -5.92577
-5.92184 -5.92174
-5.93283 -5.93301
-5.95632 -5.9564
-5.94683 -5.94695
-5.98923 -5.98972
-5.95951 -5.95961
-5.95968 -5.95971
-5.96656 -5.96633
-5.93903 -5.9391
-5.98465 -5.98495
-5.94292 -5.94288
-5.90163 -5.90277
-5.8947 -5.8941
-5.93715 -5.93747
-5.95884 -5.95831
-5.91941 -5.92004
-5.89767 -5.89748
-5.96456 -5.96429
-5.91224 -5.91293
-5.92109 -5.92122
-5.90876 -5.90807
-5.98396 -5.9834
-5.91497 -5.91428
-5.92697 -5.92715
-5.97419 -5.97449
-5.92168 -5.92144
-5.91261 -5.9119
-5.95164 -5.95188
-5.96148 -5.962
-5.9144 -5.91386
-5.90605 -5.90523
-5.89981 -5.90081
-5.94868 -5.94911
-5.89213 -5.89264
-5.94162 -5.94171
-5.98923 -5.9893
-5.91455 -5.91414
-5.93337 -5.93314
-5.89493 -5.8944
-5.99072 -5.99046
-5.92005 -5.91917
-5.91685 -5.91729
-5.92657 -5.92633
-5.93899 -5.93967
-5.90404 -5.90442
-5.92984 -5.92995
-5.9522 -5.95203
-5.90257 -5.90143
-5.90226 -5.90148
-5.95321 -5.95297
-5.89209 -5.89165
-5.91548 -5.91477
-5.89071 -5.89082
-5.9227 -5.92243
-5.89517 -5.89503
-5.88991 -5.88987
-5.97382 -5.97339
-5.93143 -5.93107
-5.94539 -5.94569
-5.91292 -5.91349
-5.90933 -5.9094
-5.93804 -5.93769
-5.91033 -5.91027
-5.9047 -5.90506
-5.927 -5.92638
-5.93002 -5.92987
-5.91996 -5.91945
-5.95927 -5.95966
-5.89973 -5.89934
-5.95994 -5.95939
-5.89806 -5.89804
-5.9607 -5.96064
-5.91453 -5.91499
-5.96208 -5.96214
-5.91374 -5.91369
-5.90884 -5.90854
-5.92148 -5.92244
-5.94636 -5.94673
-5.93673 -5.93634
-5.92349 -5.92328
-5.88826 -5.88886
-5.96764 -5.96742
-6.00204 -6.00199
-5.97528 -5.97515
-5.92997 -5.92988
-5.94654 -5.94674
-5.93286 -5.93225
-5.89843 -5.89709
-5.9962 -5.99599
-5.93995 -5.93897
-5.97721 -5.97715
-5.92511 -5.92472
-5.92724 -5.9265
-5.91088 -5.91112
-5.91738 -5.91666
-5.90815 -5.90693
-5.89276 -5.89287
-5.9616 -5.96183
-5.96724 -5.96673
-5.89914 -5.89885
-5.95614 -5.95604
-5.91966 -5.91963
-5.91269 -5.91249
-5.91448 -5.91415
-5.92659 -5.92661
-5.97632 -5.9762
-5.964 -5.96388
-6.00077 -6.00053
-5.94525 -5.94515
-5.93237 -5.93264
-5.9195 -5.9199
-5.94058 -5.94051
-5.95109 -5.9513
-5.93897 -5.93875
-5.94065 -5.94071
-5.92591 -5.9255
-5.97788 -5.97793
-5.95598 -5.95559
-5.95783 -5.95799
-5.93091 -5.93147
-5.9629 -5.96281
-5.9783 -5.97853
-5.93973 -5.93962
-5.91248 -5.91264
-5.97691 -5.97673
-5.96125 -5.96089
-5.9333 -5.93306
-5.97534 -5.97594
-5.9475 -5.94771
-5.91751 -5.91752
-5.97864 -5.97872
-5.92882 -5.92923
-5.94742 -5.94704
-5.95987 -5.9601
-5.98341 -5.98304
-5.91481 -5.91523
-5.948 -5.94752
-5.97647 -5.97632
-5.97757 -5.97717
-5.9033 -5.9031
-5.94999 -5.95007
-5.97318 -5.97307
-5.96275 -5.96296
-5.9428 -5.9415
-5.90604 -5.90593
-5.95018 -5.94959
-5.91326 -5.91351
-5.93643 -5.93637
-5.97033 -5.97031
-5.89962 -5.90039
-5.93211 -5.93189
-5.94795 -5.94783
-5.97046 -5.97007
-5.91662 -5.91643
-5.92939 -5.92939
-5.9462 -5.94561
-5.94133 -5.94125
-5.93012 -5.93041
-5.96491 -5.96497
-5.96208 -5.96259
-5.97698 -5.97701
-5.89595 -5.89654
-5.89487 -5.895
-5.90884 -5.90892
-5.89154 -5.89165
-5.9026 -5.90244
-5.89999 -5.89971
-5.91136 -5.91159
-5.9041 -5.90365
-5.89954 -5.90011
-5.89468 -5.89495
-5.8971 -5.89701
-5.89494 -5.89537
-5.91488 -5.91466
-5.90479 -5.90416
-5.90335 -5.90379
-5.91286 -5.91238
-5.92388 -5.92373
-5.89027 -5.89049
-5.90616 -5.90629
-5.89292 -5.89339
-5.9081 -5.90673
-5.90669 -5.90604
-5.91637 -5.91585
-5.89477 -5.89549
-5.89943 -5.89895
-5.90093 -5.90054
-5.90065 -5.90139
-5.91041 -5.91106
-5.90213 -5.90174
-5.91535 -5.91583
-5.91935 -5.91935
-5.90165 -5.90119
-5.9344 -5.93398
-5.89611 -5.89641
-5.91268 -5.91247
-5.91537 -5.9152
-5.92596 -5.92582
-5.92832 -5.92842
-5.90229 -5.90221
-5.91979 -5.91971
-5.90585 -5.90524
-5.90114 -5.901
-5.90251 -5.90251
-5.94238 -5.94238
-5.94045 -5.93963
-5.91075 -5.91105
-5.93377 -5.93332
-5.91857 -5.91875
-5.90653 -5.9061
-5.89065 -5.89055
-5.9077 -5.90636
-5.89522 -5.89578
-5.90336 -5.90364
-5.90794 -5.90701
-5.90572 -5.90535
-5.90478 -5.90509
-5.91321 -5.91306
-5.91306 -5.91311
-5.93091 -5.9312
-5.91743 -5.91761
-5.94117 -5.94065
-5.90556 -5.90552
-5.90394 -5.90391
-5.91595 -5.91552
-5.96313 -5.963
-5.92692 -5.92666
-5.9229 -5.92189
-5.9001 -5.89901
-5.93123 -5.93093
-5.9121 -5.91111
-5.89948 -5.89925
-5.93819 -5.93789
-5.9088 -5.9079
-5.91798 -5.91836
-5.92532 -5.9258
-5.92187 -5.92231
-5.91387 -5.91396
-5.89661 -5.89648
-5.91256 -5.91255
-5.91507 -5.91506
-5.93462 -5.93459
-5.91597 -5.91583
-5.89898 -5.89887
-5.9247 -5.9249
-5.89861 -5.89885
-5.91511 -5.91573
-5.92953 -5.92927
-5.90353 -5.90416
-5.9063 -5.90673
-5.94242 -5.94274
-5.92684 -5.92706
-5.90681 -5.90662
-5.92202 -5.9216
-5.89343 -5.89344
-5.90101 -5.90141
-5.90944 -5.90874
-5.93382 -5.93301
-5.9158 -5.91523
-5.89935 -5.89954
-5.90301 -5.90336
-5.91551 -5.9161
-5.90022 -5.90032
-5.90267 -5.903
-5.91773 -5.91715
-5.91098 -5.91059
-5.90668 -5.90637
-5.9314 -5.93113
-5.8993 -5.89872
-5.90031 -5.90017
-5.90754 -5.90726
-5.93582 -5.9346
-5.89603 -5.89593
-5.9101 -5.9104
-5.89672 -5.89675
-5.92515 -5.92563
-5.91296 -5.91201
-5.9128 -5.91323
-5.9341 -5.93352
-5.91561 -5.9156
-5.91645 -5.91638
-5.88934 -5.88931
-5.9083 -5.90718
-5.91712 -5.91687
-5.92412 -5.92403
-5.9144 -5.91507
-5.91695 -5.91737
-5.9342 -5.93375
-5.90349 -5.90414
-5.94039 -5.94044
-5.90941 -5.90968
-5.9161 -5.91691
-5.92303 -5.92296
-5.93385 -5.93402
-5.89619 -5.89501
-5.939 -5.93879
-5.92017 -5.92005
-5.92587 -5.92554
-5.90546 -5.90522
-5.91502 -5.91543
-5.91185 -5.9121
-5.90748 -5.90836
-5.92961 -5.92905
-5.92789 -5.92686
-5.92663 -5.92614
-5.91538 -5.91472
-5.90972 -5.9095
-5.92904 -5.92966
-5.91436 -5.9141
-5.95355 -5.95371
-5.9075 -5.90637
-5.90455 -5.90495
-5.89523 -5.89569
-5.896 -5.89609
-5.90233 -5.90328
-5.8987 -5.89803
-5.88734 -5.88839
-5.89858 -5.89876
-5.89914 -5.9002
-5.89934 -5.89855
-5.9012 -5.90216
-5.96675 -5.96663
-5.92045 -5.92034
-5.90864 -5.90839
-5.89166 -5.89152
-5.88893 -5.88949
-5.90936 -5.91001
-5.92992 -5.93042
-5.90436 -5.90382
-5.89169 -5.89211
-5.93948 -5.93905
-5.94231 -5.94192
-5.89286 -5.89367
-5.9097 -5.9092
-5.89723 -5.8965
-5.90212 -5.90239
-5.89339 -5.89263
-5.89416 -5.89522
-5.90779 -5.90781
-5.90004 -5.9007
-5.90209 -5.90384
-5.91853 -5.91893
-5.88774 -5.88848
-5.9284 -5.92817
-5.90867 -5.90999
-5.88499 -5.88342
-5.90711 -5.90759
-5.8963 -5.89504
-5.90464 -5.90413
-5.91355 -5.91285
-5.89988 -5.90048
-5.94574 -5.9455
-5.9028 -5.90103
-5.92615 -5.92546
-5.91414 -5.91379
-5.88952 -5.89068
-5.90609 -5.9054
-5.91696 -5.91732
-5.9046 -5.90497
-5.90022 -5.90029
-5.93938 -5.94015
-5.91825 -5.91794
-5.91074 -5.90946
-5.89866 -5.89957
-5.90313 -5.90239
-5.90053 -5.90011
-5.91263 -5.91214
-5.89289 -5.89347
-5.9365 -5.9364
-5.8971 -5.89733
-5.88945 -5.88996
-5.89811 -5.89868
-5.93309 -5.93309
-5.92444 -5.92517
-5.92418 -5.9238
-5.90472 -5.90641
-5.90517 -5.90499
-5.93668 -5.93647
-5.95535 -5.95522
-5.91711 -5.91639
-5.89989 -5.90044
-5.89239 -5.89039
-5.89806 -5.89897
-5.91882 -5.9195
-5.90192 -5.90221
-5.91388 -5.91361
-5.91802 -5.91738
-5.93974 -5.93972
-5.92712 -5.9272
-5.94496 -5.94461
-5.90692 -5.90718
-5.88261 -5.88299
-5.89267 -5.89338
-5.90472 -5.90433
-5.91444 -5.91365
-5.93116 -5.93133
-5.91936 -5.91866
-5.93136 -5.93074
-5.9205 -5.92086
-5.90489 -5.90434
-5.90946 -5.91025
-5.89922 -5.89929
-5.90247 -5.9026
-5.92676 -5.92557
-5.89694 -5.89634
-5.94317 -5.94275
-5.89194 -5.89094
-5.9069 -5.90659
-5.9168 -5.91673
-5.88615 -5.88498
-5.90902 -5.90889
-5.8828 -5.88453
-5.9102 -5.90976
-5.94052 -5.93972
-5.94175 -5.94195
-5.89463 -5.89393
-5.90371 -5.90373
-5.92819 -5.92848
-5.90692 -5.90604
-5.94608 -5.94579
-5.94391 -5.94346
-5.91937 -5.91929
-5.91671 -5.91626
-5.91016 -5.91082
-5.92764 -5.9274
-5.89909 -5.89919
-5.89805 -5.89897
-5.89503 -5.89687
-5.95341 -5.95335
-5.89757 -5.89636
-5.89471 -5.89509
-5.93705 -5.93674
-5.89325 -5.89327
-5.93515 -5.93498
-5.90602 -5.90638
-5.90434 -5.90482
-5.90417 -5.90368
-5.91534 -5.91524
-5.90302 -5.90262
-5.94322 -5.94328
-5.917 -5.91679
-5.9114 -5.91058
-5.9005 -5.90088
-5.93646 -5.93646
-5.90329 -5.90396
-5.91731 -5.91726
-5.91704 -5.91661
-5.89689 -5.89567
-5.91181 -5.9111
-5.89236 -5.892
-5.91341 -5.91409
-5.93779 -5.93776
-5.95669 -5.9559
-5.89037 -5.89079
-5.9123 -5.91163
-5.88663 -5.88625
-5.90727 -5.9074
-5.97405 -5.97329
-5.92047 -5.92034
-5.90924 -5.90988
-5.8843 -5.88386
-5.90224 -5.90237
-5.9083 -5.90832
-5.90309 -5.9021
-5.89261 -5.89295
-5.90477 -5.90349
-5.89052 -5.88936
-5.90731 -5.90835
-5.88797 -5.88808
-5.89448 -5.89453
-5.89183 -5.89152
-5.90652 -5.90603
-5.924 -5.92433
-5.90505 -5.90458
-5.89951 -5.89791
-5.93489 -5.93474
-5.89602 -5.89602
-5.91663 -5.91549
-5.91815 -5.91795
-5.89801 -5.8984
-5.90485 -5.90499
-5.91364 -5.91295
-5.90605 -5.90522
-5.91178 -5.91211
-5.90575 -5.90441
-5.90096 -5.90154
-5.92516 -5.92393
-5.91911 -5.91996
-5.89232 -5.89234
-5.89663 -5.89573
-5.89135 -5.89184
-5.90396 -5.90434
-5.89094 -5.89071
-5.88789 -5.8883
-5.93742 -5.93671
-5.91064 -5.91039
-5.91072 -5.91072
-5.89866 -5.89946
-5.905 -5.90478
-5.90469 -5.90387
-5.90018 -5.9002
-5.90627 -5.90706
-5.91902 -5.91811
-5.92836 -5.92845
-5.89461 -5.89531
-5.90756 -5.9081
-5.89711 -5.89833
-5.90319 -5.90277
-5.90506 -5.9039
-5.89655 -5.89615
-5.87637 -5.8758
-5.94349 -5.94365
-5.90805 -5.90672
-5.90131 -5.90219
-5.90167 -5.90195
-5.90854 -5.90836
-5.8929 -5.89266
-5.92319 -5.92308
-5.90018 -5.90067
-5.93116 -5.93178
-5.90428 -5.90434
-5.90563 -5.90507
-5.92018 -5.9203
-5.91436 -5.91443
-5.89789 -5.89787
-5.91265 -5.91111
-5.94529 -5.94432
-5.88349 -5.88365
-5.91 -5.91078
-5.94513 -5.94456
-5.89003 -5.88968
-5.95852 -5.95782
-5.89334 -5.89329
-5.89735 -5.89682
-5.91459 -5.91356
-5.89134 -5.89135
-5.9052 -5.90467
-5.897 -5.89574
-5.90572 -5.9062
-5.9173 -5.91766
-5.923 -5.92381
-5.91077 -5.90903
-5.91302 -5.91165
-5.89383 -5.895
-5.89445 -5.89543
-5.95884 -5.95878
-5.91464 -5.91359
-5.9454 -5.94519
-5.90967 -5.91001
-5.95027 -5.95067
-5.92325 -5.92376
-5.91064 -5.9107
-5.95518 -5.95548
-5.89909 -5.89948
-5.90405 -5.90431
-5.90036 -5.90064
-5.92137 -5.91942
-5.90091 -5.90011
-5.90549 -5.90575
-5.90772 -5.90759
-5.89351 -5.89349
-5.89008 -5.88906
-5.90587 -5.90609
-5.89988 -5.89958
-5.91742 -5.91701
-5.94364 -5.94355
-5.90187 -5.90144
-5.91389 -5.91432
-5.90933 -5.90945
-5.91084 -5.9094
-5.95958 -5.95937
-5.90824 -5.90921
-5.92594 -5.92634
-5.90654 -5.90533
-5.94587 -5.94544
-5.91646 -5.91533
-5.91044 -5.91025
-5.92299 -5.92343
-5.93824 -5.93835
-5.91364 -5.91275
-5.90162 -5.90181
-5.90529 -5.9054
-5.90832 -5.90765
-5.94658 -5.9462
-5.91186 -5.91217
-5.90003 -5.90025
-5.89812 -5.89859
-5.89658 -5.89725
-5.90441 -5.90475
-5.90992 -5.90988
-5.9113 -5.91088
-5.91075 -5.91036
-5.90958 -5.91037
-5.94594 -5.94559
-5.90375 -5.90472
-5.89723 -5.89675
-5.90085 -5.90141
-5.89844 -5.89868
-5.91075 -5.91024
-5.90344 -5.90457
-5.90801 -5.90847
-5.8928 -5.89214
-5.94086 -5.94094
-5.91905 -5.91892
-5.90112 -5.90065
-5.93393 -5.93429
-5.94657 -5.94644
-5.94627 -5.94625
-5.89889 -5.90026
-5.90221 -5.90257
-5.92233 -5.92337
-5.95728 -5.95746
-5.98608 -5.98632
-5.95067 -5.95093
-5.95767 -5.9574
-5.98957 -5.98977
-5.9843 -5.98455
-5.96996 -5.97037
-5.97034 -5.97013
-5.98187 -5.98212
-5.9813 -5.98156
-5.96734 -5.96749
-5.97048 -5.97055
-5.97129 -5.97126
-5.97633 -5.9766
-5.97298 -5.97349
-5.9457 -5.94615
-5.98895 -5.98947
-5.94779 -5.9481
-5.95449 -5.95466
-5.95664 -5.95689
-5.98373 -5.98406
-5.95521 -5.95515
-5.96 -5.9604
-5.95089 -5.951
-5.97131 -5.97156
-5.96131 -5.96163
-5.979 -5.97923
-5.97445 -5.97455
-5.98113 -5.98128
-5.9705 -5.97092
-5.94825 -5.94805
-5.95854 -5.95858
-5.97828 -5.97864
-5.98422 -5.98442
-5.97726 -5.97788
-5.9663 -5.96613
-5.95637 -5.95604
-5.95568 -5.95529
-5.94295 -5.94342
-5.96996 -5.97042
-5.96627 -5.96677
-5.95211 -5.95214
-5.98744 -5.98783
-5.98082 -5.98081
-5.94909 -5.94962
-5.94977 -5.95013
-5.94336 -5.94346
-5.95965 -5.96032
-5.96448 -5.96431
-5.98395 -5.98416
