-0.996 0.000204459 -6.29175e-05
-0.992 0.000228484 -0.00058224
-0.988 -0.000189909 -0.00153909
-0.984 -0.00052481 -0.00234326
-0.98 2.07929e-05 -0.00229508
-0.976 0.00165136 -0.00122579
-0.972 0.00318929 3.49991e-06
-0.968 0.00182218 -0.000562894
-0.964 -0.00631773 -0.00547211
-0.96 -0.0247767 -0.0168933
-0.956 -0.0550151 -0.0355064
-0.952 -0.0949331 -0.0596946
-0.948 -0.138406 -0.085442
-0.944 -0.17631 -0.107131
-0.94 -0.199039 -0.119106
-0.936 -0.199932 -0.117561
-0.932 -0.178564 -0.102092
-0.928 -0.142624 -0.0762813
-0.924 -0.107404 -0.0469467
-0.92 -0.0925338 -0.0221221
-0.916 -0.116525 -0.0083046
-0.912 -0.190512 -0.0078573
-0.908 -0.313103 -0.017525
-0.904 -0.468189 -0.0287699
-0.9 -0.626905 -0.0301041
-0.896 -0.753818 -0.010927
-0.892 -0.816071 0.03423
-0.888 -0.793057 0.102466
-0.884 -0.683693 0.181582
-0.88 -0.508707 0.252166
-0.876 -0.306637 0.292498
-0.872 -0.124063 0.285077
-0.868 -0.00244526 0.222911
-0.864 0.034855 0.113517
-0.86 -0.008492 -0.0209454
-0.856 -0.099909 -0.147949
-0.852 -0.184381 -0.232541
-0.848 -0.198274 -0.247007
-0.844 -0.0872239 -0.179534
-0.84 0.176793 -0.0391692
-0.836 0.584374 0.144834
-0.832 1.08738 0.329629
-0.828 1.60847 0.469958
-0.824 2.05924 0.530929
-0.82 2.36221 0.498698
-0.816 2.47058 0.385672
-0.812 2.38028 0.228184
-0.808 2.13082 0.0767195
-0.804 1.79416 -0.0190222
-0.8 1.45431 -0.0261624
-0.796 1.18307 0.0590294
-0.792 1.01899 0.206657
-0.788 0.956375 0.358726
-0.784 0.94818 0.443956
-0.78 0.922557 0.398258
-0.776 0.807922 0.185236
-0.772 0.5586 -0.189369
-0.768 0.172671 -0.673962
-0.764 -0.303993 -1.17994
-0.76 -0.78931 -1.60147
-0.756 -1.18929 -1.84137
-0.752 -1.42815 -1.83635
-0.748 -1.47506 -1.57479
-0.744 -1.35844 -1.10178
-0.74 -1.16176 -0.50969
-0.736 -0.999946 0.0838536
-0.732 -0.98194 0.564943
-0.728 -1.16999 0.851597
-0.724 -1.54885 0.913514
-0.72 -2.01636 0.777815
-0.716 -2.40151 0.519123
-0.712 -2.50826 0.236839
-0.708 -2.17494 0.0262564
-0.704 -1.33317 -0.0479162
-0.7 -0.0482374 0.0322382
-0.696 1.47363 0.236597
-0.692 2.91718 0.500675
-0.688 3.92466 0.749485
-0.684 4.18219 0.923621
-0.68 3.50506 0.999003
-0.676 1.89953 0.993722
-0.672 -0.417036 0.959518
-0.668 -3.04694 0.960273
-0.664 -5.49106 1.04428
-0.66 -7.25978 1.21946
-0.656 -7.98961 1.44071
-0.652 -7.53484 1.61512
-0.648 -6.00859 1.62568
-0.644 -3.76055 1.36777
-0.64 -1.29551 0.787762
-0.636 0.847206 -0.0885253
-0.632 2.22382 -1.14769
-0.628 2.59368 -2.20585
-0.624 1.97744 -3.04844
-0.62 0.649871 -3.48381
-0.616 -0.93332 -3.39659
-0.612 -2.25788 -2.78616
-0.608 -2.89128 -1.77777
-0.604 -2.60239 -0.601041
-0.6 -1.42663 0.461274
-0.596 0.341987 1.14191
-0.592 2.22973 1.2572
-0.588 3.71111 0.755572
-0.584 4.35196 -0.267774
-0.58 3.93055 -1.59497
-0.576 2.5048 -2.94238
-0.572 0.406472 -4.0348
-0.568 -1.83934 -4.67664
-0.564 -3.65107 -4.80011
-0.56 -4.54831 -4.47695
-0.556 -4.287 -3.89023
-0.552 -2.93364 -3.27416
-0.548 -0.857038 -2.83914
-0.544 1.36112 -2.70425
-0.54 3.07405 -2.85696
-0.536 3.73857 -3.15311
-0.532 3.06184 -3.35799
-0.528 1.08799 -3.2181
-0.524 -1.80012 -2.54379
-0.52 -4.96756 -1.27927
-0.516 -7.68178 0.461223
-0.512 -9.29418 2.40379
-0.508 -9.39993 4.17192
-0.504 -7.93387 5.37714
-0.5 -5.17895 5.71938
-0.496 -1.68736 5.06983
-0.492 1.86457 3.51272
-0.488 4.852 1.33419
-0.484 6.86478 -1.03888
-0.48 7.81632 -3.13366
-0.476 7.96628 -4.53456
-0.472 7.84628 -4.96893
-0.468 8.10437 -4.35484
-0.464 9.30868 -2.80171
-0.46 11.7636 -0.56702
-0.456 15.388 2.01617
-0.452 19.6868 4.61872
-0.448 23.8241 6.97936
-0.444 26.7824 8.936
-0.44 27.5764 10.4192
-0.436 25.4781 11.4157
-0.432 20.2051 11.9196
-0.428 12.0279 11.8942
-0.424 1.76631 11.2608
-0.42 -9.33124 9.92135
-0.416 -19.8023 7.80735
-0.412 -28.2344 4.93875
-0.408 -33.5215 1.46944
-0.404 -35.0611 -2.3
-0.4 -32.8558 -5.9535
-0.396 -27.5054 -9.03244
-0.392 -20.0957 -11.1342
-0.388 -12.008 -12.0097
-0.384 -4.68266 -11.6294
-0.38 0.622693 -10.1944
-0.376 3.04195 -8.08565
-0.372 2.23924 -5.76227
-0.368 -1.54748 -3.6395
-0.364 -7.56741 -1.98242
-0.36 -14.7097 -0.848685
-0.356 -21.7151 -0.0987431
-0.352 -27.4002 0.527744
-0.348 -30.8508 1.29058
-0.344 -31.5524 2.31946
-0.34 -29.4445 3.5191
-0.336 -24.9003 4.54629
-0.332 -18.6421 4.87748
-0.328 -11.6055 3.95748
-0.324 -4.77532 1.39087
-0.32 0.980892 -2.88184
-0.316 5.0491 -8.48277
-0.312 7.15035 -14.6119
-0.308 7.35562 -20.1884
-0.304 6.03984 -24.0915
-0.3 3.79274 -25.4439
-0.296 1.30853 -23.8629
-0.292 -0.725953 -19.6066
-0.288 -1.72959 -13.5617
-0.284 -1.30168 -7.06041
-0.28 0.731374 -1.55761
-0.276 4.29599 1.7525
-0.272 9.07275 2.27784
-0.268 14.5159 0.22831
-0.264 19.8939 -3.39213
-0.26 24.3577 -7.01254
-0.256 27.043 -8.89345
-0.252 27.1986 -7.59998
-0.248 24.327 -2.42805
-0.244 18.3139 6.33271
-0.24 9.52474 17.3801
-0.236 -1.15056 28.6448
-0.232 -12.327 37.7511
-0.228 -22.2501 42.5839
-0.224 -29.0295 41.8169
-0.22 -30.9647 35.2675
-0.216 -26.9081 23.9801
-0.212 -16.5834 10.0107
-0.208 -0.771601 -4.04058
-0.204 18.693 -15.6373
-0.2 39.1368 -22.9051
-0.196 57.4472 -25.066
-0.192 70.6001 -22.5931
-0.188 76.2289 -17.0409
-0.184 73.1237 -10.5954
-0.18 61.5439 -5.46593
-0.176 43.2531 -3.28416
-0.172 21.2413 -4.673
-0.168 -0.822554 -9.09953
-0.164 -19.3006 -15.0481
-0.16 -31.3152 -20.4642
-0.156 -35.3466 -23.3457
-0.152 -31.5727 -22.3188
-0.148 -21.8597 -17.0364
-0.144 -9.37902 -8.28815
-0.14 2.08704 2.20624
-0.136 9.00112 12.2567
-0.132 8.87964 19.7833
-0.128 0.858523 23.359
-0.124 -14.1076 22.5709
-0.12 -33.4364 18.1077
-0.116 -53.4431 11.5445
-0.112 -70.0976 4.87387
-0.108 -79.8828 -0.0947302
-0.104 -80.5898 -2.29117
-0.1 -71.8605 -1.71239
-0.096 -55.311 0.599501
-0.092 -34.1729 2.93449
-0.088 -12.5413 3.52411
-0.084 5.55234 1.17612
-0.08 16.9928 -4.2736
-0.076 20.1766 -11.8244
-0.072 15.2818 -19.5118
-0.068 4.21923 -24.8777
-0.064 -9.70998 -25.5882
-0.06 -22.429 -20.0663
-0.056 -29.9133 -7.99797
-0.052 -29.0779 9.41957
-0.048 -18.4878 29.5872
-0.044 1.33379 48.9953
-0.04 28.0886 64.0123
-0.036 58.2697 71.7763
-0.032 87.8693 70.9431
-0.028 112.993 62.0626
-0.024 130.279 47.4599
-0.02 137.166 30.6366
-0.016 132.115 15.3447
-0.012 114.832 4.5788
-0.008 86.4508 -0.2305
-0.004 49.5704 0.417154
0 8.02194 4.28938
0.004 -33.6443 8.13477
0.008 -70.8639 8.70282
0.012 -99.7643 3.7645
0.016 -117.687 -7.17445
0.02 -123.425 -22.6761
0.024 -117.204 -39.7365
0.028 -100.507 -54.5926
0.032 -75.8619 -63.7303
0.036 -46.6203 -64.8121
0.04 -16.6913 -57.277
0.044 9.886 -42.462
0.048 29.5647 -23.2267
0.052 40.0056 -3.20676
0.056 40.6512 14.0794
0.06 32.9127 26.0205
0.064 19.8649 31.4063
0.068 5.53547 30.5402
0.072 -5.98462 24.9927
0.076 -11.3726 17.0962
0.08 -8.69343 9.31296
0.084 2.25301 3.61583
0.088 19.8796 1.0165
0.092 41.0791 1.36216
0.096 61.8193 3.46965
0.1 77.9966 5.57521
0.104 86.3666 5.96792
0.108 85.2995 3.59914
0.112 75.1433 -1.53876
0.116 58.1026 -8.38794
0.12 37.698 -15.1501
0.124 17.9699 -19.8395
0.128 2.61774 -20.8815
0.132 -5.75981 -17.5815
0.136 -6.19343 -10.3398
0.14 0.462765 -0.566787
0.144 11.7283 9.67547
0.148 24.0609 18.2121
0.152 33.6655 23.3323
0.156 37.351 24.2464
0.16 33.2274 21.2919
0.164 21.092 15.8246
0.168 2.44218 9.82372
0.172 -19.86 5.32112
0.176 -42.1824 3.81469
0.18 -60.8505 5.82879
0.184 -72.8577 10.7433
0.188 -76.4158 16.9403
0.192 -71.2364 22.2323
0.196 -58.5006 24.4588
0.2 -40.5501 22.0884
0.204 -20.3912 14.6647
0.208 -1.12758 2.97181
0.212 14.5658 -11.1209
0.216 24.8432 -25.0924
0.22 28.903 -36.3654
0.224 26.9962 -42.9093
0.228 20.2441 -43.703
0.232 10.3245 -38.9453
0.236 -0.887377 -29.9681
0.24 -11.6436 -18.8811
0.244 -20.5572 -8.04403
0.248 -26.7304 0.496053
0.252 -29.7861 5.46054
0.256 -29.8265 6.57974
0.26 -27.3384 4.57
0.264 -23.0646 0.869014
0.268 -17.8647 -2.78989
0.272 -12.5852 -4.84829
0.276 -7.95744 -4.31725
0.28 -4.52779 -1.00023
0.284 -2.6158 4.50249
0.288 -2.29418 10.9954
0.292 -3.3876 17.0292
0.296 -5.49376 21.2817
0.3 -8.03108 22.8769
0.304 -10.314 21.5649
0.308 -11.6513 17.7303
0.312 -11.4565 12.2447
0.316 -9.35729 6.2159
0.32 -5.28355 0.70769
0.324 0.486603 -3.4978
0.328 7.34119 -6.03706
0.332 14.4148 -6.97696
0.336 20.7245 -6.71123
0.34 25.3353 -5.78417
0.344 27.5246 -4.70125
0.348 26.9175 -3.78418
0.352 23.5714 -3.108
0.356 17.9961 -2.5285
0.36 11.1 -1.78007
0.364 4.0606 -0.606007
0.368 -1.86731 1.12178
0.372 -5.57478 3.32972
0.376 -6.31002 5.73652
0.38 -3.83173 7.91409
0.384 1.52884 9.39644
0.388 8.91013 9.80282
0.392 17.0582 8.93853
0.396 24.5344 6.84403
0.4 29.9573 3.78073
0.404 32.2385 0.16179
0.408 30.7736 -3.54809
0.412 25.5537 -6.93291
0.416 17.1746 -9.69835
0.42 6.73691 -11.7015
0.424 -4.34954 -12.9352
0.428 -14.6209 -13.48
0.432 -22.8226 -13.4422
0.436 -28.1245 -12.9034
0.44 -30.243 -11.898
0.444 -29.4468 -10.4245
0.448 -26.4518 -8.48603
0.452 -22.2355 -6.14114
0.456 -17.8132 -3.5424
0.46 -14.0251 -0.944947
0.464 -11.3764 1.32384
0.468 -9.96271 2.92836
0.472 -9.49623 3.60551
0.476 -9.42539 3.23905
0.48 -9.1163 1.90489
0.484 -8.04704 -0.128119
0.488 -5.96188 -2.4455
0.492 -2.945 -4.5732
0.496 0.601714 -6.0818
0.5 4.06593 -6.68237
0.504 6.78565 -6.28859
0.508 8.22212 -5.02847
0.512 8.10245 -3.20265
0.516 6.497 -1.20145
0.52 3.8106 0.596125
0.524 0.687634 1.91355
0.528 -2.14595 2.63459
0.532 -4.06204 2.81407
0.536 -4.68283 2.64192
0.54 -3.96636 2.37302
0.544 -2.20453 2.24406
0.548 0.0627762 2.40125
0.552 2.19311 2.85862
0.556 3.60857 3.49781
0.56 3.94225 4.10822
0.564 3.12681 4.45482
0.568 1.40254 4.35352
0.572 -0.756369 3.7318
0.576 -2.77596 2.65719
0.58 -4.13868 1.32568
0.584 -4.51875 0.0132295
0.588 -3.86155 -0.995684
0.592 -2.38899 -1.48268
0.596 -0.532315 -1.35266
0.6 1.18827 -0.658062
0.604 2.3057 0.41593
0.608 2.53298 1.60015
0.612 1.84103 2.60993
0.616 0.465906 3.21426
0.62 -1.15665 3.28724
0.624 -2.51095 2.83001
0.628 -3.14134 1.9595
0.632 -2.77431 0.869904
0.636 -1.39112 -0.221183
0.64 0.765348 -1.12681
0.644 3.2491 -1.73105
0.648 5.51877 -2.00645
0.652 7.06774 -2.00616
0.656 7.54469 -1.83536
0.66 6.83506 -1.61246
0.664 5.08347 -1.43219
0.668 2.65287 -1.34161
0.672 0.0330083 -1.33437
0.676 -2.27613 -1.36317
0.68 -3.87542 -1.36433
0.684 -4.54585 -1.28536
0.688 -4.2797 -1.10663
0.692 -3.26075 -0.85018
0.696 -1.80272 -0.573299
0.7 -0.264011 -0.349458
0.704 1.03872 -0.242739
0.708 1.89717 -0.284314
0.712 2.24345 -0.458742
0.716 2.14309 -0.704831
0.72 1.75519 -0.93118
0.724 1.27417 -1.04189
0.728 0.870902 -0.964783
0.732 0.649362 -0.673623
0.736 0.628437 -0.197923
0.74 0.750825 0.382646
0.744 0.912972 0.957549
0.748 1.00479 1.41297
0.752 0.946312 1.66009
0.756 0.710738 1.65645
0.76 0.328485 1.41498
0.764 -0.12694 0.99875
0.768 -0.56518 0.50336
0.772 -0.908441 0.0321073
0.776 -1.11501 -0.329261
0.78 -1.19016 -0.53164
0.784 -1.18171 -0.570847
0.788 -1.16213 -0.483588
0.792 -1.20312 -0.333016
0.796 -1.35089 -0.188549
0.8 -1.61007 -0.105914
0.804 -1.94108 -0.112929
0.808 -2.27132 -0.204483
0.812 -2.51629 -0.347303
0.816 -2.60385 -0.492323
0.82 -2.49457 -0.590492
0.824 -2.19263 -0.607312
0.828 -1.74488 -0.532156
0.832 -1.22855 -0.38019
0.836 -0.73144 -0.186933
0.84 -0.329951 0.0024663
0.844 -0.0711246 0.145876
0.848 0.0366374 0.215089
0.852 0.022041 0.202141
0.856 -0.0603132 0.119675
0.86 -0.146995 -0.00418992
0.864 -0.183518 -0.134578
0.868 -0.137994 -0.239429
0.872 -0.00743823 -0.297262
0.876 0.184224 -0.301221
0.88 0.39515 -0.258735
0.884 0.578566 -0.187397
0.888 0.6959 -0.108668
0.892 0.726494 -0.0414307
0.896 0.671539 0.00275184
0.9 0.551727 0.0215503
0.904 0.399946 0.0207916
0.908 0.251597 0.011144
0.912 0.135495 0.00387605
0.916 0.0677193 0.00710167
0.92 0.0496707 0.0235772
0.924 0.0702572 0.0505037
0.928 0.111008 0.0811158
0.932 0.152289 0.107325
0.936 0.178744 0.122453
0.94 0.182561 0.123185
0.944 0.164023 0.110233
0.948 0.129659 0.0876655
0.952 0.0889981 0.0612982
0.956 0.0511569 0.0367942
0.96 0.0223266 0.0181133
0.964 0.00473335 0.00675801
0.968 -0.00292347 0.00192495
0.972 -0.00403029 0.00135319
0.976 -0.00232583 0.00245668
0.98 -0.000544304 0.00329325
0.984 0.000161474 0.00305099
0.988 -1.81994e-05 0.00195996
0.992 -0.000315009 0.000772323
0.996 -0.000222624 0.000109741
0.1 0.614802 0.227313
0.2 0.619827 0.230519
0.3 0.628186 0.235852
0.4 0.639856 0.243298
0.5 0.654803 0.25284
0.6 0.672986 0.264452
0.7 0.694354 0.278105
0.8 0.718846 0.293763
0.9 0.746395 0.311387
1 0.776923 0.330931
1.1 0.810347 0.352347
1.2 0.846573 0.37558
1.3 0.885503 0.400571
1.4 0.927031 0.427258
1.5 0.971042 0.455574
1.6 1.01742 0.485449
1.7 1.06604 0.516808
1.8 1.11677 0.549575
1.9 1.16948 0.58367
2 1.22403 0.619009
2.1 1.28028 0.655508
2.2 1.33809 0.693079
2.3 1.3973 0.731632
2.4 1.45778 0.771078
2.5 1.51936 0.811324
2.6 1.58191 0.852276
2.7 1.64526 0.893842
2.8 1.70927 0.935927
2.9 1.7738 0.978437
3 1.83868 1.02128
3.1 1.90377 1.06436
3.2 1.96894 1.10758
3.3 2.03403 1.15085
3.4 2.09891 1.19409
3.5 2.16344 1.2372
3.6 2.22749 1.2801
3.7 2.29094 1.32269
3.8 2.35367 1.36491
3.9 2.41554 1.40666
4 2.47646 1.44787
4.1 2.53632 1.48847
4.2 2.59501 1.52838
4.3 2.65244 1.56753
4.4 2.70852 1.60586
4.5 2.76317 1.64331
4.6 2.81631 1.67981
4.7 2.86786 1.71532
4.8 2.91777 1.74977
4.9 2.96598 1.78313
5 3.01243 1.81534
5.1 3.05708 1.84638
5.2 3.09989 1.87619
5.3 3.14082 1.90475
5.4 3.17984 1.93204
5.5 3.21694 1.95802
5.6 3.2521 1.98267
5.7 3.2853 2.00598
5.8 3.31654 2.02792
5.9 3.34581 2.04851
6 3.37313 2.06771
6.1 3.39849 2.08553
6.2 3.4219 2.10198
6.3 3.44339 2.11704
6.4 3.46297 2.13073
6.5 3.48067 2.14306
6.6 3.49649 2.15403
6.7 3.51048 2.16366
6.8 3.52267 2.17196
6.9 3.53307 2.17895
7 3.54174 2.18466
7.1 3.54869 2.1891
7.2 3.55397 2.19229
7.3 3.55761 2.19426
7.4 3.55965 2.19504
7.5 3.56013 2.19465
7.6 3.55908 2.19313
7.7 3.55654 2.19049
7.8 3.55255 2.18678
7.9 3.54715 2.18201
8 3.54037 2.17623
8.1 3.53225 2.16946
8.2 3.52282 2.16173
8.3 3.51212 2.15308
8.4 3.50018 2.14354
8.5 3.48703 2.13314
8.6 3.4727 2.1219
8.7 3.45722 2.10986
8.8 3.44062 2.09705
8.9 3.42292 2.0835
9 3.40416 2.06924
9.1 3.38435 2.05429
9.2 3.36352 2.03869
9.3 3.3417 2.02245
9.4 3.3189 2.00561
9.5 3.29514 1.9882
9.6 3.27044 1.97022
9.7 3.24483 1.95172
9.8 3.21831 1.93271
9.9 3.19092 1.91321
10 3.16266 1.89325
10.1 3.13355 1.87284
10.2 3.10361 1.85201
10.3 3.07286 1.83077
10.4 3.04131 1.80914
10.5 3.00899 1.78714
10.6 2.9759 1.7648
10.7 2.94207 1.74211
10.8 2.90752 1.71911
10.9 2.87226 1.6958
11 2.83632 1.6722
11.1 2.79971 1.64834
11.2 2.76247 1.62421
11.3 2.72461 1.59984
11.4 2.68616 1.57524
11.5 2.64715 1.55043
11.6 2.60759 1.52542
11.7 2.56753 1.50022
11.8 2.52699 1.47486
11.9 2.48601 1.44934
12 2.44461 1.42369
12.1 2.40282 1.39791
12.2 2.3607 1.37202
12.3 2.31826 1.34604
12.4 2.27556 1.31998
12.5 2.23263 1.29387
12.6 2.1895 1.26772
12.7 2.14622 1.24154
12.8 2.10284 1.21536
12.9 2.0594 1.18919
13 2.01593 1.16305
13.1 1.97248 1.13696
13.2 1.92911 1.11094
13.3 1.88585 1.08502
13.4 1.84274 1.0592
13.5 1.79984 1.03351
13.6 1.75719 1.00797
13.7 1.71483 0.982607
13.8 1.67281 0.957434
13.9 1.63117 0.932475
14 1.58996 0.90775
14.1 1.54921 0.88328
14.2 1.50897 0.859086
14.3 1.46928 0.83519
14.4 1.43017 0.811611
14.5 1.39169 0.78837
14.6 1.35387 0.765486
14.7 1.31674 0.74298
14.8 1.28034 0.72087
14.9 1.24469 0.699174
15 1.20983 0.677911
15.1 1.17578 0.657096
15.2 1.14256 0.636748
15.3 1.1102 0.61688
15.4 1.07871 0.597509
15.5 1.04811 0.578646
15.6 1.01843 0.560305
15.7 0.98966 0.542498
15.8 0.961822 0.525235
15.9 0.93492 0.508525
16 0.90896 0.492376
16.1 0.883945 0.476796
16.2 0.859874 0.461789
16.3 0.836746 0.44736
16.4 0.814556 0.433513
16.5 0.793298 0.420248
16.6 0.772964 0.407566
16.7 0.753541 0.395467
16.8 0.735019 0.383947
16.9 0.717381 0.373003
17 0.700612 0.362631
17.1 0.684693 0.352824
17.2 0.669606 0.343574
17.3 0.655328 0.334873
17.4 0.641837 0.32671
17.5 0.62911 0.319076
17.6 0.617122 0.311957
17.7 0.605847 0.30534
17.8 0.595258 0.29921
17.9 0.585329 0.293554
18 0.57603 0.288354
18.1 0.567335 0.283593
18.2 0.559213 0.279254
18.3 0.551636 0.275318
18.4 0.544575 0.271767
18.5 0.538002 0.268579
18.6 0.531886 0.265737
18.7 0.526199 0.263218
18.8 0.520913 0.261002
18.9 0.516 0.259068
19 0.511432 0.257395
19.1 0.507182 0.255961
19.2 0.503225 0.254746
19.3 0.499534 0.253728
19.4 0.496084 0.252886
19.5 0.492853 0.252199
19.6 0.489816 0.251646
19.7 0.486953 0.251208
19.8 0.484241 0.250864
19.9 0.481661 0.250595
20 0.479194 0.250383
20.1 0.476822 0.250209
20.2 0.474527 0.250056
20.3 0.472295 0.249906
20.4 0.470111 0.249745
20.5 0.46796 0.249557
20.6 0.46583 0.249326
20.7 0.46371 0.24904
20.8 0.46159 0.248686
20.9 0.459459 0.248253
21 0.457309 0.247728
21.1 0.455132 0.247103
21.2 0.452923 0.246368
21.3 0.450674 0.245515
21.4 0.448382 0.244538
21.5 0.446041 0.24343
21.6 0.44365 0.242185
21.7 0.441204 0.2408
21.8 0.438702 0.239272
21.9 0.436143 0.237598
22 0.433526 0.235776
22.1 0.43085 0.233806
22.2 0.428117 0.231688
22.3 0.425327 0.229423
22.4 0.422481 0.227013
22.5 0.419582 0.22446
22.6 0.41663 0.221768
22.7 0.413629 0.21894
22.8 0.410581 0.215982
22.9 0.407489 0.212897
23 0.404357 0.209692
23.1 0.401187 0.206372
23.2 0.397984 0.202946
23.3 0.39475 0.199418
23.4 0.391491 0.195798
23.5 0.388209 0.192092
23.6 0.38491 0.18831
23.7 0.381597 0.184458
23.8 0.378274 0.180545
23.9 0.374946 0.176581
24 0.371617 0.172574
24.1 0.368291 0.168532
24.2 0.364973 0.164465
24.3 0.361666 0.160382
24.4 0.358377 0.156291
24.5 0.355107 0.152201
24.6 0.351863 0.148122
24.7 0.348647 0.144061
24.8 0.345465 0.140028
24.9 0.34232 0.13603
25 0.339216 0.132075
25.1 0.336158 0.128172
25.2 0.333149 0.124328
25.3 0.330194 0.120551
25.4 0.327295 0.116848
25.5 0.324456 0.113224
25.6 0.321681 0.109688
25.7 0.318974 0.106245
25.8 0.316337 0.102901
25.9 0.313774 0.0996619
26 0.311287 0.0965321
26.1 0.308879 0.0935168
26.2 0.306554 0.0906205
26.3 0.304312 0.0878473
26.4 0.302157 0.0852008
26.5 0.30009 0.0826844
26.6 0.298113 0.0803011
26.7 0.296228 0.0780535
26.8 0.294435 0.0759439
26.9 0.292736 0.0739741
27 0.291131 0.0721456
27.1 0.289621 0.0704597
27.2 0.288205 0.068917
27.3 0.286884 0.0675181
27.4 0.285657 0.0662631
27.5 0.284522 0.0651517
27.6 0.28348 0.0641833
27.7 0.282527 0.0633571
27.8 0.281663 0.0626718
27.9 0.280884 0.0621258
28 0.280189 0.0617173
28.1 0.279575 0.0614442
28.2 0.279037 0.0613039
28.3 0.278573 0.0612937
28.4 0.278179 0.0614107
28.5 0.27785 0.0616513
28.6 0.277582 0.0620122
28.7 0.27737 0.0624895
28.8 0.277209 0.063079
28.9 0.277094 0.0637764
29 0.277018 0.0645772
29.1 0.276977 0.0654767
29.2 0.276964 0.0664697
29.3 0.276973 0.067551
29.4 0.276998 0.0687154
29.5 0.277032 0.0699572
29.6 0.277069 0.0712706
29.7 0.277103 0.0726498
29.8 0.277126 0.0740887
29.9 0.277132 0.075581
30 0.277115 0.0771206
30.1 0.277067 0.0787009
30.2 0.276984 0.0803154
30.3 0.276858 0.0819577
30.4 0.276683 0.0836209
30.5 0.276453 0.0852985
30.6 0.276163 0.0869837
30.7 0.275806 0.0886697
30.8 0.275379 0.0903499
30.9 0.274875 0.0920175
31 0.274291 0.0936659
31.1 0.273622 0.0952885
31.2 0.272864 0.0968788
31.3 0.272013 0.0984304
31.4 0.271066 0.0999369
31.5 0.270022 0.101392
31.6 0.268876 0.10279
31.7 0.267628 0.104126
31.8 0.266275 0.105392
31.9 0.264817 0.106585
32 0.263253 0.107699
32.1 0.261584 0.108729
32.2 0.259808 0.10967
32.3 0.257927 0.110518
32.4 0.255943 0.11127
32.5 0.253855 0.11192
32.6 0.251667 0.112468
32.7 0.24938 0.112908
32.8 0.246998 0.113239
32.9 0.244522 0.113458
33 0.241957 0.113565
33.1 0.239306 0.113556
33.2 0.236572 0.113432
33.3 0.233759 0.113191
33.4 0.230873 0.112835
33.5 0.227917 0.112362
33.6 0.224895 0.111774
33.7 0.221813 0.111072
33.8 0.218676 0.110257
33.9 0.215487 0.109333
34 0.212253 0.1083
34.1 0.208977 0.107162
34.2 0.205666 0.105923
34.3 0.202323 0.104586
34.4 0.198954 0.103155
34.5 0.195563 0.101635
34.6 0.192155 0.10003
34.7 0.188734 0.0983456
34.8 0.185305 0.0965876
34.9 0.181871 0.0947616
35 0.178438 0.0928737
35.1 0.175007 0.0909301
35.2 0.171584 0.0889375
35.3 0.16817 0.0869025
35.4 0.164771 0.0848321
35.5 0.161387 0.0827334
35.6 0.158022 0.0806135
35.7 0.154679 0.0784797
35.8 0.15136 0.0763394
35.9 0.148066 0.0741997
36 0.144799 0.0720682
36.1 0.141561 0.069952
36.2 0.138354 0.0678583
36.3 0.135178 0.0657943
36.4 0.132035 0.0637669
36.5 0.128926 0.0617828
36.6 0.125851 0.0598486
36.7 0.122811 0.0579707
36.8 0.119807 0.0561552
36.9 0.116839 0.0544078
37 0.113908 0.052734
37.1 0.111015 0.0511389
37.2 0.108159 0.0496273
37.3 0.105342 0.0482035
37.4 0.102563 0.0468716
37.5 0.0998238 0.0456349
37.6 0.0971247 0.0444966
37.7 0.0944664 0.0434593
37.8 0.0918498 0.0425252
37.9 0.0892759 0.0416958
38 0.0867459 0.0409723
38.1 0.0842609 0.0403555
38.2 0.0818224 0.0398453
38.3 0.079432 0.0394415
38.4 0.0770914 0.0391431
38.5 0.0748026 0.0389489
38.6 0.0725677 0.0388569
38.7 0.0703889 0.0388647
38.8 0.0682687 0.0389695
38.9 0.0662096 0.0391681
39 0.0642144 0.0394566
39.1 0.0622859 0.0398308
39.2 0.0604273 0.0402861
39.3 0.0586414 0.0408175
39.4 0.0569317 0.0414197
39.5 0.0553013 0.0420868
39.6 0.0537535 0.0428129
39.7 0.0522917 0.0435915
39.8 0.0509192 0.0444162
39.9 0.0496393 0.04528
40 0.0484553 0.0461759
40.1 0.0473703 0.0470967
40.2 0.0463875 0.0480351
40.3 0.0455097 0.0489836
40.4 0.0447396 0.0499347
40.5 0.0440799 0.050881
40.6 0.0435328 0.0518149
40.7 0.0431005 0.0527288
40.8 0.0427846 0.0536155
40.9 0.0425866 0.0544677
41 0.0425077 0.0552781
41.1 0.0425486 0.05604
41.2 0.0427098 0.0567464
41.3 0.0429911 0.057391
41.4 0.0433922 0.0579676
41.5 0.0439121 0.0584702
41.6 0.0445496 0.0588933
41.7 0.0453029 0.0592317
41.8 0.0461697 0.0594805
41.9 0.0471473 0.0596355
42 0.0482326 0.0596925
42.1 0.0494218 0.0596482
42.2 0.050711 0.0594994
42.3 0.0520955 0.0592436
42.4 0.0535703 0.0588787
42.5 0.0551301 0.0584031
42.6 0.056769 0.0578158
42.7 0.0584809 0.0571163
42.8 0.0602591 0.0563045
42.9 0.0620968 0.0553809
43 0.0639869 0.0543466
43.1 0.0659218 0.0532032
43.2 0.0678939 0.0519525
43.3 0.0698954 0.0505973
43.4 0.0719183 0.0491404
43.5 0.0739544 0.0475855
43.6 0.0759955 0.0459365
43.7 0.0780335 0.0441978
43.8 0.0800602 0.0423741
43.9 0.0820674 0.0404708
44 0.0840472 0.0384934
44.1 0.0859917 0.0364478
44.2 0.0878934 0.0343403
44.3 0.0897448 0.0321774
44.4 0.0915388 0.029966
44.5 0.0932688 0.0277131
44.6 0.0949283 0.0254259
44.7 0.0965114 0.0231119
44.8 0.0980127 0.0207785
44.9 0.0994271 0.0184334
45 0.10075 0.0160843
45.1 0.101978 0.013739
45.2 0.103107 0.0114052
45.3 0.104135 0.00909053
45.4 0.105059 0.00680269
45.5 0.105878 0.00454918
45.6 0.106591 0.00233737
45.7 0.107199 0.000174483
45.8 0.1077 -0.00193247
45.9 0.108097 -0.0039767
46 0.10839 -0.00595169
46.1 0.108583 -0.0078512
46.2 0.108679 -0.00966929
46.3 0.10868 -0.0114004
46.4 0.108592 -0.0130392
46.5 0.108417 -0.014581
46.6 0.108163 -0.0160212
46.7 0.107835 -0.0173558
46.8 0.107437 -0.0185812
46.9 0.106978 -0.0196942
47 0.106464 -0.0206921
47.1 0.105903 -0.0215726
47.2 0.1053 -0.022334
47.3 0.104665 -0.0229748
47.4 0.104005 -0.0234943
47.5 0.103329 -0.0238919
47.6 0.102643 -0.0241679
47.7 0.101955 -0.0243228
47.8 0.101275 -0.0243574
47.9 0.100609 -0.0242733
48 0.0999657 -0.0240723
48.1 0.0993516 -0.0237567
48.2 0.0987739 -0.0233291
48.3 0.0982394 -0.0227927
48.4 0.0977544 -0.0221508
48.5 0.0973248 -0.0214072
48.6 0.0969559 -0.020566
48.7 0.0966525 -0.0196315
48.8 0.0964189 -0.0186085
48.9 0.0962586 -0.0175019
49 0.0961746 -0.0163167
49.1 0.0961691 -0.0150583
49.2 0.0962438 -0.0137321
49.3 0.0963993 -0.0123438
49.4 0.0966358 -0.0108991
49.5 0.0969526 -0.00940378
49.6 0.0973481 -0.00786362
49.7 0.09782 -0.00628451
49.8 0.0983655 -0.00467227
49.9 0.0989805 -0.0030327
50 0.0996605 -0.00137152
50.1 0.1004 0.000305661
50.2 0.101194 0.00199335
50.3 0.102034 0.0036862
50.4 0.102914 0.00537906
50.5 0.103825 0.00706696
50.6 0.104759 0.00874517
50.7 0.105707 0.0104092
50.8 0.106659 0.0120548
50.9 0.107605 0.013678
51 0.108534 0.0152752
51.1 0.109436 0.016843
51.2 0.1103 0.0183784
51.3 0.111113 0.0198787
51.4 0.111865 0.0213416
51.5 0.112544 0.022765
51.6 0.113139 0.0241474
51.7 0.113638 0.0254873
51.8 0.11403 0.0267839
51.9 0.114303 0.0280365
52 0.114447 0.0292449
52.1 0.114451 0.0304092
52.2 0.114305 0.0315298
52.3 0.113999 0.0326075
52.4 0.113524 0.0336433
52.5 0.112872 0.0346385
52.6 0.112034 0.0355948
52.7 0.111004 0.0365141
52.8 0.109775 0.0373986
52.9 0.108341 0.0382506
53 0.106698 0.0390727
53.1 0.104841 0.0398677
53.2 0.102768 0.0406385
53.3 0.100477 0.0413882
53.4 0.0979666 0.04212
53.5 0.095237 0.0428372
53.6 0.0922892 0.0435431
53.7 0.0891255 0.0442411
53.8 0.0857487 0.0449346
53.9 0.0821633 0.0456271
54 0.0783743 0.0463218
54.1 0.0743881 0.0470221
54.2 0.070212 0.0477312
54.3 0.065854 0.0484522
54.4 0.0613236 0.0491879
54.5 0.0566309 0.0499414
54.6 0.0517869 0.050715
54.7 0.0468035 0.0515114
54.8 0.0416934 0.0523327
54.9 0.0364702 0.0531808
55 0.031148 0.0540575
55.1 0.0257416 0.0549642
55.2 0.0202665 0.0559021
55.3 0.0147385 0.0568721
55.4 0.00917407 0.0578747
55.5 0.00358989 0.0589102
55.6 -0.00199695 0.0599785
55.7 -0.00756917 0.0610792
55.8 -0.0131093 0.0622116
55.9 -0.0185999 0.0633747
56 -0.0240234 0.0645672
56.1 -0.0293623 0.0657872
56.2 -0.0345994 0.0670328
56.3 -0.0397177 0.0683017
56.4 -0.0447002 0.0695912
56.5 -0.0495308 0.0708985
56.6 -0.0541934 0.0722203
56.7 -0.0586728 0.0735532
56.8 -0.062954 0.0748934
56.9 -0.0670229 0.076237
57 -0.0708661 0.0775799
57.1 -0.0744711 0.0789176
57.2 -0.0778259 0.0802456
57.3 -0.0809196 0.0815593
57.4 -0.0837423 0.0828537
57.5 -0.0862849 0.084124
57.6 -0.0885394 0.0853651
57.7 -0.0904989 0.0865719
57.8 -0.0921575 0.0877393
57.9 -0.0935103 0.0888622
58 -0.0945537 0.0899354
58.1 -0.0952851 0.0909539
58.2 -0.0957032 0.0919126
58.3 -0.0958076 0.0928066
58.4 -0.0955992 0.0936311
58.5 -0.0950799 0.0943815
58.6 -0.0942529 0.0950532
58.7 -0.0931223 0.095642
58.8 -0.0916933 0.0961436
58.9 -0.0899724 0.0965543
59 -0.0879667 0.0968704
59.1 -0.0856845 0.0970885
59.2 -0.0831351 0.0972056
59.3 -0.0803286 0.0972189
59.4 -0.0772758 0.097126
59.5 -0.0739886 0.0969247
59.6 -0.0704794 0.0966133
59.7 -0.0667612 0.0961903
59.8 -0.062848 0.0956546
59.9 -0.0587539 0.0950057
60 -0.0544937 0.0942431
60.1 -0.0500827 0.0933669
60.2 -0.0455364 0.0923776
60.3 -0.0408706 0.0912759
60.4 -0.0361015 0.090063
60.5 -0.0312453 0.0887406
60.6 -0.0263182 0.0873104
60.7 -0.0213365 0.0857749
60.8 -0.0163165 0.0841367
60.9 -0.0112744 0.0823987
61 -0.00622599 0.0805643
61.1 -0.00118705 0.078637
61.2 0.00382706 0.0766209
61.3 0.00880133 0.0745201
61.4 0.0137212 0.0723392
61.5 0.0185726 0.0700828
61.6 0.0233419 0.0677561
61.7 0.0280161 0.0653641
61.8 0.0325829 0.0629124
61.9 0.0370307 0.0604064
62 0.0413483 0.0578519
62.1 0.0455257 0.0552548
62.2 0.0495532 0.052621
62.3 0.0534222 0.0499567
62.4 0.0571249 0.0472679
62.5 0.0606541 0.0445607
62.6 0.0640037 0.0418415
62.7 0.0671683 0.0391164
62.8 0.0701434 0.0363916
62.9 0.0729254 0.0336731
63 0.0755116 0.0309671
63.1 0.0779 0.0282795
63.2 0.0800896 0.0256161
63.3 0.08208 0.0229828
63.4 0.0838719 0.0203851
63.5 0.0854666 0.0178285
63.6 0.0868662 0.0153182
63.7 0.0880735 0.0128592
63.8 0.0890922 0.0104565
63.9 0.0899265 0.00811468
64 0.0905811 0.00583814
64.1 0.0910617 0.00363104
64.2 0.0913742 0.0014973
64.3 0.0915252 -0.000559427
64.4 0.0915218 -0.00253576
64.5 0.0913715 -0.00442859
64.6 0.091082 -0.00623508
64.7 0.0906618 -0.00795271
64.8 0.0901192 -0.00957919
64.9 0.0894631 -0.0111126
65 0.0887025 -0.0125512
65.1 0.0878465 -0.0138935
65.2 0.0869045 -0.0151386
65.3 0.0858858 -0.0162855
65.4 0.0847998 -0.0173338
65.5 0.0836559 -0.018283
65.6 0.0824635 -0.0191332
65.7 0.0812318 -0.0198846
65.8 0.0799699 -0.0205377
65.9 0.0786868 -0.0210932
66 0.0773912 -0.0215521
66.1 0.0760918 -0.0219156
66.2 0.0747967 -0.022185
66.3 0.073514 -0.022362
66.4 0.0722513 -0.0224483
66.5 0.071016 -0.0224459
66.6 0.0698151 -0.0223569
66.7 0.0686553 -0.0221836
66.8 0.0675426 -0.0219285
66.9 0.066483 -0.0215941
67 0.0654819 -0.021183
67.1 0.0645442 -0.0206982
67.2 0.0636747 -0.0201423
67.3 0.0628774 -0.0195184
67.4 0.062156 -0.0188295
67.5 0.0615139 -0.0180787
67.6 0.060954 -0.0172692
67.7 0.0604788 -0.0164039
67.8 0.0600903 -0.0154862
67.9 0.0597902 -0.0145192
68 0.0595799 -0.0135062
68.1 0.0594602 -0.0124502
68.2 0.0594318 -0.0113545
68.3 0.059495 -0.0102221
68.4 0.0596497 -0.0090563
68.5 0.0598954 -0.00785999
68.6 0.0602317 -0.00663624
68.7 0.0606576 -0.00538799
68.8 0.0611719 -0.00411812
68.9 0.0617733 -0.00282944
69 0.0624604 -0.00152469
69.1 0.0632312 -0.000206531
69.2 0.0640841 0.00112246
69.3 0.0650169 0.0024598
69.4 0.0660276 0.0038031
69.5 0.0671139 0.00515005
69.6 0.0682735 0.00649846
69.7 0.0695042 0.0078462
69.8 0.0708034 0.00919128
69.9 0.0721689 0.0105318
70 0.0735981 0.0118659
70.1 0.0750887 0.0131919
70.2 0.0766383 0.0145083
70.3 0.0782444 0.0158134
70.4 0.0799047 0.017106
70.5 0.0816171 0.0183846
70.6 0.0833791 0.0196481
70.7 0.0851886 0.0208953
70.8 0.0870435 0.0221253
70.9 0.0889418 0.0233371
71 0.0908813 0.0245297
71.1 0.0928602 0.0257026
71.2 0.0948767 0.0268549
71.3 0.0969287 0.0279861
71.4 0.0990147 0.0290956
71.5 0.101133 0.0301831
71.6 0.103281 0.031248
71.7 0.105459 0.03229
71.8 0.107663 0.033309
71.9 0.109893 0.0343047
72 0.112147 0.035277
72.1 0.114423 0.0362256
72.2 0.11672 0.0371507
72.3 0.119035 0.0380522
72.4 0.121368 0.0389302
72.5 0.123716 0.0397846
72.6 0.126078 0.0406156
72.7 0.128451 0.0414234
72.8 0.130833 0.0422081
72.9 0.133223 0.0429699
73 0.135618 0.043709
73.1 0.138015 0.0444257
73.2 0.140413 0.04512
73.3 0.142808 0.0457925
73.4 0.145199 0.0464431
73.5 0.147581 0.0470724
73.6 0.149951 0.0476804
73.7 0.152308 0.0482674
73.8 0.154646 0.0488338
73.9 0.156963 0.0493798
74 0.159255 0.0499056
74.1 0.161518 0.0504115
74.2 0.163748 0.0508977
74.3 0.16594 0.0513644
74.4 0.168091 0.0518118
74.5 0.170197 0.0522401
74.6 0.172252 0.0526495
74.7 0.174251 0.0530401
74.8 0.176191 0.0534121
74.9 0.178067 0.0537656
75 0.179873 0.0541006
75.1 0.181604 0.0544172
75.2 0.183256 0.0547155
75.3 0.184824 0.0549954
75.4 0.186303 0.0552571
75.5 0.187688 0.0555004
75.6 0.188974 0.0557254
75.7 0.190156 0.0559319
75.8 0.19123 0.0561199
75.9 0.192192 0.0562893
76 0.193036 0.0564399
76.1 0.193759 0.0565717
76.2 0.194357 0.0566844
76.3 0.194826 0.0567779
76.4 0.195162 0.056852
76.5 0.195362 0.0569066
76.6 0.195424 0.0569414
76.7 0.195345 0.0569562
76.8 0.195122 0.0569509
76.9 0.194753 0.0569251
77 0.194237 0.0568788
77.1 0.193573 0.0568116
77.2 0.192759 0.0567234
77.3 0.191796 0.056614
77.4 0.190683 0.0564832
77.5 0.189421 0.0563308
77.6 0.188011 0.0561568
77.7 0.186454 0.0559608
77.8 0.184751 0.0557429
77.9 0.182906 0.0555029
78 0.180921 0.0552408
78.1 0.178798 0.0549565
78.2 0.176541 0.05465
78.3 0.174155 0.0543213
78.4 0.171644 0.0539705
78.5 0.169012 0.0535977
78.6 0.166265 0.053203
78.7 0.163409 0.0527866
78.8 0.160448 0.0523486
78.9 0.157391 0.0518894
79 0.154242 0.0514091
79.1 0.15101 0.0509082
79.2 0.147701 0.0503869
79.3 0.144324 0.0498458
79.4 0.140884 0.0492853
79.5 0.137392 0.0487058
79.6 0.133853 0.0481078
79.7 0.130278 0.0474921
79.8 0.126673 0.0468591
79.9 0.123048 0.0462096
80 0.119411 0.0455441
80.1 0.115769 0.0448635
80.2 0.112133 0.0441684
80.3 0.108509 0.0434596
80.4 0.104906 0.042738
80.5 0.101332 0.0420044
80.6 0.0977959 0.0412595
80.7 0.0943043 0.0405043
80.8 0.0908652 0.0397395
80.9 0.0874857 0.0389662
81 0.0841731 0.038185
81.1 0.0809338 0.037397
81.2 0.0777744 0.0366031
81.3 0.0747008 0.0358039
81.4 0.0717188 0.0350006
81.5 0.0688335 0.0341937
81.6 0.0660498 0.0333843
81.7 0.063372 0.032573
81.8 0.0608043 0.0317608
81.9 0.05835 0.0309482
82 0.0560121 0.030136
82.1 0.0537933 0.029325
82.2 0.0516956 0.0285156
82.3 0.0497205 0.0277086
82.4 0.0478692 0.0269045
82.5 0.0461422 0.0261037
82.6 0.0445397 0.0253068
82.7 0.0430613 0.024514
82.8 0.0417062 0.0237259
82.9 0.040473 0.0229426
83 0.03936 0.0221644
83.1 0.0383649 0.0213915
83.2 0.0374853 0.0206241
83.3 0.036718 0.0198621
83.4 0.0360597 0.0191057
83.5 0.0355066 0.0183548
83.6 0.0350546 0.0176093
83.7 0.0346993 0.0168691
83.8 0.0344359 0.0161341
83.9 0.0342594 0.0154039
84 0.0341647 0.0146784
84.1 0.0341464 0.0139572
84.2 0.0341987 0.0132401
84.3 0.0343159 0.0125267
84.4 0.0344922 0.0118165
84.5 0.0347216 0.0111092
84.6 0.034998 0.0104043
84.7 0.0353153 0.00970143
84.8 0.0356674 0.00900014
84.9 0.0360483 0.00829997
85 0.0364521 0.00760048
85.1 0.0368726 0.00690123
85.2 0.0373042 0.00620181
85.3 0.0377412 0.00550181
85.4 0.0381779 0.00480086
85.5 0.0386092 0.0040986
85.6 0.0390298 0.00339473
85.7 0.0394348 0.00268897
85.8 0.0398196 0.0019811
85.9 0.0401798 0.00127093
86 0.0405112 0.000558345
86.1 0.0408101 -0.000156736
86.2 0.0410729 -0.000874318
86.3 0.0412964 -0.00159434
86.4 0.0414779 -0.00231669
86.5 0.0416146 -0.00304117
86.6 0.0417046 -0.00376752
86.7 0.0417459 -0.0044954
86.8 0.041737 -0.00522439
86.9 0.0416768 -0.00595402
87 0.0415646 -0.00668371
87.1 0.0413999 -0.00741283
87.2 0.0411825 -0.00814067
87.3 0.0409127 -0.00886644
87.4 0.0405911 -0.00958927
87.5 0.0402185 -0.0103083
87.6 0.0397961 -0.0110224
87.7 0.0393253 -0.0117306
87.8 0.0388079 -0.0124318
87.9 0.0382458 -0.0131248
88 0.0376414 -0.0138083
88.1 0.0369969 -0.0144812
88.2 0.0363152 -0.015142
88.3 0.0355991 -0.0157895
88.4 0.0348515 -0.0164223
88.5 0.0340757 -0.017039
88.6 0.033275 -0.0176381
88.7 0.0324527 -0.0182183
88.8 0.0316124 -0.018778
88.9 0.0307576 -0.019316
89 0.029892 -0.0198308
89.1 0.029019 -0.020321
89.2 0.0281425 -0.0207853
89.3 0.0272659 -0.0212223
89.4 0.0263928 -0.0216308
89.5 0.0255268 -0.0220095
89.6 0.0246712 -0.0223572
89.7 0.0238294 -0.0226729
89.8 0.0230047 -0.0229556
89.9 0.0222001 -0.0232042
90 0.0214185 -0.0234178
90.1 0.0206628 -0.0235958
90.2 0.0199356 -0.0237373
90.3 0.0192393 -0.0238418
90.4 0.0185761 -0.0239087
90.5 0.0179482 -0.0239378
90.6 0.0173573 -0.0239286
90.7 0.0168052 -0.0238811
90.8 0.016293 -0.0237951
90.9 0.0158222 -0.0236707
91 0.0153935 -0.023508
91.1 0.0150077 -0.0233075
91.2 0.0146653 -0.0230694
91.3 0.0143666 -0.0227942
91.4 0.0141115 -0.0224827
91.5 0.0138999 -0.0221354
91.6 0.0137314 -0.0217534
91.7 0.0136054 -0.0213375
91.8 0.0135209 -0.0208887
91.9 0.0134772 -0.0204083
92 0.0134728 -0.0198974
92.1 0.0135065 -0.0193574
92.2 0.0135768 -0.0187897
92.3 0.0136818 -0.0181958
92.4 0.0138199 -0.0175771
92.5 0.0139891 -0.0169354
92.6 0.0141872 -0.0162722
92.7 0.0144122 -0.0155892
92.8 0.0146618 -0.0148882
92.9 0.0149338 -0.014171
93 0.0152257 -0.0134392
93.1 0.0155352 -0.0126947
93.2 0.0158599 -0.0119393
93.3 0.0161973 -0.0111747
93.4 0.0165452 -0.0104028
93.5 0.0169012 -0.00962521
93.6 0.0172628 -0.00884368
93.7 0.017628 -0.00805987
93.8 0.0179945 -0.0072754
93.9 0.0183601 -0.00649184
94 0.0187231 -0.00571068
94.1 0.0190814 -0.00493335
94.2 0.0194333 -0.00416122
94.3 0.0197772 -0.00339553
94.4 0.0201117 -0.00263749
94.5 0.0204354 -0.00188819
94.6 0.0207474 -0.00114861
94.7 0.0210465 -0.000419654
94.8 0.021332 0.000297888
94.9 0.0216034 0.00100333
95 0.0218602 0.0016961
95.1 0.0221024 0.00237573
95.2 0.0223299 0.00304185
95.3 0.0225428 0.00369423
95.4 0.0227418 0.00433272
95.5 0.0229273 0.00495729
95.6 0.0231002 0.00556802
95.7 0.0232615 0.00616508
95.8 0.0234125 0.00674875
95.9 0.0235546 0.00731941
96 0.0236893 0.00787751
96.1 0.0238183 0.0084236
96.2 0.0239438 0.00895833
96.3 0.0240677 0.00948239
96.4 0.0241922 0.00999655
96.5 0.0243198 0.0105017
96.6 0.024453 0.0109986
96.7 0.0245944 0.0114883
96.8 0.0247467 0.0119717
96.9 0.0249127 0.0124499
97 0.0250953 0.0129238
97.1 0.0252975 0.0133946
97.2 0.0255222 0.0138632
97.3 0.0257724 0.0143307
97.4 0.0260512 0.0147981
97.5 0.0263616 0.0152665
97.6 0.0267065 0.0157367
97.7 0.027089 0.0162098
97.8 0.0275118 0.0166867
97.9 0.027978 0.0171681
98 0.0284901 0.0176549
98.1 0.0290509 0.0181478
98.2 0.0296628 0.0186474
98.3 0.0303283 0.0191543
98.4 0.0310495 0.019669
98.5 0.0318286 0.0201918
98.6 0.0326674 0.020723
98.7 0.0335676 0.0212628
98.8 0.0345307 0.0218113
98.9 0.0355581 0.0223685
99 0.0366506 0.0229343
99.1 0.0378092 0.0235083
99.2 0.0390345 0.0240902
99.3 0.0403267 0.0246796
99.4 0.0416858 0.0252759
99.5 0.0431118 0.0258784
99.6 0.044604 0.0264863
99.7 0.0461618 0.0270987
99.8 0.047784 0.0277146
99.9 0.0494694 0.0283329
100 0.0512164 0.0289524
100.1 0.0530231 0.0295718
100.2 0.0548873 0.0301898
100.3 0.0568066 0.0308048
100.4 0.0587784 0.0314155
100.5 0.0607997 0.0320201
100.6 0.0628672 0.0326172
100.7 0.0649776 0.0332049
100.8 0.0671272 0.0337817
100.9 0.069312 0.0343457
101 0.071528 0.0348952
101.1 0.0737707 0.0354284
101.2 0.0760358 0.0359436
101.3 0.0783185 0.0364389
101.4 0.0806141 0.0369127
101.5 0.0829175 0.0373633
101.6 0.0852236 0.0377889
101.7 0.0875274 0.038188
101.8 0.0898234 0.038559
101.9 0.0921063 0.0389003
102 0.0943709 0.0392107
102.1 0.0966115 0.0394886
102.2 0.0988229 0.039733
102.3 0.101 0.0399427
102.4 0.103136 0.0401167
102.5 0.105228 0.040254
102.6 0.107268 0.0403539
102.7 0.109253 0.0404158
102.8 0.111177 0.0404392
102.9 0.113035 0.0404237
103 0.114823 0.0403691
103.1 0.116536 0.0402753
103.2 0.118169 0.0401425
103.3 0.119719 0.0399709
103.4 0.121181 0.0397609
103.5 0.122552 0.0395132
103.6 0.123828 0.0392283
103.7 0.125005 0.0389074
103.8 0.126082 0.0385513
103.9 0.127056 0.0381613
104 0.127923 0.0377388
104.1 0.128683 0.0372853
104.2 0.129333 0.0368024
104.3 0.129872 0.0362919
104.4 0.130299 0.0357558
104.5 0.130613 0.035196
104.6 0.130814 0.0346149
104.7 0.130902 0.0340146
104.8 0.130877 0.0333976
104.9 0.130739 0.0327662
105 0.13049 0.0321232
105.1 0.130132 0.031471
105.2 0.129665 0.0308124
105.3 0.129091 0.0301502
105.4 0.128413 0.029487
105.5 0.127634 0.0288258
105.6 0.126756 0.0281692
105.7 0.125782 0.0275203
105.8 0.124715 0.0268817
105.9 0.12356 0.0262563
106 0.12232 0.0256467
106.1 0.120999 0.0250559
106.2 0.119602 0.0244862
106.3 0.118133 0.0239405
106.4 0.116596 0.0234211
106.5 0.114997 0.0229304
106.6 0.11334 0.0224708
106.7 0.111631 0.0220443
106.8 0.109874 0.0216532
106.9 0.108075 0.0212992
107 0.106238 0.0209842
107.1 0.10437 0.0207097
107.2 0.102476 0.0204773
107.3 0.10056 0.020288
107.4 0.0986281 0.0201432
107.5 0.0966858 0.0200436
107.6 0.094738 0.0199899
107.7 0.0927897 0.0199828
107.8 0.090846 0.0200225
107.9 0.0889117 0.0201092
108 0.0869915 0.0202427
108.1 0.08509 0.0204228
108.2 0.0832117 0.020649
108.3 0.0813607 0.0209206
108.4 0.0795412 0.0212367
108.5 0.0777569 0.0215962
108.6 0.0760116 0.0219979
108.7 0.0743086 0.0224402
108.8 0.0726511 0.0229214
108.9 0.0710421 0.0234398
109 0.0694842 0.0239934
109.1 0.06798 0.0245798
109.2 0.0665317 0.0251969
109.3 0.0651412 0.025842
109.4 0.0638101 0.0265126
109.5 0.06254 0.027206
109.6 0.061332 0.0279192
109.7 0.0601871 0.0286492
109.8 0.0591059 0.0293931
109.9 0.0580888 0.0301477
110 0.0571361 0.0309097
110.1 0.0562477 0.0316759
110.2 0.0554233 0.032443
110.3 0.0546624 0.0332076
110.4 0.0539643 0.0339665
110.5 0.0533282 0.0347162
110.6 0.0527528 0.0354535
110.7 0.0522369 0.0361751
110.8 0.051779 0.0368777
110.9 0.0513776 0.0375581
111 0.0510307 0.0382132
111.1 0.0507366 0.0388399
111.2 0.0504932 0.0394354
111.3 0.0502983 0.0399967
111.4 0.0501497 0.0405212
111.5 0.0500451 0.0410063
111.6 0.0499821 0.0414496
111.7 0.0499582 0.0418487
111.8 0.0499708 0.0422015
111.9 0.0500175 0.042506
112 0.0500957 0.0427605
112.1 0.0502029 0.0429634
112.2 0.0503363 0.0431131
112.3 0.0504935 0.0432086
112.4 0.0506719 0.0432487
112.5 0.050869 0.0432327
112.6 0.0510824 0.0431599
112.7 0.0513095 0.0430298
112.8 0.051548 0.0428422
112.9 0.0517957 0.0425971
113 0.0520502 0.0422947
113.1 0.0523095 0.0419353
113.2 0.0525713 0.0415194
113.3 0.0528338 0.0410478
113.4 0.053095 0.0405215
113.5 0.0533531 0.0399415
113.6 0.0536064 0.039309
113.7 0.0538532 0.0386255
113.8 0.0540921 0.0378926
113.9 0.0543216 0.0371119
114 0.0545403 0.0362854
114.1 0.054747 0.0354148
114.2 0.0549406 0.0345024
114.3 0.0551201 0.0335503
114.4 0.0552843 0.0325606
114.5 0.0554326 0.0315358
114.6 0.055564 0.0304782
114.7 0.0556778 0.0293902
114.8 0.0557735 0.0282743
114.9 0.0558503 0.0271329
115 0.0559079 0.0259685
115.1 0.0559458 0.0247837
115.2 0.0559635 0.0235808
115.3 0.0559608 0.0223623
115.4 0.0559373 0.0211305
115.5 0.0558928 0.0198879
115.6 0.0558271 0.0186366
115.7 0.0557399 0.0173789
115.8 0.0556312 0.0161169
115.9 0.0555007 0.0148526
116 0.0553484 0.0135878
116.1 0.0551741 0.0123244
116.2 0.0549777 0.0110641
116.3 0.0547592 0.00980844
116.4 0.0545184 0.00855882
116.5 0.0542553 0.00731655
116.6 0.0539698 0.00608277
116.7 0.0536617 0.00485852
116.8 0.0533311 0.00364467
116.9 0.0529776 0.00244194
117 0.0526014 0.00125093
117.1 0.0522022 7.2086e-05
117.2 0.0517799 -0.00109427
117.3 0.0513344 -0.00224798
117.4 0.0508656 -0.00338897
117.5 0.0503733 -0.00451735
117.6 0.0498574 -0.00563329
117.7 0.0493178 -0.00673713
117.8 0.0487544 -0.00782929
117.9 0.0481669 -0.00891027
118 0.0475554 -0.00998069
118.1 0.0469197 -0.0110412
118.2 0.0462597 -0.0120927
118.3 0.0455755 -0.0131358
118.4 0.044867 -0.0141715
118.5 0.0441341 -0.0152007
118.6 0.043377 -0.0162243
118.7 0.0425958 -0.0172433
118.8 0.0417905 -0.0182585
118.9 0.0409613 -0.019271
119 0.0401085 -0.0202817
119.1 0.0392324 -0.0212915
119.2 0.0383333 -0.0223011
119.3 0.0374117 -0.0233115
119.4 0.0364679 -0.0243233
119.5 0.0355027 -0.0253371
119.6 0.0345166 -0.0263536
119.7 0.0335102 -0.0273732
119.8 0.0324846 -0.0283963
119.9 0.0314404 -0.0294231
120 0.0303787 -0.0304537
120.1 0.0293004 -0.0314883
120.2 0.0282068 -0.0325265
120.3 0.027099 -0.0335683
120.4 0.0259783 -0.0346132
120.5 0.0248462 -0.0356605
120.6 0.023704 -0.0367098
120.7 0.0225533 -0.0377601
120.8 0.0213957 -0.0388104
120.9 0.0202329 -0.0398596
121 0.0190666 -0.0409064
121.1 0.0178988 -0.0419495
121.2 0.0167312 -0.0429872
121.3 0.0155658 -0.044018
121.4 0.0144045 -0.0450399
121.5 0.0132496 -0.0460511
121.6 0.0121029 -0.0470495
121.7 0.0109666 -0.048033
121.8 0.00984288 -0.0489994
121.9 0.00873381 -0.0499462
122 0.00764156 -0.0508713
122.1 0.00656829 -0.051772
122.2 0.00551614 -0.052646
122.3 0.00448723 -0.0534906
122.4 0.00348368 -0.0543032
122.5 0.00250755 -0.0550815
122.6 0.00156087 -0.0558226
122.7 0.000645614 -0.0565242
122.8 -0.00023629 -0.0571837
122.9 -0.00108299 -0.0577985
123 -0.00189271 -0.0583664
123.1 -0.00266376 -0.0588848
123.2 -0.00339453 -0.0593516
123.3 -0.00408352 -0.0597646
123.4 -0.00472933 -0.0601217
123.5 -0.00533067 -0.060421
123.6 -0.00588637 -0.0606607
123.7 -0.0063954 -0.0608391
123.8 -0.00685683 -0.0609547
123.9 -0.00726989 -0.0610062
124 -0.00763395 -0.0609923
124.1 -0.00794849 -0.0609122
124.2 -0.00821319 -0.060765
124.3 -0.00842783 -0.0605501
124.4 -0.00859236 -0.0602671
124.5 -0.0087069 -0.0599158
124.6 -0.0087717 -0.0594962
124.7 -0.00878716 -0.0590086
124.8 -0.00875386 -0.0584533
124.9 -0.00867249 -0.057831
125 -0.00854393 -0.0571426
125.1 -0.00836919 -0.0563891
125.2 -0.00814942 -0.0555718
125.3 -0.0078859 -0.0546921
125.4 -0.00758007 -0.0537517
125.5 -0.00723348 -0.0527524
125.6 -0.00684782 -0.0516963
125.7 -0.00642487 -0.0505856
125.8 -0.00596656 -0.0494226
125.9 -0.00547489 -0.0482099
126 -0.00495196 -0.0469501
126.1 -0.00439998 -0.045646
126.2 -0.00382123 -0.0443006
126.3 -0.00321804 -0.042917
126.4 -0.00259282 -0.0414982
126.5 -0.00194804 -0.0400474
126.6 -0.00128619 -0.038568
126.7 -0.000609803 -0.0370633
126.8 7.85616e-05 -0.0355367
126.9 0.000776339 -0.0339916
127 0.00148096 -0.0324315
127.1 0.00218986 -0.0308598
127.2 0.0029005 -0.0292799
127.3 0.00361036 -0.0276952
127.4 0.00431697 -0.0261092
127.5 0.00501788 -0.0245251
127.6 0.00571073 -0.0229462
127.7 0.00639321 -0.0213757
127.8 0.00706307 -0.0198165
127.9 0.00771817 -0.0182719
128 0.00835643 -0.0167445
128.1 0.00897589 -0.0152373
128.2 0.00957469 -0.0137527
128.3 0.0101511 -0.0122934
128.4 0.0107034 -0.0108617
128.5 0.0112301 -0.0094598
128.6 0.0117299 -0.00808977
128.7 0.0122015 -0.00675351
128.8 0.0126437 -0.00545276
128.9 0.0130556 -0.0041891
129 0.0134363 -0.00296394
129.1 0.0137851 -0.00177853
129.2 0.0141015 -0.000633932
129.3 0.014385 0.000468935
129.4 0.0146353 0.00152933
129.5 0.0148524 0.00254667
129.6 0.0150361 0.00352054
129.7 0.0151867 0.00445066
129.8 0.0153044 0.00533693
129.9 0.0153896 0.00617936
130 0.0154429 0.00697814
130.1 0.0154648 0.00773355
130.2 0.0154562 0.00844603
130.3 0.015418 0.00911612
130.4 0.0153511 0.00974447
130.5 0.0152567 0.0103318
130.6 0.0151358 0.0108791
130.7 0.0149899 0.0113871
130.8 0.0148202 0.011857
130.9 0.0146281 0.0122898
131 0.0144152 0.0126865
131.1 0.014183 0.0130485
131.2 0.0139331 0.0133769
131.3 0.0136671 0.013673
131.4 0.0133867 0.013938
131.5 0.0130935 0.0141732
131.6 0.0127894 0.0143799
131.7 0.0124758 0.0145595
131.8 0.0121547 0.0147131
131.9 0.0118276 0.014842
132 0.0114963 0.0149475
132.1 0.0111624 0.0150308
132.2 0.0108275 0.015093
132.3 0.0104933 0.0151353
132.4 0.0101612 0.0151587
132.5 0.00983271 0.0151643
132.6 0.00950932 0.015153
132.7 0.00919237 0.0151258
132.8 0.00888315 0.0150836
132.9 0.00858287 0.0150271
133 0.00829269 0.0149571
133.1 0.00801367 0.0148743
133.2 0.00774678 0.0147793
133.3 0.0074929 0.0146727
133.4 0.00725285 0.014555
133.5 0.00702731 0.0144266
133.6 0.00681691 0.0142881
133.7 0.00662215 0.0141396
133.8 0.00644347 0.0139815
133.9 0.00628118 0.013814
134 0.00613553 0.0136375
134.1 0.00600664 0.0134519
134.2 0.00589457 0.0132576
134.3 0.00579928 0.0130546
134.4 0.00572063 0.012843
134.5 0.00565842 0.0126228
134.6 0.00561234 0.0123942
134.7 0.00558203 0.0121571
134.8 0.00556704 0.0119116
134.9 0.00556685 0.0116578
135 0.00558088 0.0113957
135.1 0.00560849 0.0111254
135.2 0.00564899 0.0108468
135.3 0.00570161 0.0105602
135.4 0.00576558 0.0102656
135.5 0.00584005 0.00996303
135.6 0.00592416 0.0096528
135.7 0.006017 0.00933503
135.8 0.00611767 0.00900995
135.9 0.00622521 0.0086778
136 0.00633868 0.00833888
136.1 0.00645712 0.00799351
136.2 0.00657956 0.00764206
136.3 0.00670505 0.00728493
136.4 0.00683263 0.00692258
136.5 0.00696138 0.00655548
136.6 0.00709036 0.00618416
136.7 0.00721869 0.00580918
136.8 0.00734549 0.00543114
136.9 0.00746993 0.00505067
137 0.00759119 0.00466845
137.1 0.00770851 0.00428515
137.2 0.00782116 0.00390152
137.3 0.00792845 0.00351829
137.4 0.00802974 0.00313623
137.5 0.00812445 0.00275612
137.6 0.00821202 0.00237877
137.7 0.00829197 0.00200498
137.8 0.00836385 0.00163556
137.9 0.00842729 0.00127133
138 0.00848193 0.000913087
138.1 0.00852751 0.000561645
138.2 0.0085638 0.000217789
138.3 0.00859061 -0.000117708
138.4 0.00860783 -0.000444094
138.5 0.00861538 -0.00076064
138.6 0.00861324 -0.00106665
138.7 0.00860143 -0.00136146
138.8 0.00858003 -0.00164444
138.9 0.00854914 -0.001915
139 0.00850891 -0.0021726
139.1 0.00845956 -0.00241674
139.2 0.0084013 -0.00264697
139.3 0.00833439 -0.0028629
139.4 0.00825914 -0.00306418
139.5 0.00817587 -0.00325053
139.6 0.00808492 -0.00342173
139.7 0.00798667 -0.00357759
139.8 0.0078815 -0.00371802
139.9 0.00776982 -0.00384296
140 0.00765204 -0.00395243
140.1 0.0075286 -0.00404649
140.2 0.00739992 -0.00412526
140.3 0.00726645 -0.00418895
140.4 0.00712862 -0.00423779
140.5 0.00698686 -0.00427209
140.6 0.00684162 -0.00429219
140.7 0.00669332 -0.0042985
140.8 0.00654237 -0.00429147
140.9 0.00638918 -0.0042716
141 0.00623414 -0.00423944
141.1 0.00607762 -0.00419556
141.2 0.00592 -0.00414057
141.3 0.00576161 -0.00407513
141.4 0.00560277 -0.00399992
141.5 0.00544379 -0.00391563
141.6 0.00528495 -0.00382299
141.7 0.00512651 -0.00372273
141.8 0.00496872 -0.00361562
141.9 0.00481178 -0.0035024
142 0.00465589 -0.00338385
142.1 0.00450122 -0.00326073
142.2 0.00434793 -0.0031338
142.3 0.00419614 -0.00300381
142.4 0.00404596 -0.00287151
142.5 0.00389749 -0.00273761
142.6 0.00375079 -0.00260285
142.7 0.00360591 -0.00246789
142.8 0.0034629 -0.0023334
142.9 0.00332176 -0.00220002
143 0.00318252 -0.00206834
143.1 0.00304516 -0.00193895
143.2 0.00290967 -0.00181238
143.3 0.00277603 -0.00168912
143.4 0.00264419 -0.00156964
143.5 0.00251413 -0.00145437
143.6 0.0023858 -0.00134367
143.7 0.00225915 -0.00123788
143.8 0.00213414 -0.00113731
143.9 0.00201072 -0.00104221
144 0.00188883 -0.000952782
