-0.996 0.000554181 -0.000412385
-0.992 0.000460426 -0.00178596
-0.988 -0.00217864 -0.00391565
-0.984 -0.00737075 -0.00616336
-0.98 -0.012896 -0.00784034
-0.976 -0.0151284 -0.00870554
-0.972 -0.0108241 -0.00930783
-0.968 0.00077114 -0.0109324
-0.964 0.0163815 -0.0150658
-0.96 0.028518 -0.022517
-0.956 0.0270155 -0.0325341
-0.952 0.00202472 -0.042356
-0.948 -0.0524074 -0.0475602
-0.944 -0.135396 -0.0433181
-0.94 -0.238089 -0.026303
-0.936 -0.345048 0.00336126
-0.932 -0.438025 0.0409127
-0.928 -0.501192 0.0772296
-0.924 -0.52619 0.100877
-0.92 -0.515289 0.10161
-0.916 -0.481364 0.0744155
-0.912 -0.444332 0.0227702
-0.908 -0.424856 -0.0401788
-0.904 -0.437098 -0.0933823
-0.9 -0.482811 -0.112651
-0.896 -0.54889 -0.077502
-0.892 -0.609581 0.0216795
-0.888 -0.633152 0.178364
-0.884 -0.591297 0.368512
-0.88 -0.468502 0.554224
-0.876 -0.268393 0.692107
-0.872 -0.0148756 0.744491
-0.868 0.252556 0.690487
-0.864 0.488258 0.533556
-0.86 0.652075 0.303007
-0.856 0.719918 0.0483955
-0.852 0.690184 -0.172155
-0.848 0.583979 -0.306845
-0.844 0.43889 -0.324275
-0.84 0.298129 -0.222598
-0.836 0.198509 -0.0308292
-0.832 0.161252 0.198559
-0.828 0.188626 0.404033
-0.824 0.267279 0.532446
-0.82 0.376617 0.554417
-0.816 0.498794 0.472773
-0.812 0.626361 0.321073
-0.808 0.764549 0.152113
-0.804 0.927057 0.0195714
-0.8 1.12657 -0.0416159
-0.796 1.36345 -0.0295926
-0.792 1.61728 0.0207011
-0.788 1.84592 0.0467224
-0.784 1.99443 -0.0214345
-0.78 2.01277 -0.23552
-0.776 1.87736 -0.606417
-0.772 1.60877 -1.09217
-0.768 1.27771 -1.602
-0.764 0.99431 -2.01687
-0.76 0.880253 -2.22229
-0.756 1.02962 -2.14431
-0.752 1.46885 -1.77815
-0.748 2.12899 -1.19951
-0.744 2.84197 -0.552856
-0.74 3.36712 -0.0174063
-0.736 3.44587 0.241655
-0.732 2.87317 0.123738
-0.728 1.56774 -0.369602
-0.724 -0.37943 -1.1225
-0.72 -2.69552 -1.92408
-0.716 -4.96442 -2.51666
-0.712 -6.71059 -2.66214
-0.708 -7.5125 -2.20934
-0.704 -7.11884 -1.14384
-0.7 -5.5355 0.395524
-0.696 -3.05548 2.14059
-0.692 -0.216873 3.75493
-0.688 2.307 4.91737
-0.684 3.86174 5.40577
-0.68 3.97414 5.15772
-0.676 2.482 4.28974
-0.672 -0.403174 3.06806
-0.668 -4.12126 1.83719
-0.664 -7.87772 0.924725
-0.66 -10.8252 0.548466
-0.656 -12.2708 0.751755
-0.652 -11.8549 1.38647
-0.648 -9.65189 2.15017
-0.644 -6.16174 2.66889
-0.64 -2.19036 2.60426
-0.636 1.35079 1.75595
-0.632 3.67535 0.130971
-0.628 4.32421 -2.04042
-0.624 3.28741 -4.34901
-0.62 1.01248 -6.30181
-0.616 -1.70746 -7.44494
-0.612 -3.94182 -7.48209
-0.608 -4.87505 -6.35631
-0.604 -4.03533 -4.27141
-0.6 -1.43415 -1.64558
-0.596 2.42486 0.990672
-0.592 6.67247 3.12438
-0.588 10.3024 4.38168
-0.584 12.4406 4.6083
-0.58 12.5838 3.8886
-0.576 10.7424 2.50055
-0.572 7.44569 0.822068
-0.568 3.60194 -0.783086
-0.564 0.244159 -2.06649
-0.56 -1.77003 -2.95394
-0.556 -2.01915 -3.54565
-0.552 -0.660676 -4.05913
-0.548 1.59025 -4.73424
-0.544 3.64518 -5.73204
-0.54 4.34357 -7.06063
-0.536 2.79295 -8.55265
-0.532 -1.34157 -9.90245
-0.528 -7.67871 -10.7525
-0.524 -15.1463 -10.8037
-0.52 -22.1992 -9.91745
-0.516 -27.1847 -8.17604
-0.512 -28.7671 -5.88218
-0.508 -26.2932 -3.49136
-0.504 -19.9959 -1.49337
-0.5 -10.9738 -0.275454
-0.496 -0.94565 -0.0078703
-0.492 8.16312 -0.588106
-0.488 14.7005 -1.66271
-0.484 17.7181 -2.72194
-0.48 17.241 -3.2398
-0.476 14.2978 -2.81833
-0.472 10.6873 -1.29457
-0.468 8.52432 1.21998
-0.464 9.66952 4.37757
-0.46 15.1875 7.69783
-0.456 24.9758 10.7062
-0.452 37.6658 13.0654
-0.448 50.83 14.6601
-0.444 61.4583 15.6075
-0.44 66.6027 16.1887
-0.436 64.0525 16.7219
-0.432 52.8873 17.4175
-0.428 33.778 18.2638
-0.424 8.95578 18.9857
-0.42 -18.1577 19.0939
-0.416 -43.5833 18.0192
-0.412 -63.5446 15.2931
-0.408 -75.1891 10.7241
-0.404 -77.1201 4.51441
-0.4 -69.6327 -2.72063
-0.396 -54.6183 -10.0438
-0.392 -35.1686 -16.3784
-0.388 -14.9715 -20.7362
-0.384 2.37618 -22.4313
-0.38 14.002 -21.2238
-0.376 18.2227 -17.3576
-0.372 14.7625 -11.4852
-0.368 4.70171 -4.50823
-0.364 -9.81766 2.61902
-0.36 -26.0554 9.06523
-0.356 -41.2022 14.2311
-0.352 -52.8641 17.7675
-0.348 -59.413 19.5111
-0.344 -60.1533 19.3712
-0.34 -55.3087 17.2244
-0.336 -45.8672 12.8704
-0.332 -33.3462 6.0831
-0.328 -19.5295 -3.24379
-0.324 -6.21616 -14.9009
-0.32 4.99588 -28.1907
-0.316 12.8786 -41.8578
-0.312 16.6897 -54.1789
-0.308 16.2364 -63.2244
-0.304 11.8931 -67.2488
-0.3 4.57773 -65.1218
-0.296 -4.31693 -56.6867
-0.292 -13.0476 -42.9346
-0.288 -19.7099 -25.9201
-0.284 -22.4925 -8.3996
-0.28 -19.9721 6.74652
-0.276 -11.4117 17.181
-0.272 2.99463 21.6967
-0.268 21.9856 20.5566
-0.264 43.2615 15.4753
-0.26 63.7123 9.22052
-0.256 79.8505 4.91574
-0.252 88.4011 5.21464
-0.248 86.9528 11.5565
-0.244 74.5382 23.7028
-0.24 52.0071 39.6875
-0.236 22.0941 56.2109
-0.232 -10.8668 69.3935
-0.228 -41.5584 75.7113
-0.224 -64.544 72.8813
-0.22 -75.2401 60.4724
-0.216 -70.821 40.0801
-0.212 -50.8715 15.0071
-0.208 -17.6339 -10.4817
-0.204 24.2304 -32.1521
-0.2 68.3494 -46.7884
-0.196 107.706 -52.9194
-0.192 135.874 -51.0891
-0.188 148.19 -43.5985
-0.184 142.633 -33.7936
-0.18 120.222 -25.0997
-0.176 84.8399 -20.0691
-0.172 42.4996 -19.7036
-0.168 0.198285 -23.2349
-0.164 -35.4226 -28.4201
-0.16 -59.3498 -32.268
-0.156 -69.1524 -31.9872
-0.152 -65.4177 -25.8818
-0.148 -51.5599 -13.9305
-0.144 -33.0209 2.12471
-0.14 -16.0303 19.2026
-0.136 -6.2115 33.694
-0.132 -7.36166 42.428
-0.128 -20.6732 43.5281
-0.124 -44.5281 36.9332
-0.12 -74.8591 24.4397
-0.116 -105.978 9.23351
-0.112 -131.725 -4.99164
-0.108 -146.765 -15.1037
-0.104 -147.762 -19.4723
-0.1 -134.164 -18.4587
-0.096 -108.347 -14.2602
-0.092 -75.0385 -10.1286
-0.088 -40.2026 -9.21593
-0.084 -9.71787 -13.4363
-0.08 11.8092 -22.7148
-0.076 21.8744 -34.842
-0.072 20.4923 -45.9457
-0.068 10.2131 -51.4301
-0.064 -4.27324 -47.1494
-0.06 -16.9848 -30.5663
-0.056 -21.8989 -1.64437
-0.052 -14.3648 36.7623
-0.048 7.73405 79.1983
-0.044 43.4656 118.612
-0.04 89.1311 147.904
-0.036 139.153 161.654
-0.032 187.159 157.533
-0.028 226.888 136.989
-0.024 252.804 104.948
-0.02 260.518 68.5938
-0.016 247.23 35.5018
-0.012 212.24 11.6502
-0.008 157.41 -0.158744
-0.004 87.3084 -0.988988
0 8.8307 4.64982
0.004 -69.7714 10.2313
0.008 -140.233 9.23603
0.012 -195.624 -2.82607
0.016 -231.319 -26.9896
0.02 -245.392 -60.4176
0.024 -238.474 -97.098
0.028 -213.305 -129.425
0.032 -174.228 -150.2
0.036 -126.758 -154.49
0.04 -77.1534 -140.853
0.044 -31.808 -111.633
0.048 3.66588 -72.2728
0.052 25.528 -29.8911
0.056 32.8065 8.44314
0.06 27.5871 37.263
0.064 14.5022 53.7095
0.068 -0.429499 57.8204
0.072 -11.2163 52.1388
0.076 -13.1474 40.8187
0.08 -3.64469 28.4644
0.084 17.337 18.9553
0.088 47.3207 14.5051
0.092 81.7193 15.1897
0.096 114.662 19.0931
0.1 140.178 23.0596
0.104 153.523 23.8333
0.108 152.298 19.2147
0.112 137.025 8.84288
0.116 111.009 -5.64857
0.12 79.5677 -21.1224
0.124 48.8463 -33.8788
0.128 24.5349 -40.7269
0.132 10.7157 -39.8669
0.136 9.03268 -31.3588
0.14 18.3249 -17.0795
0.144 34.8258 -0.201209
0.148 52.9357 15.6651
0.152 66.4378 27.4366
0.156 69.8911 33.3697
0.16 59.8717 33.4851
0.164 35.7753 29.4775
0.168 0.0127791 24.1376
0.172 -42.4212 20.4555
0.176 -84.8981 20.6718
0.18 -120.425 25.552
0.184 -142.986 34.0903
0.188 -148.687 43.7306
0.192 -136.496 51.0439
0.196 -108.425 52.6815
0.2 -69.1337 46.3423
0.204 -25.0558 31.4846
0.208 16.7771 9.58466
0.212 49.9723 -16.1338
0.216 69.846 -41.4269
0.22 74.1356 -62.0198
0.224 63.2427 -74.601
0.228 39.9887 -77.5692
0.232 8.96374 -71.3533
0.236 -24.3787 -58.2386
0.24 -54.6976 -41.7552
0.244 -77.632 -25.7901
0.248 -90.4213 -13.6517
0.252 -92.1938 -7.31336
0.256 -83.9017 -7.01918
0.26 -67.9481 -11.3333
0.264 -47.6076 -17.6041
0.268 -26.3742 -22.7085
0.272 -7.36929 -23.88
0.276 7.09221 -19.4049
0.28 15.7334 -9.02187
0.284 18.3455 6.05996
0.288 15.6545 23.502
0.292 9.07559 40.4241
0.296 0.415556 54.0729
0.3 -8.42414 62.4005
0.304 -15.702 64.4253
0.308 -20.0268 60.3157
0.312 -20.4809 51.2132
0.316 -16.6881 38.8722
0.32 -8.83693 25.2264
0.324 2.33761 11.9971
0.328 15.6166 0.431841
0.332 29.4115 -8.78399
0.336 41.9312 -15.4554
0.34 51.397 -19.7023
0.344 56.2925 -21.7605
0.348 55.6261 -21.8349
0.352 49.1673 -20.0473
0.356 37.602 -16.4815
0.36 22.5493 -11.2907
0.364 6.39627 -4.81343
0.368 -8.05034 2.35968
0.372 -18.0483 9.40158
0.376 -21.4506 15.3567
0.38 -17.1703 19.3172
0.384 -5.47768 20.6202
0.388 11.9472 19.0106
0.392 32.2326 14.7178
0.396 51.7797 8.42133
0.4 66.8961 1.10793
0.404 74.4839 -6.14168
0.408 72.645 -12.3817
0.412 61.0778 -16.9856
0.416 41.1749 -19.739
0.42 15.7878 -20.8232
0.424 -11.3043 -20.7
0.428 -36.1167 -19.9371
0.432 -55.2209 -19.027
0.436 -66.3798 -18.2529
0.44 -68.9183 -17.6369
0.444 -63.7554 -16.9799
0.448 -53.1032 -15.9731
0.452 -39.9116 -14.3413
0.456 -27.1934 -11.969
0.46 -17.3774 -8.96853
0.464 -11.8324 -5.67102
0.468 -10.6589 -2.54293
0.472 -12.7888 -0.0565131
0.476 -16.357 1.44692
0.48 -19.2448 1.85955
0.484 -19.6511 1.3448
0.488 -16.5476 0.298267
0.492 -9.91371 -0.758261
0.496 -0.70492 -1.31969
0.5 9.41743 -1.03621
0.504 18.5185 0.193172
0.508 24.8725 2.1992
0.512 27.3772 4.59792
0.516 25.8008 6.90403
0.52 20.8018 8.66636
0.524 13.7246 9.58504
0.528 6.23211 9.57808
0.532 -0.120041 8.78214
0.536 -4.25092 7.49204
0.54 -5.77374 6.06021
0.544 -5.02233 4.78736
0.548 -2.89287 3.83697
0.552 -0.553476 3.19877
0.556 0.897823 2.71129
0.56 0.736676 2.13581
0.564 -1.20109 1.25699
0.568 -4.49699 -0.0228686
0.572 -8.29244 -1.6273
0.576 -11.5502 -3.3063
0.58 -13.3562 -4.69538
0.584 -13.1747 -5.41654
0.588 -10.9903 -5.19193
0.592 -7.30383 -3.93714
0.596 -2.99018 -1.80578
0.6 0.940161 0.829501
0.604 3.61127 3.45736
0.608 4.51178 5.5489
0.612 3.62343 6.68716
0.616 1.41387 6.66895
0.62 -1.30179 5.55103
0.624 -3.58959 3.6287
0.628 -4.65008 1.35414
0.632 -4.02815 -0.781818
0.636 -1.72681 -2.37212
0.64 1.7994 -3.18819
0.644 5.76547 -3.2238
0.648 9.25802 -2.67909
0.652 11.4669 -1.89143
0.656 11.8873 -1.23344
0.66 10.4402 -1.00645
0.664 7.48281 -1.35816
0.668 3.70829 -2.24575
0.672 -0.0333486 -3.45287
0.676 -2.94292 -4.65392
0.68 -4.45486 -5.50653
0.684 -4.35286 -5.74614
0.688 -2.79634 -5.25692
0.692 -0.258576 -4.10071
0.696 2.60296 -2.49772
0.7 5.10965 -0.766129
0.704 6.71731 0.761219
0.708 7.12769 1.81959
0.712 6.33191 2.27274
0.716 4.58129 2.13642
0.72 2.30027 1.5616
0.724 -0.0306074 0.78488
0.728 -1.98951 0.0615158
0.732 -3.29865 -0.400357
0.736 -3.86402 -0.487409
0.74 -3.76657 -0.199987
0.744 -3.21366 0.360253
0.748 -2.46824 1.0279
0.752 -1.77628 1.62417
0.756 -1.31087 2.0054
0.76 -1.14445 2.09676
0.764 -1.25181 1.90364
0.768 -1.53754 1.50024
0.772 -1.8765 1.00088
0.776 -2.15396 0.524131
0.78 -2.29461 0.160346
0.784 -2.27457 -0.0487274
0.788 -2.11612 -0.113768
0.792 -1.87029 -0.0859146
0.796 -1.59489 -0.034214
0.8 -1.33595 -0.0203547
0.804 -1.11771 -0.078694
0.808 -0.942688 -0.207241
0.812 -0.799431 -0.3714
0.816 -0.673681 -0.51819
0.82 -0.558109 -0.595622
0.824 -0.457133 -0.570785
0.828 -0.385388 -0.441113
0.832 -0.360798 -0.235749
0.836 -0.395104 -0.00712552
0.84 -0.485715 0.184236
0.844 -0.612285 0.286915
0.848 -0.739746 0.272693
0.852 -0.827021 0.143711
0.856 -0.838531 -0.0689353
0.86 -0.754652 -0.314313
0.864 -0.577708 -0.535522
0.868 -0.331762 -0.684297
0.872 -0.0563937 -0.732394
0.876 0.203563 -0.676949
0.88 0.409365 -0.538873
0.884 0.537595 -0.355298
0.888 0.584805 -0.168678
0.892 0.566435 -0.0158042
0.896 0.510596 0.0802939
0.9 0.448837 0.113791
0.904 0.406825 0.0945814
0.908 0.397701 0.0430013
0.912 0.419849 -0.0172293
0.916 0.459289 -0.0656938
0.92 0.495527 -0.0898729
0.924 0.508758 -0.0867759
0.928 0.486133 -0.0616891
0.932 0.425332 -0.0249032
0.936 0.334615 0.0122804
0.94 0.229708 0.0409768
0.944 0.128784 0.0566802
0.948 0.0472614 0.0594764
0.952 -0.00598202 0.0528226
0.956 -0.0300082 0.0416013
0.96 -0.0307153 0.0302391
0.964 -0.0179133 0.0214861
0.968 -0.00174977 0.0160949
0.972 0.0102871 0.0132801
0.976 0.0149155 0.0115962
0.98 0.0128877 0.00980127
0.984 0.00745803 0.00737713
0.988 0.00227775 0.00457395
0.992 -0.000396723 0.00206975
0.996 -0.000534249 0.000482224
0.1 0.573528 0.259324
0.2 0.578936 0.263183
0.3 0.587932 0.269603
0.4 0.600491 0.278566
0.5 0.616579 0.290049
0.6 0.63615 0.304021
0.7 0.659151 0.320444
0.8 0.685518 0.339275
0.9 0.715177 0.360463
1 0.748049 0.383951
1.1 0.784042 0.409677
1.2 0.823059 0.437572
1.3 0.864993 0.467563
1.4 0.909731 0.49957
1.5 0.957152 0.53351
1.6 1.00713 0.569292
1.7 1.05953 0.606823
1.8 1.11422 0.646006
1.9 1.17105 0.686739
2 1.22987 0.728916
2.1 1.29054 0.772429
2.2 1.35289 0.817167
2.3 1.41677 0.863016
2.4 1.48202 0.90986
2.5 1.54847 0.957581
2.6 1.61597 1.00606
2.7 1.68435 1.05518
2.8 1.75344 1.10482
2.9 1.82308 1.15485
3 1.89311 1.20516
3.1 1.96337 1.25563
3.2 2.0337 1.30613
3.3 2.10394 1.35655
3.4 2.17394 1.40677
3.5 2.24355 1.45668
3.6 2.31263 1.50616
3.7 2.38103 1.55511
3.8 2.44861 1.60341
3.9 2.51525 1.65097
4 2.58082 1.69767
4.1 2.6452 1.74344
4.2 2.70827 1.78817
4.3 2.76992 1.83177
4.4 2.83006 1.87416
4.5 2.88858 1.91526
4.6 2.9454 1.95499
4.7 3.00044 1.9933
4.8 3.05361 2.0301
4.9 3.10486 2.06534
5 3.15412 2.09897
5.1 3.20133 2.13093
5.2 3.24646 2.16119
5.3 3.28944 2.18971
5.4 3.33027 2.21644
5.5 3.36889 2.24137
5.6 3.4053 2.26448
5.7 3.43948 2.28575
5.8 3.47142 2.30516
5.9 3.50111 2.32271
6 3.52857 2.3384
6.1 3.55379 2.35224
6.2 3.57679 2.36423
6.3 3.59758 2.37439
6.4 3.6162 2.38274
6.5 3.63266 2.3893
6.6 3.64699 2.39409
6.7 3.65924 2.39716
6.8 3.66943 2.39853
6.9 3.67761 2.39825
7 3.68382 2.39635
7.1 3.6881 2.39289
7.2 3.69051 2.38791
7.3 3.69108 2.38145
7.4 3.68988 2.37359
7.5 3.68695 2.36436
7.6 3.68235 2.35383
7.7 3.67612 2.34206
7.8 3.66833 2.3291
7.9 3.65902 2.31503
8 3.64825 2.29989
8.1 3.63607 2.28375
8.2 3.62254 2.26668
8.3 3.60771 2.24874
8.4 3.59162 2.22999
8.5 3.57433 2.21049
8.6 3.55589 2.19031
8.7 3.53634 2.1695
8.8 3.51573 2.14812
8.9 3.49411 2.12624
9 3.47152 2.10391
9.1 3.448 2.08119
9.2 3.4236 2.05812
9.3 3.39834 2.03477
9.4 3.37228 2.01117
9.5 3.34544 1.98738
9.6 3.31785 1.96345
9.7 3.28956 1.93941
9.8 3.2606 1.9153
9.9 3.23098 1.89117
10 3.20075 1.86705
10.1 3.16993 1.84297
10.2 3.13855 1.81896
10.3 3.10663 1.79505
10.4 3.0742 1.77127
10.5 3.04127 1.74763
10.6 3.00789 1.72416
10.7 2.97406 1.70087
10.8 2.93981 1.67778
10.9 2.90516 1.6549
11 2.87014 1.63225
11.1 2.83476 1.60982
11.2 2.79905 1.58763
11.3 2.76302 1.56567
11.4 2.72671 1.54396
11.5 2.69012 1.52248
11.6 2.65329 1.50125
11.7 2.61624 1.48025
11.8 2.57898 1.45948
11.9 2.54154 1.43894
12 2.50395 1.41861
12.1 2.46623 1.3985
12.2 2.42841 1.37858
12.3 2.3905 1.35886
12.4 2.35255 1.33931
12.5 2.31456 1.31993
12.6 2.27657 1.30071
12.7 2.23862 1.28164
12.8 2.20071 1.2627
12.9 2.16289 1.24388
13 2.12518 1.22516
13.1 2.08762 1.20655
13.2 2.05022 1.18802
13.3 2.01303 1.16957
13.4 1.97606 1.15119
13.5 1.93936 1.13286
13.6 1.90294 1.11457
13.7 1.86684 1.09633
13.8 1.83108 1.07811
13.9 1.79571 1.05991
14 1.76073 1.04174
14.1 1.72618 1.02357
14.2 1.69209 1.00541
14.3 1.65848 0.987262
14.4 1.62538 0.969112
14.5 1.59281 0.950964
14.6 1.56078 0.932816
14.7 1.52934 0.914671
14.8 1.49848 0.896529
14.9 1.46823 0.878394
15 1.43862 0.860269
15.1 1.40964 0.842158
15.2 1.38132 0.824068
15.3 1.35367 0.806004
15.4 1.3267 0.787974
15.5 1.30041 0.769985
15.6 1.27481 0.752045
15.7 1.24991 0.734164
15.8 1.22571 0.71635
15.9 1.20221 0.698615
16 1.17941 0.680968
16.1 1.1573 0.66342
16.2 1.13589 0.645982
16.3 1.11516 0.628666
16.4 1.0951 0.611483
16.5 1.07571 0.594444
16.6 1.05697 0.577561
16.7 1.03887 0.560845
16.8 1.02139 0.544308
16.9 1.00453 0.527961
17 0.98825 0.511815
17.1 0.972546 0.495881
17.2 0.957394 0.480168
17.3 0.942773 0.464688
17.4 0.928661 0.44945
17.5 0.915036 0.434462
17.6 0.901873 0.419734
17.7 0.88915 0.405273
17.8 0.876841 0.391087
17.9 0.864922 0.377183
18 0.853368 0.363568
18.1 0.842155 0.350246
18.2 0.831257 0.337224
18.3 0.820651 0.324505
18.4 0.810311 0.312094
18.5 0.800214 0.299994
18.6 0.790338 0.288206
18.7 0.780658 0.276734
18.8 0.771153 0.265578
18.9 0.761803 0.254738
19 0.752587 0.244216
19.1 0.743486 0.23401
19.2 0.734482 0.224119
19.3 0.725558 0.214542
19.4 0.716698 0.205276
19.5 0.707889 0.19632
19.6 0.699117 0.187669
19.7 0.69037 0.17932
19.8 0.681639 0.17127
19.9 0.672914 0.163515
20 0.664188 0.156049
20.1 0.655455 0.148868
20.2 0.64671 0.141967
20.3 0.63795 0.13534
20.4 0.629174 0.128982
20.5 0.620381 0.122888
20.6 0.611571 0.117052
20.7 0.602747 0.111467
20.8 0.593913 0.106128
20.9 0.585073 0.10103
21 0.576232 0.0961647
21.1 0.567398 0.0915277
21.2 0.558579 0.0871127
21.3 0.549782 0.0829139
21.4 0.541018 0.0789255
21.5 0.532297 0.0751417
21.6 0.523631 0.0715569
21.7 0.515029 0.0681657
21.8 0.506506 0.0649628
21.9 0.498073 0.0619428
22 0.489743 0.0591007
22.1 0.48153 0.0564317
22.2 0.473446 0.0539309
22.3 0.465505 0.0515938
22.4 0.45772 0.0494159
22.5 0.450105 0.047393
22.6 0.442672 0.0455209
22.7 0.435434 0.0437956
22.8 0.428405 0.0422133
22.9 0.421595 0.0407703
23 0.415016 0.0394631
23.1 0.408679 0.0382881
23.2 0.402595 0.0372421
23.3 0.396773 0.0363219
23.4 0.391222 0.0355242
23.5 0.385951 0.034846
23.6 0.380967 0.0342844
23.7 0.376276 0.0338364
23.8 0.371884 0.0334992
23.9 0.367796 0.0332698
24 0.364015 0.0331456
24.1 0.360545 0.0331236
24.2 0.357388 0.0332012
24.3 0.354544 0.0333755
24.4 0.352014 0.0336437
24.5 0.349796 0.0340031
24.6 0.347889 0.0344507
24.7 0.34629 0.0349838
24.8 0.344995 0.0355994
24.9 0.344 0.0362946
25 0.343299 0.0370663
25.1 0.342886 0.0379116
25.2 0.342754 0.0388273
25.3 0.342894 0.0398104
25.4 0.343299 0.0408575
25.5 0.343958 0.0419656
25.6 0.344863 0.0431311
25.7 0.346001 0.0443509
25.8 0.347363 0.0456214
25.9 0.348935 0.0469394
26 0.350707 0.0483012
26.1 0.352666 0.0497033
26.2 0.354798 0.0511422
26.3 0.357091 0.0526143
26.4 0.35953 0.054116
26.5 0.362102 0.0556437
26.6 0.364793 0.0571936
26.7 0.367588 0.0587623
26.8 0.370475 0.060346
26.9 0.373437 0.0619412
27 0.376462 0.0635441
27.1 0.379534 0.0651513
27.2 0.38264 0.0667591
27.3 0.385765 0.068364
27.4 0.388897 0.0699625
27.5 0.39202 0.0715512
27.6 0.395123 0.0731267
27.7 0.398191 0.0746855
27.8 0.401211 0.0762245
27.9 0.404172 0.0777404
28 0.407061 0.07923
28.1 0.409866 0.0806903
28.2 0.412576 0.0821183
28.3 0.415179 0.083511
28.4 0.417666 0.0848657
28.5 0.420026 0.0861795
28.6 0.42225 0.0874497
28.7 0.424328 0.0886739
28.8 0.426252 0.0898495
28.9 0.428014 0.0909741
29 0.429606 0.0920454
29.1 0.43102 0.0930613
29.2 0.432251 0.0940195
29.3 0.433293 0.0949182
29.4 0.434139 0.0957555
29.5 0.434785 0.0965294
29.6 0.435227 0.0972384
29.7 0.43546 0.0978807
29.8 0.435482 0.098455
29.9 0.43529 0.0989598
30 0.43488 0.0993938
30.1 0.434253 0.0997559
30.2 0.433406 0.100045
30.3 0.432338 0.10026
30.4 0.431051 0.1004
30.5 0.429544 0.100465
30.6 0.427817 0.100454
30.7 0.425873 0.100366
30.8 0.423714 0.100201
30.9 0.421341 0.0999582
31 0.418758 0.0996383
31.1 0.415968 0.099241
31.2 0.412975 0.0987663
31.3 0.409783 0.0982145
31.4 0.406397 0.097586
31.5 0.402821 0.0968813
31.6 0.399063 0.096101
31.7 0.395126 0.0952461
31.8 0.391019 0.0943173
31.9 0.386747 0.0933158
32 0.382317 0.0922428
32.1 0.377738 0.0910997
32.2 0.373016 0.0898879
32.3 0.36816 0.0886093
32.4 0.363178 0.0872655
32.5 0.358078 0.0858586
32.6 0.35287 0.0843906
32.7 0.347562 0.0828638
32.8 0.342164 0.0812806
32.9 0.336685 0.0796436
33 0.331135 0.0779553
33.1 0.325523 0.0762187
33.2 0.319859 0.0744365
33.3 0.314153 0.072612
33.4 0.308414 0.0707481
33.5 0.302654 0.0688483
33.6 0.296881 0.0669158
33.7 0.291105 0.0649542
33.8 0.285337 0.062967
33.9 0.279586 0.0609578
34 0.273861 0.0589303
34.1 0.268172 0.0568882
34.2 0.262528 0.0548354
34.3 0.256939 0.0527757
34.4 0.251412 0.0507129
34.5 0.245957 0.0486508
34.6 0.240581 0.0465933
34.7 0.235293 0.0445443
34.8 0.230099 0.0425075
34.9 0.225008 0.0404866
35 0.220026 0.0384855
35.1 0.215158 0.0365077
35.2 0.210411 0.0345569
35.3 0.205791 0.0326363
35.4 0.201301 0.0307495
35.5 0.196948 0.0288996
35.6 0.192733 0.0270899
35.7 0.188661 0.0253232
35.8 0.184734 0.0236024
35.9 0.180955 0.0219302
36 0.177326 0.020309
36.1 0.173846 0.0187414
36.2 0.170518 0.0172293
36.3 0.16734 0.0157748
36.4 0.164313 0.0143796
36.5 0.161434 0.0130455
36.6 0.158703 0.0117737
36.7 0.156117 0.0105654
36.8 0.153672 0.00942175
36.9 0.151367 0.00834344
37 0.149197 0.0073311
37.1 0.147158 0.00638514
37.2 0.145244 0.00550578
37.3 0.143451 0.00469304
37.4 0.141773 0.00394678
37.5 0.140205 0.00326666
37.6 0.138739 0.0026522
37.7 0.137369 0.00210273
37.8 0.136088 0.00161745
37.9 0.134889 0.00119541
38 0.133765 0.000835534
38.1 0.132707 0.000536612
38.2 0.131708 0.000297336
38.3 0.13076 0.000116299
38.4 0.129855 -7.99497e-06
38.5 0.128986 -7.71127e-05
38.6 0.128143 -9.26837e-05
38.7 0.12732 -5.63862e-05
38.8 0.126507 3.00651e-05
38.9 0.125699 0.000164931
39 0.124886 0.000346459
39.1 0.124062 0.000572897
39.2 0.123219 0.000842502
39.3 0.12235 0.00115355
39.4 0.12145 0.00150435
39.5 0.120511 0.00189325
39.6 0.119528 0.00231865
39.7 0.118495 0.00277899
39.8 0.117407 0.0032728
39.9 0.116261 0.00379865
40 0.11505 0.00435521
40.1 0.113773 0.00494121
40.2 0.112425 0.00555547
40.3 0.111004 0.00619688
40.4 0.109508 0.00686443
40.5 0.107935 0.00755719
40.6 0.106285 0.00827429
40.7 0.104557 0.00901497
40.8 0.102751 0.00977853
40.9 0.100868 0.0105643
41 0.0989084 0.0113718
41.1 0.0968748 0.0122005
41.2 0.0947692 0.01305
41.3 0.0925944 0.0139197
41.4 0.0903538 0.0148095
41.5 0.0880512 0.0157189
41.6 0.0856909 0.0166476
41.7 0.0832776 0.0175953
41.8 0.0808165 0.0185617
41.9 0.0783131 0.0195465
42 0.0757735 0.0205492
42.1 0.0732038 0.0215696
42.2 0.0706107 0.0226071
42.3 0.0680009 0.0236614
42.4 0.0653817 0.0247317
42.5 0.0627603 0.0258175
42.6 0.0601442 0.026918
42.7 0.057541 0.0280324
42.8 0.0549584 0.0291598
42.9 0.0524042 0.0302991
43 0.0498861 0.0314491
43.1 0.0474119 0.0326086
43.2 0.0449894 0.0337761
43.3 0.042626 0.0349501
43.4 0.0403294 0.0361287
43.5 0.0381068 0.0373103
43.6 0.0359653 0.0384928
43.7 0.0339119 0.039674
43.8 0.0319531 0.0408517
43.9 0.0300953 0.0420235
44 0.0283444 0.0431868
44.1 0.0267061 0.044339
44.2 0.0251857 0.0454772
44.3 0.023788 0.0465986
44.4 0.0225175 0.0477002
44.5 0.0213781 0.0487789
44.6 0.0203734 0.0498315
44.7 0.0195065 0.0508548
44.8 0.0187799 0.0518455
44.9 0.0181957 0.0528002
45 0.0177555 0.0537156
45.1 0.0174604 0.0545883
45.2 0.0173109 0.0554151
45.3 0.0173071 0.0561925
45.4 0.0174486 0.0569173
45.5 0.0177344 0.0575863
45.6 0.0181631 0.0581964
45.7 0.0187327 0.0587446
45.8 0.019441 0.0592278
45.9 0.020285 0.0596435
46 0.0212615 0.0599889
46.1 0.0223668 0.0602616
46.2 0.0235967 0.0604594
46.3 0.0249469 0.0605803
46.4 0.0264125 0.0606224
46.5 0.0279884 0.0605841
46.6 0.0296691 0.0604642
46.7 0.0314489 0.0602616
46.8 0.0333218 0.0599755
46.9 0.0352816 0.0596053
47 0.037322 0.059151
47.1 0.0394365 0.0586126
47.2 0.0416184 0.0579905
47.3 0.043861 0.0572855
47.4 0.0461574 0.0564987
47.5 0.0485009 0.0556313
47.6 0.0508846 0.054685
47.7 0.0533017 0.053662
47.8 0.0557454 0.0525644
47.9 0.0582092 0.051395
48 0.0606865 0.0501567
48.1 0.063171 0.0488526
48.2 0.0656563 0.0474862
48.3 0.0681365 0.0460615
48.4 0.0706058 0.0445823
48.5 0.0730586 0.0430529
48.6 0.0754896 0.0414778
48.7 0.0778939 0.0398618
48.8 0.0802666 0.0382098
48.9 0.0826034 0.0365267
49 0.0849002 0.0348178
49.1 0.0871533 0.0330884
49.2 0.0893593 0.0313439
49.3 0.0915151 0.02959
49.4 0.0936181 0.027832
49.5 0.0956659 0.0260757
49.6 0.0976566 0.0243266
49.7 0.0995886 0.0225903
49.8 0.101461 0.0208723
49.9 0.103272 0.0191781
50 0.105023 0.0175131
50.1 0.106711 0.0158825
50.2 0.108339 0.0142913
50.3 0.109907 0.0127447
50.4 0.111414 0.0112472
50.5 0.112863 0.00980335
50.6 0.114255 0.00841752
50.7 0.115592 0.00709371
50.8 0.116876 0.00583567
50.9 0.118108 0.00464686
51 0.119293 0.00353044
51.1 0.120431 0.00248924
51.2 0.121527 0.00152575
51.3 0.122583 0.000642126
51.4 0.123603 -0.000159861
51.5 0.124589 -0.00087879
51.6 0.125546 -0.00151362
51.7 0.126477 -0.00206369
51.8 0.127386 -0.00252873
51.9 0.128276 -0.00290883
52 0.129151 -0.0032045
52.1 0.130015 -0.00341659
52.2 0.130872 -0.00354637
52.3 0.131725 -0.00359544
52.4 0.132578 -0.0035658
52.5 0.133435 -0.00345978
52.6 0.134298 -0.00328005
52.7 0.135172 -0.00302964
52.8 0.136061 -0.00271185
52.9 0.136966 -0.00233031
53 0.137891 -0.00188893
53.1 0.13884 -0.00139188
53.2 0.139814 -0.000843549
53.3 0.140816 -0.000248579
53.4 0.141849 0.000388206
53.5 0.142916 0.0010618
53.6 0.144017 0.00176706
53.7 0.145155 0.0024987
53.8 0.146331 0.00325134
53.9 0.147547 0.00401954
54 0.148804 0.00479778
54.1 0.150103 0.00558056
54.2 0.151445 0.00636236
54.3 0.15283 0.0071377
54.4 0.154258 0.00790116
54.5 0.155731 0.00864741
54.6 0.157246 0.00937123
54.7 0.158806 0.0100675
54.8 0.160408 0.0107314
54.9 0.162052 0.0113582
55 0.163737 0.0119433
55.1 0.165463 0.0124824
55.2 0.167227 0.0129716
55.3 0.169029 0.0134071
55.4 0.170868 0.0137855
55.5 0.17274 0.0141036
55.6 0.174645 0.0143587
55.7 0.17658 0.0145483
55.8 0.178544 0.0146703
55.9 0.180533 0.0147229
56 0.182546 0.014705
56.1 0.184581 0.0146155
56.2 0.186633 0.0144539
56.3 0.188701 0.0142201
56.4 0.190782 0.0139144
56.5 0.192873 0.0135374
56.6 0.194971 0.0130902
56.7 0.197073 0.0125744
56.8 0.199176 0.0119919
56.9 0.201276 0.0113449
57 0.203371 0.0106362
57.1 0.205457 0.00986874
57.2 0.207531 0.00904609
57.3 0.20959 0.00817201
57.4 0.211629 0.00725064
57.5 0.213646 0.00628643
57.6 0.215638 0.00528417
57.7 0.2176 0.0042489
57.8 0.219529 0.00318597
57.9 0.221422 0.00210094
58 0.223275 0.0009996
58.1 0.225085 -0.000112046
58.2 0.226847 -0.00122783
58.3 0.22856 -0.00234144
58.4 0.230218 -0.00344645
58.5 0.231819 -0.00453631
58.6 0.233358 -0.00560444
58.7 0.234833 -0.0066442
58.8 0.23624 -0.00764895
58.9 0.237575 -0.00861208
59 0.238835 -0.00952702
59.1 0.240016 -0.0103873
59.2 0.241115 -0.0111865
59.3 0.242129 -0.0119183
59.4 0.243054 -0.0125768
59.5 0.243887 -0.013156
59.6 0.244625 -0.0136502
59.7 0.245264 -0.0140541
59.8 0.245802 -0.0143623
59.9 0.246235 -0.0145702
60 0.246561 -0.0146731
60.1 0.246776 -0.0146668
60.2 0.246879 -0.0145474
60.3 0.246865 -0.0143114
60.4 0.246733 -0.0139559
60.5 0.24648 -0.013478
60.6 0.246104 -0.0128755
60.7 0.245603 -0.0121466
60.8 0.244974 -0.0112899
60.9 0.244217 -0.0103045
61 0.243328 -0.00918988
61.1 0.242308 -0.00794601
61.2 0.241154 -0.00657339
61.3 0.239866 -0.00507291
61.4 0.238442 -0.00344598
61.5 0.236883 -0.00169443
61.6 0.235186 0.000179418
61.7 0.233354 0.00217282
61.8 0.231384 0.00428259
61.9 0.229278 0.00650509
62 0.227037 0.0088363
62.1 0.224661 0.0112718
62.2 0.222151 0.0138067
62.3 0.219508 0.0164358
62.4 0.216735 0.0191537
62.5 0.213833 0.0219544
62.6 0.210805 0.0248318
62.7 0.207652 0.0277794
62.8 0.204378 0.0307906
62.9 0.200986 0.0338583
63 0.197479 0.0369756
63.1 0.193861 0.040135
63.2 0.190136 0.0433291
63.3 0.186307 0.0465503
63.4 0.18238 0.0497911
63.5 0.178359 0.0530436
63.6 0.174248 0.0563001
63.7 0.170054 0.0595529
63.8 0.165782 0.0627942
63.9 0.161436 0.0660164
64 0.157024 0.0692119
64.1 0.15255 0.0723733
64.2 0.148022 0.0754932
64.3 0.143445 0.0785645
64.4 0.138826 0.0815803
64.5 0.134171 0.0845338
64.6 0.129487 0.0874185
64.7 0.124781 0.0902283
64.8 0.12006 0.0929571
64.9 0.115331 0.0955994
65 0.1106 0.0981498
65.1 0.105874 0.100603
65.2 0.10116 0.102956
65.3 0.096465 0.105202
65.4 0.0917958 0.107339
65.5 0.087159 0.109363
65.6 0.0825611 0.111271
65.7 0.0780086 0.11306
65.8 0.0735077 0.114729
65.9 0.0690645 0.116274
66 0.0646851 0.117695
66.1 0.0603751 0.118991
66.2 0.0561401 0.12016
66.3 0.0519854 0.121204
66.4 0.0479161 0.122121
66.5 0.0439368 0.122913
66.6 0.0400521 0.12358
66.7 0.0362662 0.124123
66.8 0.0325831 0.124545
66.9 0.0290063 0.124847
67 0.025539 0.125031
67.1 0.0221844 0.1251
67.2 0.0189449 0.125057
67.3 0.0158229 0.124904
67.4 0.0128203 0.124646
67.5 0.00993871 0.124285
67.6 0.00717948 0.123826
67.7 0.00454349 0.123273
67.8 0.00203135 0.122628
67.9 -0.000356647 0.121898
68 -0.00262056 0.121086
68.1 -0.00476076 0.120196
68.2 -0.0067779 0.119234
68.3 -0.00867296 0.118203
68.4 -0.0104472 0.117109
68.5 -0.0121021 0.115956
68.6 -0.0136396 0.114748
68.7 -0.0150615 0.11349
68.8 -0.0163702 0.112186
68.9 -0.0175683 0.110842
69 -0.0186583 0.109462
69.1 -0.0196431 0.108049
69.2 -0.0205258 0.106607
69.3 -0.0213096 0.105142
69.4 -0.0219978 0.103657
69.5 -0.0225938 0.102155
69.6 -0.0231011 0.10064
69.7 -0.0235233 0.0991152
69.8 -0.0238641 0.0975844
69.9 -0.0241272 0.0960503
70 -0.0243162 0.0945158
70.1 -0.024435 0.0929834
70.2 -0.0244872 0.0914557
70.3 -0.0244764 0.0899348
70.4 -0.0244063 0.0884229
70.5 -0.0242806 0.0869217
70.6 -0.0241025 0.085433
70.7 -0.0238757 0.0839583
70.8 -0.0236034 0.0824986
70.9 -0.0232887 0.0810553
71 -0.0229348 0.0796292
71.1 -0.0225446 0.078221
71.2 -0.0221209 0.0768314
71.3 -0.0216664 0.0754608
71.4 -0.0211836 0.0741095
71.5 -0.0206748 0.0727776
71.6 -0.0201423 0.0714652
71.7 -0.019588 0.0701722
71.8 -0.0190139 0.0688985
71.9 -0.0184216 0.0676437
72 -0.0178127 0.0664075
72.1 -0.0171885 0.0651896
72.2 -0.0165503 0.0639893
72.3 -0.0158992 0.0628063
72.4 -0.015236 0.0616399
72.5 -0.0145616 0.0604894
72.6 -0.0138765 0.0593544
72.7 -0.0131812 0.0582342
72.8 -0.0124762 0.0571282
72.9 -0.0117616 0.0560357
73 -0.0110377 0.0549561
73.1 -0.0103044 0.053889
73.2 -0.00956178 0.0528336
73.3 -0.00880966 0.0517896
73.4 -0.00804786 0.0507565
73.5 -0.00727613 0.0497338
73.6 -0.00649417 0.0487212
73.7 -0.00570164 0.0477184
73.8 -0.00489816 0.046725
73.9 -0.00408334 0.0457411
74 -0.00325677 0.0447662
74.1 -0.00241806 0.0438006
74.2 -0.00156679 0.042844
74.3 -0.000702587 0.0418966
74.4 0.000174927 0.0409584
74.5 0.00106609 0.0400297
74.6 0.00197119 0.0391106
74.7 0.00289051 0.0382014
74.8 0.00382424 0.0373025
74.9 0.00477257 0.0364141
75 0.0057356 0.0355368
75.1 0.00671337 0.034671
75.2 0.00770589 0.033817
75.3 0.00871308 0.0329756
75.4 0.00973482 0.032147
75.5 0.0107709 0.0313321
75.6 0.0118211 0.0305311
75.7 0.012885 0.0297448
75.8 0.0139624 0.0289738
75.9 0.0150527 0.0282185
76 0.0161555 0.0274795
76.1 0.0172702 0.0267574
76.2 0.0183963 0.0260527
76.3 0.0195332 0.0253659
76.4 0.0206801 0.0246975
76.5 0.0218364 0.024048
76.6 0.0230013 0.0234177
76.7 0.0241742 0.0228071
76.8 0.0253543 0.0222166
76.9 0.0265408 0.0216463
77 0.0277329 0.0210966
77.1 0.02893 0.0205677
77.2 0.0301312 0.0200598
77.3 0.0313359 0.0195731
77.4 0.0325433 0.0191075
77.5 0.0337527 0.0186631
77.6 0.0349636 0.0182399
77.7 0.0361753 0.0178379
77.8 0.0373872 0.0174569
77.9 0.0385988 0.0170967
78 0.0398097 0.0167573
78.1 0.0410195 0.0164383
78.2 0.0422277 0.0161395
78.3 0.0434342 0.0158605
78.4 0.0446386 0.015601
78.5 0.0458408 0.0153605
78.6 0.0470407 0.0151388
78.7 0.0482382 0.0149353
78.8 0.0494333 0.0147495
78.9 0.0506262 0.014581
79 0.0518168 0.0144292
79.1 0.0530054 0.0142936
79.2 0.0541922 0.0141736
79.3 0.0553775 0.0140687
79.4 0.0565616 0.0139784
79.5 0.0577448 0.0139019
79.6 0.0589276 0.0138387
79.7 0.0601103 0.0137883
79.8 0.0612933 0.01375
79.9 0.0624771 0.0137233
80 0.0636622 0.0137076
80.1 0.064849 0.0137023
80.2 0.0660378 0.0137067
80.3 0.0672293 0.0137205
80.4 0.0684237 0.013743
80.5 0.0696215 0.0137736
80.6 0.070823 0.0138119
80.7 0.0720284 0.0138574
80.8 0.0732382 0.0139094
80.9 0.0744523 0.0139676
81 0.0756711 0.0140315
81.1 0.0768945 0.0141006
81.2 0.0781226 0.0141745
81.3 0.0793552 0.0142527
81.4 0.0805923 0.0143349
81.5 0.0818335 0.0144206
81.6 0.0830786 0.0145095
81.7 0.084327 0.0146013
81.8 0.0855783 0.0146955
81.9 0.0868318 0.0147919
82 0.0880869 0.0148901
82.1 0.0893426 0.0149898
82.2 0.0905981 0.0150909
82.3 0.0918523 0.015193
82.4 0.0931041 0.0152958
82.5 0.0943523 0.0153992
82.6 0.0955956 0.015503
82.7 0.0968326 0.015607
82.8 0.0980618 0.0157111
82.9 0.0992816 0.015815
83 0.100491 0.0159186
83.1 0.101687 0.016022
83.2 0.102868 0.016125
83.3 0.104034 0.0162275
83.4 0.105181 0.0163296
83.5 0.106309 0.0164312
83.6 0.107414 0.0165325
83.7 0.108495 0.0166334
83.8 0.109551 0.016734
83.9 0.110578 0.0168346
84 0.111576 0.0169352
84.1 0.112541 0.017036
84.2 0.113473 0.0171374
84.3 0.114369 0.0172395
84.4 0.115227 0.0173426
84.5 0.116046 0.0174472
84.6 0.116823 0.0175536
84.7 0.117558 0.0176622
84.8 0.118247 0.0177734
84.9 0.11889 0.0178879
85 0.119485 0.018006
85.1 0.120031 0.0181284
85.2 0.120525 0.0182556
85.3 0.120968 0.0183884
85.4 0.121358 0.0185273
85.5 0.121694 0.0186731
85.6 0.121975 0.0188265
85.7 0.1222 0.0189882
85.8 0.122369 0.0191591
85.9 0.122481 0.0193398
86 0.122535 0.0195313
86.1 0.122531 0.0197343
86.2 0.12247 0.0199496
86.3 0.122351 0.0201781
86.4 0.122174 0.0204205
86.5 0.121939 0.0206777
86.6 0.121648 0.0209505
86.7 0.121299 0.0212396
86.8 0.120894 0.0215459
86.9 0.120433 0.0218699
87 0.119918 0.0222125
87.1 0.119349 0.0225742
87.2 0.118727 0.0229556
87.3 0.118053 0.0233573
87.4 0.117328 0.0237798
87.5 0.116554 0.0242234
87.6 0.115732 0.0246885
87.7 0.114864 0.0251754
87.8 0.11395 0.0256843
87.9 0.112993 0.0262152
88 0.111993 0.0267681
88.1 0.110953 0.0273431
88.2 0.109875 0.0279398
88.3 0.10876 0.0285581
88.4 0.107609 0.0291975
88.5 0.106426 0.0298575
88.6 0.10521 0.0305375
88.7 0.103965 0.0312369
88.8 0.102692 0.0319548
88.9 0.101393 0.0326903
89 0.10007 0.0334423
89.1 0.0987241 0.0342098
89.2 0.0973579 0.0349914
89.3 0.095973 0.0357859
89.4 0.0945712 0.0365919
89.5 0.0931543 0.0374077
89.6 0.0917242 0.0382318
89.7 0.0902825 0.0390625
89.8 0.0888311 0.039898
89.9 0.0873717 0.0407364
90 0.085906 0.041576
90.1 0.0844357 0.0424146
90.2 0.0829625 0.0432504
90.3 0.0814881 0.0440812
90.4 0.0800142 0.0449051
90.5 0.0785423 0.0457198
90.6 0.077074 0.0465234
90.7 0.0756111 0.0473138
90.8 0.074155 0.0480888
90.9 0.0727074 0.0488464
91 0.0712698 0.0495845
91.1 0.0698438 0.0503013
91.2 0.0684309 0.0509947
91.3 0.0670327 0.0516628
91.4 0.0656508 0.0523039
91.5 0.0642866 0.0529163
91.6 0.0629418 0.0534982
91.7 0.0616179 0.0540482
91.8 0.0603164 0.0545649
91.9 0.0590389 0.0550469
92 0.0577869 0.055493
92.1 0.056562 0.0559022
92.2 0.0553658 0.0562736
92.3 0.0541998 0.0566062
92.4 0.0530655 0.0568996
92.5 0.0519646 0.0571532
92.6 0.0508986 0.0573665
92.7 0.0498689 0.0575396
92.8 0.0488773 0.0576722
92.9 0.0479251 0.0577644
93 0.0470139 0.0578166
93.1 0.0461452 0.0578291
93.2 0.0453205 0.0578025
93.3 0.0445412 0.0577374
93.4 0.0438087 0.0576347
93.5 0.0431244 0.0574954
93.6 0.0424897 0.0573205
93.7 0.0419057 0.0571112
93.8 0.0413737 0.0568689
93.9 0.0408949 0.056595
94 0.0404704 0.0562911
94.1 0.0401012 0.0559586
94.2 0.0397882 0.0555994
94.3 0.0395322 0.0552151
94.4 0.0393341 0.0548077
94.5 0.0391945 0.0543788
94.6 0.0391139 0.0539305
94.7 0.0390928 0.0534647
94.8 0.0391315 0.0529832
94.9 0.0392302 0.052488
95 0.0393888 0.051981
95.1 0.0396075 0.0514641
95.2 0.0398859 0.050939
95.3 0.0402238 0.0504077
95.4 0.0406205 0.0498719
95.5 0.0410755 0.0493332
95.6 0.041588 0.0487933
95.7 0.042157 0.0482536
95.8 0.0427815 0.0477155
95.9 0.0434601 0.0471805
96 0.0441915 0.0466496
96.1 0.044974 0.046124
96.2 0.0458061 0.0456046
96.3 0.0466858 0.0450923
96.4 0.0476112 0.0445877
96.5 0.0485801 0.0440915
96.6 0.0495903 0.0436041
96.7 0.0506393 0.0431258
96.8 0.0517247 0.0426568
96.9 0.0528439 0.0421971
97 0.053994 0.0417465
97.1 0.0551723 0.041305
97.2 0.0563759 0.040872
97.3 0.0576017 0.0404472
97.4 0.0588468 0.04003
97.5 0.060108 0.0396196
97.6 0.0613821 0.0392152
97.7 0.062666 0.038816
97.8 0.0639565 0.038421
97.9 0.0652503 0.0380292
98 0.0665442 0.0376393
98.1 0.0678352 0.0372503
98.2 0.0691199 0.0368609
98.3 0.0703953 0.0364699
98.4 0.0716583 0.036076
98.5 0.072906 0.0356779
98.6 0.0741353 0.0352744
98.7 0.0753436 0.0348642
98.8 0.0765282 0.034446
98.9 0.0776863 0.0340186
99 0.0788155 0.033581
99.1 0.0799136 0.033132
99.2 0.0809784 0.0326705
99.3 0.0820078 0.0321958
99.4 0.0829999 0.0317068
99.5 0.0839531 0.031203
99.6 0.0848659 0.0306836
99.7 0.085737 0.0301481
99.8 0.0865651 0.0295962
99.9 0.0873495 0.0290275
100 0.0880893 0.0284421
100.1 0.0887841 0.0278398
100.2 0.0894334 0.0272208
100.3 0.0900371 0.0265856
100.4 0.0905953 0.0259344
100.5 0.0911083 0.0252681
100.6 0.0915764 0.0245872
100.7 0.0920003 0.0238927
100.8 0.0923808 0.0231857
100.9 0.092719 0.0224674
101 0.0930159 0.0217392
101.1 0.093273 0.0210024
101.2 0.0934917 0.0202588
101.3 0.0936735 0.01951
101.4 0.0938204 0.0187579
101.5 0.0939341 0.0180044
101.6 0.0940167 0.0172515
101.7 0.0940703 0.0165015
101.8 0.094097 0.0157564
101.9 0.0940991 0.0150186
102 0.0940789 0.0142904
102.1 0.0940388 0.0135741
102.2 0.0939811 0.0128721
102.3 0.0939083 0.0121868
102.4 0.0938228 0.0115206
102.5 0.0937271 0.0108759
102.6 0.0936234 0.0102551
102.7 0.0935142 0.00966055
102.8 0.0934017 0.00909445
102.9 0.0932882 0.00855905
103 0.0931759 0.00805652
103.1 0.0930668 0.0075889
103.2 0.0929628 0.00715818
103.3 0.092866 0.0067662
103.4 0.0927779 0.0064147
103.5 0.0927003 0.00610531
103.6 0.0926345 0.00583949
103.7 0.0925821 0.00561858
103.8 0.092544 0.00544376
103.9 0.0925214 0.00531605
104 0.0925152 0.00523629
104.1 0.092526 0.00520518
104.2 0.0925543 0.00522323
104.3 0.0926006 0.00529077
104.4 0.092665 0.00540796
104.5 0.0927475 0.00557477
104.6 0.092848 0.00579099
104.7 0.0929663 0.00605625
104.8 0.0931017 0.00636997
104.9 0.0932537 0.00673142
105 0.0934216 0.00713969
105.1 0.0936043 0.00759369
105.2 0.0938008 0.00809219
105.3 0.0940099 0.00863377
105.4 0.0942303 0.0092169
105.5 0.0944606 0.00983988
105.6 0.0946991 0.0105009
105.7 0.0949443 0.0111979
105.8 0.0951944 0.011929
105.9 0.0954477 0.0126918
106 0.0957023 0.0134842
106.1 0.0959563 0.0143037
106.2 0.0962078 0.015148
106.3 0.0964548 0.0160145
106.4 0.0966953 0.0169006
106.5 0.0969274 0.0178037
106.6 0.0971492 0.0187212
106.7 0.0973587 0.0196504
106.8 0.097554 0.0205887
106.9 0.0977332 0.0215333
107 0.0978947 0.0224816
107.1 0.0980366 0.023431
107.2 0.0981573 0.0243788
107.3 0.0982554 0.0253225
107.4 0.0983293 0.0262595
107.5 0.0983776 0.0271874
107.6 0.0983992 0.0281038
107.7 0.098393 0.0290062
107.8 0.0983578 0.0298926
107.9 0.0982929 0.0307607
108 0.0981974 0.0316085
108.1 0.0980708 0.0324339
108.2 0.0979126 0.0332352
108.3 0.0977225 0.0340106
108.4 0.0975001 0.0347584
108.5 0.0972455 0.0354771
108.6 0.0969587 0.0361653
108.7 0.0966398 0.0368216
108.8 0.0962891 0.037445
108.9 0.0959071 0.0380342
109 0.0954942 0.0385884
109.1 0.0950512 0.0391067
109.2 0.0945786 0.0395884
109.3 0.0940775 0.040033
109.4 0.0935485 0.0404397
109.5 0.0929929 0.0408084
109.6 0.0924114 0.0411387
109.7 0.0918054 0.0414303
109.8 0.0911759 0.0416833
109.9 0.0905242 0.0418975
110 0.0898513 0.0420731
110.1 0.0891587 0.0422102
110.2 0.0884474 0.0423091
110.3 0.0877188 0.04237
110.4 0.0869741 0.0423933
110.5 0.0862144 0.0423795
110.6 0.085441 0.0423291
110.7 0.084655 0.0422425
110.8 0.0838574 0.0421205
110.9 0.0830493 0.0419635
111 0.0822316 0.0417724
111.1 0.0814053 0.0415477
111.2 0.080571 0.0412903
111.3 0.0797297 0.0410008
111.4 0.0788818 0.0406801
111.5 0.0780281 0.040329
111.6 0.0771688 0.0399483
111.7 0.0763044 0.0395388
111.8 0.0754352 0.0391014
111.9 0.0745613 0.0386369
112 0.0736828 0.0381461
112.1 0.0727997 0.0376299
112.2 0.0719118 0.0370893
112.3 0.0710191 0.036525
112.4 0.0701211 0.035938
112.5 0.0692176 0.0353291
112.6 0.0683081 0.0346991
112.7 0.0673921 0.0340491
112.8 0.066469 0.0333798
112.9 0.0655383 0.0326921
113 0.0645993 0.031987
113.1 0.0636512 0.0312653
113.2 0.0626935 0.030528
113.3 0.0617254 0.0297759
113.4 0.0607462 0.02901
113.5 0.0597551 0.0282311
113.6 0.0587515 0.0274404
113.7 0.0577347 0.0266386
113.8 0.0567041 0.0258267
113.9 0.0556591 0.0250058
114 0.0545992 0.0241769
114.1 0.053524 0.0233408
114.2 0.052433 0.0224988
114.3 0.0513262 0.0216517
114.4 0.0502032 0.0208007
114.5 0.049064 0.0199469
114.6 0.0479088 0.0190913
114.7 0.0467376 0.018235
114.8 0.0455509 0.0173793
114.9 0.0443491 0.0165251
115 0.0431327 0.0156737
115.1 0.0419026 0.0148263
115.2 0.0406596 0.013984
115.3 0.0394047 0.013148
115.4 0.0381392 0.0123196
115.5 0.0368645 0.0114998
115.6 0.0355819 0.01069
115.7 0.0342932 0.00989136
115.8 0.0330001 0.00910502
115.9 0.0317046 0.00833222
116 0.0304086 0.00757414
116.1 0.0291143 0.00683196
116.2 0.0278242 0.00610684
116.3 0.0265404 0.00539992
116.4 0.0252655 0.00471232
116.5 0.0240021 0.00404513
116.6 0.0227529 0.00339942
116.7 0.0215204 0.0027762
116.8 0.0203075 0.00217646
116.9 0.019117 0.00160117
117 0.0179515 0.00105122
117.1 0.016814 0.000527464
117.2 0.0157071 3.07195e-05
117.3 0.0146337 -0.000438264
117.4 0.0135963 -0.000878789
117.5 0.0125978 -0.00129022
117.6 0.0116405 -0.00167197
117.7 0.0107269 -0.00202352
117.8 0.00985942 -0.00234444
117.9 0.0090402 -0.00263432
118 0.0082713 -0.00289287
118.1 0.00755463 -0.00311981
118.2 0.00689189 -0.00331497
118.3 0.00628462 -0.00347825
118.4 0.00573414 -0.00360959
118.5 0.00524156 -0.00370901
118.6 0.00480776 -0.00377661
118.7 0.00443339 -0.00381254
118.8 0.00411885 -0.00381703
118.9 0.00386428 -0.00379035
119 0.00366957 -0.00373286
119.1 0.00353435 -0.00364495
119.2 0.00345795 -0.00352709
119.3 0.00343948 -0.00337979
119.4 0.00347772 -0.00320362
119.5 0.00357122 -0.00299918
119.6 0.00371824 -0.00276713
119.7 0.00391678 -0.00250818
119.8 0.00416457 -0.00222306
119.9 0.00445911 -0.00191252
120 0.00479762 -0.00157739
120.1 0.00517711 -0.00121848
120.2 0.00559435 -0.00083664
120.3 0.00604589 -0.000432744
120.4 0.0065281 -7.67637e-06
120.5 0.00703714 0.000437665
120.6 0.00756903 0.000902371
120.7 0.00811962 0.00138553
120.8 0.00868462 0.00188622
120.9 0.00925965 0.00240352
121 0.00984021 0.00293653
121.1 0.0104218 0.00348432
121.2 0.0109997 0.004046
121.3 0.0115693 0.00462066
121.4 0.012126 0.00520742
121.5 0.0126651 0.00580542
121.6 0.0131822 0.00641378
121.7 0.0136725 0.00703165
121.8 0.0141317 0.00765822
121.9 0.0145555 0.00829265
122 0.0149396 0.00893413
122.1 0.0152801 0.00958189
122.2 0.0155729 0.0102351
122.3 0.0158145 0.0108931
122.4 0.0160014 0.0115551
122.5 0.0161303 0.0122202
122.6 0.0161983 0.0128879
122.7 0.0162027 0.0135573
122.8 0.016141 0.0142278
122.9 0.0160111 0.0148986
123 0.0158112 0.0155689
123.1 0.0155398 0.0162382
123.2 0.0151958 0.0169057
123.3 0.0147784 0.0175705
123.4 0.014287 0.0182321
123.5 0.0137217 0.0188896
123.6 0.0130825 0.0195424
123.7 0.0123702 0.0201895
123.8 0.0115857 0.0208303
123.9 0.0107303 0.021464
124 0.00980571 0.0220897
124.1 0.0088139 0.0227066
124.2 0.00775725 0.0233138
124.3 0.00663843 0.0239105
124.4 0.00546045 0.0244957
124.5 0.00422661 0.0250686
124.6 0.00294051 0.0256282
124.7 0.00160603 0.0261735
124.8 0.000227279 0.0267035
124.9 -0.00119136 0.0272173
125 -0.00264529 0.0277138
125.1 -0.00412973 0.0281919
125.2 -0.00563972 0.0286507
125.3 -0.00717012 0.0290891
125.4 -0.00871569 0.0295059
125.5 -0.0102711 0.0299002
125.6 -0.0118308 0.0302709
125.7 -0.0133894 0.0306168
125.8 -0.0149413 0.030937
125.9 -0.016481 0.0312304
126 -0.018003 0.0314959
126.1 -0.0195018 0.0317326
126.2 -0.020972 0.0319394
126.3 -0.0224083 0.0321155
126.4 -0.0238055 0.0322599
126.5 -0.0251586 0.0323718
126.6 -0.0264626 0.0324503
126.7 -0.027713 0.0324947
126.8 -0.0289052 0.0325043
126.9 -0.030035 0.0324785
127 -0.0310984 0.0324167
127.1 -0.0320917 0.0323184
127.2 -0.0330115 0.0321833
127.3 -0.0338545 0.0320109
127.4 -0.0346181 0.0318012
127.5 -0.0352996 0.031554
127.6 -0.0358969 0.0312692
127.7 -0.0364083 0.0309469
127.8 -0.0368322 0.0305874
127.9 -0.0371675 0.030191
128 -0.0374134 0.0297579
128.1 -0.0375697 0.0292888
128.2 -0.0376362 0.0287843
128.3 -0.0376132 0.0282451
128.4 -0.0375015 0.0276722
128.5 -0.0373021 0.0270664
128.6 -0.0370164 0.0264289
128.7 -0.036646 0.0257609
128.8 -0.0361931 0.0250636
128.9 -0.0356598 0.0243385
129 -0.035049 0.0235872
129.1 -0.0343635 0.0228112
129.2 -0.0336064 0.0220122
129.3 -0.0327814 0.021192
129.4 -0.0318919 0.0203526
129.5 -0.030942 0.0194958
129.6 -0.0299357 0.0186237
129.7 -0.0288772 0.0177383
129.8 -0.0277711 0.0168418
129.9 -0.0266217 0.0159365
130 -0.0254338 0.0150244
130.1 -0.0242121 0.0141078
130.2 -0.0229613 0.0131891
130.3 -0.0216864 0.0122705
130.4 -0.0203922 0.0113542
130.5 -0.0190834 0.0104425
130.6 -0.017765 0.0095378
130.7 -0.0164416 0.00864217
130.8 -0.015118 0.00775786
130.9 -0.0137988 0.00688699
131 -0.0124885 0.00603168
131.1 -0.0111913 0.00519394
131.2 -0.00991154 0.00437573
131.3 -0.00865322 0.00357892
131.4 -0.00742019 0.00280532
131.5 -0.0062161 0.0020566
131.6 -0.0050444 0.00133436
131.7 -0.0039083 0.000640089
131.8 -0.00281078 -2.48553e-05
131.9 -0.00175457 -0.000659223
132 -0.000742157 -0.00126189
132.1 0.000224244 -0.00183187
132.2 0.00114268 -0.0023683
132.3 0.00201147 -0.00287046
132.4 0.0028292 -0.00333776
132.5 0.00359474 -0.00376976
132.6 0.00430722 -0.00416615
132.7 0.00496606 -0.00452678
132.8 0.00557093 -0.0048516
132.9 0.00612178 -0.00514075
133 0.00661881 -0.00539446
133.1 0.00706248 -0.00561314
133.2 0.00745347 -0.00579729
133.3 0.00779273 -0.00594755
133.4 0.0080814 -0.0060647
133.5 0.00832085 -0.00614962
133.6 0.00851266 -0.00620329
133.7 0.00865856 -0.00622683
133.8 0.00876049 -0.00622142
133.9 0.00882052 -0.00618837
134 0.0088409 -0.00612903
134.1 0.00882396 -0.00604486
134.2 0.00877218 -0.00593738
134.3 0.00868812 -0.00580815
134.4 0.00857441 -0.00565881
134.5 0.00843377 -0.00549103
134.6 0.00826894 -0.00530649
134.7 0.00808269 -0.00510693
134.8 0.00787783 -0.00489407
134.9 0.00765714 -0.00466967
135 0.0074234 -0.00443547
135.1 0.00717934 -0.00419318
135.2 0.00692765 -0.00394451
135.3 0.00667097 -0.00369115
135.4 0.00641185 -0.00343474
135.5 0.00615277 -0.00317686
135.6 0.00589608 -0.00291906
135.7 0.00564405 -0.00266283
135.8 0.00539881 -0.0024096
135.9 0.00516238 -0.0021607
136 0.00493663 -0.00191741
136.1 0.00472328 -0.00168093
136.2 0.00452391 -0.00145236
136.3 0.00433994 -0.00123272
136.4 0.00417262 -0.00102293
136.5 0.00402306 -0.000823816
136.6 0.00389219 -0.000636118
136.7 0.00378075 -0.000460468
136.8 0.00368937 -0.000297398
136.9 0.00361845 -0.000147345
137 0.00356828 -1.06427e-05
137.1 0.00353895 0.00011247
137.2 0.00353041 0.000221853
137.3 0.00354247 0.00031746
137.4 0.00357477 0.000399336
137.5 0.00362681 0.000467615
137.6 0.00369797 0.000522519
137.7 0.00378749 0.000564347
137.8 0.00389451 0.000593479
137.9 0.00401804 0.000610365
138 0.004157 0.000615523
138.1 0.00431021 0.000609533
138.2 0.00447642 0.000593031
138.3 0.0046543 0.000566704
138.4 0.00484246 0.000531283
138.5 0.00503946 0.000487537
138.6 0.00524382 0.000436268
138.7 0.00545404 0.000378304
138.8 0.00566858 0.000314494
138.9 0.00588591 0.000245696
139 0.00610449 0.000172781
139.1 0.00632279 9.66187e-05
139.2 0.00653932 1.80735e-05
139.3 0.00675261 -6.19987e-05
139.4 0.0069612 -0.000142758
139.5 0.00716373 -0.000223387
139.6 0.00735885 -0.000303091
139.7 0.0075453 -0.000381108
139.8 0.00772188 -0.00045671
139.9 0.00788746 -0.000529209
140 0.00804101 -0.000597956
140.1 0.00818155 -0.000662351
140.2 0.00830824 -0.00072184
140.3 0.00842029 -0.000775922
140.4 0.00851703 -0.000824146
140.5 0.0085979 -0.000866118
140.6 0.0086624 -0.000901497
140.7 0.00871018 -0.00093
140.8 0.00874097 -0.0009514
140.9 0.0087546 -0.000965528
141 0.00875099 -0.000972268
141.1 0.0087302 -0.000971563
141.2 0.00869234 -0.000963407
141.3 0.00863765 -0.000947849
141.4 0.00856644 -0.000924988
141.5 0.00847912 -0.000894971
141.6 0.00837617 -0.000857992
141.7 0.00825816 -0.000814289
141.8 0.00812574 -0.000764139
141.9 0.0079796 -0.000707859
142 0.00782053 -0.000645797
142.1 0.00764936 -0.000578335
142.2 0.00746695 -0.000505881
142.3 0.00727423 -0.000428865
142.4 0.00707216 -0.000347738
142.5 0.00686174 -0.000262968
142.6 0.00664397 -0.000175034
142.7 0.0064199 -8.4423e-05
142.8 0.00619057 8.37146e-06
142.9 0.00595703 0.000102856
143 0.00572033 0.000198539
143.1 0.00548151 0.000294936
143.2 0.0052416 0.000391569
143.3 0.00500162 0.000487975
143.4 0.00476253 0.000583703
143.5 0.00452531 0.000678324
143.6 0.00429088 0.000771426
143.7 0.00406011 0.000862621
143.8 0.00383384 0.000951545
143.9 0.00361288 0.00103786
144 0.00339796 0.00112126
