-0.996 6.51015e-06 7.41679e-06
-0.992 1.30475e-05 1.60976e-05
-0.988 3.81732e-06 3.83572e-06
-0.984 -2.38895e-05 -4.21949e-05
-0.98 -5.53698e-05 -0.000114714
-0.976 -6.36565e-05 -0.000185205
-0.972 -2.34016e-05 -0.000214249
-0.968 7.14856e-05 -0.000170245
-0.964 0.00019423 -4.92751e-05
-0.96 0.000283346 0.00011277
-0.956 0.000256882 0.00024281
-0.952 4.11508e-05 0.000250046
-0.948 -0.000394233 5.79065e-05
-0.944 -0.00100782 -0.000361669
-0.94 -0.00167768 -0.000964371
-0.936 -0.00222145 -0.00163112
-0.932 -0.00244502 -0.00219202
-0.928 -0.00220893 -0.00247261
-0.924 -0.00149265 -0.00234983
-0.92 -0.000433319 -0.00179961
-0.916 0.000680198 -0.000918351
-0.912 0.00146534 9.26809e-05
-0.908 0.00154686 0.000979766
-0.904 0.000675507 0.00151299
-0.9 -0.00117139 0.00156359
-0.896 -0.00374285 0.00115643
-0.892 -0.00654449 0.000477195
-0.888 -0.00894827 -0.000173698
-0.884 -0.0103589 -0.000471017
-0.88 -0.0103925 -0.000173681
-0.876 -0.00901436 0.000781491
-0.872 -0.00658647 0.00223411
-0.868 -0.00380105 0.00382322
-0.864 -0.00150588 0.00507906
-0.86 -0.00046358 0.00556102
-0.856 -0.00111075 0.00500166
-0.852 -0.00338965 0.00341083
-0.848 -0.00670956 0.00110211
-0.844 -0.0100605 -0.00137454
-0.84 -0.012258 -0.0033813
-0.836 -0.0122573 -0.00438231
-0.832 -0.00944897 -0.00411756
-0.828 -0.00385095 -0.00270378
-0.824 0.00386462 -0.000623281
-0.82 0.0125221 0.00140548
-0.816 0.0207313 0.00264435
-0.812 0.0272304 0.00257651
-0.808 0.031183 0.00109599
-0.804 0.0323389 -0.00142063
-0.8 0.0310129 -0.00419497
-0.796 0.0278947 -0.00626905
-0.792 0.0237562 -0.00681138
-0.788 0.0191606 -0.00541725
-0.784 0.0142806 -0.0023063
-0.78 0.00889606 0.0016566
-0.776 0.00258339 0.00514301
-0.772 -0.00496441 0.00671067
-0.768 -0.0136049 0.00523136
-0.764 -0.0225377 0.000274852
-0.76 -0.0303306 -0.00767049
-0.756 -0.03522 -0.0172207
-0.752 -0.0356283 -0.0263772
-0.748 -0.0307572 -0.0330041
-0.744 -0.0210601 -0.0353808
-0.74 -0.00840937 -0.0326765
-0.736 0.00415983 -0.0252098
-0.732 0.0131252 -0.0144099
-0.728 0.0154362 -0.00247789
-0.724 0.00950774 0.00816827
-0.72 -0.00405066 0.0155141
-0.716 -0.022231 0.0184632
-0.712 -0.0400896 0.0170994
-0.708 -0.0518382 0.0126202
-0.704 -0.0523332 0.00696136
-0.7 -0.0385915 0.00222201
-0.696 -0.0109069 6.0861e-05
-0.692 0.0267902 0.00124223
-0.688 0.0675106 0.00546617
-0.684 0.102659 0.0115292
-0.68 0.124045 0.0177596
-0.676 0.125958 0.022584
-0.672 0.106758 0.02504
-0.668 0.0695181 0.0250632
-0.664 0.0214906 0.0234506
-0.66 -0.0275185 0.0215052
-0.656 -0.0675043 0.020475
-0.652 -0.0907452 0.0209767
-0.648 -0.0937584 0.0226101
-0.644 -0.0781825 0.0239227
-0.64 -0.0503112 0.0227764
-0.636 -0.0193642 0.0170381
-0.632 0.00506311 0.00539904
-0.628 0.0156867 -0.0119345
-0.624 0.00961039 -0.0329257
-0.62 -0.0108067 -0.053915
-0.616 -0.0385686 -0.0703586
-0.612 -0.0640168 -0.0779367
-0.608 -0.0776465 -0.073751
-0.604 -0.0729939 -0.0572759
-0.6 -0.048775 -0.0307701
-0.596 -0.00962651 0.00100929
-0.592 0.0348291 0.031768
-0.588 0.0724154 0.0550929
-0.584 0.0917141 0.0659735
-0.58 0.0853644 0.0620267
-0.576 0.0524233 0.0440896
-0.572 -0.000919121 0.0160133
-0.568 -0.0625455 -0.0163002
-0.564 -0.1173 -0.0463608
-0.56 -0.150851 -0.0686643
-0.556 -0.153539 -0.0799523
-0.552 -0.123157 -0.0798255
-0.548 -0.065895 -0.0705592
-0.544 0.00489217 -0.056198
-0.54 0.0718433 -0.0412111
-0.536 0.117909 -0.0291132
-0.532 0.130736 -0.021459
-0.528 0.105965 -0.0175063
-0.524 0.0485749 -0.0146368
-0.52 -0.028133 -0.00939874
-0.516 -0.105693 0.00115536
-0.512 -0.165001 0.0182515
-0.508 -0.191076 0.0406835
-0.504 -0.176833 0.0648469
-0.5 -0.124904 0.0855356
-0.496 -0.0469962 0.0972909
-0.492 0.0390483 0.0959261
-0.488 0.113781 0.0797885
-0.484 0.161118 0.050395
-0.48 0.172496 0.0122525
-0.476 0.149171 -0.02809
-0.472 0.102041 -0.0634993
-0.468 0.0490119 -0.0878275
-0.464 0.0105211 -0.0971809
-0.46 0.00429322 -0.0905739
-0.456 0.0406011 -0.0698442
-0.452 0.119192 -0.0389184
-0.448 0.228645 -0.00269527
-0.444 0.348337 0.0340967
-0.44 0.452617 0.0677422
-0.436 0.516236 0.0958826
-0.432 0.519859 0.117349
-0.428 0.454426 0.131656
-0.424 0.323431 0.138431
-0.42 0.142623 0.137074
-0.416 -0.0627969 0.12681
-0.412 -0.262868 0.10716
-0.408 -0.428459 0.0786368
-0.404 -0.536593 0.0433729
-0.4 -0.574445 0.00536477
-0.396 -0.54126 -0.0298827
-0.392 -0.447913 -0.0563337
-0.388 -0.314296 -0.0688171
-0.384 -0.165172 -0.0644583
-0.38 -0.0253844 -0.0436916
-0.376 0.084616 -0.0104736
-0.372 0.15206 0.028475
-0.368 0.173414 0.0652782
-0.364 0.154013 0.092964
-0.36 0.105996 0.107391
-0.356 0.0451131 0.10845
-0.352 -0.0128175 0.100119
-0.348 -0.05503 0.0892789
-0.344 -0.0738649 0.0835497
-0.34 -0.0674443 0.0887602
-0.336 -0.0389981 0.106787
-0.332 0.00480642 0.134471
-0.328 0.0559788 0.16402
-0.324 0.10717 0.184909
-0.32 0.152997 0.186796
-0.316 0.190467 0.16267
-0.312 0.21853 0.11128
-0.308 0.237052 0.0380852
-0.304 0.245701 -0.0456691
-0.3 0.24326 -0.125584
-0.296 0.227709 -0.187786
-0.292 0.197162 -0.22264
-0.288 0.151365 -0.227398
-0.284 0.0931939 -0.206987
-0.28 0.0294985 -0.172587
-0.276 -0.0292727 -0.138347
-0.272 -0.070885 -0.117107
-0.268 -0.0843502 -0.116372
-0.264 -0.0635002 -0.135758
-0.26 -0.0100963 -0.166742
-0.256 0.0646003 -0.194927
-0.252 0.140622 -0.204273
-0.248 0.192728 -0.18215
-0.244 0.196027 -0.123759
-0.24 0.132615 -0.0345715
-0.236 -0.00241036 0.070035
-0.232 -0.197323 0.168029
-0.228 -0.423854 0.236089
-0.224 -0.641543 0.255681
-0.22 -0.80581 0.218173
-0.216 -0.878133 0.127531
-0.212 -0.835987 -0.000248998
-0.208 -0.67997 -0.140914
-0.204 -0.436007 -0.267978
-0.2 -0.151607 -0.359397
-0.196 0.113428 -0.403055
-0.192 0.300002 -0.399557
-0.188 0.363468 -0.361514
-0.184 0.284779 -0.309542
-0.18 0.0760969 -0.266069
-0.176 -0.220849 -0.248745
-0.172 -0.543615 -0.265314
-0.168 -0.823227 -0.311446
-0.164 -1.00036 -0.37212
-0.16 -1.03955 -0.426185
-0.156 -0.937808 -0.452749
-0.152 -0.725405 -0.437533
-0.148 -0.45846 -0.377324
-0.144 -0.205086 -0.281188
-0.14 -0.0285444 -0.168091
-0.136 0.0283098 -0.061601
-0.132 -0.0467487 0.0167503
-0.128 -0.233103 0.0534763
-0.124 -0.483676 0.0467091
-0.12 -0.738166 0.00626263
-0.116 -0.939533 -0.0498505
-0.112 -1.04923 -0.101404
-0.108 -1.05703 -0.132611
-0.104 -0.982693 -0.137358
-0.1 -0.869153 -0.121297
-0.096 -0.768935 -0.0999903
-0.092 -0.7278 -0.093547
-0.088 -0.77024 -0.119304
-0.084 -0.891153 -0.18483
-0.08 -1.05628 -0.283546
-0.076 -1.21149 -0.394529
-0.072 -1.29845 -0.486888
-0.068 -1.27206 -0.527685
-0.064 -1.1146 -0.491274
-0.06 -0.842175 -0.367389
-0.056 -0.501093 -0.165496
-0.052 -0.154637 0.0861489
-0.048 0.136402 0.346848
-0.044 0.33414 0.573797
-0.04 0.438877 0.733691
-0.036 0.494162 0.812373
-0.032 0.579103 0.819587
-0.028 0.788835 0.787174
-0.024 1.20749 0.760765
-0.02 1.88052 0.786893
-0.016 2.79376 0.898827
-0.012 3.86568 1.105
-0.008 4.95595 1.38341
-0.004 5.88971 1.68398
0 6.49286 1.93879
0.004 6.63086 2.07804
0.008 6.24025 2.04747
0.012 5.34797 1.82344
0.016 4.07014 1.42099
0.02 2.59134 0.892799
0.024 1.12833 0.319128
0.028 -0.113461 -0.209152
0.032 -0.981011 -0.610228
0.036 -1.4028 -0.82903
0.04 -1.39958 -0.848658
0.044 -1.07455 -0.692873
0.048 -0.585847 -0.419188
0.052 -0.107917 -0.104456
0.056 0.208682 0.173347
0.06 0.269784 0.352602
0.064 0.0550291 0.400575
0.068 -0.383155 0.318237
0.072 -0.937794 0.136629
0.076 -1.47751 -0.0937606
0.08 -1.8806 -0.317498
0.084 -2.06463 -0.488656
0.088 -2.00444 -0.581505
0.092 -1.73488 -0.59493
0.096 -1.3384 -0.549816
0.1 -0.9214 -0.480595
0.104 -0.585915 -0.423671
0.108 -0.404149 -0.406174
0.112 -0.402054 -0.438222
0.116 -0.555732 -0.510707
0.12 -0.80081 -0.598947
0.124 -1.05168 -0.670856
0.128 -1.22516 -0.697048
0.132 -1.26225 -0.659868
0.136 -1.14263 -0.558772
0.14 -0.888354 -0.410608
0.144 -0.556553 -0.244818
0.148 -0.22338 -0.0950742
0.152 0.0361758 0.0101936
0.156 0.167284 0.0556356
0.16 0.148296 0.0429483
0.164 -0.00515505 -0.0101101
0.168 -0.245534 -0.0753101
0.172 -0.506396 -0.122495
0.176 -0.719338 -0.128614
0.18 -0.830493 -0.0846639
0.184 -0.812554 0.00140429
0.188 -0.669651 0.106625
0.192 -0.434395 0.19925
0.196 -0.158339 0.247545
0.2 0.101297 0.22872
0.204 0.295151 0.135582
0.208 0.392203 -0.0208858
0.212 0.384991 -0.213664
0.216 0.28881 -0.405968
0.22 0.135688 -0.55996
0.224 -0.0348671 -0.645635
0.228 -0.185791 -0.647642
0.232 -0.290558 -0.568381
0.236 -0.337713 -0.426756
0.24 -0.331148 -0.253082
0.244 -0.28659 -0.0815835
0.248 -0.225645 0.0575348
0.252 -0.169206 0.144497
0.256 -0.131978 0.17339
0.26 -0.119363 0.152022
0.264 -0.12724 0.0985517
0.268 -0.144339 0.0359837
0.272 -0.156312 -0.0139035
0.276 -0.150251 -0.0356667
0.28 -0.118439 -0.0231879
0.284 -0.0604211 0.0199482
0.288 0.0169601 0.082472
0.292 0.101427 0.149048
0.296 0.178408 0.204399
0.3 0.234612 0.236858
0.304 0.261131 0.240576
0.308 0.255371 0.216064
0.312 0.221423 0.169211
0.316 0.168843 0.109297
0.32 0.110241 0.0466625
0.324 0.058255 -0.00934539
0.328 0.0226505 -0.051737
0.332 0.0081769 -0.0764262
0.336 0.0136505 -0.0820941
0.34 0.032449 -0.0696593
0.344 0.0543108 -0.0416673
0.348 0.0680536 -0.00181081
0.352 0.064615 0.0453618
0.356 0.0397122 0.0946398
0.36 -0.00453802 0.140407
0.364 -0.0595018 0.177105
0.368 -0.111556 0.199935
0.372 -0.145017 0.205692
0.376 -0.145888 0.193516
0.38 -0.105575 0.165278
0.384 -0.0237118 0.1254
0.388 0.0906825 0.0800457
0.392 0.22012 0.035823
0.396 0.3416 -0.0016925
0.4 0.431091 -0.0292021
0.404 0.468604 -0.0463268
0.408 0.442731 -0.0554339
0.412 0.35354 -0.0606684
0.416 0.213066 -0.0664558
0.42 0.0431624 -0.0759188
0.424 -0.128882 -0.0896947
0.428 -0.275997 -0.105542
0.432 -0.376947 -0.118899
0.436 -0.420597 -0.124268
0.44 -0.407798 -0.117046
0.444 -0.350471 -0.0952467
0.448 -0.268143 -0.060584
0.452 -0.182819 -0.0185263
0.456 -0.113492 0.0227592
0.46 -0.0716878 0.0543431
0.464 -0.0591441 0.068841
0.468 -0.068191 0.0624598
0.472 -0.0846575 0.0361938
0.476 -0.0924664 -0.0041926
0.48 -0.0786313 -0.0494347
0.484 -0.0372733 -0.0889802
0.488 0.0284397 -0.113572
0.492 0.106949 -0.117515
0.496 0.181358 -0.100033
0.5 0.23404 -0.0653432
0.504 0.251518 -0.0214562
0.508 0.228286 0.0219728
0.512 0.168511 0.0561443
0.516 0.0851437 0.0752938
0.52 -0.00331069 0.0779742
0.524 -0.077502 0.0671308
0.528 -0.122135 0.0489915
0.532 -0.129752 0.0311257
0.536 -0.102398 0.0202336
0.54 -0.0507591 0.0202905
0.544 0.0089461 0.0315419
0.548 0.059444 0.0505974
0.552 0.0870194 0.0715511
0.556 0.0850173 0.0877751
0.56 0.0553208 0.0938559
0.564 0.00746568 0.0871249
0.568 -0.0442874 0.068369
0.572 -0.0850535 0.0415525
0.576 -0.103435 0.0126666
0.58 -0.0945165 -0.0119366
0.584 -0.0609697 -0.0272433
0.588 -0.0120216 -0.030834
0.592 0.0393442 -0.0233738
0.596 0.080124 -0.00823929
0.6 0.100896 0.00956442
0.604 0.0982893 0.0248518
0.608 0.0756602 0.0336449
0.612 0.0418555 0.0341171
0.616 0.00846873 0.0268631
0.62 -0.0135826 0.0144693
0.624 -0.0171762 0.00056448
0.628 -0.000936964 -0.011335
0.632 0.0304844 -0.0188311
0.636 0.0678319 -0.0212168
0.64 0.0999189 -0.0194784
0.644 0.116778 -0.0157698
0.648 0.112406 -0.0125622
0.652 0.0863551 -0.0117575
0.656 0.0437741 -0.0140498
0.66 -0.00606015 -0.0187295
0.664 -0.0522629 -0.0239724
0.668 -0.0851863 -0.0275046
0.672 -0.0988063 -0.0274178
0.676 -0.0920336 -0.0228668
0.68 -0.0686592 -0.0144255
0.684 -0.0360298 -0.00398471
0.688 -0.00288825 0.0057766
0.692 0.022984 0.0121891
0.696 0.0366748 0.0134138
0.7 0.0371157 0.00903669
0.704 0.0269295 0.000252619
0.708 0.0112831 -0.01042
0.712 -0.0038524 -0.0198171
0.716 -0.0135 -0.0250043
0.72 -0.0150171 -0.0241014
0.724 -0.00863524 -0.0168208
0.728 0.00289139 -0.00457081
0.732 0.0153531 0.00990242
0.736 0.0244993 0.0232297
0.74 0.0273556 0.0322914
0.744 0.0230599 0.0350084
0.748 0.0130007 0.0308432
0.752 0.000263285 0.0208866
0.756 -0.0114085 0.00752542
0.76 -0.0187956 -0.00620577
0.764 -0.020171 -0.0174009
0.768 -0.0157726 -0.0239788
0.772 -0.00766469 -0.0251223
0.776 0.00094436 -0.0213638
0.78 0.00670227 -0.0143208
0.784 0.00712356 -0.00617897
0.788 0.00131348 0.000921045
0.792 -0.00979334 0.00542081
0.796 -0.0237269 0.00667179
0.8 -0.0371996 0.00498592
0.804 -0.0470231 0.00142451
0.808 -0.0509562 -0.00259006
0.812 -0.0482515 -0.00571488
0.816 -0.0397682 -0.00705274
0.82 -0.0276471 -0.00635105
0.824 -0.0146682 -0.00399654
0.828 -0.00348893 -0.000829823
0.832 0.00401935 0.00214783
0.836 0.0071635 0.00408044
0.84 0.00646553 0.00448753
0.844 0.00336765 0.00336124
0.848 -0.000281136 0.00111768
0.852 -0.0027925 -0.00156698
0.856 -0.00309683 -0.00397538
0.86 -0.000975189 -0.0055532
0.864 0.00297576 -0.00604174
0.868 0.00760724 -0.00550887
0.872 0.0116107 -0.00428196
0.876 0.0139131 -0.00281478
0.88 0.0139629 -0.00153591
0.884 0.011837 -0.00072636
0.888 0.00815856 -0.000459261
0.892 0.00387234 -0.000611823
0.896 -4.28753e-05 -0.000936445
0.9 -0.00283468 -0.00116134
0.904 -0.0041408 -0.00108556
0.908 -0.00402297 -0.00063927
0.912 -0.00287989 0.000105436
0.916 -0.00128174 0.0009708
0.92 0.000214553 0.00173972
0.924 0.00121341 0.00222776
0.928 0.00155541 0.00233732
0.932 0.00130995 0.00207913
0.936 0.000702926 0.00155787
0.94 1.32412e-05 0.000930979
0.944 -0.000524316 0.000356726
0.948 -0.000781166 -5.06423e-05
0.952 -0.000749713 -0.00024565
0.956 -0.000516008 -0.000251307
0.96 -0.000208243 -0.000137719
0.964 5.65649e-05 1.0129e-05
0.968 0.00020917 0.000122999
0.972 0.000239038 0.0001664
0.976 0.00018155 0.000143429
0.98 9.1599e-05 8.32992e-05
0.984 1.66734e-05 2.23712e-05
0.988 -1.99618e-05 -1.36648e-05
0.992 -2.15231e-05 -1.93513e-05
0.996 -7.77706e-06 -7.83113e-06
0.1 0.0113475 0.00483877
0.2 0.0114131 0.00485835
0.3 0.0115223 0.00489097
0.4 0.0116752 0.00493658
0.5 0.0118715 0.00499514
0.6 0.0121112 0.00506659
0.7 0.0123941 0.00515085
0.8 0.01272 0.00524785
0.9 0.0130888 0.00535749
1 0.0135002 0.00547968
1.1 0.013954 0.00561431
1.2 0.0144499 0.00576128
1.3 0.0149878 0.00592046
1.4 0.0155673 0.00609176
1.5 0.0161883 0.00627507
1.6 0.0168503 0.00647029
1.7 0.0175533 0.00667731
1.8 0.0182969 0.00689607
1.9 0.0190809 0.00712648
2 0.0199052 0.00736849
2.1 0.0207695 0.00762206
2.2 0.0216736 0.00788716
2.3 0.0226175 0.00816381
2.4 0.0236011 0.00845203
2.5 0.0246242 0.00875187
2.6 0.025687 0.00906341
2.7 0.0267893 0.00938678
2.8 0.0279312 0.00972211
2.9 0.029113 0.0100696
3 0.0303347 0.0104295
3.1 0.0315965 0.0108019
3.2 0.0328988 0.0111874
3.3 0.0342418 0.011586
3.4 0.035626 0.0119984
3.5 0.0370517 0.0124247
3.6 0.0385195 0.0128656
3.7 0.0400299 0.0133215
3.8 0.0415835 0.013793
3.9 0.0431809 0.0142806
4 0.0448228 0.014785
4.1 0.04651 0.0153069
4.2 0.0482432 0.0158469
4.3 0.0500232 0.0164057
4.4 0.051851 0.0169842
4.5 0.0537274 0.0175831
4.6 0.0556532 0.0182033
4.7 0.0576295 0.0188456
4.8 0.0596571 0.0195109
4.9 0.0617371 0.0202001
5 0.0638704 0.0209141
5.1 0.0660579 0.0216539
5.2 0.0683007 0.0224203
5.3 0.0705996 0.0232144
5.4 0.0729555 0.024037
5.5 0.0753695 0.0248891
5.6 0.0778422 0.0257717
5.7 0.0803746 0.0266857
5.8 0.0829673 0.0276319
5.9 0.0856212 0.0286112
6 0.0883368 0.0296246
6.1 0.0911149 0.0306729
6.2 0.0939558 0.0317567
6.3 0.09686 0.032877
6.4 0.0998279 0.0340344
6.5 0.10286 0.0352295
6.6 0.105956 0.0364631
6.7 0.109116 0.0377357
6.8 0.112341 0.0390477
6.9 0.115629 0.0403996
7 0.118982 0.0417918
7.1 0.122398 0.0432247
7.2 0.125877 0.0446983
7.3 0.129418 0.046213
7.4 0.133022 0.0477688
7.5 0.136687 0.0493656
7.6 0.140411 0.0510035
7.7 0.144195 0.0526823
7.8 0.148037 0.0544017
7.9 0.151936 0.0561614
8 0.15589 0.0579611
8.1 0.159899 0.0598002
8.2 0.16396 0.0616782
8.3 0.168072 0.0635944
8.4 0.172233 0.0655481
8.5 0.176441 0.0675385
8.6 0.180695 0.0695646
8.7 0.184992 0.0716256
8.8 0.189331 0.0737204
8.9 0.193709 0.0758478
9 0.198125 0.0780067
9.1 0.202575 0.0801959
9.2 0.207058 0.082414
9.3 0.211572 0.0846596
9.4 0.216114 0.0869313
9.5 0.220682 0.0892277
9.6 0.225273 0.0915473
9.7 0.229886 0.0938883
9.8 0.234517 0.0962494
9.9 0.239165 0.0986287
10 0.243827 0.101025
10.1 0.248501 0.103436
10.2 0.253185 0.10586
10.3 0.257876 0.108295
10.4 0.262572 0.110741
10.5 0.267272 0.113194
10.6 0.271973 0.115654
10.7 0.276673 0.118119
10.8 0.281369 0.120586
10.9 0.286062 0.123054
11 0.290747 0.125522
11.1 0.295425 0.127987
11.2 0.300092 0.130449
11.3 0.304748 0.132905
11.4 0.309392 0.135354
11.5 0.31402 0.137795
11.6 0.318634 0.140225
11.7 0.32323 0.142643
11.8 0.327809 0.145049
11.9 0.332368 0.14744
12 0.336908 0.149816
12.1 0.341426 0.152174
12.2 0.345923 0.154514
12.3 0.350398 0.156835
12.4 0.35485 0.159135
12.5 0.359278 0.161414
12.6 0.363682 0.16367
12.7 0.368062 0.165903
12.8 0.372416 0.168112
12.9 0.376746 0.170295
13 0.381049 0.172452
13.1 0.385327 0.174582
13.2 0.38958 0.176685
13.3 0.393805 0.17876
13.4 0.398005 0.180807
13.5 0.402178 0.182824
13.6 0.406324 0.184812
13.7 0.410444 0.186769
13.8 0.414537 0.188696
13.9 0.418603 0.190592
14 0.422642 0.192457
14.1 0.426654 0.19429
14.2 0.430639 0.196092
14.3 0.434596 0.197861
14.4 0.438526 0.199599
14.5 0.442427 0.201303
14.6 0.4463 0.202975
14.7 0.450145 0.204614
14.8 0.453961 0.20622
14.9 0.457748 0.207792
15 0.461505 0.209332
15.1 0.465231 0.210837
15.2 0.468927 0.212309
15.3 0.472592 0.213746
15.4 0.476225 0.21515
15.5 0.479825 0.216519
15.6 0.483391 0.217853
15.7 0.486923 0.219153
15.8 0.490421 0.220418
15.9 0.493882 0.221648
16 0.497306 0.222842
16.1 0.500692 0.224
16.2 0.504039 0.225123
16.3 0.507347 0.226209
16.4 0.510613 0.227258
16.5 0.513837 0.228271
16.6 0.517017 0.229246
16.7 0.520153 0.230183
16.8 0.523244 0.231083
16.9 0.526287 0.231944
17 0.529282 0.232766
17.1 0.532228 0.233549
17.2 0.535124 0.234292
17.3 0.537968 0.234996
17.4 0.540759 0.235658
17.5 0.543497 0.23628
17.6 0.546179 0.23686
17.7 0.548806 0.237399
17.8 0.551375 0.237895
17.9 0.553887 0.238349
18 0.556339 0.23876
18.1 0.558732 0.239127
18.2 0.561065 0.23945
18.3 0.563336 0.239729
18.4 0.565546 0.239964
18.5 0.567693 0.240154
18.6 0.569777 0.240298
18.7 0.571798 0.240398
18.8 0.573756 0.240451
18.9 0.575649 0.240459
19 0.577479 0.240422
19.1 0.579245 0.240338
19.2 0.580946 0.240208
19.3 0.582584 0.240032
19.4 0.584158 0.239811
19.5 0.585669 0.239543
19.6 0.587116 0.23923
19.7 0.588502 0.238871
19.8 0.589825 0.238468
19.9 0.591088 0.238019
20 0.592289 0.237526
20.1 0.593432 0.236988
20.2 0.594515 0.236408
20.3 0.595541 0.235784
20.4 0.596511 0.235118
20.5 0.597424 0.23441
20.6 0.598284 0.233662
20.7 0.59909 0.232873
20.8 0.599844 0.232046
20.9 0.600548 0.23118
21 0.601203 0.230277
21.1 0.60181 0.229337
21.2 0.60237 0.228363
21.3 0.602886 0.227354
21.4 0.603358 0.226313
21.5 0.603788 0.22524
21.6 0.604178 0.224137
21.7 0.604529 0.223005
21.8 0.604842 0.221845
21.9 0.605118 0.220659
22 0.60536 0.219449
22.1 0.605569 0.218216
22.2 0.605745 0.21696
22.3 0.605891 0.215685
22.4 0.606007 0.214391
22.5 0.606094 0.21308
22.6 0.606155 0.211753
22.7 0.606189 0.210413
22.8 0.606199 0.20906
22.9 0.606184 0.207697
23 0.606146 0.206325
23.1 0.606085 0.204945
23.2 0.606003 0.203559
23.3 0.6059 0.20217
23.4 0.605777 0.200777
23.5 0.605634 0.199384
23.6 0.605471 0.197991
23.7 0.60529 0.1966
23.8 0.605089 0.195213
23.9 0.60487 0.193831
24 0.604633 0.192455
24.1 0.604377 0.191087
24.2 0.604103 0.189729
24.3 0.60381 0.188381
24.4 0.603499 0.187046
24.5 0.603169 0.185724
24.6 0.60282 0.184417
24.7 0.602451 0.183126
24.8 0.602063 0.181851
24.9 0.601655 0.180596
25 0.601226 0.179359
25.1 0.600776 0.178144
25.2 0.600304 0.17695
25.3 0.59981 0.175778
25.4 0.599294 0.17463
25.5 0.598754 0.173507
25.6 0.59819 0.172409
25.7 0.597603 0.171337
25.8 0.59699 0.170292
25.9 0.596352 0.169275
26 0.595688 0.168287
26.1 0.594997 0.167327
26.2 0.59428 0.166398
26.3 0.593535 0.165499
26.4 0.592763 0.164631
26.5 0.591962 0.163795
26.6 0.591134 0.162991
26.7 0.590277 0.162219
26.8 0.589391 0.161481
26.9 0.588478 0.160775
27 0.587535 0.160104
27.1 0.586564 0.159467
27.2 0.585565 0.158864
27.3 0.584538 0.158296
27.4 0.583483 0.157763
27.5 0.582402 0.157266
27.6 0.581294 0.156803
27.7 0.58016 0.156377
27.8 0.579001 0.155985
27.9 0.577818 0.15563
28 0.576611 0.155311
28.1 0.575383 0.155027
28.2 0.574133 0.154779
28.3 0.572864 0.154568
28.4 0.571576 0.154392
28.5 0.570271 0.154251
28.6 0.568952 0.154147
28.7 0.567618 0.154078
28.8 0.566272 0.154044
28.9 0.564916 0.154045
29 0.563552 0.154081
29.1 0.562182 0.154151
29.2 0.560807 0.154256
29.3 0.55943 0.154394
29.4 0.558053 0.154566
29.5 0.556677 0.154771
29.6 0.555307 0.155008
29.7 0.553942 0.155276
29.8 0.552587 0.155576
29.9 0.551243 0.155907
30 0.549912 0.156267
30.1 0.548597 0.156657
30.2 0.547301 0.157075
30.3 0.546024 0.157521
30.4 0.544771 0.157993
30.5 0.543543 0.158491
30.6 0.542342 0.159013
30.7 0.541171 0.159559
30.8 0.540032 0.160128
30.9 0.538927 0.160718
31 0.537858 0.161328
31.1 0.536826 0.161957
31.2 0.535835 0.162604
31.3 0.534885 0.163266
31.4 0.533979 0.163944
31.5 0.533118 0.164635
31.6 0.532304 0.165338
31.7 0.531538 0.166051
31.8 0.530821 0.166773
31.9 0.530155 0.167502
32 0.529541 0.168236
32.1 0.528979 0.168974
32.2 0.528471 0.169713
32.3 0.528018 0.170453
32.4 0.527619 0.171191
32.5 0.527275 0.171926
32.6 0.526987 0.172656
32.7 0.526754 0.173378
32.8 0.526578 0.174091
32.9 0.526456 0.174793
33 0.52639 0.175482
33.1 0.526379 0.176157
33.2 0.526422 0.176815
33.3 0.526518 0.177455
33.4 0.526667 0.178074
33.5 0.526868 0.178671
33.6 0.527119 0.179244
33.7 0.52742 0.179792
33.8 0.527768 0.180312
33.9 0.528162 0.180803
34 0.528602 0.181264
34.1 0.529084 0.181692
34.2 0.529607 0.182086
34.3 0.53017 0.182445
34.4 0.530769 0.182767
34.5 0.531403 0.183052
34.6 0.53207 0.183297
34.7 0.532768 0.183501
34.8 0.533493 0.183664
34.9 0.534244 0.183784
35 0.535017 0.183861
35.1 0.535811 0.183894
35.2 0.536623 0.183881
35.3 0.537449 0.183823
35.4 0.538288 0.183719
35.5 0.539136 0.183569
35.6 0.539992 0.183371
35.7 0.540851 0.183127
35.8 0.541711 0.182835
35.9 0.542571 0.182497
36 0.543425 0.182111
36.1 0.544273 0.181679
36.2 0.545111 0.181201
36.3 0.545936 0.180677
36.4 0.546747 0.180108
36.5 0.547539 0.179494
36.6 0.548312 0.178837
36.7 0.549061 0.178137
36.8 0.549785 0.177396
36.9 0.550482 0.176614
37 0.551148 0.175792
37.1 0.551782 0.174933
37.2 0.552381 0.174037
37.3 0.552944 0.173105
37.4 0.553467 0.172141
37.5 0.55395 0.171144
37.6 0.554391 0.170117
37.7 0.554787 0.169061
37.8 0.555137 0.167979
37.9 0.555439 0.166872
38 0.555692 0.165743
38.1 0.555895 0.164592
38.2 0.556045 0.163422
38.3 0.556143 0.162236
38.4 0.556186 0.161035
38.5 0.556174 0.159821
38.6 0.556106 0.158597
38.7 0.555981 0.157364
38.8 0.555799 0.156124
38.9 0.555558 0.15488
39 0.555258 0.153634
39.1 0.5549 0.152387
39.2 0.554481 0.151141
39.3 0.554003 0.1499
39.4 0.553466 0.148663
39.5 0.552868 0.147434
39.6 0.552211 0.146213
39.7 0.551494 0.145003
39.8 0.550717 0.143806
39.9 0.549882 0.142622
40 0.548987 0.141454
40.1 0.548035 0.140303
40.2 0.547025 0.13917
40.3 0.545957 0.138056
40.4 0.544833 0.136963
40.5 0.543654 0.135891
40.6 0.54242 0.134843
40.7 0.541132 0.133817
40.8 0.539791 0.132816
40.9 0.538398 0.13184
41 0.536954 0.130889
41.1 0.535461 0.129965
41.2 0.533918 0.129066
41.3 0.532329 0.128195
41.4 0.530693 0.12735
41.5 0.529013 0.126531
41.6 0.527289 0.12574
41.7 0.525522 0.124975
41.8 0.523715 0.124237
41.9 0.521869 0.123525
42 0.519985 0.122839
42.1 0.518065 0.122178
42.2 0.51611 0.121542
42.3 0.514121 0.12093
42.4 0.512101 0.120341
42.5 0.51005 0.119775
42.6 0.507971 0.11923
42.7 0.505865 0.118707
42.8 0.503733 0.118203
42.9 0.501577 0.117719
43 0.499399 0.117252
43.1 0.497201 0.116802
43.2 0.494983 0.116368
43.3 0.492748 0.115949
43.4 0.490496 0.115543
43.5 0.488231 0.11515
43.6 0.485952 0.114768
43.7 0.483662 0.114395
43.8 0.481363 0.114032
43.9 0.479055 0.113677
44 0.47674 0.113328
44.1 0.47442 0.112984
44.2 0.472096 0.112646
44.3 0.46977 0.11231
44.4 0.467443 0.111977
44.5 0.465115 0.111645
44.6 0.46279 0.111314
44.7 0.460467 0.110982
44.8 0.458149 0.110649
44.9 0.455836 0.110314
45 0.453529 0.109976
45.1 0.45123 0.109634
45.2 0.44894 0.109289
45.3 0.44666 0.108939
45.4 0.444391 0.108583
45.5 0.442134 0.108222
45.6 0.43989 0.107856
45.7 0.437659 0.107483
45.8 0.435444 0.107103
45.9 0.433243 0.106717
46 0.431059 0.106325
46.1 0.428892 0.105926
46.2 0.426743 0.10552
46.3 0.424612 0.105107
46.4 0.4225 0.104689
46.5 0.420408 0.104264
46.6 0.418336 0.103834
46.7 0.416284 0.103398
46.8 0.414254 0.102958
46.9 0.412245 0.102512
47 0.410258 0.102063
47.1 0.408293 0.10161
47.2 0.40635 0.101155
47.3 0.404431 0.100697
47.4 0.402534 0.100237
47.5 0.400661 0.0997768
47.6 0.398811 0.0993162
47.7 0.396985 0.0988561
47.8 0.395182 0.0983973
47.9 0.393404 0.0979405
48 0.391649 0.0974865
48.1 0.389918 0.0970361
48.2 0.388212 0.0965901
48.3 0.38653 0.0961492
48.4 0.384872 0.0957141
48.5 0.383238 0.0952857
48.6 0.381628 0.0948646
48.7 0.380042 0.0944516
48.8 0.378481 0.0940474
48.9 0.376944 0.0936525
49 0.375431 0.0932677
49.1 0.373942 0.0928935
49.2 0.372477 0.0925305
49.3 0.371036 0.0921793
49.4 0.369619 0.0918402
49.5 0.368227 0.0915138
49.6 0.366858 0.0912004
49.7 0.365513 0.0909004
49.8 0.364192 0.0906141
49.9 0.362895 0.0903417
50 0.361622 0.0900835
50.1 0.360373 0.0898396
50.2 0.359148 0.0896101
50.3 0.357946 0.089395
50.4 0.356769 0.0891945
50.5 0.355616 0.0890083
50.6 0.354486 0.0888365
50.7 0.353381 0.0886789
50.8 0.352299 0.0885352
50.9 0.351242 0.0884054
51 0.350209 0.088289
51.1 0.349199 0.0881858
51.2 0.348214 0.0880955
51.3 0.347254 0.0880175
51.4 0.346317 0.0879516
51.5 0.345404 0.0878972
51.6 0.344516 0.0878538
51.7 0.343653 0.087821
51.8 0.342813 0.0877981
51.9 0.341998 0.0877847
52 0.341207 0.0877801
52.1 0.34044 0.0877838
52.2 0.339698 0.0877951
52.3 0.33898 0.0878134
52.4 0.338286 0.0878381
52.5 0.337617 0.0878685
52.6 0.336971 0.0879041
52.7 0.33635 0.0879441
52.8 0.335752 0.0879881
52.9 0.335178 0.0880353
53 0.334628 0.0880852
53.1 0.334102 0.0881372
53.2 0.333598 0.0881907
53.3 0.333118 0.0882451
53.4 0.332661 0.0883
53.5 0.332226 0.0883549
53.6 0.331814 0.0884092
53.7 0.331424 0.0884625
53.8 0.331056 0.0885144
53.9 0.33071 0.0885644
54 0.330384 0.0886123
54.1 0.33008 0.0886577
54.2 0.329796 0.0887003
54.3 0.329532 0.0887399
54.4 0.329289 0.0887761
54.5 0.329064 0.0888089
54.6 0.328858 0.0888381
54.7 0.328671 0.0888635
54.8 0.328502 0.088885
54.9 0.32835 0.0889027
55 0.328215 0.0889165
55.1 0.328097 0.0889263
55.2 0.327994 0.0889324
55.3 0.327908 0.0889346
55.4 0.327836 0.0889333
55.5 0.327778 0.0889284
55.6 0.327735 0.0889201
55.7 0.327704 0.0889087
55.8 0.327686 0.0888943
55.9 0.327681 0.0888773
56 0.327687 0.0888578
56.1 0.327704 0.0888361
56.2 0.327731 0.0888125
56.3 0.327768 0.0887873
56.4 0.327815 0.0887609
56.5 0.327869 0.0887335
56.6 0.327932 0.0887055
56.7 0.328002 0.0886773
56.8 0.328079 0.0886492
56.9 0.328161 0.0886214
57 0.328249 0.0885945
57.1 0.328342 0.0885686
57.2 0.328438 0.0885442
57.3 0.328538 0.0885216
57.4 0.32864 0.088501
57.5 0.328745 0.0884829
57.6 0.32885 0.0884675
57.7 0.328956 0.0884551
57.8 0.329062 0.0884459
57.9 0.329166 0.0884402
58 0.329269 0.0884383
58.1 0.329369 0.0884404
58.2 0.329466 0.0884466
58.3 0.329558 0.0884571
58.4 0.329645 0.0884721
58.5 0.329725 0.0884918
58.6 0.329799 0.0885161
58.7 0.329865 0.0885452
58.8 0.329922 0.0885791
58.9 0.329968 0.088618
59 0.330004 0.0886617
59.1 0.330028 0.0887102
59.2 0.330039 0.0887636
59.3 0.330036 0.0888217
59.4 0.330018 0.0888845
59.5 0.329984 0.0889518
59.6 0.329932 0.0890235
59.7 0.329861 0.0890994
59.8 0.329771 0.0891793
59.9 0.329659 0.0892631
60 0.329526 0.0893505
60.1 0.329369 0.0894412
60.2 0.329188 0.089535
60.3 0.328981 0.0896316
60.4 0.328747 0.0897308
60.5 0.328484 0.0898321
60.6 0.328193 0.0899352
60.7 0.32787 0.0900399
60.8 0.327516 0.0901457
60.9 0.32713 0.0902524
61 0.326709 0.0903594
61.1 0.326253 0.0904665
61.2 0.325761 0.0905732
61.3 0.325232 0.0906792
61.4 0.324664 0.0907841
61.5 0.324058 0.0908874
61.6 0.323412 0.0909888
61.7 0.322725 0.0910879
61.8 0.321996 0.0911842
61.9 0.321226 0.0912774
62 0.320413 0.0913671
62.1 0.319556 0.0914529
62.2 0.318657 0.0915344
62.3 0.317713 0.0916113
62.4 0.316725 0.0916831
62.5 0.315693 0.0917495
62.6 0.314617 0.0918103
62.7 0.313497 0.0918649
62.8 0.312333 0.0919132
62.9 0.311125 0.0919548
63 0.309874 0.0919895
63.1 0.308581 0.0920169
63.2 0.307246 0.0920367
63.3 0.305869 0.0920488
63.4 0.304453 0.0920529
63.5 0.302997 0.0920488
63.6 0.301503 0.0920362
63.7 0.299973 0.0920151
63.8 0.298408 0.0919852
63.9 0.296809 0.0919465
64 0.295178 0.0918987
64.1 0.293517 0.0918418
64.2 0.291827 0.0917757
64.3 0.290111 0.0917004
64.4 0.288371 0.0916157
64.5 0.286609 0.0915218
64.6 0.284826 0.0914185
64.7 0.283027 0.091306
64.8 0.281212 0.0911842
64.9 0.279385 0.0910532
65 0.277548 0.0909132
65.1 0.275704 0.0907642
65.2 0.273855 0.0906063
65.3 0.272005 0.0904397
65.4 0.270155 0.0902646
65.5 0.268309 0.0900811
65.6 0.266469 0.0898895
65.7 0.264639 0.08969
65.8 0.26282 0.0894829
65.9 0.261017 0.0892684
66 0.259231 0.0890468
66.1 0.257465 0.0888184
66.2 0.255722 0.0885836
66.3 0.254004 0.0883427
66.4 0.252315 0.088096
66.5 0.250655 0.0878439
66.6 0.249029 0.0875869
66.7 0.247438 0.0873253
66.8 0.245885 0.0870596
66.9 0.24437 0.0867901
67 0.242898 0.0865174
67.1 0.241468 0.0862418
67.2 0.240083 0.085964
67.3 0.238745 0.0856842
67.4 0.237455 0.0854031
67.5 0.236215 0.085121
67.6 0.235024 0.0848386
67.7 0.233885 0.0845563
67.8 0.232799 0.0842746
67.9 0.231765 0.0839939
68 0.230785 0.083715
68.1 0.229858 0.0834381
68.2 0.228986 0.0831639
68.3 0.228167 0.0828928
68.4 0.227403 0.0826253
68.5 0.226691 0.0823619
68.6 0.226033 0.0821031
68.7 0.225428 0.0818493
68.8 0.224874 0.0816011
68.9 0.224371 0.0813587
69 0.223917 0.0811227
69.1 0.223512 0.0808935
69.2 0.223154 0.0806714
69.3 0.222842 0.0804569
69.4 0.222574 0.0802502
69.5 0.222349 0.0800517
69.6 0.222164 0.0798617
69.7 0.222018 0.0796805
69.8 0.221908 0.0795082
69.9 0.221834 0.0793452
70 0.221791 0.0791916
70.1 0.22178 0.0790475
70.2 0.221796 0.0789131
70.3 0.221838 0.0787885
70.4 0.221904 0.0786737
70.5 0.221991 0.0785688
70.6 0.222097 0.0784737
70.7 0.222219 0.0783884
70.8 0.222355 0.0783127
70.9 0.222504 0.0782466
71 0.222661 0.07819
71.1 0.222826 0.0781425
71.2 0.222996 0.078104
71.3 0.223169 0.0780742
71.4 0.223343 0.0780528
71.5 0.223515 0.0780394
71.6 0.223683 0.0780337
71.7 0.223846 0.0780352
71.8 0.224002 0.0780436
71.9 0.22415 0.0780582
72 0.224286 0.0780786
72.1 0.22441 0.0781043
72.2 0.224521 0.0781347
72.3 0.224617 0.0781692
72.4 0.224697 0.0782071
72.5 0.224759 0.0782479
72.6 0.224803 0.0782908
72.7 0.224827 0.0783352
72.8 0.224832 0.0783803
72.9 0.224815 0.0784255
73 0.224778 0.07847
73.1 0.224718 0.0785132
73.2 0.224636 0.0785542
73.3 0.224532 0.0785922
73.4 0.224406 0.0786267
73.5 0.224256 0.0786567
73.6 0.224085 0.0786817
73.7 0.22389 0.0787007
73.8 0.223674 0.0787132
73.9 0.223436 0.0787184
74 0.223177 0.0787157
74.1 0.222897 0.0787042
74.2 0.222596 0.0786835
74.3 0.222276 0.0786528
74.4 0.221937 0.0786116
74.5 0.22158 0.0785594
74.6 0.221205 0.0784954
74.7 0.220814 0.0784194
74.8 0.220408 0.0783308
74.9 0.219987 0.0782291
75 0.219552 0.078114
75.1 0.219105 0.0779853
75.2 0.218647 0.0778425
75.3 0.218177 0.0776854
75.4 0.217699 0.0775139
75.5 0.217212 0.0773278
75.6 0.216717 0.077127
75.7 0.216217 0.0769114
75.8 0.215711 0.0766812
75.9 0.215201 0.0764363
76 0.214689 0.076177
76.1 0.214174 0.0759033
76.2 0.213658 0.0756155
76.3 0.213142 0.0753139
76.4 0.212627 0.0749989
76.5 0.212114 0.0746709
76.6 0.211604 0.0743302
76.7 0.211098 0.0739775
76.8 0.210597 0.0736133
76.9 0.2101 0.0732381
77 0.209611 0.0728527
77.1 0.209128 0.0724578
77.2 0.208653 0.072054
77.3 0.208187 0.0716423
77.4 0.20773 0.0712233
77.5 0.207283 0.0707981
77.6 0.206846 0.0703674
77.7 0.206421 0.0699323
77.8 0.206008 0.0694937
77.9 0.205607 0.0690525
78 0.20522 0.0686099
78.1 0.204845 0.0681667
78.2 0.204485 0.0677242
78.3 0.20414 0.0672832
78.4 0.203809 0.066845
78.5 0.203494 0.0664106
78.6 0.203195 0.0659809
78.7 0.202913 0.0655573
78.8 0.202647 0.0651405
78.9 0.202399 0.0647319
79 0.202168 0.0643323
79.1 0.201956 0.0639428
79.2 0.201762 0.0635644
79.3 0.201586 0.0631981
79.4 0.20143 0.0628448
79.5 0.201294 0.0625055
79.6 0.201178 0.062181
79.7 0.201082 0.0618722
79.8 0.201006 0.0615799
79.9 0.200952 0.0613048
80 0.200919 0.0610476
80.1 0.200908 0.060809
80.2 0.200918 0.0605896
80.3 0.200951 0.06039
80.4 0.201006 0.0602106
80.5 0.201083 0.0600518
80.6 0.201184 0.0599141
80.7 0.201308 0.0597976
80.8 0.201455 0.0597027
80.9 0.201625 0.0596296
81 0.201819 0.0595783
81.1 0.202036 0.0595488
81.2 0.202278 0.0595411
81.3 0.202542 0.0595551
81.4 0.202831 0.0595907
81.5 0.203143 0.0596475
81.6 0.203478 0.0597253
81.7 0.203837 0.0598237
81.8 0.204219 0.0599421
81.9 0.204624 0.0600802
82 0.205051 0.0602372
82.1 0.205501 0.0604127
82.2 0.205972 0.0606057
82.3 0.206465 0.0608156
82.4 0.206978 0.0610415
82.5 0.207512 0.0612826
82.6 0.208066 0.0615378
82.7 0.208638 0.0618062
82.8 0.209229 0.0620868
82.9 0.209837 0.0623785
83 0.210461 0.06268
83.1 0.211101 0.0629904
83.2 0.211756 0.0633083
83.3 0.212425 0.0636326
83.4 0.213106 0.0639619
83.5 0.213799 0.0642951
83.6 0.214502 0.0646307
83.7 0.215214 0.0649675
83.8 0.215934 0.0653043
83.9 0.216661 0.0656395
84 0.217393 0.065972
84.1 0.218129 0.0663004
84.2 0.218868 0.0666233
84.3 0.219608 0.0669395
84.4 0.220348 0.0672476
84.5 0.221086 0.0675465
84.6 0.221822 0.0678348
84.7 0.222553 0.0681114
84.8 0.223278 0.068375
84.9 0.223997 0.0686245
85 0.224706 0.0688587
85.1 0.225406 0.0690768
85.2 0.226094 0.0692775
85.3 0.22677 0.06946
85.4 0.227432 0.0696234
85.5 0.228078 0.0697667
85.6 0.228709 0.0698893
85.7 0.229321 0.0699903
85.8 0.229915 0.0700692
85.9 0.23049 0.0701254
86 0.231043 0.0701583
86.1 0.231575 0.0701674
86.2 0.232084 0.0701526
86.3 0.23257 0.0701133
86.4 0.233032 0.0700496
86.5 0.233469 0.0699611
86.6 0.233881 0.0698479
86.7 0.234267 0.06971
86.8 0.234626 0.0695475
86.9 0.234959 0.0693607
87 0.235265 0.0691497
87.1 0.235544 0.068915
87.2 0.235796 0.068657
87.3 0.23602 0.0683762
87.4 0.236217 0.0680731
87.5 0.236387 0.0677486
87.6 0.23653 0.0674032
87.7 0.236646 0.0670379
87.8 0.236736 0.0666535
87.9 0.2368 0.066251
88 0.236839 0.0658313
88.1 0.236853 0.0653957
88.2 0.236843 0.0649451
88.3 0.236809 0.0644808
88.4 0.236752 0.0640041
88.5 0.236672 0.0635162
88.6 0.236572 0.0630185
88.7 0.236451 0.0625124
88.8 0.23631 0.0619992
88.9 0.236151 0.0614804
89 0.235974 0.0609575
89.1 0.23578 0.060432
89.2 0.23557 0.0599054
89.3 0.235345 0.0593792
89.4 0.235106 0.058855
89.5 0.234854 0.0583343
89.6 0.23459 0.0578186
89.7 0.234316 0.0573095
89.8 0.234031 0.0568085
89.9 0.233737 0.0563171
90 0.233435 0.0558368
90.1 0.233126 0.0553692
90.2 0.232811 0.0549155
90.3 0.23249 0.0544773
90.4 0.232164 0.0540559
90.5 0.231835 0.0536527
90.6 0.231503 0.0532689
90.7 0.231169 0.0529057
90.8 0.230833 0.0525645
90.9 0.230496 0.0522462
91 0.230159 0.0519521
91.1 0.229822 0.051683
91.2 0.229486 0.05144
91.3 0.229152 0.051224
91.4 0.22882 0.0510357
91.5 0.22849 0.0508758
91.6 0.228163 0.0507452
91.7 0.22784 0.0506443
91.8 0.22752 0.0505736
91.9 0.227204 0.0505337
92 0.226892 0.0505248
92.1 0.226585 0.0505473
92.2 0.226283 0.0506013
92.3 0.225986 0.050687
92.4 0.225695 0.0508043
92.5 0.225409 0.0509533
92.6 0.225129 0.0511337
92.7 0.224855 0.0513455
92.8 0.224588 0.0515883
92.9 0.224327 0.0518618
93 0.224073 0.0521654
93.1 0.223827 0.0524988
93.2 0.223588 0.0528612
93.3 0.223357 0.0532522
93.4 0.223134 0.0536708
93.5 0.222919 0.0541164
93.6 0.222713 0.054588
93.7 0.222517 0.0550849
93.8 0.22233 0.0556059
93.9 0.222154 0.05615
94 0.221988 0.0567162
94.1 0.221833 0.0573034
94.2 0.22169 0.0579103
94.3 0.22156 0.0585358
94.4 0.221443 0.0591786
94.5 0.221339 0.0598374
94.6 0.22125 0.0605108
94.7 0.221177 0.0611976
94.8 0.221119 0.0618964
94.9 0.221078 0.0626057
95 0.221055 0.0633242
95.1 0.22105 0.0640504
95.2 0.221065 0.0647829
95.3 0.2211 0.0655202
95.4 0.221156 0.066261
95.5 0.221234 0.0670038
95.6 0.221336 0.0677471
95.7 0.221461 0.0684895
95.8 0.221611 0.0692297
95.9 0.221787 0.0699661
96 0.22199 0.0706975
96.1 0.22222 0.0714225
96.2 0.222478 0.0721397
96.3 0.222766 0.0728478
96.4 0.223084 0.0735455
96.5 0.223432 0.0742317
96.6 0.223811 0.074905
96.7 0.224222 0.0755643
96.8 0.224665 0.0762085
96.9 0.225142 0.0768364
97 0.225651 0.077447
97.1 0.226193 0.0780393
97.2 0.22677 0.0786122
97.3 0.227379 0.0791649
97.4 0.228023 0.0796966
97.5 0.2287 0.0802062
97.6 0.22941 0.0806932
97.7 0.230153 0.0811567
97.8 0.230928 0.081596
97.9 0.231736 0.0820106
98 0.232574 0.0823998
98.1 0.233443 0.0827632
98.2 0.234341 0.0831002
98.3 0.235268 0.0834105
98.4 0.236221 0.0836936
98.5 0.2372 0.0839493
98.6 0.238204 0.0841772
98.7 0.23923 0.0843772
98.8 0.240276 0.0845491
98.9 0.241342 0.0846928
99 0.242425 0.0848082
99.1 0.243523 0.0848953
99.2 0.244634 0.0849541
99.3 0.245755 0.0849848
99.4 0.246885 0.0849874
99.5 0.24802 0.084962
99.6 0.249158 0.084909
99.7 0.250297 0.0848285
99.8 0.251433 0.0847209
99.9 0.252565 0.0845865
100 0.253688 0.0844256
100.1 0.254801 0.0842387
100.2 0.2559 0.0840262
100.3 0.256982 0.0837886
100.4 0.258045 0.0835263
100.5 0.259085 0.08324
100.6 0.260099 0.0829302
100.7 0.261085 0.0825975
100.8 0.262039 0.0822424
100.9 0.262959 0.0818658
101 0.263841 0.0814681
101.1 0.264684 0.0810502
101.2 0.265483 0.0806127
101.3 0.266237 0.0801563
101.4 0.266942 0.0796817
101.5 0.267597 0.0791898
101.6 0.268198 0.0786813
101.7 0.268743 0.0781569
101.8 0.269231 0.0776175
101.9 0.269659 0.0770637
102 0.270025 0.0764965
102.1 0.270327 0.0759165
102.2 0.270563 0.0753246
102.3 0.270733 0.0747215
102.4 0.270834 0.0741081
102.5 0.270866 0.0734851
102.6 0.270826 0.0728532
102.7 0.270715 0.0722133
102.8 0.270532 0.071566
102.9 0.270275 0.0709122
103 0.269945 0.0702525
103.1 0.269542 0.0695876
103.2 0.269064 0.0689182
103.3 0.268513 0.068245
103.4 0.267888 0.0675686
103.5 0.267191 0.0668896
103.6 0.266421 0.0662086
103.7 0.265579 0.0655262
103.8 0.264666 0.064843
103.9 0.263684 0.0641594
104 0.262634 0.063476
104.1 0.261516 0.0627931
104.2 0.260332 0.0621112
104.3 0.259085 0.0614308
104.4 0.257775 0.0607521
104.5 0.256405 0.0600755
104.6 0.254977 0.0594013
104.7 0.253492 0.0587298
104.8 0.251953 0.0580611
104.9 0.250362 0.0573956
105 0.248722 0.0567333
105.1 0.247034 0.0560743
105.2 0.245302 0.0554189
105.3 0.243528 0.054767
105.4 0.241714 0.0541187
105.5 0.239864 0.053474
105.6 0.237979 0.0528329
105.7 0.236063 0.0521954
105.8 0.234118 0.0515613
105.9 0.232146 0.0509306
106 0.230151 0.0503031
106.1 0.228136 0.0496789
106.2 0.226102 0.0490575
106.3 0.224052 0.048439
106.4 0.22199 0.0478232
106.5 0.219918 0.0472098
106.6 0.217837 0.0465986
106.7 0.215752 0.0459895
106.8 0.213663 0.0453821
106.9 0.211574 0.0447764
107 0.209487 0.0441721
107.1 0.207404 0.043569
107.2 0.205328 0.0429669
107.3 0.203259 0.0423657
107.4 0.201202 0.0417651
107.5 0.199156 0.041165
107.6 0.197126 0.0405652
107.7 0.195111 0.0399658
107.8 0.193114 0.0393665
107.9 0.191138 0.0387673
108 0.189182 0.0381682
108.1 0.18725 0.0375692
108.2 0.185341 0.0369703
108.3 0.183459 0.0363717
108.4 0.181604 0.0357734
108.5 0.179777 0.0351756
108.6 0.17798 0.0345785
108.7 0.176214 0.0339825
108.8 0.174479 0.0333876
108.9 0.172778 0.0327944
109 0.171111 0.0322033
109.1 0.169479 0.0316146
109.2 0.167883 0.0310289
109.3 0.166323 0.0304466
109.4 0.164802 0.0298686
109.5 0.163319 0.0292953
109.6 0.161875 0.0287274
109.7 0.160472 0.0281659
109.8 0.159109 0.0276113
109.9 0.157788 0.0270646
110 0.156509 0.0265267
110.1 0.155274 0.0259984
110.2 0.154082 0.0254809
110.3 0.152935 0.024975
110.4 0.151832 0.0244819
110.5 0.150776 0.0240025
110.6 0.149766 0.0235381
110.7 0.148803 0.0230897
110.8 0.147887 0.0226585
110.9 0.147021 0.0222457
111 0.146203 0.0218524
111.1 0.145435 0.0214799
111.2 0.144718 0.0211293
111.3 0.144051 0.0208018
111.4 0.143436 0.0204987
111.5 0.142873 0.020221
111.6 0.142364 0.0199701
111.7 0.141907 0.0197469
111.8 0.141505 0.0195527
111.9 0.141157 0.0193884
112 0.140864 0.0192553
112.1 0.140627 0.0191542
112.2 0.140446 0.0190861
112.3 0.140321 0.019052
112.4 0.140253 0.0190527
112.5 0.140241 0.019089
112.6 0.140287 0.0191616
112.7 0.140391 0.0192712
112.8 0.140552 0.0194184
112.9 0.140771 0.0196037
113 0.141048 0.0198275
113.1 0.141382 0.0200901
113.2 0.141774 0.0203919
113.3 0.142222 0.0207329
113.4 0.142728 0.0211133
113.5 0.14329 0.021533
113.6 0.143908 0.0219919
113.7 0.144581 0.0224898
113.8 0.145308 0.0230263
113.9 0.146089 0.023601
114 0.146922 0.0242135
114.1 0.147807 0.024863
114.2 0.148742 0.025549
114.3 0.149725 0.0262704
114.4 0.150757 0.0270264
114.5 0.151834 0.027816
114.6 0.152955 0.0286381
114.7 0.154119 0.0294915
114.8 0.155322 0.0303748
114.9 0.156565 0.0312866
115 0.157843 0.0322256
115.1 0.159156 0.0331901
115.2 0.160499 0.0341786
115.3 0.161872 0.0351893
115.4 0.163272 0.0362204
115.5 0.164695 0.0372702
115.6 0.166139 0.0383368
115.7 0.167602 0.0394182
115.8 0.16908 0.0405124
115.9 0.17057 0.0416175
116 0.172069 0.0427314
116.1 0.173575 0.0438521
116.2 0.175084 0.0449773
116.3 0.176592 0.0461051
116.4 0.178098 0.0472333
116.5 0.179597 0.0483598
116.6 0.181087 0.0494825
116.7 0.182564 0.0505992
116.8 0.184025 0.051708
116.9 0.185467 0.0528067
117 0.186887 0.0538932
117.1 0.188283 0.0549657
117.2 0.18965 0.0560221
117.3 0.190986 0.0570605
117.4 0.192289 0.0580791
117.5 0.193555 0.059076
117.6 0.194783 0.0600495
117.7 0.195969 0.060998
117.8 0.197111 0.0619199
117.9 0.198207 0.0628135
118 0.199256 0.0636774
118.1 0.200254 0.0645104
118.2 0.201201 0.0653109
118.3 0.202095 0.066078
118.4 0.202934 0.0668103
118.5 0.203717 0.067507
118.6 0.204444 0.068167
118.7 0.205112 0.0687895
118.8 0.205723 0.0693737
118.9 0.206275 0.069919
119 0.206767 0.0704248
119.1 0.207201 0.0708907
119.2 0.207576 0.0713161
119.3 0.207893 0.0717009
119.4 0.208151 0.0720447
119.5 0.208353 0.0723476
119.6 0.208498 0.0726093
119.7 0.208589 0.07283
119.8 0.208625 0.0730098
119.9 0.20861 0.0731489
120 0.208545 0.0732475
120.1 0.208431 0.0733059
120.2 0.20827 0.0733247
120.3 0.208066 0.0733041
120.4 0.20782 0.0732448
120.5 0.207534 0.0731474
120.6 0.207212 0.0730124
120.7 0.206855 0.0728405
120.8 0.206467 0.0726326
120.9 0.206052 0.0723892
121 0.20561 0.0721112
121.1 0.205147 0.0717995
121.2 0.204664 0.0714549
121.3 0.204165 0.0710782
121.4 0.203653 0.0706704
121.5 0.203131 0.0702323
121.6 0.202602 0.069765
121.7 0.202069 0.0692692
121.8 0.201536 0.068746
121.9 0.201005 0.0681963
122 0.200478 0.067621
122.1 0.19996 0.0670211
122.2 0.199453 0.0663974
122.3 0.198958 0.065751
122.4 0.198479 0.0650826
122.5 0.198018 0.0643933
122.6 0.197577 0.0636839
122.7 0.197158 0.0629552
122.8 0.196763 0.0622081
122.9 0.196393 0.0614435
123 0.19605 0.0606621
123.1 0.195735 0.0598648
123.2 0.195449 0.0590524
123.3 0.195193 0.0582256
123.4 0.194967 0.0573851
123.5 0.194772 0.0565317
123.6 0.194608 0.0556661
123.7 0.194474 0.054789
123.8 0.19437 0.0539011
123.9 0.194297 0.053003
124 0.194251 0.0520954
124.1 0.194234 0.051179
124.2 0.194243 0.0502543
124.3 0.194277 0.049322
124.4 0.194334 0.0483828
124.5 0.194412 0.0474371
124.6 0.19451 0.0464857
124.7 0.194624 0.0455292
124.8 0.194752 0.0445681
124.9 0.194892 0.043603
125 0.195041 0.0426346
125.1 0.195195 0.0416635
125.2 0.195352 0.0406902
125.3 0.195508 0.0397155
125.4 0.19566 0.0387399
125.5 0.195805 0.0377642
125.6 0.195939 0.0367888
125.7 0.196058 0.0358146
125.8 0.196159 0.0348421
125.9 0.196239 0.0338721
126 0.196294 0.0329052
126.1 0.19632 0.0319422
126.2 0.196313 0.0309838
126.3 0.196271 0.0300307
126.4 0.196189 0.0290836
126.5 0.196065 0.0281433
126.6 0.195895 0.0272105
126.7 0.195677 0.0262861
126.8 0.195406 0.0253708
126.9 0.195081 0.0244654
127 0.194699 0.0235706
127.1 0.194257 0.0226872
127.2 0.193754 0.0218161
127.3 0.193186 0.0209581
127.4 0.192553 0.0201138
127.5 0.191852 0.0192841
127.6 0.191083 0.0184697
127.7 0.190244 0.0176715
127.8 0.189334 0.0168901
127.9 0.188354 0.0161262
128 0.187301 0.0153806
128.1 0.186178 0.014654
128.2 0.184983 0.013947
128.3 0.183718 0.0132603
128.4 0.182383 0.0125944
128.5 0.180979 0.0119499
128.6 0.179508 0.0113274
128.7 0.177971 0.0107274
128.8 0.176369 0.0101503
128.9 0.174706 0.00959652
129 0.172984 0.00906645
129.1 0.171205 0.00856041
129.2 0.169371 0.00807867
129.3 0.167487 0.00762147
129.4 0.165555 0.00718898
129.5 0.163578 0.00678131
129.6 0.16156 0.00639853
129.7 0.159506 0.00604065
129.8 0.157418 0.00570763
129.9 0.155301 0.00539937
130 0.153159 0.00511569
130.1 0.150996 0.00485639
130.2 0.148816 0.0046212
130.3 0.146624 0.00440977
130.4 0.144424 0.00422174
130.5 0.14222 0.00405664
130.6 0.140016 0.003914
130.7 0.137818 0.00379325
130.8 0.135629 0.00369381
130.9 0.133453 0.00361503
131 0.131294 0.00355621
131.1 0.129157 0.00351662
131.2 0.127045 0.00349546
131.3 0.124962 0.00349193
131.4 0.122911 0.00350516
131.5 0.120897 0.00353427
131.6 0.118921 0.00357833
131.7 0.116988 0.00363639
131.8 0.1151 0.00370748
131.9 0.113259 0.0037906
132 0.111468 0.00388475
132.1 0.109729 0.00398889
132.2 0.108044 0.004102
132.3 0.106414 0.00422304
132.4 0.10484 0.00435095
132.5 0.103325 0.0044847
132.6 0.101868 0.00462326
132.7 0.10047 0.00476559
132.8 0.099131 0.00491068
132.9 0.0978514 0.00505752
133 0.0966307 0.00520515
133.1 0.0954683 0.00535259
133.2 0.0943633 0.00549893
133.3 0.0933147 0.00564324
133.4 0.0923211 0.00578467
133.5 0.0913809 0.00592238
133.6 0.0904923 0.00605555
133.7 0.0896533 0.00618344
133.8 0.0888617 0.00630533
133.9 0.088115 0.00642053
134 0.0874105 0.00652843
134.1 0.0867456 0.00662843
134.2 0.0861173 0.00672
134.3 0.0855226 0.00680267
134.4 0.0849582 0.00687598
134.5 0.0844209 0.00693957
134.6 0.0839073 0.00699311
134.7 0.083414 0.0070363
134.8 0.0829376 0.00706893
134.9 0.0824745 0.00709083
135 0.0820212 0.00710186
135.1 0.0815742 0.00710196
135.2 0.08113 0.0070911
135.3 0.0806852 0.00706931
135.4 0.0802363 0.00703666
135.5 0.0797801 0.00699327
135.6 0.0793134 0.00693931
135.7 0.078833 0.00687498
135.8 0.0783358 0.00680052
135.9 0.0778192 0.00671623
136 0.0772802 0.00662243
136.1 0.0767164 0.00651947
136.2 0.0761254 0.00640774
136.3 0.075505 0.00628766
136.4 0.0748531 0.00615967
136.5 0.0741679 0.00602424
136.6 0.0734478 0.00588185
136.7 0.0726915 0.00573303
136.8 0.0718977 0.00557828
136.9 0.0710654 0.00541814
137 0.0701939 0.00525317
137.1 0.0692827 0.00508392
137.2 0.0683316 0.00491094
137.3 0.0673403 0.0047348
137.4 0.0663092 0.00455605
137.5 0.0652384 0.00437526
137.6 0.0641287 0.00419298
137.7 0.0629809 0.00400975
137.8 0.0617959 0.00382611
137.9 0.0605748 0.00364259
138 0.0593192 0.00345968
138.1 0.0580306 0.00327789
138.2 0.0567106 0.00309769
138.3 0.0553612 0.00291954
138.4 0.0539845 0.00274387
138.5 0.0525825 0.00257109
138.6 0.0511576 0.00240161
138.7 0.0497122 0.00223577
138.8 0.0482488 0.00207393
138.9 0.04677 0.0019164
139 0.0452785 0.00176346
139.1 0.0437769 0.00161538
139.2 0.0422681 0.00147239
139.3 0.0407549 0.00133469
139.4 0.03924 0.00120248
139.5 0.0377263 0.00107588
139.6 0.0362166 0.000955041
139.7 0.0347136 0.000840046
139.8 0.0332202 0.00073097
139.9 0.0317391 0.000627858
140 0.0302728 0.00053073
140.1 0.0288239 0.000439583
140.2 0.027395 0.000354389
140.3 0.0259884 0.000275099
140.4 0.0246064 0.000201643
140.5 0.0232513 0.000133931
140.6 0.021925 7.18522e-05
140.7 0.0206296 1.52806e-05
140.8 0.0193668 -3.59269e-05
140.9 0.0181383 -8.19285e-05
141 0.0169457 -0.000122896
141.1 0.0157902 -0.000159013
141.2 0.0146733 -0.000190475
141.3 0.0135959 -0.000217485
141.4 0.0125589 -0.000240256
141.5 0.0115633 -0.000259008
141.6 0.0106094 -0.000273963
141.7 0.00969797 -0.000285352
141.8 0.00882914 -0.000293404
141.9 0.00800313 -0.000298353
142 0.00721996 -0.000300432
142.1 0.0064795 -0.000299872
142.2 0.00578149 -0.000296903
142.3 0.00512553 -0.000291754
142.4 0.00451111 -0.000284646
142.5 0.00393757 -0.000275799
142.6 0.00340416 -0.000265424
142.7 0.00290999 -0.000253727
142.8 0.00245412 -0.000240907
142.9 0.00203545 -0.000227154
143 0.00165286 -0.000212651
143.1 0.00130509 -0.000197571
143.2 0.000990865 -0.000182078
143.3 0.00070881 -0.000166326
143.4 0.000457513 -0.000150458
143.5 0.000235514 -0.00013461
143.6 4.13175e-05 -0.000118903
143.7 -0.000126602 -0.000103452
143.8 -0.000269788 -8.83588e-05
143.9 -0.000389799 -7.37155e-05
144 -0.000488196 -5.96041e-05
