-0.996 -5.19552e-06 1.93744e-06
-0.992 -2.66297e-05 8.07087e-06
-0.988 -6.58816e-05 1.36165e-05
-0.984 -0.000111699 9.96198e-06
-0.98 -0.000142054 -8.76283e-06
-0.976 -0.000133683 -3.8771e-05
-0.972 -7.55732e-05 -6.30471e-05
-0.968 2.01741e-05 -5.39593e-05
-0.964 0.000116918 1.73247e-05
-0.96 0.000164974 0.0001669
-0.956 0.000123799 0.000384491
-0.952 -1.33709e-05 0.000626056
-0.948 -0.0002041 0.000817462
-0.944 -0.000360996 0.000870856
-0.94 -0.000379748 0.00071079
-0.936 -0.000185273 0.00030293
-0.932 0.000219446 -0.000324222
-0.928 0.000722673 -0.00107364
-0.924 0.0011101 -0.00179548
-0.92 0.00111614 -0.0023234
-0.916 0.000512522 -0.00252392
-0.912 -0.000790566 -0.00234511
-0.908 -0.00266591 -0.00184846
-0.904 -0.00474846 -0.00120976
-0.9 -0.00649393 -0.000682425
-0.896 -0.00731448 -0.000527172
-0.892 -0.00676114 -0.000924155
-0.888 -0.00470005 -0.00189169
-0.884 -0.00142108 -0.00323858
-0.88 0.0023709 -0.00457166
-0.876 0.00570092 -0.00536805
-0.872 0.00758135 -0.00510399
-0.868 0.0073171 -0.00341415
-0.864 0.00476774 -0.00024081
-0.86 0.000475918 0.00407249
-0.856 -0.00439862 0.00878143
-0.852 -0.00834718 0.012854
-0.848 -0.00992676 0.0151868
-0.844 -0.00821216 0.014883
-0.84 -0.00315034 0.0115287
-0.836 0.00430474 0.00539118
-0.832 0.0123452 -0.00252851
-0.828 0.0187381 -0.0106256
-0.824 0.0214307 -0.0170024
-0.82 0.0191706 -0.0199045
-0.816 0.0119559 -0.0181885
-0.812 0.00116509 -0.0117018
-0.808 -0.0107021 -0.00146326
-0.804 -0.0206323 0.0104323
-0.8 -0.0259073 0.0211978
-0.796 -0.0248953 0.0279685
-0.792 -0.0175933 0.0285186
-0.788 -0.00574496 0.0219099
-0.784 0.00753058 0.00889684
-0.78 0.0185245 -0.00804726
-0.776 0.0239387 -0.0251345
-0.772 0.0218252 -0.0380459
-0.768 0.0121943 -0.0429373
-0.764 -0.00290144 -0.0374378
-0.76 -0.0198516 -0.0213882
-0.756 -0.0344283 0.00289005
-0.752 -0.0429311 0.0309076
-0.748 -0.0432205 0.0568777
-0.744 -0.035342 0.0749776
-0.74 -0.0215548 0.0807209
-0.736 -0.00574094 0.0721096
-0.732 0.00764854 0.0502632
-0.728 0.0148208 0.0193304
-0.724 0.0136946 -0.014343
-0.72 0.00447908 -0.0436279
-0.716 -0.0103878 -0.0622909
-0.712 -0.0269246 -0.0665316
-0.708 -0.0407182 -0.0559891
-0.704 -0.0481426 -0.0339373
-0.7 -0.0473352 -0.00658372
-0.696 -0.0386553 0.0183972
-0.692 -0.0245011 0.0337598
-0.688 -0.00855386 0.0345539
-0.684 0.00531424 0.0194877
-0.68 0.0141352 -0.00858151
-0.676 0.0166144 -0.0431891
-0.672 0.0133547 -0.0757442
-0.668 0.00648867 -0.0976117
-0.664 -0.00113932 -0.102296
-0.66 -0.00696369 -0.0871868
-0.656 -0.00953161 -0.0544116
-0.652 -0.00890967 -0.0105673
-0.648 -0.00653408 0.0346498
-0.644 -0.00456128 0.0706048
-0.64 -0.00494624 0.0881729
-0.636 -0.00857453 0.081889
-0.632 -0.0147667 0.0512811
-0.628 -0.0213566 0.00106427
-0.624 -0.0253544 -0.0598499
-0.62 -0.0240022 -0.120289
-0.616 -0.0158826 -0.169242
-0.612 -0.00169621 -0.198193
-0.608 0.0155933 -0.202851
-0.604 0.0313674 -0.18388
-0.6 0.0406015 -0.146517
-0.596 0.0394254 -0.0992113
-0.592 0.0265377 -0.0516588
-0.588 0.00402004 -0.0127088
-0.584 -0.022763 0.0113612
-0.58 -0.046235 0.0178581
-0.576 -0.0584263 0.0078203
-0.572 -0.0530792 -0.0146307
-0.568 -0.0274734 -0.0434885
-0.564 0.0165446 -0.0722728
-0.56 0.0726439 -0.0953093
-0.556 0.131231 -0.108621
-0.552 0.181529 -0.110309
-0.548 0.214 -0.100443
-0.544 0.222492 -0.0806357
-0.54 0.205568 -0.0534749
-0.536 0.16669 -0.0220296
-0.532 0.11324 0.0104946
-0.528 0.0546817 0.0409488
-0.524 0.000371337 0.0663704
-0.52 -0.042406 0.0841598
-0.516 -0.0696967 0.0923742
-0.512 -0.0811828 0.090132
-0.508 -0.0795557 0.0780267
-0.504 -0.0692347 0.058387
-0.5 -0.0548646 0.0352049
-0.496 -0.0400472 0.0136162
-0.492 -0.0266479 -0.00106332
-0.488 -0.0148063 -0.00458503
-0.484 -0.00354414 0.00499479
-0.48 0.00832289 0.0264466
-0.476 0.0213326 0.0551887
-0.472 0.0348958 0.0839778
-0.468 0.047341 0.104432
-0.464 0.0564387 0.109111
-0.46 0.060188 0.0936861
-0.456 0.0575571 0.0586261
-0.452 0.0488954 0.00988087
-0.448 0.0358591 -0.0417572
-0.444 0.0208785 -0.0826272
-0.44 0.00637073 -0.0991676
-0.436 -0.00599817 -0.0812417
-0.432 -0.0157094 -0.0250352
-0.428 -0.02328 0.0652287
-0.424 -0.0296741 0.177285
-0.42 -0.0354607 0.292694
-0.416 -0.0400673 0.390307
-0.412 -0.0414797 0.450658
-0.408 -0.0366049 0.460328
-0.404 -0.0222865 0.415296
-0.4 0.00330149 0.322445
-0.396 0.0393447 0.19878
-0.392 0.0816791 0.0684115
-0.388 0.123071 -0.0421436
-0.384 0.154597 -0.109409
-0.38 0.167871 -0.117994
-0.376 0.157567 -0.0641427
-0.372 0.123476 0.0430272
-0.368 0.0713947 0.182938
-0.364 0.0124131 0.327398
-0.36 -0.0394354 0.446138
-0.356 -0.0706643 0.512933
-0.352 -0.0720954 0.511083
-0.348 -0.0418349 0.437125
-0.344 0.0134673 0.302021
-0.34 0.0795977 0.129516
-0.336 0.137928 -0.04809
-0.332 0.170046 -0.195961
-0.328 0.162707 -0.283432
-0.324 0.111786 -0.290076
-0.32 0.0240656 -0.209956
-0.316 -0.08377 -0.0531962
-0.312 -0.188843 0.155471
-0.308 -0.267653 0.380954
-0.304 -0.302123 0.584107
-0.3 -0.284516 0.728932
-0.296 -0.219893 0.789338
-0.292 -0.125365 0.754138
-0.288 -0.0262338 0.629286
-0.284 0.0500661 0.436855
-0.28 0.0807356 0.210883
-0.276 0.0533689 -0.00912536
-0.272 -0.0307706 -0.185821
-0.268 -0.156817 -0.291249
-0.264 -0.299714 -0.312266
-0.26 -0.430104 -0.253031
-0.256 -0.521201 -0.134023
-0.252 -0.554918 0.012252
-0.248 -0.525746 0.148017
-0.244 -0.441529 0.238057
-0.24 -0.321072 0.256998
-0.236 -0.18935 0.194503
-0.232 -0.0716252 0.0572792
-0.228 0.0120141 -0.132501
-0.224 0.0504001 -0.342029
-0.22 0.0425633 -0.53485
-0.216 -0.00350983 -0.678482
-0.212 -0.0740215 -0.750982
-0.208 -0.153353 -0.745012
-0.204 -0.22773 -0.668589
-0.2 -0.287636 -0.542434
-0.196 -0.328517 -0.394657
-0.192 -0.349925 -0.254117
-0.188 -0.353692 -0.144037
-0.184 -0.342023 -0.077379
-0.18 -0.316281 -0.0550092
-0.176 -0.276922 -0.0669719
-0.172 -0.224546 -0.0964317
-0.168 -0.161535 -0.12517
-0.164 -0.0934933 -0.139152
-0.16 -0.0297088 -0.132669
-0.156 0.0178616 -0.10997
-0.152 0.0370582 -0.0839569
-0.148 0.0189091 -0.0723267
-0.144 -0.0390024 -0.0922189
-0.14 -0.130277 -0.154843
-0.136 -0.239456 -0.261566
-0.132 -0.34421 -0.402545
-0.128 -0.419725 -0.558356
-0.124 -0.444354 -0.704233
-0.12 -0.405165 -0.815912
-0.116 -0.301898 -0.875593
-0.112 -0.148157 -0.876516
-0.108 0.0306867 -0.824937
-0.104 0.202562 -0.73897
-0.1 0.335675 -0.644502
-0.096 0.405757 -0.56919
-0.092 0.401842 -0.536029
-0.088 0.329115 -0.558094
-0.084 0.208064 -0.63572
-0.08 0.0700566 -0.756761
-0.076 -0.0496453 -0.899736
-0.072 -0.119793 -1.03898
-0.068 -0.12009 -1.15042
-0.064 -0.0455113 -1.21658
-0.06 0.092997 -1.22952
-0.056 0.271593 -1.19108
-0.052 0.459591 -1.11044
-0.048 0.627003 -0.999837
-0.044 0.751719 -0.869666
-0.04 0.824591 -0.724575
-0.036 0.851209 -0.56177
-0.032 0.849986 -0.372184
-0.028 0.847065 -0.14426
-0.024 0.869271 0.130671
-0.02 0.936781 0.452985
-0.016 1.05721 0.810969
-0.012 1.22248 1.17992
-0.008 1.40927 1.52476
-0.004 1.58306 1.80581
0 1.70496 1.98666
0.004 1.74007 2.04205
0.008 1.66518 1.96541
0.012 1.47465 1.77081
0.016 1.18264 1.49202
0.02 0.821367 1.17684
0.024 0.435637 0.877999
0.028 0.0748522 0.642757
0.032 -0.215988 0.503287
0.036 -0.404441 0.470171
0.04 -0.476354 0.530428
0.044 -0.438083 0.650639
0.048 -0.314769 0.784565
0.052 -0.145028 0.88363
0.056 0.0268968 0.907956
0.06 0.159903 0.835424
0.064 0.223949 0.666706
0.068 0.205487 0.425084
0.072 0.109319 0.151153
0.076 -0.0434174 -0.106326
0.08 -0.220627 -0.30127
0.084 -0.386724 -0.400325
0.088 -0.51052 -0.389889
0.092 -0.57177 -0.278609
0.096 -0.564978 -0.094892
0.1 -0.499707 0.119874
0.104 -0.397462 0.320778
0.108 -0.286038 0.469277
0.112 -0.192748 0.541226
0.116 -0.138196 0.531238
0.12 -0.132037 0.452468
0.124 -0.17162 0.332066
0.128 -0.243669 0.20357
0.132 -0.328406 0.0982066
0.136 -0.404913 0.0372721
0.14 -0.456295 0.0273991
0.144 -0.473311 0.0597882
0.148 -0.455645 0.113463
0.152 -0.410669 0.161635
0.156 -0.350292 0.1795
0.16 -0.286954 0.151449
0.164 -0.230042 0.0758301
0.168 -0.183768 -0.03397
0.172 -0.147062 -0.152446
0.176 -0.115391 -0.24817
0.18 -0.0837853 -0.291744
0.184 -0.0499819 -0.263507
0.188 -0.0165317 -0.159096
0.192 0.00897828 0.00855642
0.196 0.01583 0.211314
0.2 -0.0062535 0.411578
0.204 -0.0629292 0.570379
0.208 -0.151804 0.655966
0.212 -0.260993 0.650936
0.216 -0.370395 0.556261
0.22 -0.455634 0.391288
0.224 -0.493834 0.189692
0.228 -0.469738 -0.00770765
0.232 -0.380504 -0.161666
0.236 -0.237727 -0.242845
0.24 -0.0658999 -0.237941
0.244 0.102516 -0.152341
0.248 0.234369 -0.00878553
0.252 0.303666 0.157563
0.256 0.298025 0.306564
0.26 0.222022 0.401425
0.264 0.0964659 0.416184
0.268 -0.0463289 0.340844
0.272 -0.170176 0.183189
0.276 -0.243691 -0.0329543
0.28 -0.24783 -0.272537
0.284 -0.180419 -0.496128
0.288 -0.0565457 -0.667375
0.292 0.0952516 -0.75963
0.296 0.239996 -0.760539
0.3 0.344715 -0.673825
0.304 0.386216 -0.518049
0.308 0.356307 -0.322742
0.312 0.263246 -0.12274
0.316 0.129203 0.0481547
0.32 -0.0155261 0.163018
0.324 -0.139976 0.206156
0.328 -0.219748 0.175283
0.332 -0.242253 0.0812618
0.336 -0.208808 -0.0544505
0.34 -0.133267 -0.204106
0.344 -0.0377661 -0.338903
0.348 0.0531759 -0.434186
0.352 0.118642 -0.473701
0.356 0.145922 -0.452172
0.36 0.13273 -0.375817
0.364 0.0867136 -0.260785
0.368 0.0226207 -0.129851
0.372 -0.0419352 -0.00800917
0.376 -0.0909355 0.0822157
0.38 -0.113522 0.124865
0.384 -0.105912 0.113307
0.388 -0.0714003 0.0511619
0.392 -0.0187164 -0.0487287
0.396 0.0406426 -0.167035
0.4 0.0953038 -0.281782
0.404 0.136403 -0.372531
0.408 0.158986 -0.424075
0.412 0.162268 -0.428966
0.416 0.148946 -0.388438
0.42 0.123919 -0.311626
0.424 0.0928913 -0.213345
0.428 0.0611946 -0.110939
0.432 0.0330528 -0.0209096
0.436 0.0112898 0.0440249
0.44 -0.00263034 0.0768713
0.444 -0.00840872 0.0770361
0.448 -0.00670457 0.0497133
0.452 0.00102236 0.00424013
0.456 0.0126544 -0.0481386
0.46 0.0256336 -0.0965839
0.464 0.0373337 -0.132582
0.468 0.0455938 -0.151147
0.472 0.0493115 -0.151173
0.476 0.0489114 -0.135023
0.48 0.0464745 -0.10754
0.484 0.0453793 -0.0747936
0.488 0.04944 -0.0428192
0.492 0.0616988 -0.0165807
0.496 0.0831842 0.000708601
0.5 0.112023 0.00787147
0.504 0.143252 0.00569506
0.508 0.169512 -0.00341289
0.512 0.182575 -0.0159455
0.516 0.175368 -0.0279147
0.52 0.144018 -0.0355036
0.524 0.0893169 -0.0356989
0.528 0.0171855 -0.0268399
0.532 -0.0621155 -0.00900819
0.536 -0.135914 0.0158294
0.54 -0.191786 0.0439955
0.544 -0.220318 0.0706314
0.548 -0.21727 0.0905495
0.552 -0.184575 0.099296
0.556 -0.129897 0.0942274
0.56 -0.0648415 0.0753498
0.564 -0.00227366 0.0456754
0.568 0.0465889 0.0109303
0.572 0.0745684 -0.0214116
0.576 0.0798347 -0.0436184
0.58 0.0658445 -0.0494152
0.584 0.0399931 -0.0355399
0.588 0.0113893 -0.00275328
0.592 -0.0116206 0.0439808
0.596 -0.0235161 0.0962625
0.6 -0.0227351 0.143868
0.604 -0.0116385 0.176889
0.608 0.0045923 0.187939
0.612 0.0197361 0.1739
0.616 0.0284384 0.13679
0.62 0.0276986 0.083492
0.624 0.0175481 0.024396
0.628 0.000791133 -0.0287881
0.632 -0.0180455 -0.0655401
0.636 -0.0341844 -0.0788015
0.64 -0.044025 -0.0664856
0.644 -0.0460994 -0.0318777
0.648 -0.0413031 0.0171672
0.652 -0.032379 0.0700362
0.656 -0.0228691 0.11575
0.66 -0.0158964 0.145375
0.664 -0.0131735 0.153897
0.668 -0.0145395 0.141143
0.672 -0.0181486 0.111569
0.676 -0.0212203 0.0730033
0.68 -0.0210877 0.0346736
0.684 -0.0161936 0.00501278
0.688 -0.00670574 -0.0102471
0.692 0.00544738 -0.0092543
0.696 0.0171326 0.00575212
0.7 0.024982 0.0292014
0.704 0.0264679 0.0536937
0.708 0.0207432 0.0718542
0.712 0.00898226 0.0780843
0.716 -0.00588758 0.0698075
0.72 -0.0199856 0.0479482
0.724 -0.0295718 0.0165762
0.728 -0.0321108 -0.018152
0.732 -0.0269906 -0.0494693
0.736 -0.015688 -0.0715271
0.74 -0.0013347 -0.0806253
0.744 0.0121825 -0.0758833
0.748 0.0213221 -0.0592428
0.752 0.023867 -0.0348535
0.756 0.0195069 -0.0080288
0.76 0.00986489 0.0159573
0.764 -0.00202154 0.0329548
0.768 -0.0126031 0.040677
0.772 -0.0188359 0.038967
0.776 -0.0190215 0.0295843
0.78 -0.0132384 0.0156067
0.784 -0.00325852 0.00062261
0.788 0.0080084 -0.0120884
0.792 0.0173651 -0.0202048
0.796 0.0222203 -0.0227232
0.8 0.0212734 -0.0199867
0.804 0.0148096 -0.0134208
0.808 0.00454499 -0.0050729
0.812 -0.00690969 0.00291605
0.816 -0.016795 0.00878481
0.82 -0.0229404 0.0114746
0.824 -0.0242912 0.0107543
0.828 -0.0210956 0.00714901
0.832 -0.0147266 0.00171817
0.836 -0.0072151 -0.00424702
0.84 -0.000647238 -0.00952799
0.844 0.00339784 -0.0132192
0.848 0.00421776 -0.0148632
0.852 0.00208073 -0.0144687
0.856 -0.00195574 -0.0124279
0.86 -0.00642307 -0.00936782
0.864 -0.00989129 -0.00597956
0.868 -0.0113577 -0.00286589
0.872 -0.0104734 -0.000437874
0.876 -0.00756291 0.00112634
0.88 -0.00345642 0.00186334
0.884 0.000796647 0.00196286
0.888 0.0042373 0.00168569
0.892 0.0062403 0.00128444
0.896 0.00663151 0.000945086
0.9 0.00566377 0.000758925
0.904 0.0038787 0.000725634
0.908 0.00191111 0.000780206
0.912 0.000300885 0.000831779
0.916 -0.000634745 0.000801304
0.92 -0.000841947 0.000647604
0.924 -0.000487486 0.000376548
0.928 0.000139815 3.38583e-05
0.932 0.000743415 -0.000313298
0.936 0.00111142 -0.000598525
0.94 0.00116271 -0.000775063
0.944 0.000941582 -0.000826299
0.948 0.000573125 -0.000766116
0.952 0.000202147 -0.000630479
0.956 -6.05725e-05 -0.000464101
0.96 -0.000168022 -0.000306988
0.964 -0.000137608 -0.000185024
0.968 -2.88611e-05 -0.000106778
0.972 8.87548e-05 -6.6302e-05
0.976 0.000163906 -4.97187e-05
0.98 0.000177701 -4.25368e-05
0.984 0.000141798 -3.50093e-05
0.988 8.47197e-05 -2.40815e-05
0.992 3.46517e-05 -1.20194e-05
0.996 6.82118e-06 -3.06249e-06
0.1 0.0397114 0.0198236
0.2 0.0397455 0.0198338
0.3 0.0398021 0.019851
0.4 0.0398812 0.0198751
0.5 0.0399826 0.0199063
0.6 0.040106 0.0199447
0.7 0.0402511 0.0199906
0.8 0.0404177 0.0200441
0.9 0.0406053 0.0201055
1 0.0408135 0.0201751
1.1 0.0410419 0.0202531
1.2 0.0412899 0.0203399
1.3 0.0415572 0.0204359
1.4 0.0418431 0.0205415
1.5 0.0421472 0.020657
1.6 0.0424688 0.0207829
1.7 0.0428075 0.0209196
1.8 0.0431627 0.0210677
1.9 0.0435339 0.0212276
2 0.0439205 0.0213997
2.1 0.0443222 0.0215847
2.2 0.0447384 0.021783
2.3 0.0451688 0.0219952
2.4 0.0456129 0.0222219
2.5 0.0460705 0.0224635
2.6 0.0465412 0.0227206
2.7 0.047025 0.0229938
2.8 0.0475216 0.0232835
2.9 0.048031 0.0235904
3 0.0485533 0.023915
3.1 0.0490885 0.0242577
3.2 0.0496368 0.024619
3.3 0.0501985 0.0249995
3.4 0.0507739 0.0253996
3.5 0.0513636 0.0258196
3.6 0.051968 0.0262601
3.7 0.0525878 0.0267214
3.8 0.0532238 0.0272038
3.9 0.0538769 0.0277077
4 0.0545478 0.0282332
4.1 0.0552378 0.0287807
4.2 0.0559478 0.0293504
4.3 0.0566792 0.0299423
4.4 0.0574332 0.0305566
4.5 0.0582111 0.0311933
4.6 0.0590145 0.0318525
4.7 0.0598449 0.032534
4.8 0.0607037 0.0332378
4.9 0.0615928 0.0339637
5 0.0625137 0.0347115
5.1 0.0634682 0.035481
5.2 0.0644581 0.0362717
5.3 0.0654851 0.0370834
5.4 0.066551 0.0379156
5.5 0.0676578 0.0387679
5.6 0.068807 0.0396395
5.7 0.0700007 0.0405301
5.8 0.0712405 0.0414389
5.9 0.0725281 0.0423651
6 0.0738653 0.0433081
6.1 0.0752537 0.0442671
6.2 0.0766948 0.0452412
6.3 0.0781902 0.0462295
6.4 0.0797412 0.047231
6.5 0.0813492 0.0482449
6.6 0.0830154 0.0492701
6.7 0.0847408 0.0503056
6.8 0.0865264 0.0513504
6.9 0.088373 0.0524033
7 0.0902814 0.0534632
7.1 0.0922519 0.0545291
7.2 0.0942851 0.0555998
7.3 0.0963811 0.0566743
7.4 0.09854 0.0577513
7.5 0.100762 0.0588298
7.6 0.103045 0.0599087
7.7 0.105391 0.0609868
7.8 0.107798 0.0620632
7.9 0.110265 0.0631367
8 0.112792 0.0642064
8.1 0.115376 0.0652713
8.2 0.118016 0.0663305
8.3 0.120712 0.067383
8.4 0.12346 0.0684281
8.5 0.126259 0.0694649
8.6 0.129106 0.0704927
8.7 0.131999 0.0715108
8.8 0.134936 0.0725187
8.9 0.137914 0.0735159
9 0.140929 0.0745018
9.1 0.143979 0.075476
9.2 0.14706 0.0764384
9.3 0.150169 0.0773886
9.4 0.153302 0.0783265
9.5 0.156456 0.0792521
9.6 0.159627 0.0801654
9.7 0.162811 0.0810664
9.8 0.166004 0.0819554
9.9 0.169202 0.0828326
10 0.1724 0.0836984
10.1 0.175595 0.0845533
10.2 0.178782 0.0853976
10.3 0.181957 0.0862321
10.4 0.185116 0.0870574
10.5 0.188255 0.0878742
10.6 0.191368 0.0886833
10.7 0.194453 0.0894855
10.8 0.197504 0.0902819
10.9 0.200518 0.0910732
11 0.20349 0.0918607
11.1 0.206416 0.0926453
11.2 0.209292 0.0934281
11.3 0.212115 0.0942103
11.4 0.214881 0.094993
11.5 0.217586 0.0957774
11.6 0.220226 0.0965646
11.7 0.222799 0.0973559
11.8 0.225301 0.0981525
11.9 0.227729 0.0989554
12 0.230079 0.0997659
12.1 0.232351 0.100585
12.2 0.23454 0.101414
12.3 0.236644 0.102254
12.4 0.238662 0.103106
12.5 0.240592 0.10397
12.6 0.242432 0.104849
12.7 0.244179 0.105742
12.8 0.245834 0.10665
12.9 0.247395 0.107575
13 0.24886 0.108516
13.1 0.25023 0.109474
13.2 0.251504 0.110451
13.3 0.252681 0.111445
13.4 0.253763 0.112458
13.5 0.254748 0.113489
13.6 0.255637 0.114539
13.7 0.256431 0.115607
13.8 0.25713 0.116694
13.9 0.257736 0.117799
14 0.25825 0.118921
14.1 0.258673 0.120061
14.2 0.259006 0.121218
14.3 0.259251 0.122391
14.4 0.25941 0.123579
14.5 0.259486 0.124781
14.6 0.259479 0.125997
14.7 0.259392 0.127225
14.8 0.259228 0.128464
14.9 0.258989 0.129713
15 0.258678 0.130971
15.1 0.258296 0.132236
15.2 0.257848 0.133506
15.3 0.257335 0.134781
15.4 0.25676 0.136058
15.5 0.256127 0.137336
15.6 0.255439 0.138614
15.7 0.254697 0.139888
15.8 0.253906 0.141159
15.9 0.253067 0.142424
16 0.252185 0.143681
16.1 0.251262 0.144928
16.2 0.250301 0.146164
16.3 0.249305 0.147387
16.4 0.248276 0.148595
16.5 0.247218 0.149787
16.6 0.246134 0.150961
16.7 0.245026 0.152115
16.8 0.243896 0.153247
16.9 0.242748 0.154357
17 0.241583 0.155443
17.1 0.240405 0.156503
17.2 0.239215 0.157536
17.3 0.238016 0.158541
17.4 0.23681 0.159517
17.5 0.235599 0.160462
17.6 0.234385 0.161377
17.7 0.233169 0.16226
17.8 0.231954 0.163111
17.9 0.230741 0.163929
18 0.229531 0.164713
18.1 0.228326 0.165463
18.2 0.227127 0.16618
18.3 0.225936 0.166862
18.4 0.224753 0.167511
18.5 0.223578 0.168126
18.6 0.222414 0.168707
18.7 0.221261 0.169255
18.8 0.220119 0.16977
18.9 0.218989 0.170254
19 0.217871 0.170706
19.1 0.216765 0.171127
19.2 0.215673 0.17152
19.3 0.214593 0.171883
19.4 0.213526 0.17222
19.5 0.212471 0.17253
19.6 0.21143 0.172816
19.7 0.2104 0.173078
19.8 0.209383 0.173317
19.9 0.208378 0.173537
20 0.207384 0.173737
20.1 0.2064 0.17392
20.2 0.205428 0.174086
20.3 0.204465 0.174239
20.4 0.203511 0.174379
20.5 0.202566 0.174508
20.6 0.201628 0.174627
20.7 0.200698 0.174739
20.8 0.199774 0.174845
20.9 0.198856 0.174946
21 0.197942 0.175045
21.1 0.197033 0.175143
21.2 0.196127 0.17524
21.3 0.195224 0.175339
21.4 0.194323 0.175442
21.5 0.193423 0.175549
21.6 0.192523 0.175661
21.7 0.191623 0.17578
21.8 0.190721 0.175908
21.9 0.189818 0.176044
22 0.188913 0.17619
22.1 0.188005 0.176347
22.2 0.187093 0.176515
22.3 0.186177 0.176696
22.4 0.185257 0.176889
22.5 0.184331 0.177095
22.6 0.1834 0.177315
22.7 0.182464 0.177548
22.8 0.181521 0.177795
22.9 0.180573 0.178056
23 0.179617 0.17833
23.1 0.178655 0.178618
23.2 0.177687 0.178919
23.3 0.176711 0.179233
23.4 0.175729 0.179559
23.5 0.174741 0.179896
23.6 0.173745 0.180245
23.7 0.172744 0.180604
23.8 0.171737 0.180972
23.9 0.170723 0.181349
24 0.169705 0.181733
24.1 0.168681 0.182123
24.2 0.167654 0.182519
24.3 0.166622 0.182919
24.4 0.165587 0.183322
24.5 0.164549 0.183727
24.6 0.163509 0.184132
24.7 0.162467 0.184536
24.8 0.161425 0.184938
24.9 0.160384 0.185336
25 0.159343 0.18573
25.1 0.158304 0.186117
25.2 0.157267 0.186497
25.3 0.156235 0.186867
25.4 0.155207 0.187228
25.5 0.154184 0.187577
25.6 0.153168 0.187913
25.7 0.152159 0.188236
25.8 0.151158 0.188543
25.9 0.150167 0.188834
26 0.149187 0.189108
26.1 0.148218 0.189364
26.2 0.147261 0.189601
26.3 0.146317 0.189818
26.4 0.145388 0.190014
26.5 0.144474 0.190188
26.6 0.143576 0.190341
26.7 0.142695 0.190471
26.8 0.141832 0.190578
26.9 0.140987 0.190662
27 0.140162 0.190723
27.1 0.139357 0.190759
27.2 0.138574 0.190772
27.3 0.137811 0.19076
27.4 0.137071 0.190726
27.5 0.136354 0.190667
27.6 0.13566 0.190585
27.7 0.13499 0.190481
27.8 0.134344 0.190354
27.9 0.133722 0.190205
28 0.133125 0.190035
28.1 0.132554 0.189845
28.2 0.132007 0.189635
28.3 0.131485 0.189406
28.4 0.130989 0.189159
28.5 0.130518 0.188895
28.6 0.130072 0.188616
28.7 0.129652 0.188321
28.8 0.129256 0.188014
28.9 0.128884 0.187693
29 0.128537 0.187362
29.1 0.128213 0.187022
29.2 0.127912 0.186672
29.3 0.127635 0.186316
29.4 0.127379 0.185954
29.5 0.127145 0.185588
29.6 0.126932 0.185219
29.7 0.126739 0.184849
29.8 0.126565 0.184478
29.9 0.12641 0.184109
30 0.126272 0.183743
30.1 0.126152 0.183381
30.2 0.126047 0.183024
30.3 0.125958 0.182674
30.4 0.125882 0.182333
30.5 0.12582 0.182
30.6 0.125769 0.181679
30.7 0.12573 0.181369
30.8 0.125701 0.181072
30.9 0.125681 0.180788
31 0.125669 0.18052
31.1 0.125663 0.180267
31.2 0.125664 0.180031
31.3 0.125671 0.179812
31.4 0.125681 0.179612
31.5 0.125694 0.17943
31.6 0.125709 0.179267
31.7 0.125726 0.179124
31.8 0.125743 0.179001
31.9 0.12576 0.178898
32 0.125776 0.178816
32.1 0.125789 0.178755
32.2 0.1258 0.178714
32.3 0.125808 0.178694
32.4 0.125811 0.178695
32.5 0.12581 0.178716
32.6 0.125803 0.178756
32.7 0.12579 0.178816
32.8 0.125772 0.178896
32.9 0.125746 0.178993
33 0.125714 0.179109
33.1 0.125674 0.179242
33.2 0.125627 0.179391
33.3 0.125571 0.179555
33.4 0.125508 0.179734
33.5 0.125436 0.179926
33.6 0.125356 0.180131
33.7 0.125267 0.180347
33.8 0.12517 0.180573
33.9 0.125065 0.180808
34 0.124951 0.18105
34.1 0.124829 0.181299
34.2 0.124698 0.181553
34.3 0.12456 0.18181
34.4 0.124413 0.18207
34.5 0.124259 0.182331
34.6 0.124097 0.182591
34.7 0.123928 0.182849
34.8 0.123751 0.183103
34.9 0.123568 0.183353
35 0.123378 0.183596
35.1 0.123182 0.183832
35.2 0.122979 0.184059
35.3 0.122771 0.184275
35.4 0.122557 0.18448
35.5 0.122338 0.184672
35.6 0.122114 0.18485
35.7 0.121885 0.185013
35.8 0.121651 0.185159
35.9 0.121412 0.185287
36 0.12117 0.185398
36.1 0.120923 0.185489
36.2 0.120672 0.185559
36.3 0.120417 0.185609
36.4 0.120159 0.185637
36.5 0.119897 0.185642
36.6 0.119631 0.185625
36.7 0.119362 0.185585
36.8 0.11909 0.185521
36.9 0.118813 0.185433
37 0.118534 0.185321
37.1 0.11825 0.185185
37.2 0.117963 0.185025
37.3 0.117673 0.184841
37.4 0.117378 0.184634
37.5 0.117079 0.184403
37.6 0.116777 0.18415
37.7 0.11647 0.183874
37.8 0.116158 0.183577
37.9 0.115842 0.183258
38 0.115521 0.18292
38.1 0.115195 0.182562
38.2 0.114864 0.182187
38.3 0.114528 0.181794
38.4 0.114186 0.181385
38.5 0.113838 0.180962
38.6 0.113484 0.180526
38.7 0.113124 0.180078
38.8 0.112758 0.179619
38.9 0.112385 0.179151
39 0.112006 0.178676
39.1 0.11162 0.178196
39.2 0.111227 0.177711
39.3 0.110827 0.177224
39.4 0.11042 0.176737
39.5 0.110006 0.176251
39.6 0.109585 0.175768
39.7 0.109157 0.175289
39.8 0.108721 0.174817
39.9 0.108279 0.174353
40 0.10783 0.1739
40.1 0.107374 0.173458
40.2 0.106911 0.17303
40.3 0.106442 0.172617
40.4 0.105966 0.17222
40.5 0.105485 0.171843
40.6 0.104997 0.171485
40.7 0.104504 0.171149
40.8 0.104006 0.170836
40.9 0.103503 0.170548
41 0.102995 0.170284
41.1 0.102483 0.170048
41.2 0.101967 0.16984
41.3 0.101448 0.16966
41.4 0.100926 0.16951
41.5 0.100401 0.169391
41.6 0.0998738 0.169303
41.7 0.0993452 0.169247
41.8 0.0988155 0.169223
41.9 0.098285 0.169232
42 0.0977542 0.169274
42.1 0.0972236 0.169349
42.2 0.0966936 0.169456
42.3 0.0961648 0.169597
42.4 0.0956375 0.16977
42.5 0.0951121 0.169975
42.6 0.0945891 0.170211
42.7 0.0940689 0.170479
42.8 0.0935518 0.170777
42.9 0.0930382 0.171104
43 0.0925285 0.171459
43.1 0.0920229 0.171841
43.2 0.0915217 0.172249
43.3 0.0910252 0.172681
43.4 0.0905336 0.173137
43.5 0.0900471 0.173614
43.6 0.0895658 0.17411
43.7 0.0890899 0.174625
43.8 0.0886195 0.175156
43.9 0.0881546 0.175701
44 0.0876953 0.176258
44.1 0.0872415 0.176825
44.2 0.0867933 0.1774
44.3 0.0863505 0.177982
44.4 0.0859131 0.178566
44.5 0.0854809 0.179153
44.6 0.0850537 0.179738
44.7 0.0846314 0.18032
44.8 0.0842138 0.180896
44.9 0.0838007 0.181465
45 0.0833917 0.182024
45.1 0.0829866 0.18257
45.2 0.0825851 0.183101
45.3 0.0821868 0.183615
45.4 0.0817916 0.18411
45.5 0.0813989 0.184583
45.6 0.0810086 0.185033
45.7 0.0806202 0.185457
45.8 0.0802333 0.185853
45.9 0.0798477 0.18622
46 0.079463 0.186555
46.1 0.0790788 0.186857
46.2 0.0786949 0.187124
46.3 0.0783108 0.187354
46.4 0.0779262 0.187546
46.5 0.077541 0.187698
46.6 0.0771547 0.18781
46.7 0.0767672 0.187879
46.8 0.0763782 0.187906
46.9 0.0759875 0.187889
47 0.0755948 0.187826
47.1 0.0752001 0.187719
47.2 0.0748032 0.187565
47.3 0.074404 0.187365
47.4 0.0740024 0.187118
47.5 0.0735984 0.186824
47.6 0.0731919 0.186483
47.7 0.072783 0.186096
47.8 0.0723717 0.185661
47.9 0.0719582 0.18518
48 0.0715425 0.184654
48.1 0.0711247 0.184082
48.2 0.070705 0.183465
48.3 0.0702837 0.182804
48.4 0.069861 0.182101
48.5 0.0694371 0.181356
48.6 0.0690122 0.180569
48.7 0.0685868 0.179744
48.8 0.0681611 0.17888
48.9 0.0677354 0.177979
49 0.0673102 0.177043
49.1 0.0668858 0.176072
49.2 0.0664626 0.17507
49.3 0.0660409 0.174037
49.4 0.0656213 0.172975
49.5 0.065204 0.171886
49.6 0.0647896 0.170771
49.7 0.0643784 0.169633
49.8 0.0639709 0.168474
49.9 0.0635675 0.167294
50 0.0631685 0.166097
50.1 0.0627745 0.164884
50.2 0.0623857 0.163657
50.3 0.0620026 0.162418
50.4 0.0616255 0.161168
50.5 0.0612548 0.15991
50.6 0.0608908 0.158645
50.7 0.0605338 0.157375
50.8 0.0601842 0.156102
50.9 0.0598422 0.154828
51 0.059508 0.153554
51.1 0.059182 0.152282
51.2 0.0588642 0.151014
51.3 0.0585549 0.14975
51.4 0.0582543 0.148492
51.5 0.0579625 0.147242
51.6 0.0576797 0.146001
51.7 0.0574058 0.14477
51.8 0.0571411 0.143551
51.9 0.0568855 0.142343
52 0.0566391 0.141149
52.1 0.0564019 0.139968
52.2 0.0561739 0.138803
52.3 0.0559551 0.137653
52.4 0.0557455 0.136519
52.5 0.055545 0.135401
52.6 0.0553536 0.134301
52.7 0.0551712 0.133218
52.8 0.0549977 0.132153
52.9 0.0548332 0.131106
53 0.0546775 0.130077
53.1 0.0545305 0.129066
53.2 0.0543922 0.128072
53.3 0.0542625 0.127097
53.4 0.0541414 0.12614
53.5 0.0540289 0.1252
53.6 0.0539248 0.124277
53.7 0.0538291 0.123371
53.8 0.0537419 0.122482
53.9 0.0536632 0.121609
54 0.053593 0.120751
54.1 0.0535314 0.119908
54.2 0.0534783 0.11908
54.3 0.0534339 0.118266
54.4 0.0533984 0.117465
54.5 0.0533718 0.116677
54.6 0.0533543 0.1159
54.7 0.0533461 0.115135
54.8 0.0533474 0.114381
54.9 0.0533585 0.113636
55 0.0533796 0.112901
55.1 0.0534109 0.112174
55.2 0.0534529 0.111455
55.3 0.0535057 0.110744
55.4 0.0535699 0.110039
55.5 0.0536456 0.109341
55.6 0.0537334 0.108647
55.7 0.0538336 0.107959
55.8 0.0539466 0.107275
55.9 0.0540729 0.106595
56 0.0542128 0.105918
56.1 0.0543668 0.105244
56.2 0.0545354 0.104573
56.3 0.054719 0.103904
56.4 0.054918 0.103237
56.5 0.0551328 0.102571
56.6 0.0553639 0.101907
56.7 0.0556116 0.101244
56.8 0.0558763 0.100582
56.9 0.0561585 0.0999204
57 0.0564584 0.0992602
57.1 0.0567764 0.0986008
57.2 0.0571126 0.0979422
57.3 0.0574675 0.0972846
57.4 0.0578411 0.096628
57.5 0.0582337 0.0959726
57.6 0.0586453 0.0953185
57.7 0.0590761 0.094666
57.8 0.059526 0.0940152
57.9 0.0599951 0.0933665
58 0.0604832 0.0927202
58.1 0.0609902 0.0920765
58.2 0.061516 0.0914358
58.3 0.0620602 0.0907985
58.4 0.0626225 0.090165
58.5 0.0632025 0.0895356
58.6 0.0637998 0.0889108
58.7 0.0644139 0.0882909
58.8 0.0650442 0.0876765
58.9 0.06569 0.0870678
59 0.0663506 0.0864654
59.1 0.0670252 0.0858696
59.2 0.0677131 0.0852808
59.3 0.0684132 0.0846996
59.4 0.0691246 0.0841261
59.5 0.0698464 0.0835609
59.6 0.0705774 0.0830044
59.7 0.0713164 0.0824567
59.8 0.0720624 0.0819183
59.9 0.072814 0.0813895
60 0.07357 0.0808705
60.1 0.0743291 0.0803616
60.2 0.0750898 0.0798631
60.3 0.0758509 0.0793751
60.4 0.0766108 0.0788977
60.5 0.0773682 0.0784312
60.6 0.0781216 0.0779756
60.7 0.0788695 0.077531
60.8 0.0796104 0.0770975
60.9 0.0803427 0.076675
61 0.0810651 0.0762636
61.1 0.0817761 0.0758632
61.2 0.082474 0.0754736
61.3 0.0831576 0.0750949
61.4 0.0838253 0.0747268
61.5 0.0844758 0.0743691
61.6 0.0851076 0.0740218
61.7 0.0857194 0.0736845
61.8 0.0863099 0.073357
61.9 0.0868778 0.073039
62 0.0874221 0.0727303
62.1 0.0879414 0.0724305
62.2 0.0884347 0.0721392
62.3 0.0889011 0.0718562
62.4 0.0893395 0.0715811
62.5 0.0897491 0.0713135
62.6 0.090129 0.071053
62.7 0.0904786 0.0707993
62.8 0.0907973 0.0705519
62.9 0.0910844 0.0703105
63 0.0913395 0.0700746
63.1 0.0915622 0.0698439
63.2 0.0917523 0.069618
63.3 0.0919096 0.0693966
63.4 0.0920339 0.0691791
63.5 0.0921252 0.0689654
63.6 0.0921837 0.068755
63.7 0.0922095 0.0685477
63.8 0.0922029 0.068343
63.9 0.0921642 0.0681408
64 0.092094 0.0679408
64.1 0.0919927 0.0677427
64.2 0.091861 0.0675462
64.3 0.0916997 0.0673513
64.4 0.0915094 0.0671576
64.5 0.0912911 0.0669652
64.6 0.0910458 0.0667738
64.7 0.0907744 0.0665834
64.8 0.0904781 0.0663939
64.9 0.0901579 0.0662052
65 0.0898152 0.0660175
65.1 0.0894512 0.0658306
65.2 0.0890672 0.0656448
65.3 0.0886645 0.0654599
65.4 0.0882446 0.0652762
65.5 0.0878089 0.0650939
65.6 0.0873589 0.0649129
65.7 0.086896 0.0647337
65.8 0.0864218 0.0645563
65.9 0.0859377 0.064381
66 0.0854454 0.064208
66.1 0.0849462 0.0640377
66.2 0.0844418 0.0638703
66.3 0.0839336 0.0637062
66.4 0.0834231 0.0635456
66.5 0.0829118 0.0633889
66.6 0.0824011 0.0632364
66.7 0.0818925 0.0630886
66.8 0.0813872 0.0629457
66.9 0.0808867 0.0628081
67 0.0803921 0.0626762
67.1 0.0799048 0.0625503
67.2 0.0794259 0.0624308
67.3 0.0789565 0.0623181
67.4 0.0784976 0.0622125
67.5 0.0780503 0.0621143
67.6 0.0776154 0.0620238
67.7 0.0771938 0.0619414
67.8 0.0767863 0.0618674
67.9 0.0763934 0.0618019
68 0.0760159 0.0617454
68.1 0.0756543 0.0616979
68.2 0.075309 0.0616598
68.3 0.0749803 0.0616311
68.4 0.0746685 0.0616121
68.5 0.0743739 0.0616028
68.6 0.0740966 0.0616033
68.7 0.0738365 0.0616138
68.8 0.0735936 0.0616342
68.9 0.0733679 0.0616646
69 0.073159 0.0617048
69.1 0.0729667 0.0617549
69.2 0.0727906 0.0618147
69.3 0.0726304 0.0618841
69.4 0.0724854 0.0619629
69.5 0.0723552 0.0620509
69.6 0.072239 0.0621479
69.7 0.0721363 0.0622535
69.8 0.0720463 0.0623676
69.9 0.0719682 0.0624896
70 0.0719011 0.0626193
70.1 0.0718441 0.0627563
70.2 0.0717964 0.0629002
70.3 0.071757 0.0630503
70.4 0.071725 0.0632064
70.5 0.0716992 0.0633678
70.6 0.0716787 0.0635341
70.7 0.0716625 0.0637047
70.8 0.0716495 0.0638789
70.9 0.0716387 0.0640563
71 0.071629 0.0642362
71.1 0.0716194 0.064418
71.2 0.0716088 0.064601
71.3 0.0715963 0.0647847
71.4 0.0715809 0.0649683
71.5 0.0715616 0.0651512
71.6 0.0715374 0.0653329
71.7 0.0715075 0.0655125
71.8 0.071471 0.0656895
71.9 0.0714271 0.0658632
72 0.071375 0.0660331
72.1 0.071314 0.0661984
72.2 0.0712434 0.0663586
72.3 0.0711626 0.066513
72.4 0.071071 0.0666612
72.5 0.0709682 0.0668024
72.6 0.0708536 0.0669363
72.7 0.070727 0.0670622
72.8 0.070588 0.0671798
72.9 0.0704363 0.0672885
73 0.0702718 0.0673879
73.1 0.0700943 0.0674776
73.2 0.0699039 0.0675572
73.3 0.0697006 0.0676265
73.4 0.0694844 0.067685
73.5 0.0692555 0.0677326
73.6 0.0690141 0.067769
73.7 0.0687605 0.0677941
73.8 0.0684951 0.0678076
73.9 0.0682183 0.0678095
74 0.0679306 0.0677997
74.1 0.0676324 0.0677782
74.2 0.0673244 0.067745
74.3 0.0670071 0.0677001
74.4 0.0666814 0.0676437
74.5 0.0663478 0.0675758
74.6 0.0660072 0.0674967
74.7 0.0656604 0.0674066
74.8 0.0653082 0.0673057
74.9 0.0649514 0.0671943
75 0.064591 0.0670727
75.1 0.0642278 0.0669413
75.2 0.0638629 0.0668005
75.3 0.0634971 0.0666507
75.4 0.0631314 0.0664924
75.5 0.0627668 0.0663261
75.6 0.0624042 0.0661523
75.7 0.0620446 0.0659716
75.8 0.0616888 0.0657845
75.9 0.0613379 0.0655916
76 0.0609928 0.0653936
76.1 0.0606543 0.0651911
76.2 0.0603234 0.0649847
76.3 0.0600008 0.0647752
76.4 0.0596874 0.0645632
76.5 0.059384 0.0643494
76.6 0.0590913 0.0641345
76.7 0.0588099 0.0639193
76.8 0.0585406 0.0637044
76.9 0.0582839 0.0634906
77 0.0580404 0.0632786
77.1 0.0578105 0.0630691
77.2 0.0575948 0.0628628
77.3 0.0573937 0.0626605
77.4 0.0572073 0.0624628
77.5 0.0570361 0.0622704
77.6 0.0568802 0.0620839
77.7 0.0567398 0.0619042
77.8 0.0566149 0.0617316
77.9 0.0565057 0.061567
78 0.056412 0.0614108
78.1 0.0563337 0.0612637
78.2 0.0562708 0.0611262
78.3 0.0562229 0.0609988
78.4 0.0561899 0.0608819
78.5 0.0561713 0.0607761
78.6 0.0561668 0.0606818
78.7 0.056176 0.0605993
78.8 0.0561983 0.0605291
78.9 0.0562332 0.0604713
79 0.0562801 0.0604264
79.1 0.0563383 0.0603945
79.2 0.0564072 0.0603759
79.3 0.0564861 0.0603706
79.4 0.0565741 0.060379
79.5 0.0566706 0.0604009
79.6 0.0567746 0.0604365
79.7 0.0568853 0.0604857
79.8 0.0570018 0.0605485
79.9 0.0571232 0.0606248
80 0.0572486 0.0607146
80.1 0.0573771 0.0608175
80.2 0.0575078 0.0609334
80.3 0.0576396 0.0610621
80.4 0.0577716 0.0612032
80.5 0.0579029 0.0613564
80.6 0.0580325 0.0615213
80.7 0.0581594 0.0616975
80.8 0.0582829 0.0618846
80.9 0.0584018 0.062082
81 0.0585154 0.0622892
81.1 0.0586226 0.0625057
81.2 0.0587228 0.0627309
81.3 0.058815 0.062964
81.4 0.0588985 0.0632045
81.5 0.0589724 0.0634517
81.6 0.059036 0.0637048
81.7 0.0590886 0.0639631
81.8 0.0591296 0.0642258
81.9 0.0591584 0.0644922
82 0.0591742 0.0647614
82.1 0.0591767 0.0650325
82.2 0.0591652 0.0653047
82.3 0.0591394 0.0655772
82.4 0.0590988 0.0658491
82.5 0.0590431 0.0661195
82.6 0.058972 0.0663874
82.7 0.0588851 0.066652
82.8 0.0587824 0.0669124
82.9 0.0586636 0.0671676
83 0.0585287 0.0674168
83.1 0.0583775 0.067659
83.2 0.05821 0.0678934
83.3 0.0580264 0.068119
83.4 0.0578266 0.068335
83.5 0.0576108 0.0685405
83.6 0.0573791 0.0687346
83.7 0.0571319 0.0689165
83.8 0.0568693 0.0690854
83.9 0.0565916 0.0692405
84 0.0562993 0.069381
84.1 0.0559926 0.0695062
84.2 0.0556721 0.0696153
84.3 0.0553381 0.0697077
84.4 0.0549911 0.0697828
84.5 0.0546317 0.0698398
84.6 0.0542604 0.0698783
84.7 0.0538779 0.0698977
84.8 0.0534846 0.0698975
84.9 0.0530812 0.0698772
85 0.0526684 0.0698365
85.1 0.0522469 0.069775
85.2 0.0518173 0.0696924
85.3 0.0513803 0.0695884
85.4 0.0509366 0.0694628
85.5 0.0504869 0.0693154
85.6 0.050032 0.0691462
85.7 0.0495726 0.0689551
85.8 0.0491095 0.0687421
85.9 0.0486433 0.0685073
86 0.0481748 0.0682508
86.1 0.0477047 0.0679728
86.2 0.0472338 0.0676735
86.3 0.0467628 0.0673532
86.4 0.0462923 0.0670123
86.5 0.0458232 0.0666512
86.6 0.045356 0.0662703
86.7 0.0448914 0.0658703
86.8 0.0444301 0.0654516
86.9 0.0439728 0.0650149
87 0.0435201 0.0645609
87.1 0.0430725 0.0640904
87.2 0.0426307 0.0636042
87.3 0.0421952 0.0631031
87.4 0.0417665 0.062588
87.5 0.0413452 0.0620599
87.6 0.0409318 0.0615198
87.7 0.0405267 0.0609687
87.8 0.0401303 0.0604077
87.9 0.0397431 0.0598379
88 0.0393654 0.0592605
88.1 0.0389977 0.0586767
88.2 0.0386401 0.0580877
88.3 0.0382931 0.0574947
88.4 0.0379568 0.0568991
88.5 0.0376316 0.056302
88.6 0.0373176 0.0557048
88.7 0.037015 0.0551089
88.8 0.036724 0.0545156
88.9 0.0364447 0.0539261
89 0.0361772 0.0533418
89.1 0.0359215 0.0527642
89.2 0.0356777 0.0521944
89.3 0.0354457 0.0516338
89.4 0.0352257 0.0510837
89.5 0.0350175 0.0505455
89.6 0.0348211 0.0500203
89.7 0.0346363 0.0495093
89.8 0.0344631 0.0490139
89.9 0.0343012 0.0485351
90 0.0341507 0.0480742
90.1 0.0340111 0.0476321
90.2 0.0338824 0.0472098
90.3 0.0337643 0.0468085
90.4 0.0336566 0.046429
90.5 0.0335589 0.0460723
90.6 0.033471 0.045739
90.7 0.0333926 0.04543
90.8 0.0333233 0.0451459
90.9 0.0332629 0.0448874
91 0.0332109 0.0446549
91.1 0.033167 0.0444491
91.2 0.0331309 0.0442701
91.3 0.0331021 0.0441184
91.4 0.0330802 0.0439942
91.5 0.0330649 0.0438976
91.6 0.0330556 0.0438287
91.7 0.0330521 0.0437874
91.8 0.0330539 0.0437737
91.9 0.0330605 0.0437873
92 0.0330714 0.0438281
92.1 0.0330864 0.0438955
92.2 0.0331049 0.0439893
92.3 0.0331265 0.0441088
92.4 0.0331508 0.0442535
92.5 0.0331774 0.0444227
92.6 0.0332057 0.0446156
92.7 0.0332354 0.0448313
92.8 0.0332661 0.0450691
92.9 0.0332974 0.0453279
93 0.0333288 0.0456067
93.1 0.0333601 0.0459044
93.2 0.0333906 0.0462198
93.3 0.0334203 0.0465517
93.4 0.0334485 0.0468988
93.5 0.0334751 0.04726
93.6 0.0334997 0.0476337
93.7 0.0335219 0.0480186
93.8 0.0335415 0.0484134
93.9 0.0335582 0.0488165
94 0.0335717 0.0492266
94.1 0.0335817 0.0496421
94.2 0.033588 0.0500615
94.3 0.0335905 0.0504835
94.4 0.0335889 0.0509064
94.5 0.033583 0.0513289
94.6 0.0335727 0.0517494
94.7 0.0335579 0.0521665
94.8 0.0335384 0.0525787
94.9 0.0335141 0.0529848
95 0.0334851 0.0533833
95.1 0.0334512 0.053773
95.2 0.0334125 0.0541525
95.3 0.0333689 0.0545206
95.4 0.0333205 0.0548762
95.5 0.0332672 0.0552181
95.6 0.0332093 0.0555453
95.7 0.0331467 0.0558568
95.8 0.0330796 0.0561517
95.9 0.0330082 0.0564293
96 0.0329325 0.0566886
96.1 0.0328528 0.056929
96.2 0.0327692 0.0571499
96.3 0.0326821 0.0573509
96.4 0.0325915 0.0575314
96.5 0.0324978 0.0576911
96.6 0.0324013 0.0578298
96.7 0.0323023 0.0579473
96.8 0.032201 0.0580434
96.9 0.0320977 0.0581182
97 0.0319929 0.0581718
97.1 0.0318868 0.0582043
97.2 0.0317799 0.058216
97.3 0.0316725 0.0582071
97.4 0.0315649 0.0581782
97.5 0.0314576 0.0581297
97.6 0.0313509 0.058062
97.7 0.0312453 0.057976
97.8 0.0311411 0.0578722
97.9 0.0310388 0.0577514
98 0.0309388 0.0576143
98.1 0.0308414 0.057462
98.2 0.030747 0.0572952
98.3 0.0306562 0.0571149
98.4 0.0305691 0.0569222
98.5 0.0304863 0.056718
98.6 0.030408 0.0565033
98.7 0.0303347 0.0562793
98.8 0.0302668 0.0560471
98.9 0.0302044 0.0558077
99 0.030148 0.0555623
99.1 0.0300978 0.0553119
99.2 0.0300542 0.0550577
99.3 0.0300174 0.0548007
99.4 0.0299877 0.0545421
99.5 0.0299652 0.0542829
99.6 0.0299501 0.054024
99.7 0.0299427 0.0537666
99.8 0.0299431 0.0535116
99.9 0.0299514 0.0532599
100 0.0299677 0.0530124
100.1 0.0299921 0.0527698
100.2 0.0300246 0.0525331
100.3 0.0300652 0.0523029
100.4 0.0301139 0.0520799
100.5 0.0301706 0.0518647
100.6 0.0302354 0.0516579
100.7 0.030308 0.0514599
100.8 0.0303883 0.0512712
100.9 0.0304761 0.051092
101 0.0305714 0.0509228
101.1 0.0306737 0.0507637
101.2 0.030783 0.0506149
101.3 0.0308988 0.0504764
101.4 0.0310209 0.0503482
101.5 0.031149 0.0502304
101.6 0.0312827 0.0501228
101.7 0.0314215 0.0500252
101.8 0.0315652 0.0499374
101.9 0.0317132 0.0498592
102 0.0318652 0.04979
102.1 0.0320206 0.0497297
102.2 0.032179 0.0496777
102.3 0.0323399 0.0496335
102.4 0.0325028 0.0495966
102.5 0.0326671 0.0495665
102.6 0.0328323 0.0495425
102.7 0.032998 0.0495241
102.8 0.0331635 0.0495105
102.9 0.0333283 0.0495011
103 0.0334918 0.0494952
103.1 0.0336536 0.0494922
103.2 0.0338131 0.0494913
103.3 0.0339697 0.0494918
103.4 0.034123 0.0494931
103.5 0.0342723 0.0494944
103.6 0.0344173 0.0494951
103.7 0.0345574 0.0494945
103.8 0.0346921 0.049492
103.9 0.034821 0.049487
104 0.0349437 0.0494789
104.1 0.0350596 0.049467
104.2 0.0351685 0.049451
104.3 0.03527 0.0494304
104.4 0.0353637 0.0494046
104.5 0.0354492 0.0493734
104.6 0.0355264 0.0493362
104.7 0.0355949 0.049293
104.8 0.0356545 0.0492433
104.9 0.035705 0.049187
105 0.0357462 0.049124
105.1 0.035778 0.0490541
105.2 0.0358003 0.0489772
105.3 0.0358129 0.0488935
105.4 0.0358159 0.0488028
105.5 0.0358092 0.0487054
105.6 0.0357928 0.0486013
105.7 0.0357668 0.0484909
105.8 0.0357312 0.0483742
105.9 0.0356862 0.0482515
106 0.0356319 0.0481233
106.1 0.0355684 0.0479899
106.2 0.0354958 0.0478516
106.3 0.0354145 0.0477089
106.4 0.0353246 0.0475623
106.5 0.0352264 0.0474122
106.6 0.0351202 0.0472592
106.7 0.0350062 0.0471037
106.8 0.0348847 0.0469464
106.9 0.034756 0.0467878
107 0.0346206 0.0466285
107.1 0.0344786 0.046469
107.2 0.0343305 0.0463099
107.3 0.0341766 0.0461518
107.4 0.0340172 0.0459953
107.5 0.0338528 0.0458409
107.6 0.0336836 0.0456892
107.7 0.0335101 0.0455407
107.8 0.0333326 0.0453959
107.9 0.0331514 0.0452553
108 0.0329669 0.0451194
108.1 0.0327794 0.0449886
108.2 0.0325893 0.0448633
108.3 0.0323968 0.044744
108.4 0.0322023 0.0446309
108.5 0.032006 0.0445244
108.6 0.0318083 0.0444248
108.7 0.0316093 0.0443322
108.8 0.0314094 0.0442469
108.9 0.0312088 0.0441691
109 0.0310077 0.0440989
109.1 0.0308062 0.0440363
109.2 0.0306046 0.0439814
109.3 0.030403 0.0439342
109.4 0.0302016 0.0438947
109.5 0.0300005 0.0438628
109.6 0.0297998 0.0438385
109.7 0.0295997 0.0438215
109.8 0.0294002 0.0438118
109.9 0.0292013 0.0438091
110 0.0290033 0.0438131
110.1 0.0288061 0.0438238
110.2 0.0286098 0.0438407
110.3 0.0284144 0.0438637
110.4 0.02822 0.0438923
110.5 0.0280266 0.0439263
110.6 0.0278342 0.0439654
110.7 0.027643 0.0440092
110.8 0.0274529 0.0440573
110.9 0.027264 0.0441095
111 0.0270763 0.0441653
111.1 0.02689 0.0442245
111.2 0.0267051 0.0442866
111.3 0.0265216 0.0443515
111.4 0.0263398 0.0444187
111.5 0.0261597 0.0444879
111.6 0.0259815 0.044559
111.7 0.0258053 0.0446315
111.8 0.0256313 0.0447054
111.9 0.0254599 0.0447803
112 0.0252911 0.044856
112.1 0.0251252 0.0449325
112.2 0.0249626 0.0450095
112.3 0.0248036 0.045087
112.4 0.0246485 0.0451649
112.5 0.0244977 0.0452432
112.6 0.0243517 0.0453218
112.7 0.0242108 0.0454007
112.8 0.0240755 0.0454801
112.9 0.0239464 0.0455599
113 0.0238239 0.0456404
113.1 0.0237086 0.0457216
113.2 0.0236011 0.0458038
113.3 0.023502 0.0458871
113.4 0.0234119 0.0459718
113.5 0.0233315 0.0460582
113.6 0.0232614 0.0461464
113.7 0.0232023 0.0462369
113.8 0.0231549 0.04633
113.9 0.0231199 0.046426
114 0.0230981 0.0465252
114.1 0.02309 0.0466281
114.2 0.0230965 0.046735
114.3 0.0231182 0.0468463
114.4 0.023156 0.0469625
114.5 0.0232103 0.0470839
114.6 0.023282 0.047211
114.7 0.0233717 0.0473441
114.8 0.02348 0.0474837
114.9 0.0236076 0.0476301
115 0.023755 0.0477837
115.1 0.0239228 0.047945
115.2 0.0241115 0.0481142
115.3 0.0243216 0.0482918
115.4 0.0245535 0.0484779
115.5 0.0248075 0.048673
115.6 0.025084 0.0488774
115.7 0.0253832 0.0490912
115.8 0.0257054 0.0493147
115.9 0.0260507 0.0495482
116 0.0264191 0.0497917
116.1 0.0268106 0.0500455
116.2 0.0272253 0.0503097
116.3 0.0276628 0.0505843
116.4 0.0281231 0.0508694
116.5 0.0286058 0.0511651
116.6 0.0291106 0.0514713
116.7 0.029637 0.0517879
116.8 0.0301844 0.052115
116.9 0.0307523 0.0524523
117 0.0313399 0.0527999
117.1 0.0319465 0.0531574
117.2 0.0325712 0.0535247
117.3 0.0332132 0.0539016
117.4 0.0338713 0.0542879
117.5 0.0345445 0.0546832
117.6 0.0352318 0.0550872
117.7 0.0359317 0.0554997
117.8 0.0366432 0.0559202
117.9 0.0373647 0.0563484
118 0.038095 0.0567838
118.1 0.0388325 0.0572262
118.2 0.0395758 0.057675
118.3 0.0403232 0.0581298
118.4 0.0410732 0.0585901
118.5 0.0418242 0.0590555
118.6 0.0425744 0.0595254
118.7 0.0433223 0.0599994
118.8 0.044066 0.060477
118.9 0.0448039 0.0609576
119 0.0455341 0.0614407
119.1 0.0462551 0.0619259
119.2 0.046965 0.0624124
119.3 0.0476621 0.0628999
119.4 0.0483447 0.0633878
119.5 0.0490111 0.0638755
119.6 0.0496597 0.0643625
119.7 0.0502888 0.0648481
119.8 0.0508968 0.065332
119.9 0.0514822 0.0658134
120 0.0520435 0.066292
120.1 0.0525792 0.0667669
120.2 0.053088 0.0672379
120.3 0.0535685 0.0677041
120.4 0.0540196 0.0681652
120.5 0.0544399 0.0686204
120.6 0.0548285 0.0690693
120.7 0.0551844 0.0695113
120.8 0.0555065 0.0699457
120.9 0.055794 0.070372
121 0.0560463 0.0707896
121.1 0.0562626 0.0711978
121.2 0.0564424 0.0715961
121.3 0.0565853 0.0719838
121.4 0.0566908 0.0723604
121.5 0.0567587 0.0727251
121.6 0.0567888 0.0730774
121.7 0.0567811 0.0734165
121.8 0.0567355 0.0737418
121.9 0.0566523 0.0740527
122 0.0565317 0.0743485
122.1 0.0563739 0.0746284
122.2 0.0561794 0.0748918
122.3 0.0559487 0.0751379
122.4 0.0556823 0.0753661
122.5 0.0553811 0.0755757
122.6 0.0550456 0.0757658
122.7 0.0546769 0.0759358
122.8 0.0542757 0.0760849
122.9 0.0538431 0.0762124
123 0.0533802 0.0763176
123.1 0.052888 0.0763997
123.2 0.0523678 0.076458
123.3 0.0518207 0.0764918
123.4 0.0512481 0.0765004
123.5 0.0506512 0.076483
123.6 0.0500315 0.076439
123.7 0.0493903 0.0763677
123.8 0.0487291 0.0762684
123.9 0.0480493 0.0761406
124 0.0473523 0.0759836
124.1 0.0466397 0.0757969
124.2 0.0459129 0.0755799
124.3 0.0451733 0.0753321
124.4 0.0444226 0.0750531
124.5 0.0436621 0.0747424
124.6 0.0428934 0.0743997
124.7 0.0421178 0.0740247
124.8 0.0413368 0.073617
124.9 0.0405517 0.0731764
125 0.039764 0.0727029
125.1 0.038975 0.0721963
125.2 0.0381859 0.0716566
125.3 0.037398 0.0710838
125.4 0.0366126 0.0704781
125.5 0.0358307 0.0698395
125.6 0.0350535 0.0691685
125.7 0.0342821 0.0684652
125.8 0.0335175 0.0677302
125.9 0.0327606 0.0669638
126 0.0320124 0.0661666
126.1 0.0312735 0.0653394
126.2 0.030545 0.0644827
126.3 0.0298274 0.0635975
126.4 0.0291214 0.0626845
126.5 0.0284277 0.0617448
126.6 0.0277467 0.0607793
126.7 0.027079 0.0597892
126.8 0.026425 0.0587757
126.9 0.025785 0.0577399
127 0.0251594 0.0566832
127.1 0.0245484 0.055607
127.2 0.0239523 0.0545128
127.3 0.0233711 0.0534019
127.4 0.0228049 0.052276
127.5 0.0222539 0.0511367
127.6 0.0217181 0.0499855
127.7 0.0211973 0.0488243
127.8 0.0206915 0.0476547
127.9 0.0202006 0.0464785
128 0.0197244 0.0452974
128.1 0.0192627 0.0441132
128.2 0.0188153 0.0429277
128.3 0.018382 0.0417428
128.4 0.0179624 0.0405603
128.5 0.0175562 0.0393819
128.6 0.0171632 0.0382095
128.7 0.016783 0.0370449
128.8 0.0164151 0.0358897
128.9 0.0160592 0.0347457
129 0.015715 0.0336147
129.1 0.015382 0.0324982
129.2 0.0150597 0.0313979
129.3 0.0147479 0.0303152
129.4 0.0144459 0.0292518
129.5 0.0141536 0.028209
129.6 0.0138703 0.0271882
129.7 0.0135957 0.0261907
129.8 0.0133293 0.0252176
129.9 0.0130709 0.0242702
130 0.0128198 0.0233494
130.1 0.0125758 0.0224562
130.2 0.0123384 0.0215915
130.3 0.0121073 0.0207561
130.4 0.0118821 0.0199506
130.5 0.0116624 0.0191756
130.6 0.0114479 0.0184316
130.7 0.0112382 0.017719
130.8 0.0110331 0.017038
130.9 0.0108322 0.0163889
131 0.0106353 0.0157716
131.1 0.010442 0.0151863
131.2 0.0102521 0.0146328
131.3 0.0100653 0.0141108
131.4 0.0098815 0.0136202
131.5 0.00970036 0.0131604
131.6 0.00952171 0.012731
131.7 0.00934536 0.0123314
131.8 0.00917113 0.011961
131.9 0.00899886 0.011619
132 0.00882841 0.0113047
132.1 0.00865962 0.0110171
132.2 0.00849239 0.0107554
132.3 0.00832659 0.0105185
132.4 0.00816213 0.0103053
132.5 0.00799892 0.0101148
132.6 0.00783687 0.0099458
132.7 0.00767592 0.00979712
132.8 0.007516 0.00966753
132.9 0.00735707 0.00955578
133 0.00719909 0.00946061
133.1 0.00704201 0.00938071
133.2 0.00688582 0.00931478
133.3 0.00673049 0.00926153
133.4 0.006576 0.00921965
133.5 0.00642237 0.00918784
133.6 0.00626957 0.00916481
133.7 0.00611762 0.00914929
133.8 0.00596653 0.00914004
133.9 0.00581632 0.00913582
134 0.00566699 0.00913546
134.1 0.00551858 0.00913779
134.2 0.00537112 0.0091417
134.3 0.00522463 0.00914612
134.4 0.00507915 0.00915002
134.5 0.00493472 0.00915243
134.6 0.00479137 0.00915243
134.7 0.00464916 0.00914916
134.8 0.00450812 0.0091418
134.9 0.00436831 0.00912961
135 0.00422978 0.00911192
135.1 0.00409258 0.00908809
135.2 0.00395676 0.00905758
135.3 0.00382238 0.00901988
135.4 0.00368949 0.00897459
135.5 0.00355817 0.00892132
135.6 0.00342846 0.0088598
135.7 0.00330042 0.00878978
135.8 0.00317413 0.0087111
135.9 0.00304964 0.00862366
136 0.00292701 0.00852739
136.1 0.00280631 0.00842233
136.2 0.0026876 0.00830853
136.3 0.00257095 0.00818612
136.4 0.00245641 0.00805528
136.5 0.00234404 0.00791623
136.6 0.00223392 0.00776923
136.7 0.0021261 0.00761461
136.8 0.00202063 0.00745271
136.9 0.00191758 0.00728393
137 0.001817 0.00710869
137.1 0.00171894 0.00692744
137.2 0.00162345 0.00674067
137.3 0.00153059 0.00654888
137.4 0.00144039 0.00635259
137.5 0.0013529 0.00615234
137.6 0.00126815 0.00594869
137.7 0.00118619 0.00574219
137.8 0.00110704 0.00553341
137.9 0.00103073 0.00532292
138 0.000957276 0.00511128
138.1 0.000886703 0.00489908
138.2 0.000819023 0.00468685
138.3 0.000754243 0.00447515
138.4 0.000692366 0.00426451
138.5 0.000633391 0.00405546
138.6 0.000577309 0.00384849
138.7 0.000524109 0.0036441
138.8 0.000473772 0.00344274
138.9 0.000426275 0.00324485
139 0.000381587 0.00305085
139.1 0.000339676 0.00286112
139.2 0.0003005 0.00267603
139.3 0.000264014 0.00249591
139.4 0.000230168 0.00232105
139.5 0.000198906 0.00215174
139.6 0.000170166 0.00198821
139.7 0.000143884 0.00183067
139.8 0.000119989 0.00167931
139.9 9.84064e-05 0.00153428
140 7.90579e-05 0.00139569
140.1 6.18607e-05 0.00126363
140.2 4.67288e-05 0.00113817
140.3 3.35731e-05 0.00101934
140.4 2.23013e-05 0.000907138
140.5 1.28188e-05 0.000801544
140.6 5.02871e-06 0.000702511
140.7 -1.16756e-06 0.000609966
140.8 -5.87004e-06 0.000523814
140.9 -9.17979e-06 0.000443937
141 -1.11984e-05 0.0003702
141.1 -1.20279e-05 0.000302446
141.2 -1.17697e-05 0.000240504
141.3 -1.0525e-05 0.000184184
141.4 -8.39394e-06 0.000133286
141.5 -5.47518e-06 8.75964e-05
141.6 -1.8657e-06 4.68901e-05
141.7 2.33962e-06 1.09348e-05
141.8 7.04839e-06 -2.05099e-05
141.9 1.2171e-05 -4.76896e-05
142 1.76209e-05 -7.08541e-05
142.1 2.33151e-05 -9.02557e-05
142.2 2.9174e-05 -0.000106148
142.3 3.51224e-05 -0.000118783
142.4 4.10887e-05 -0.000128413
142.5 4.70061e-05 -0.000135286
142.6 5.28122e-05 -0.000139647
142.7 5.84492e-05 -0.000141734
142.8 6.38641e-05 -0.00014178
142.9 6.9009e-05 -0.000140012
143 7.38407e-05 -0.000136647
143.1 7.83211e-05 -0.000131893
143.2 8.24172e-05 -0.000125951
143.3 8.61007e-05 -0.00011901
143.4 8.93485e-05 -0.000111249
143.5 9.21422e-05 -0.000102837
143.6 9.44681e-05 -9.39302e-05
143.7 9.63171e-05 -8.46757e-05
143.8 9.76847e-05 -7.52074e-05
143.9 9.85705e-05 -6.56486e-05
144 9.89784e-05 -5.61108e-05
