-0.996 -1.48788e-05 2.59205e-06
-0.992 -5.11046e-05 7.56819e-06
-0.988 -7.77399e-05 1.7408e-05
-0.984 -4.80979e-05 4.11901e-05
-0.98 7.8518e-05 8.72961e-05
-0.976 0.000308817 0.000154689
-0.972 0.000593629 0.000227881
-0.968 0.000825188 0.000279123
-0.964 0.000861465 0.00027798
-0.96 0.000575414 0.000204724
-0.956 -8.44939e-05 6.16939e-05
-0.952 -0.00104445 -0.000123038
-0.948 -0.00208932 -0.00030243
-0.944 -0.00289537 -0.000425992
-0.94 -0.00311093 -0.000458166
-0.936 -0.00246583 -0.00039173
-0.932 -0.000875928 -0.000249809
-0.928 0.00149519 -7.45934e-05
-0.924 0.00424638 9.31325e-05
-0.92 0.00682958 0.000234583
-0.916 0.00870226 0.000363096
-0.912 0.00949835 0.000516305
-0.908 0.0091615 0.000729994
-0.904 0.00798922 0.00100208
-0.9 0.00656051 0.00126199
-0.896 0.00555692 0.00136246
-0.892 0.00552476 0.00110546
-0.888 0.00665355 0.000302433
-0.884 0.00864924 -0.00114494
-0.88 0.0107593 -0.00316952
-0.876 0.0119622 -0.00549944
-0.872 0.0112799 -0.0076797
-0.868 0.00812562 -0.00916302
-0.864 0.0025761 -0.00945584
-0.86 -0.00453254 -0.00828265
-0.856 -0.0117393 -0.00571797
-0.852 -0.0173095 -0.00223639
-0.848 -0.0197194 0.00135101
-0.844 -0.0181362 0.00407356
-0.84 -0.0127474 0.00505441
-0.836 -0.00482148 0.00377388
-0.832 0.00354518 0.000263888
-0.828 0.00994719 -0.0048344
-0.824 0.0123222 -0.0103836
-0.82 0.0095519 -0.0150194
-0.816 0.00182945 -0.0175121
-0.812 -0.00932837 -0.0171213
-0.808 -0.0214469 -0.0138371
-0.804 -0.0317458 -0.00842521
-0.8 -0.0378983 -0.00224695
-0.796 -0.0386789 0.00310795
-0.792 -0.0343075 0.00627863
-0.788 -0.0263859 0.0065469
-0.784 -0.0174377 0.00407881
-0.78 -0.0101909 -9.08778e-05
-0.776 -0.00681561 -0.00434239
-0.772 -0.00835343 -0.00695086
-0.768 -0.0145079 -0.00662429
-0.764 -0.0238527 -0.00293341
-0.76 -0.0343732 0.00351008
-0.756 -0.0441465 0.0112
-0.752 -0.0519158 0.0181813
-0.748 -0.0573524 0.022672
-0.744 -0.0609091 0.0236703
-0.74 -0.0633178 0.0213485
-0.736 -0.0649272 0.0170863
-0.732 -0.0651555 0.0130989
-0.728 -0.0623199 0.0117442
-0.724 -0.0539914 0.0147014
-0.72 -0.0378442 0.0222745
-0.716 -0.0127719 0.0330551
-0.712 0.0200991 0.0440918
-0.708 0.0569024 0.0515681
-0.704 0.0913356 0.0518335
-0.7 0.115858 0.0425123
-0.696 0.123581 0.0233652
-0.692 0.11038 -0.00337707
-0.688 0.0766155 -0.0333529
-0.684 0.0278542 -0.0610418
-0.68 -0.0257675 -0.0811358
-0.676 -0.0715709 -0.0899464
-0.672 -0.0973511 -0.0864447
-0.668 -0.0946555 -0.0726182
-0.664 -0.0614319 -0.0530051
-0.66 -0.00323284 -0.0334991
-0.656 0.0675199 -0.0197306
-0.652 0.134204 -0.0154667
-0.648 0.180045 -0.0214868
-0.644 0.19254 -0.0352742
-0.64 0.167055 -0.0516417
-0.636 0.108542 -0.064148
-0.632 0.0307589 -0.0669271
-0.628 -0.0469465 -0.0564213
-0.624 -0.104559 -0.0325219
-0.62 -0.126768 0.00122518
-0.616 -0.107341 0.0384319
-0.612 -0.0512348 0.0714959
-0.608 0.0262762 0.0936023
-0.604 0.103362 0.100542
-0.6 0.157414 0.0918315
-0.596 0.171322 0.0708082
-0.592 0.138518 0.0436693
-0.588 0.0653232 0.0177243
-0.584 -0.0301837 -0.000634965
-0.58 -0.122625 -0.00765791
-0.576 -0.186016 -0.00315382
-0.572 -0.200931 0.00965888
-0.568 -0.160182 0.0253207
-0.564 -0.0713488 0.037962
-0.56 0.0446745 0.0432421
-0.556 0.158895 0.0397993
-0.552 0.241905 0.0297579
-0.548 0.271999 0.0181109
-0.544 0.241483 0.0111422
-0.54 0.159363 0.0143469
-0.536 0.0495401 0.0304769
-0.532 -0.0551682 0.0583184
-0.528 -0.121698 0.0926054
-0.524 -0.125832 0.12515
-0.52 -0.059257 0.146918
-0.516 0.0674203 0.150487
-0.512 0.22666 0.13221
-0.508 0.380611 0.0934612
-0.504 0.490707 0.0405793
-0.5 0.527729 -0.0165088
-0.496 0.479625 -0.0666451
-0.492 0.354934 -0.100157
-0.488 0.180805 -0.11121
-0.484 -0.00395696 -0.099187
-0.48 -0.159058 -0.0687365
-0.476 -0.253405 -0.0285187
-0.472 -0.273454 0.0109857
-0.468 -0.226891 0.0400031
-0.464 -0.140558 0.0516656
-0.46 -0.0530583 0.0433442
-0.456 -0.00391433 0.0168463
-0.452 -0.0221507 -0.0224667
-0.448 -0.117354 -0.067299
-0.444 -0.275695 -0.110265
-0.44 -0.462133 -0.145445
-0.436 -0.628434 -0.169276
-0.432 -0.7251 -0.180655
-0.428 -0.714251 -0.18037
-0.424 -0.580188 -0.170192
-0.42 -0.334871 -0.151994
-0.416 -0.016823 -0.127227
-0.412 0.31646 -0.0968836
-0.408 0.600841 -0.0618794
-0.404 0.779764 -0.0236012
-0.4 0.817004 0.0156787
-0.396 0.704977 0.0527762
-0.392 0.466702 0.0840369
-0.388 0.15099 0.106128
-0.384 -0.177949 0.116899
-0.38 -0.454077 0.11597
-0.376 -0.623172 0.10478
-0.372 -0.653593 0.0860329
-0.368 -0.541928 0.0626966
-0.364 -0.312585 0.0369421
-0.36 -0.0117154 0.00947984
-0.356 0.302894 -0.0203426
-0.352 0.573612 -0.0535686
-0.348 0.753882 -0.0900158
-0.344 0.816143 -0.126562
-0.34 0.75544 -0.156051
-0.336 0.588451 -0.167468
-0.332 0.348636 -0.14775
-0.328 0.0788787 -0.0850746
-0.324 -0.176671 0.0270501
-0.32 -0.379979 0.186012
-0.316 -0.504539 0.377884
-0.312 -0.53821 0.577813
-0.308 -0.483462 0.753425
-0.304 -0.355461 0.870891
-0.3 -0.178703 0.902431
-0.296 0.0170486 0.833499
-0.292 0.200885 0.667687
-0.288 0.344503 0.427803
-0.284 0.425311 0.152385
-0.28 0.428783 -0.111923
-0.276 0.349974 -0.320577
-0.272 0.194137 -0.441545
-0.268 -0.023647 -0.463268
-0.264 -0.279883 -0.397995
-0.26 -0.545124 -0.27933
-0.256 -0.787356 -0.154304
-0.252 -0.976016 -0.0717198
-0.248 -1.08617 -0.0695779
-0.244 -1.10231 -0.164791
-0.24 -1.02114 -0.347923
-0.236 -0.852858 -0.584491
-0.232 -0.620541 -0.822707
-0.228 -0.357608 -1.00585
-0.224 -0.103473 -1.08617
-0.22 0.102043 -1.03691
-0.216 0.224767 -0.859152
-0.212 0.241788 -0.581931
-0.208 0.145697 -0.255378
-0.204 -0.0533197 0.0613002
-0.2 -0.328047 0.31392
-0.196 -0.637605 0.465859
-0.192 -0.933348 0.505794
-0.188 -1.16656 0.448691
-0.184 -1.29678 0.329948
-0.18 -1.29929 0.194419
-0.176 -1.17026 0.0834708
-0.172 -0.928375 0.0236549
-0.168 -0.61212 0.0201221
-0.164 -0.273113 0.0565139
-0.16 0.0337553 0.101238
-0.156 0.261484 0.118234
-0.152 0.381196 0.0790624
-0.148 0.389076 -0.0272493
-0.144 0.308107 -0.189509
-0.14 0.183686 -0.376272
-0.136 0.0736043 -0.543888
-0.132 0.0342383 -0.648441
-0.128 0.105919 -0.65821
-0.124 0.300892 -0.563085
-0.12 0.596989 -0.378236
-0.116 0.939073 -0.140863
-0.112 1.24874 0.0991622
-0.108 1.44082 0.292279
-0.104 1.44341 0.402246
-0.1 1.21693 0.415497
-0.096 0.76742 0.344136
-0.092 0.150269 0.221668
-0.088 -0.537395 0.0926366
-0.084 -1.17479 -0.000847028
-0.08 -1.64257 -0.0318142
-0.076 -1.84967 0.00327267
-0.072 -1.75571 0.083045
-0.068 -1.38361 0.167063
-0.064 -0.818659 0.207446
-0.06 -0.193172 0.1632
-0.056 0.340853 0.0133636
-0.052 0.645686 -0.234691
-0.048 0.630989 -0.54424
-0.044 0.278429 -0.856037
-0.04 -0.348366 -1.10143
-0.036 -1.11145 -1.21841
-0.032 -1.82287 -1.16652
-0.028 -2.28102 -0.936611
-0.024 -2.3118 -0.553069
-0.02 -1.80611 -0.0680134
-0.016 -0.74608 0.450808
-0.012 0.785718 0.935159
-0.008 2.61634 1.33053
-0.004 4.51037 1.60589
0 6.2104 1.75688
0.004 7.48241 1.80192
0.008 8.15621 1.77361
0.012 8.15426 1.70677
0.016 7.50193 1.6281
0.02 6.31845 1.54969
0.024 4.79124 1.46789
0.028 3.13958 1.36773
0.032 1.57572 1.231
0.036 0.27074 1.04522
0.04 -0.668522 0.810539
0.044 -1.20878 0.542249
0.048 -1.38551 0.26813
0.052 -1.28674 0.0214286
0.056 -1.02969 -0.168298
0.06 -0.73552 -0.283628
0.064 -0.507082 -0.324389
0.068 -0.413556 -0.307871
0.072 -0.483931 -0.264023
0.076 -0.709147 -0.226977
0.08 -1.05093 -0.225306
0.084 -1.45419 -0.273781
0.088 -1.85985 -0.369038
0.092 -2.21548 -0.490479
0.096 -2.48246 -0.606279
0.1 -2.63924 -0.682832
0.104 -2.68118 -0.694919
0.108 -2.61806 -0.633588
0.112 -2.47006 -0.509373
0.116 -2.26346 -0.349865
0.12 -2.02659 -0.192332
0.124 -1.78643 -0.0735475
0.128 -1.56575 -0.0197508
0.132 -1.3808 -0.0396424
0.136 -1.23939 -0.12237
0.14 -1.13972 -0.241068
0.144 -1.07042 -0.360912
0.148 -1.01222 -0.449363
0.152 -0.941513 -0.485619
0.156 -0.835333 -0.466498
0.16 -0.676979 -0.406978
0.164 -0.461047 -0.335212
0.168 -0.196617 -0.283436
0.172 0.0924571 -0.277434
0.176 0.370621 -0.327681
0.18 0.596838 -0.424832
0.184 0.732878 -0.541022
0.188 0.751989 -0.636793
0.192 0.64595 -0.671856
0.196 0.42873 -0.616738
0.2 0.135676 -0.462044
0.204 -0.181897 -0.222633
0.208 -0.465757 0.0646251
0.212 -0.661687 0.349092
0.216 -0.730036 0.578508
0.22 -0.653667 0.71189
0.224 -0.441584 0.72976
0.228 -0.127435 0.639018
0.232 0.2368 0.471135
0.236 0.590589 0.274123
0.24 0.876055 0.100339
0.244 1.04831 -0.00673053
0.248 1.08297 -0.0232979
0.252 0.979539 0.0490352
0.256 0.760346 0.184118
0.26 0.465493 0.338301
0.264 0.145145 0.461774
0.268 -0.149279 0.511227
0.272 -0.373352 0.460614
0.276 -0.496004 0.307393
0.28 -0.503216 0.0728567
0.284 -0.398834 -0.203286
0.288 -0.202795 -0.472478
0.292 0.0526147 -0.688493
0.296 0.327703 -0.817404
0.3 0.580802 -0.844042
0.304 0.773599 -0.77363
0.308 0.875919 -0.628625
0.312 0.869599 -0.441965
0.316 0.751128 -0.248719
0.32 0.532696 -0.0783466
0.324 0.241316 0.0505934
0.328 -0.0841784 0.132273
0.332 -0.398213 0.171978
0.336 -0.655161 0.181951
0.34 -0.816777 0.176208
0.344 -0.859144 0.16591
0.348 -0.777739 0.156553
0.352 -0.589408 0.147526
0.356 -0.330434 0.133868
0.36 -0.050683 0.109382
0.364 0.195352 0.0699619
0.368 0.359015 0.0160214
0.372 0.407343 -0.0467307
0.376 0.330168 -0.108342
0.38 0.142794 -0.157108
0.384 -0.116563 -0.182692
0.388 -0.394225 -0.178916
0.392 -0.631943 -0.145415
0.396 -0.778939 -0.0877202
0.4 -0.802465 -0.0158401
0.404 -0.694523 0.0582013
0.408 -0.473235 0.123113
0.412 -0.178541 0.170625
0.416 0.136764 0.196747
0.42 0.418581 0.201809
0.424 0.622987 0.189426
0.428 0.725026 0.164884
0.432 0.722838 0.133488
0.436 0.636331 0.0994103
0.44 0.500883 0.0652853
0.444 0.357774 0.0325391
0.448 0.243798 0.00217043
0.452 0.182611 -0.0244365
0.456 0.179869 -0.045066
0.46 0.22318 -0.0568286
0.464 0.286673 -0.0569128
0.468 0.338827 -0.0436801
0.472 0.351435 -0.0177005
0.476 0.307351 0.0176933
0.48 0.205061 0.0566148
0.484 0.0589871 0.0916449
0.488 -0.104402 0.115443
0.492 -0.253546 0.122524
0.496 -0.3599 0.11069
0.5 -0.405061 0.0816887
0.504 -0.385119 0.0408783
0.508 -0.311192 -0.0040406
0.512 -0.206127 -0.04488
0.516 -0.098352 -0.0749059
0.52 -0.0145401 -0.0903338
0.524 0.0269674 -0.090986
0.528 0.0203085 -0.0799665
0.532 -0.0271474 -0.0624901
0.536 -0.0974825 -0.0442403
0.54 -0.167489 -0.0297495
0.544 -0.215014 -0.021268
0.548 -0.22471 -0.0184292
0.552 -0.191723 -0.018765
0.556 -0.12249 -0.0188655
0.56 -0.0325606 -0.0157831
0.564 0.0578282 -0.00821446
0.568 0.129168 0.00292287
0.572 0.167602 0.0147021
0.576 0.168092 0.0231148
0.58 0.135096 0.0244149
0.584 0.0807296 0.0164474
0.588 0.0210508 -0.000464851
0.592 -0.0284366 -0.0233723
0.596 -0.0568235 -0.0473555
0.6 -0.0603429 -0.066811
0.604 -0.0428354 -0.0769936
0.608 -0.01413 -0.0753564
0.612 0.0131087 -0.0622897
0.616 0.0271289 -0.0410307
0.62 0.0203979 -0.0167657
0.624 -0.00839737 0.00482053
0.628 -0.0541086 0.0191314
0.632 -0.10661 0.0239268
0.636 -0.153523 0.0199117
0.64 -0.183413 0.0104805
0.644 -0.188621 0.000691333
0.648 -0.167029 -0.00423379
0.652 -0.122398 -0.000457251
0.656 -0.0632646 0.013315
0.66 -0.000794821 0.035385
0.664 0.0538076 0.0614445
0.668 0.0916697 0.0856716
0.672 0.107858 0.102236
0.676 0.101951 0.106799
0.68 0.0775711 0.0976076
0.684 0.0411485 0.0759041
0.688 0.00029631 0.0455697
0.692 -0.0377699 0.0121188
0.696 -0.0674335 -0.0186589
0.7 -0.0853144 -0.0420388
0.704 -0.0903369 -0.0553421
0.708 -0.0833626 -0.0583278
0.712 -0.0666047 -0.052947
0.716 -0.0430299 -0.0425788
0.72 -0.0158859 -0.0309976
0.724 0.0116076 -0.021372
0.728 0.0364499 -0.0155562
0.732 0.0560159 -0.0138314
0.736 0.0682517 -0.0151162
0.74 0.0719277 -0.0175312
0.744 0.066904 -0.019115
0.748 0.0543089 -0.0184677
0.752 0.0365235 -0.0151411
0.756 0.0168956 -0.00968684
0.76 -0.000814549 -0.00338611
0.764 -0.0131684 0.00222581
0.768 -0.0178001 0.00587264
0.772 -0.0139897 0.00692656
0.776 -0.00288859 0.0055635
0.78 0.012689 0.00265542
0.784 0.0288887 -0.000546463
0.788 0.0417119 -0.00282348
0.792 0.0479672 -0.00336239
0.796 0.0460331 -0.00197733
0.8 0.0362353 0.000876519
0.804 0.0207393 0.00428742
0.808 0.00299053 0.00719982
0.812 -0.013148 0.0087515
0.816 -0.0243361 0.00853071
0.82 -0.028533 0.00668039
0.824 -0.0254201 0.00382782
0.828 -0.0163765 0.000872237
0.832 -0.004037 -0.00129617
0.836 0.00843261 -0.0020578
0.84 0.0181399 -0.00122973
0.844 0.0231367 0.000905504
0.848 0.0227945 0.00370633
0.852 0.0178127 0.00637278
0.856 0.00989 0.00817612
0.86 0.00117843 0.00864981
0.864 -0.00631642 0.00769116
0.868 -0.0112243 0.00555385
0.872 -0.0130706 0.00274514
0.876 -0.0122651 -0.000132652
0.88 -0.00985189 -0.00254505
0.884 -0.00712049 -0.00414667
0.888 -0.00520044 -0.00483318
0.892 -0.00475673 -0.00472005
0.896 -0.00585877 -0.0040665
0.9 -0.0080386 -0.00317579
0.904 -0.0104982 -0.0023054
0.908 -0.0123874 -0.00161132
0.912 -0.0130639 -0.00113651
0.916 -0.0122608 -0.000837349
0.92 -0.010127 -0.000631284
0.924 -0.00714133 -0.00044461
0.928 -0.00394568 -0.000243624
0.932 -0.00115316 -4.1153e-05
0.936 0.000808029 0.000119056
0.94 0.00177615 0.000189756
0.944 0.00185084 0.00014622
0.948 0.00131674 1.34983e-07
0.952 0.000530056 -0.000203128
0.956 -0.000192526 -0.000401174
0.96 -0.000650127 -0.000537172
0.964 -0.000783335 -0.000578839
0.968 -0.000651832 -0.000526678
0.972 -0.000381342 -0.000409329
0.976 -0.000103622 -0.000269256
0.98 8.942e-05 -0.000145506
0.984 0.000165615 -6.07713e-05
0.988 0.000146049 -1.74145e-05
0.992 8.10796e-05 -2.84105e-06
0.996 2.19882e-05 -4.25452e-07
0.1 0.0150783 0.00828582
0.2 0.0151516 0.00830657
0.3 0.0152737 0.00834115
0.4 0.0154444 0.00838954
0.5 0.0156636 0.00845175
0.6 0.0159311 0.00852776
0.7 0.0162465 0.00861756
0.8 0.0166096 0.00872113
0.9 0.01702 0.00883846
1 0.0174774 0.00896955
1.1 0.0179812 0.00911438
1.2 0.0185311 0.00927296
1.3 0.0191266 0.00944527
1.4 0.0197672 0.00963133
1.5 0.0204524 0.00983116
1.6 0.0211816 0.0100448
1.7 0.0219544 0.0102722
1.8 0.0227702 0.0105135
1.9 0.0236285 0.0107687
2 0.0245288 0.0110379
2.1 0.0254706 0.0113212
2.2 0.0264535 0.0116187
2.3 0.027477 0.0119306
2.4 0.0285408 0.0122569
2.5 0.0296444 0.0125978
2.6 0.0307876 0.0129535
2.7 0.0319701 0.0133243
2.8 0.0331917 0.0137103
2.9 0.0344522 0.0141118
3 0.0357515 0.0145292
3.1 0.0370896 0.0149626
3.2 0.0384664 0.0154124
3.3 0.0398822 0.015879
3.4 0.041337 0.0163627
3.5 0.042831 0.0168639
3.6 0.0443647 0.0173831
3.7 0.0459382 0.0179206
3.8 0.0475522 0.018477
3.9 0.0492069 0.0190526
4 0.0509032 0.019648
4.1 0.0526414 0.0202636
4.2 0.0544225 0.0209001
4.3 0.056247 0.0215577
4.4 0.0581158 0.0222372
4.5 0.0600297 0.022939
4.6 0.0619897 0.0236636
4.7 0.0639966 0.0244116
4.8 0.0660514 0.0251835
4.9 0.0681551 0.0259797
5 0.0703087 0.0268009
5.1 0.0725131 0.0276474
5.2 0.0747695 0.0285198
5.3 0.0770789 0.0294185
5.4 0.0794421 0.0303439
5.5 0.0818603 0.0312964
5.6 0.0843344 0.0322764
5.7 0.0868652 0.0332841
5.8 0.0894538 0.03432
5.9 0.0921008 0.0353843
6 0.0948071 0.0364771
6.1 0.0975734 0.0375987
6.2 0.1004 0.0387492
6.3 0.103288 0.0399286
6.4 0.106238 0.041137
6.5 0.10925 0.0423743
6.6 0.112324 0.0436405
6.7 0.11546 0.0449355
6.8 0.118659 0.0462589
6.9 0.12192 0.0476107
7 0.125243 0.0489903
7.1 0.128628 0.0503976
7.2 0.132075 0.0518321
7.3 0.135582 0.0532931
7.4 0.139149 0.0547804
7.5 0.142776 0.0562931
7.6 0.146461 0.0578306
7.7 0.150203 0.0593923
7.8 0.154001 0.0609773
7.9 0.157853 0.0625848
8 0.161758 0.064214
8.1 0.165714 0.0658639
8.2 0.16972 0.0675335
8.3 0.173774 0.0692218
8.4 0.177872 0.0709279
8.5 0.182015 0.0726505
8.6 0.186198 0.0743885
8.7 0.19042 0.0761409
8.8 0.194678 0.0779063
8.9 0.19897 0.0796837
9 0.203293 0.0814718
9.1 0.207644 0.0832693
9.2 0.212022 0.085075
9.3 0.216421 0.0868876
9.4 0.220841 0.0887059
9.5 0.225278 0.0905286
9.6 0.229729 0.0923544
9.7 0.234191 0.0941821
9.8 0.238661 0.0960104
9.9 0.243136 0.0978381
10 0.247614 0.099664
10.1 0.252091 0.101487
10.2 0.256564 0.103306
10.3 0.261031 0.105119
10.4 0.265488 0.106926
10.5 0.269934 0.108725
10.6 0.274364 0.110516
10.7 0.278777 0.112297
10.8 0.28317 0.114068
10.9 0.28754 0.115827
11 0.291886 0.117573
11.1 0.296204 0.119307
11.2 0.300493 0.121026
11.3 0.30475 0.122731
11.4 0.308974 0.12442
11.5 0.313162 0.126093
11.6 0.317313 0.127749
11.7 0.321426 0.129387
11.8 0.325499 0.131008
11.9 0.32953 0.13261
12 0.333518 0.134194
12.1 0.337462 0.135758
12.2 0.341362 0.137302
12.3 0.345216 0.138827
12.4 0.349024 0.140331
12.5 0.352785 0.141815
12.6 0.356499 0.143278
12.7 0.360165 0.14472
12.8 0.363784 0.146141
12.9 0.367354 0.147541
13 0.370877 0.14892
13.1 0.374351 0.150278
13.2 0.377779 0.151615
13.3 0.381159 0.15293
13.4 0.384492 0.154224
13.5 0.387779 0.155496
13.6 0.391021 0.156748
13.7 0.394217 0.157978
13.8 0.39737 0.159188
13.9 0.400479 0.160376
14 0.403545 0.161543
14.1 0.40657 0.16269
14.2 0.409554 0.163816
14.3 0.412498 0.164922
14.4 0.415404 0.166007
14.5 0.418272 0.167072
14.6 0.421104 0.168116
14.7 0.4239 0.16914
14.8 0.426661 0.170145
14.9 0.429389 0.171129
15 0.432085 0.172094
15.1 0.434749 0.173039
15.2 0.437384 0.173964
15.3 0.439989 0.174869
15.4 0.442566 0.175756
15.5 0.445116 0.176622
15.6 0.447639 0.17747
15.7 0.450137 0.178298
15.8 0.45261 0.179107
15.9 0.45506 0.179896
16 0.457486 0.180667
16.1 0.459891 0.181418
16.2 0.462273 0.182151
16.3 0.464635 0.182864
16.4 0.466976 0.183558
16.5 0.469298 0.184233
16.6 0.4716 0.184889
16.7 0.473883 0.185526
16.8 0.476147 0.186144
16.9 0.478393 0.186743
17 0.480621 0.187323
17.1 0.482831 0.187883
17.2 0.485023 0.188425
17.3 0.487198 0.188948
17.4 0.489355 0.189452
17.5 0.491495 0.189936
17.6 0.493617 0.190401
17.7 0.495722 0.190848
17.8 0.497809 0.191275
17.9 0.499878 0.191683
18 0.50193 0.192072
18.1 0.503964 0.192441
18.2 0.505979 0.192792
18.3 0.507976 0.193123
18.4 0.509955 0.193435
18.5 0.511914 0.193728
18.6 0.513855 0.194001
18.7 0.515776 0.194255
18.8 0.517677 0.194489
18.9 0.519558 0.194704
19 0.521419 0.194899
19.1 0.523259 0.195075
19.2 0.525078 0.195231
19.3 0.526876 0.195367
19.4 0.528652 0.195483
19.5 0.530406 0.195579
19.6 0.532138 0.195656
19.7 0.533848 0.195712
19.8 0.535534 0.195747
19.9 0.537197 0.195763
20 0.538837 0.195757
20.1 0.540453 0.195731
20.2 0.542045 0.195684
20.3 0.543613 0.195616
20.4 0.545156 0.195526
20.5 0.546674 0.195415
20.6 0.548167 0.195282
20.7 0.549635 0.195127
20.8 0.551077 0.194951
20.9 0.552493 0.194751
21 0.553882 0.194529
21.1 0.555246 0.194284
21.2 0.556582 0.194017
21.3 0.557892 0.193725
21.4 0.559175 0.193411
21.5 0.560429 0.193072
21.6 0.561657 0.192709
21.7 0.562856 0.192322
21.8 0.564026 0.191911
21.9 0.565169 0.191475
22 0.566282 0.191014
22.1 0.567365 0.190528
22.2 0.56842 0.190016
22.3 0.569444 0.18948
22.4 0.570437 0.188918
22.5 0.5714 0.18833
22.6 0.572332 0.187716
22.7 0.573232 0.187077
22.8 0.574101 0.186413
22.9 0.574936 0.185722
23 0.575739 0.185007
23.1 0.576508 0.184265
23.2 0.577243 0.183499
23.3 0.577943 0.182707
23.4 0.578608 0.181891
23.5 0.579237 0.18105
23.6 0.57983 0.180185
23.7 0.580386 0.179296
23.8 0.580905 0.178384
23.9 0.581385 0.177449
24 0.581826 0.176491
24.1 0.582228 0.175513
24.2 0.582589 0.174513
24.3 0.582909 0.173493
24.4 0.583188 0.172454
24.5 0.583424 0.171396
24.6 0.583618 0.17032
24.7 0.583767 0.169228
24.8 0.583873 0.16812
24.9 0.583933 0.166998
25 0.583948 0.165862
25.1 0.583916 0.164714
25.2 0.583838 0.163555
25.3 0.583712 0.162386
25.4 0.583538 0.161209
25.5 0.583316 0.160025
25.6 0.583045 0.158835
25.7 0.582725 0.15764
25.8 0.582355 0.156443
25.9 0.581935 0.155245
26 0.581464 0.154047
26.1 0.580944 0.15285
26.2 0.580372 0.151657
26.3 0.57975 0.150469
26.4 0.579078 0.149287
26.5 0.578355 0.148113
26.6 0.577581 0.146949
26.7 0.576757 0.145796
26.8 0.575884 0.144655
26.9 0.574961 0.143529
27 0.573988 0.142418
27.1 0.572968 0.141325
27.2 0.5719 0.140251
27.3 0.570785 0.139196
27.4 0.569624 0.138163
27.5 0.568418 0.137153
27.6 0.567168 0.136168
27.7 0.565875 0.135207
27.8 0.564541 0.134274
27.9 0.563167 0.133368
28 0.561754 0.132491
28.1 0.560304 0.131644
28.2 0.558818 0.130828
28.3 0.557299 0.130043
28.4 0.555749 0.129292
28.5 0.554168 0.128573
28.6 0.55256 0.127888
28.7 0.550926 0.127238
28.8 0.549269 0.126623
28.9 0.547591 0.126043
29 0.545895 0.125499
29.1 0.544182 0.124991
29.2 0.542455 0.12452
29.3 0.540718 0.124084
29.4 0.538972 0.123684
29.5 0.53722 0.123321
29.6 0.535465 0.122994
29.7 0.53371 0.122702
29.8 0.531957 0.122446
29.9 0.53021 0.122224
30 0.52847 0.122037
30.1 0.526742 0.121884
30.2 0.525027 0.121764
30.3 0.523329 0.121676
30.4 0.521651 0.12162
30.5 0.519994 0.121595
30.6 0.518363 0.1216
30.7 0.516759 0.121634
30.8 0.515185 0.121695
30.9 0.513644 0.121783
31 0.512139 0.121897
31.1 0.510672 0.122036
31.2 0.509245 0.122197
31.3 0.50786 0.122381
31.4 0.506521 0.122585
31.5 0.505228 0.122808
31.6 0.503985 0.123049
31.7 0.502792 0.123307
31.8 0.501652 0.12358
31.9 0.500567 0.123867
32 0.499537 0.124166
32.1 0.498565 0.124476
32.2 0.497651 0.124795
32.3 0.496797 0.125122
32.4 0.496004 0.125456
32.5 0.495272 0.125795
32.6 0.494603 0.126137
32.7 0.493996 0.126482
32.8 0.493453 0.126828
32.9 0.492973 0.127173
33 0.492557 0.127516
33.1 0.492205 0.127856
33.2 0.491915 0.128192
33.3 0.491689 0.128522
33.4 0.491525 0.128845
33.5 0.491423 0.129161
33.6 0.491382 0.129467
33.7 0.491402 0.129762
33.8 0.49148 0.130047
33.9 0.491616 0.130319
34 0.491809 0.130577
34.1 0.492057 0.130822
34.2 0.492358 0.131051
34.3 0.492712 0.131264
34.4 0.493115 0.131461
34.5 0.493567 0.131641
34.6 0.494065 0.131802
34.7 0.494608 0.131945
34.8 0.495193 0.132069
34.9 0.495818 0.132173
35 0.496481 0.132257
35.1 0.497179 0.132321
35.2 0.49791 0.132364
35.3 0.498673 0.132386
35.4 0.499464 0.132387
35.5 0.500281 0.132367
35.6 0.501121 0.132325
35.7 0.501983 0.132262
35.8 0.502863 0.132178
35.9 0.50376 0.132072
36 0.50467 0.131944
36.1 0.505592 0.131796
36.2 0.506523 0.131627
36.3 0.507461 0.131437
36.4 0.508403 0.131227
36.5 0.509347 0.130997
36.6 0.510291 0.130747
36.7 0.511233 0.130478
36.8 0.512171 0.130191
36.9 0.513102 0.129885
37 0.514025 0.129562
37.1 0.514937 0.129222
37.2 0.515837 0.128865
37.3 0.516723 0.128492
37.4 0.517593 0.128104
37.5 0.518446 0.127702
37.6 0.519279 0.127286
37.7 0.520092 0.126857
37.8 0.520884 0.126415
37.9 0.521651 0.125962
38 0.522394 0.125499
38.1 0.523111 0.125025
38.2 0.523801 0.124542
38.3 0.524462 0.124051
38.4 0.525094 0.123552
38.5 0.525696 0.123046
38.6 0.526266 0.122534
38.7 0.526804 0.122017
38.8 0.52731 0.121496
38.9 0.527781 0.120971
39 0.528217 0.120443
39.1 0.528618 0.119913
39.2 0.528983 0.119382
39.3 0.529311 0.11885
39.4 0.529601 0.118318
39.5 0.529854 0.117787
39.6 0.530067 0.117258
39.7 0.530242 0.11673
39.8 0.530376 0.116205
39.9 0.53047 0.115684
40 0.530523 0.115166
40.1 0.530534 0.114653
40.2 0.530503 0.114144
40.3 0.530429 0.113641
40.4 0.530312 0.113144
40.5 0.530151 0.112652
40.6 0.529945 0.112167
40.7 0.529694 0.111689
40.8 0.529397 0.111218
40.9 0.529054 0.110754
41 0.528664 0.110297
41.1 0.528226 0.109849
41.2 0.52774 0.109408
41.3 0.527205 0.108975
41.4 0.526621 0.108549
41.5 0.525987 0.108132
41.6 0.525302 0.107723
41.7 0.524565 0.107321
41.8 0.523776 0.106928
41.9 0.522935 0.106541
42 0.522041 0.106163
42.1 0.521093 0.105791
42.2 0.520091 0.105427
42.3 0.519034 0.10507
42.4 0.517922 0.104719
42.5 0.516754 0.104375
42.6 0.51553 0.104036
42.7 0.51425 0.103703
42.8 0.512913 0.103376
42.9 0.511519 0.103053
43 0.510069 0.102735
43.1 0.508561 0.102422
43.2 0.506996 0.102112
43.3 0.505375 0.101805
43.4 0.503696 0.101502
43.5 0.501961 0.101201
43.6 0.50017 0.100903
43.7 0.498323 0.100606
43.8 0.496421 0.100311
43.9 0.494464 0.100017
44 0.492454 0.0997235
44.1 0.49039 0.0994305
44.2 0.488275 0.0991376
44.3 0.486109 0.0988443
44.4 0.483894 0.0985504
44.5 0.48163 0.0982556
44.6 0.47932 0.0979597
44.7 0.476964 0.0976623
44.8 0.474565 0.0973633
44.9 0.472125 0.0970625
45 0.469644 0.0967597
45.1 0.467127 0.0964547
45.2 0.464573 0.0961474
45.3 0.461987 0.0958379
45.4 0.45937 0.0955259
45.5 0.456724 0.0952114
45.6 0.454053 0.0948946
45.7 0.451359 0.0945753
45.8 0.448644 0.0942536
45.9 0.445912 0.0939297
46 0.443166 0.0936036
46.1 0.440408 0.0932755
46.2 0.437642 0.0929455
46.3 0.43487 0.0926138
46.4 0.432097 0.0922806
46.5 0.429324 0.0919462
46.6 0.426556 0.0916107
46.7 0.423795 0.0912746
46.8 0.421045 0.090938
46.9 0.418309 0.0906013
47 0.415591 0.0902647
47.1 0.412893 0.0899287
47.2 0.410219 0.0895935
47.3 0.407572 0.0892596
47.4 0.404956 0.0889271
47.5 0.402372 0.0885967
47.6 0.399826 0.0882684
47.7 0.397319 0.0879429
47.8 0.394854 0.0876203
47.9 0.392434 0.0873011
48 0.390063 0.0869855
48.1 0.387742 0.0866741
48.2 0.385474 0.086367
48.3 0.383262 0.0860647
48.4 0.381108 0.0857674
48.5 0.379014 0.0854753
48.6 0.376983 0.0851889
48.7 0.375015 0.0849084
48.8 0.373113 0.084634
48.9 0.371278 0.0843659
49 0.369513 0.0841044
49.1 0.367817 0.0838496
49.2 0.366193 0.0836017
49.3 0.364641 0.0833609
49.4 0.363161 0.0831272
49.5 0.361756 0.0829008
49.6 0.360424 0.0826817
49.7 0.359167 0.08247
49.8 0.357983 0.0822657
49.9 0.356874 0.0820688
50 0.355839 0.0818793
50.1 0.354877 0.0816972
50.2 0.353988 0.0815224
50.3 0.353171 0.0813547
50.4 0.352424 0.0811942
50.5 0.351748 0.0810407
50.6 0.35114 0.0808941
50.7 0.350599 0.0807542
50.8 0.350123 0.0806208
50.9 0.349711 0.0804938
51 0.349361 0.080373
51.1 0.34907 0.0802582
51.2 0.348837 0.0801492
51.3 0.348659 0.0800458
51.4 0.348533 0.0799477
51.5 0.348458 0.0798548
51.6 0.34843 0.0797668
51.7 0.348447 0.0796835
51.8 0.348506 0.0796047
51.9 0.348604 0.0795302
52 0.348738 0.0794598
52.1 0.348905 0.0793933
52.2 0.349102 0.0793304
52.3 0.349326 0.0792711
52.4 0.349574 0.0792152
52.5 0.349842 0.0791624
52.6 0.350128 0.0791128
52.7 0.350428 0.0790661
52.8 0.350739 0.0790222
52.9 0.351059 0.0789811
53 0.351383 0.0789428
53.1 0.351709 0.0789071
53.2 0.352034 0.0788741
53.3 0.352355 0.0788437
53.4 0.352669 0.0788159
53.5 0.352973 0.0787909
53.6 0.353264 0.0787687
53.7 0.353541 0.0787494
53.8 0.3538 0.078733
53.9 0.354039 0.0787197
54 0.354256 0.0787097
54.1 0.354448 0.0787032
54.2 0.354614 0.0787003
54.3 0.354751 0.0787013
54.4 0.354858 0.0787063
54.5 0.354933 0.0787158
54.6 0.354976 0.0787298
54.7 0.354983 0.0787488
54.8 0.354955 0.078773
54.9 0.354891 0.0788028
55 0.354789 0.0788384
55.1 0.354649 0.0788803
55.2 0.354471 0.0789287
55.3 0.354254 0.0789841
55.4 0.353998 0.0790468
55.5 0.353703 0.0791172
55.6 0.35337 0.0791956
55.7 0.352998 0.0792825
55.8 0.352588 0.0793782
55.9 0.352142 0.0794832
56 0.351659 0.0795977
56.1 0.351141 0.0797221
56.2 0.35059 0.0798569
56.3 0.350005 0.0800024
56.4 0.349389 0.0801589
56.5 0.348744 0.0803267
56.6 0.34807 0.0805063
56.7 0.34737 0.0806978
56.8 0.346646 0.0809016
56.9 0.345899 0.081118
57 0.345132 0.0813471
57.1 0.344346 0.0815894
57.2 0.343545 0.0818448
57.3 0.342729 0.0821138
57.4 0.341902 0.0823963
57.5 0.341066 0.0826926
57.6 0.340223 0.0830028
57.7 0.339376 0.0833269
57.8 0.338526 0.083665
57.9 0.337677 0.0840171
58 0.33683 0.0843833
58.1 0.335988 0.0847635
58.2 0.335153 0.0851576
58.3 0.334327 0.0855655
58.4 0.333512 0.0859872
58.5 0.332711 0.0864223
58.6 0.331924 0.0868708
58.7 0.331155 0.0873324
58.8 0.330405 0.0878069
58.9 0.329675 0.0882938
59 0.328967 0.088793
59.1 0.328283 0.089304
59.2 0.327622 0.0898264
59.3 0.326987 0.0903598
59.4 0.326379 0.0909037
59.5 0.325797 0.0914576
59.6 0.325243 0.092021
59.7 0.324717 0.0925933
59.8 0.32422 0.0931738
59.9 0.32375 0.0937621
60 0.323309 0.0943573
60.1 0.322896 0.0949588
60.2 0.32251 0.0955659
60.3 0.32215 0.0961779
60.4 0.321816 0.0967938
60.5 0.321507 0.0974131
60.6 0.321222 0.0980348
60.7 0.320959 0.098658
60.8 0.320716 0.099282
60.9 0.320493 0.0999058
61 0.320287 0.100529
61.1 0.320096 0.101149
61.2 0.319918 0.101767
61.3 0.319751 0.102381
61.4 0.319592 0.10299
61.5 0.31944 0.103594
61.6 0.319291 0.10419
61.7 0.319144 0.104779
61.8 0.318994 0.10536
61.9 0.318841 0.105931
62 0.31868 0.106491
62.1 0.318509 0.10704
62.2 0.318326 0.107576
62.3 0.318126 0.108099
62.4 0.317909 0.108607
62.5 0.31767 0.109101
62.6 0.317407 0.109578
62.7 0.317118 0.110039
62.8 0.316799 0.110482
62.9 0.316449 0.110906
63 0.316064 0.111312
63.1 0.315642 0.111698
63.2 0.315182 0.112063
63.3 0.31468 0.112407
63.4 0.314135 0.112729
63.5 0.313546 0.113029
63.6 0.31291 0.113306
63.7 0.312226 0.113561
63.8 0.311492 0.113792
63.9 0.310709 0.113999
64 0.309873 0.114182
64.1 0.308986 0.114342
64.2 0.308046 0.114477
64.3 0.307053 0.114587
64.4 0.306006 0.114674
64.5 0.304907 0.114736
64.6 0.303755 0.114775
64.7 0.302551 0.11479
64.8 0.301295 0.114781
64.9 0.299989 0.11475
65 0.298634 0.114696
65.1 0.297231 0.11462
65.2 0.295781 0.114523
65.3 0.294288 0.114406
65.4 0.292752 0.114268
65.5 0.291175 0.114112
65.6 0.289561 0.113937
65.7 0.287912 0.113746
65.8 0.28623 0.113538
65.9 0.284519 0.113315
66 0.28278 0.113078
66.1 0.281019 0.112828
66.2 0.279237 0.112567
66.3 0.277438 0.112296
66.4 0.275626 0.112016
66.5 0.273804 0.111728
66.6 0.271975 0.111434
66.7 0.270144 0.111136
66.8 0.268314 0.110834
66.9 0.266489 0.110531
67 0.264672 0.110227
67.1 0.262867 0.109925
67.2 0.261078 0.109625
67.3 0.259309 0.109329
67.4 0.257563 0.109039
67.5 0.255843 0.108756
67.6 0.254154 0.108482
67.7 0.252497 0.108217
67.8 0.250878 0.107964
67.9 0.249298 0.107723
68 0.247761 0.107495
68.1 0.24627 0.107283
68.2 0.244826 0.107087
68.3 0.243434 0.106908
68.4 0.242095 0.106747
68.5 0.240811 0.106605
68.6 0.239585 0.106483
68.7 0.238418 0.106381
68.8 0.237312 0.106301
68.9 0.236268 0.106243
69 0.235287 0.106207
69.1 0.234371 0.106194
69.2 0.23352 0.106204
69.3 0.232734 0.106236
69.4 0.232014 0.106292
69.5 0.231361 0.106371
69.6 0.230773 0.106472
69.7 0.230251 0.106596
69.8 0.229793 0.106743
69.9 0.229401 0.10691
70 0.229071 0.107099
70.1 0.228804 0.107307
70.2 0.228597 0.107535
70.3 0.22845 0.107782
70.4 0.228361 0.108045
70.5 0.228327 0.108324
70.6 0.228347 0.108619
70.7 0.228418 0.108926
70.8 0.228539 0.109246
70.9 0.228706 0.109575
71 0.228918 0.109914
71.1 0.229171 0.11026
71.2 0.229463 0.110611
71.3 0.22979 0.110965
71.4 0.230151 0.111321
71.5 0.230542 0.111677
71.6 0.23096 0.112031
71.7 0.231401 0.11238
71.8 0.231864 0.112724
71.9 0.232344 0.113059
72 0.232839 0.113384
72.1 0.233345 0.113698
72.2 0.233859 0.113997
72.3 0.23438 0.11428
72.4 0.234902 0.114545
72.5 0.235424 0.11479
72.6 0.235943 0.115014
72.7 0.236455 0.115214
72.8 0.236959 0.115389
72.9 0.237451 0.115537
73 0.237929 0.115657
73.1 0.238391 0.115747
73.2 0.238834 0.115805
73.3 0.239257 0.115831
73.4 0.239656 0.115823
73.5 0.240031 0.11578
73.6 0.240379 0.115701
73.7 0.240699 0.115585
73.8 0.240989 0.115432
73.9 0.241248 0.11524
74 0.241476 0.11501
74.1 0.24167 0.11474
74.2 0.241829 0.114431
74.3 0.241955 0.114083
74.4 0.242044 0.113695
74.5 0.242098 0.113267
74.6 0.242116 0.112801
74.7 0.242097 0.112295
74.8 0.242042 0.111751
74.9 0.241951 0.11117
75 0.241824 0.110552
75.1 0.241662 0.109898
75.2 0.241465 0.109208
75.3 0.241233 0.108485
75.4 0.240968 0.107729
75.5 0.24067 0.106941
75.6 0.240341 0.106123
75.7 0.239981 0.105277
75.8 0.239591 0.104403
75.9 0.239173 0.103504
76 0.238728 0.102581
76.1 0.238258 0.101636
76.2 0.237764 0.10067
76.3 0.237246 0.0996865
76.4 0.236708 0.0986861
76.5 0.23615 0.097671
76.6 0.235574 0.0966432
76.7 0.234982 0.0956046
76.8 0.234376 0.0945571
76.9 0.233756 0.0935028
77 0.233125 0.0924434
77.1 0.232485 0.091381
77.2 0.231836 0.0903175
77.3 0.231181 0.0892547
77.4 0.230521 0.0881944
77.5 0.229858 0.0871385
77.6 0.229193 0.0860887
77.7 0.228528 0.0850467
77.8 0.227865 0.084014
77.9 0.227204 0.0829924
78 0.226547 0.0819833
78.1 0.225896 0.080988
78.2 0.225251 0.080008
78.3 0.224614 0.0790445
78.4 0.223986 0.0780987
78.5 0.223367 0.0771717
78.6 0.22276 0.0762645
78.7 0.222164 0.0753781
78.8 0.22158 0.0745132
78.9 0.22101 0.0736706
79 0.220454 0.0728509
79.1 0.219912 0.0720548
79.2 0.219385 0.0712827
79.3 0.218874 0.0705349
79.4 0.218378 0.0698118
79.5 0.217898 0.0691136
79.6 0.217434 0.0684404
79.7 0.216987 0.0677922
79.8 0.216555 0.0671691
79.9 0.21614 0.0665709
80 0.215741 0.0659974
80.1 0.215358 0.0654485
80.2 0.21499 0.0649237
80.3 0.214638 0.0644228
80.4 0.2143 0.0639452
80.5 0.213978 0.0634906
80.6 0.213669 0.0630585
80.7 0.213374 0.0626481
80.8 0.213091 0.0622591
80.9 0.212821 0.0618907
81 0.212563 0.0615422
81.1 0.212316 0.061213
81.2 0.212079 0.0609024
81.3 0.211851 0.0606097
81.4 0.211633 0.060334
81.5 0.211422 0.0600748
81.6 0.211219 0.0598312
81.7 0.211022 0.0596025
81.8 0.21083 0.0593879
81.9 0.210644 0.0591868
82 0.210461 0.0589983
82.1 0.210282 0.0588219
82.2 0.210105 0.0586568
82.3 0.20993 0.0585023
82.4 0.209756 0.0583578
82.5 0.209582 0.0582226
82.6 0.209408 0.0580962
82.7 0.209232 0.0579779
82.8 0.209054 0.0578672
82.9 0.208874 0.0577635
83 0.208691 0.0576665
83.1 0.208504 0.0575755
83.2 0.208313 0.0574902
83.3 0.208118 0.0574102
83.4 0.207917 0.057335
83.5 0.207711 0.0572643
83.6 0.2075 0.0571978
83.7 0.207282 0.0571351
83.8 0.207058 0.0570761
83.9 0.206827 0.0570204
84 0.20659 0.0569678
84.1 0.206346 0.0569182
84.2 0.206095 0.0568713
84.3 0.205837 0.056827
84.4 0.205573 0.0567851
84.5 0.205302 0.0567455
84.6 0.205024 0.0567081
84.7 0.20474 0.0566728
84.8 0.20445 0.0566396
84.9 0.204154 0.0566082
85 0.203852 0.0565788
85.1 0.203546 0.0565512
85.2 0.203234 0.0565253
85.3 0.202918 0.0565011
85.4 0.202598 0.0564787
85.5 0.202275 0.0564578
85.6 0.201948 0.0564385
85.7 0.20162 0.0564208
85.8 0.201289 0.0564046
85.9 0.200957 0.0563899
86 0.200625 0.0563766
86.1 0.200293 0.0563647
86.2 0.199961 0.0563541
86.3 0.19963 0.0563448
86.4 0.199302 0.0563367
86.5 0.198976 0.0563297
86.6 0.198653 0.0563239
86.7 0.198334 0.0563191
86.8 0.198019 0.0563152
86.9 0.19771 0.0563122
87 0.197407 0.05631
87.1 0.197109 0.0563085
87.2 0.196819 0.0563077
87.3 0.196536 0.0563074
87.4 0.196262 0.0563076
87.5 0.195996 0.0563081
87.6 0.195739 0.056309
87.7 0.195491 0.0563101
87.8 0.195254 0.0563113
87.9 0.195027 0.0563125
88 0.194811 0.0563137
88.1 0.194606 0.0563148
88.2 0.194412 0.0563158
88.3 0.19423 0.0563165
88.4 0.19406 0.0563169
88.5 0.193902 0.0563169
88.6 0.193756 0.0563165
88.7 0.193622 0.0563156
88.8 0.1935 0.0563143
88.9 0.193391 0.0563124
89 0.193294 0.05631
89.1 0.193209 0.0563069
89.2 0.193136 0.0563033
89.3 0.193075 0.0562991
89.4 0.193025 0.0562943
89.5 0.192986 0.0562889
89.6 0.192959 0.0562829
89.7 0.192942 0.0562763
89.8 0.192935 0.0562691
89.9 0.192938 0.0562614
90 0.19295 0.0562531
90.1 0.192971 0.0562443
90.2 0.193 0.0562351
90.3 0.193037 0.0562253
90.4 0.193081 0.0562152
90.5 0.193131 0.0562046
90.6 0.193187 0.0561936
90.7 0.193248 0.0561822
90.8 0.193313 0.0561705
90.9 0.193382 0.0561583
91 0.193454 0.0561458
91.1 0.193529 0.056133
91.2 0.193604 0.0561197
91.3 0.193681 0.056106
91.4 0.193757 0.0560919
91.5 0.193833 0.0560774
91.6 0.193907 0.0560623
91.7 0.193978 0.0560466
91.8 0.194047 0.0560303
91.9 0.194112 0.0560133
92 0.194173 0.0559955
92.1 0.194229 0.0559768
92.2 0.194279 0.0559571
92.3 0.194323 0.0559363
92.4 0.19436 0.0559143
92.5 0.194389 0.0558909
92.6 0.194411 0.0558661
92.7 0.194424 0.0558396
92.8 0.194428 0.0558114
92.9 0.194423 0.0557813
93 0.194408 0.0557491
93.1 0.194383 0.0557147
93.2 0.194348 0.0556779
93.3 0.194303 0.0556386
93.4 0.194246 0.0555967
93.5 0.194179 0.0555519
93.6 0.194102 0.0555042
93.7 0.194013 0.0554533
93.8 0.193914 0.0553993
93.9 0.193804 0.0553419
94 0.193683 0.055281
94.1 0.193552 0.0552166
94.2 0.193411 0.0551486
94.3 0.193261 0.0550769
94.4 0.193101 0.0550014
94.5 0.192932 0.0549222
94.6 0.192755 0.0548392
94.7 0.19257 0.0547524
94.8 0.192377 0.0546619
94.9 0.192178 0.0545677
95 0.191973 0.0544698
95.1 0.191763 0.0543685
95.2 0.191548 0.0542637
95.3 0.19133 0.0541556
95.4 0.191109 0.0540445
95.5 0.190886 0.0539305
95.6 0.190662 0.0538137
95.7 0.190438 0.0536945
95.8 0.190215 0.0535731
95.9 0.189993 0.0534498
96 0.189775 0.0533248
96.1 0.18956 0.0531985
96.2 0.18935 0.0530712
96.3 0.189147 0.0529433
96.4 0.18895 0.052815
96.5 0.188761 0.0526869
96.6 0.188581 0.0525592
96.7 0.188411 0.0524324
96.8 0.188252 0.0523069
96.9 0.188104 0.052183
97 0.18797 0.0520611
97.1 0.187849 0.0519417
97.2 0.187743 0.0518251
97.3 0.187653 0.0517118
97.4 0.187578 0.051602
97.5 0.187521 0.0514962
97.6 0.187481 0.0513947
97.7 0.187459 0.0512977
97.8 0.187456 0.0512058
97.9 0.187473 0.051119
98 0.18751 0.0510377
98.1 0.187566 0.0509621
98.2 0.187644 0.0508924
98.3 0.187742 0.0508287
98.4 0.187861 0.0507713
98.5 0.188001 0.0507201
98.6 0.188162 0.0506752
98.7 0.188344 0.0506368
98.8 0.188547 0.0506046
98.9 0.188771 0.0505787
99 0.189015 0.050559
99.1 0.189279 0.0505453
99.2 0.189563 0.0505374
99.3 0.189866 0.0505351
99.4 0.190187 0.0505381
99.5 0.190526 0.0505461
99.6 0.190882 0.0505587
99.7 0.191254 0.0505755
99.8 0.191642 0.0505962
99.9 0.192043 0.0506201
100 0.192458 0.0506468
100.1 0.192885 0.0506758
100.2 0.193323 0.0507065
100.3 0.193771 0.0507382
100.4 0.194228 0.0507703
100.5 0.194691 0.0508022
100.6 0.195161 0.0508333
100.7 0.195635 0.0508627
100.8 0.196112 0.0508898
100.9 0.19659 0.050914
101 0.197069 0.0509344
101.1 0.197546 0.0509503
101.2 0.198021 0.0509611
101.3 0.198491 0.050966
101.4 0.198956 0.0509643
101.5 0.199413 0.0509554
101.6 0.199861 0.0509384
101.7 0.200299 0.0509128
101.8 0.200725 0.050878
101.9 0.201139 0.0508334
102 0.201537 0.0507783
102.1 0.20192 0.0507122
102.2 0.202285 0.0506347
102.3 0.202632 0.0505452
102.4 0.202959 0.0504434
102.5 0.203266 0.0503289
102.6 0.20355 0.0502014
102.7 0.203811 0.0500605
102.8 0.204049 0.0499062
102.9 0.204261 0.0497381
103 0.204448 0.0495563
103.1 0.204608 0.0493606
103.2 0.20474 0.049151
103.3 0.204845 0.0489277
103.4 0.204922 0.0486908
103.5 0.204969 0.0484403
103.6 0.204988 0.0481765
103.7 0.204977 0.0478998
103.8 0.204936 0.0476105
103.9 0.204865 0.0473089
104 0.204765 0.0469955
104.1 0.204634 0.0466707
104.2 0.204474 0.0463352
104.3 0.204283 0.0459895
104.4 0.204064 0.0456342
104.5 0.203815 0.04527
104.6 0.203538 0.0448975
104.7 0.203232 0.0445176
104.8 0.202899 0.0441308
104.9 0.202538 0.0437381
105 0.20215 0.0433402
105.1 0.201737 0.0429378
105.2 0.201298 0.0425319
105.3 0.200835 0.0421233
105.4 0.200348 0.0417126
105.5 0.199838 0.0413009
105.6 0.199306 0.0408889
105.7 0.198752 0.0404774
105.8 0.198178 0.0400672
105.9 0.197585 0.0396591
106 0.196973 0.0392538
106.1 0.196343 0.0388521
106.2 0.195697 0.0384547
106.3 0.195034 0.0380622
106.4 0.194357 0.0376752
106.5 0.193666 0.0372944
106.6 0.192961 0.0369204
106.7 0.192244 0.0365536
106.8 0.191515 0.0361944
106.9 0.190775 0.0358434
107 0.190026 0.0355008
107.1 0.189267 0.0351671
107.2 0.1885 0.0348424
107.3 0.187725 0.0345271
107.4 0.186943 0.0342212
107.5 0.186155 0.0339248
107.6 0.185361 0.0336382
107.7 0.184561 0.0333612
107.8 0.183757 0.0330938
107.9 0.182948 0.032836
108 0.182136 0.0325876
108.1 0.181321 0.0323484
108.2 0.180502 0.0321183
108.3 0.179681 0.031897
108.4 0.178858 0.0316842
108.5 0.178033 0.0314796
108.6 0.177207 0.0312828
108.7 0.17638 0.0310935
108.8 0.175551 0.0309112
108.9 0.174723 0.0307355
109 0.173893 0.0305661
109.1 0.173064 0.0304023
109.2 0.172235 0.0302439
109.3 0.171407 0.0300902
109.4 0.170579 0.0299409
109.5 0.169753 0.0297955
109.6 0.168928 0.0296535
109.7 0.168104 0.0295144
109.8 0.167283 0.0293779
109.9 0.166464 0.0292435
110 0.165647 0.0291109
110.1 0.164834 0.0289796
110.2 0.164024 0.0288494
110.3 0.163218 0.0287199
110.4 0.162417 0.0285908
110.5 0.161621 0.028462
110.6 0.16083 0.0283332
110.7 0.160046 0.0282043
110.8 0.159268 0.0280751
110.9 0.158498 0.0279457
111 0.157736 0.027816
111.1 0.156983 0.027686
111.2 0.15624 0.0275558
111.3 0.155507 0.0274255
111.4 0.154786 0.0272953
111.5 0.154076 0.0271655
111.6 0.153381 0.0270362
111.7 0.152699 0.0269079
111.8 0.152032 0.0267809
111.9 0.151382 0.0266557
112 0.150748 0.0265325
112.1 0.150133 0.026412
112.2 0.149537 0.0262947
112.3 0.148961 0.0261812
112.4 0.148406 0.026072
112.5 0.147874 0.0259678
112.6 0.147365 0.0258693
112.7 0.14688 0.025777
112.8 0.14642 0.0256919
112.9 0.145987 0.0256144
113 0.14558 0.0255455
113.1 0.145202 0.0254857
113.2 0.144852 0.025436
113.3 0.144532 0.0253969
113.4 0.144243 0.0253693
113.5 0.143984 0.0253539
113.6 0.143758 0.0253513
113.7 0.143563 0.0253624
113.8 0.143402 0.0253878
113.9 0.143273 0.0254282
114 0.143179 0.0254841
114.1 0.143118 0.0255562
114.2 0.143091 0.0256451
114.3 0.143098 0.0257513
114.4 0.143139 0.0258753
114.5 0.143214 0.0260175
114.6 0.143323 0.0261783
114.7 0.143466 0.0263582
114.8 0.143641 0.0265572
114.9 0.14385 0.0267758
115 0.144091 0.0270141
115.1 0.144364 0.0272722
115.2 0.144667 0.0275502
115.3 0.145001 0.0278481
115.4 0.145364 0.0281658
115.5 0.145755 0.0285032
115.6 0.146173 0.0288602
115.7 0.146618 0.0292365
115.8 0.147088 0.0296318
115.9 0.147582 0.0300457
116 0.148099 0.0304779
116.1 0.148637 0.0309277
116.2 0.149195 0.0313948
116.3 0.149771 0.0318785
116.4 0.150365 0.0323781
116.5 0.150975 0.0328929
116.6 0.1516 0.0334223
116.7 0.152237 0.0339653
116.8 0.152886 0.0345211
116.9 0.153545 0.0350889
117 0.154214 0.0356677
117.1 0.154889 0.0362566
117.2 0.155571 0.0368544
117.3 0.156258 0.0374603
117.4 0.156949 0.0380732
117.5 0.157642 0.0386918
117.6 0.158337 0.0393153
117.7 0.159032 0.0399423
117.8 0.159726 0.0405718
117.9 0.160419 0.0412027
118 0.16111 0.0418337
118.1 0.161798 0.0424638
118.2 0.162482 0.0430916
118.3 0.163161 0.0437162
118.4 0.163837 0.0443362
118.5 0.164507 0.0449506
118.6 0.165172 0.0455582
118.7 0.165831 0.0461579
118.8 0.166485 0.0467486
118.9 0.167134 0.0473292
119 0.167777 0.0478985
119.1 0.168415 0.0484556
119.2 0.169048 0.0489993
119.3 0.169676 0.0495288
119.4 0.170301 0.050043
119.5 0.170922 0.0505409
119.6 0.17154 0.0510217
119.7 0.172155 0.0514845
119.8 0.172769 0.0519284
119.9 0.173382 0.0523526
120 0.173995 0.0527563
120.1 0.174608 0.0531388
120.2 0.175223 0.0534993
120.3 0.17584 0.0538372
120.4 0.17646 0.0541519
120.5 0.177083 0.0544426
120.6 0.177711 0.054709
120.7 0.178345 0.0549504
120.8 0.178984 0.0551663
120.9 0.17963 0.0553564
121 0.180283 0.0555201
121.1 0.180944 0.0556571
121.2 0.181613 0.0557671
121.3 0.18229 0.0558497
121.4 0.182975 0.0559047
121.5 0.183669 0.0559319
121.6 0.184372 0.0559309
121.7 0.185084 0.0559018
121.8 0.185803 0.0558442
121.9 0.186531 0.0557582
122 0.187265 0.0556436
122.1 0.188006 0.0555004
122.2 0.188753 0.0553286
122.3 0.189504 0.0551283
122.4 0.190258 0.0548994
122.5 0.191015 0.0546422
122.6 0.191772 0.0543566
122.7 0.192528 0.0540429
122.8 0.193281 0.0537012
122.9 0.194028 0.0533317
123 0.194769 0.0529348
123.1 0.1955 0.0525106
123.2 0.19622 0.0520596
123.3 0.196925 0.0515819
123.4 0.197612 0.0510781
123.5 0.19828 0.0505484
123.6 0.198925 0.0499934
123.7 0.199544 0.0494135
123.8 0.200134 0.0488092
123.9 0.200692 0.048181
124 0.201215 0.0475296
124.1 0.201698 0.0468554
124.2 0.20214 0.0461592
124.3 0.202536 0.0454415
124.4 0.202884 0.0447032
124.5 0.203179 0.0439449
124.6 0.203419 0.0431674
124.7 0.2036 0.0423715
124.8 0.203719 0.041558
124.9 0.203774 0.0407278
125 0.20376 0.0398817
125.1 0.203675 0.0390208
125.2 0.203516 0.0381459
125.3 0.20328 0.0372581
125.4 0.202966 0.0363584
125.5 0.20257 0.0354477
125.6 0.20209 0.0345273
125.7 0.201525 0.0335981
125.8 0.200873 0.0326613
125.9 0.200132 0.0317181
126 0.199301 0.0307696
126.1 0.198378 0.029817
126.2 0.197364 0.0288615
126.3 0.196257 0.0279044
126.4 0.195058 0.0269468
126.5 0.193766 0.02599
126.6 0.192382 0.0250352
126.7 0.190906 0.0240838
126.8 0.189339 0.0231369
126.9 0.187683 0.0221958
127 0.185939 0.0212619
127.1 0.184109 0.0203363
127.2 0.182194 0.0194202
127.3 0.180198 0.018515
127.4 0.178123 0.0176218
127.5 0.175971 0.0167418
127.6 0.173747 0.0158763
127.7 0.171453 0.0150263
127.8 0.169094 0.014193
127.9 0.166673 0.0133775
128 0.164194 0.0125808
128.1 0.161662 0.0118039
128.2 0.159081 0.011048
128.3 0.156457 0.0103138
128.4 0.153794 0.00960225
128.5 0.151096 0.00891426
128.6 0.148371 0.00825058
128.7 0.145622 0.00761195
128.8 0.142855 0.00699907
128.9 0.140075 0.00641254
129 0.137289 0.00585294
129.1 0.134502 0.00532076
129.2 0.131718 0.00481644
129.3 0.128945 0.00434035
129.4 0.126186 0.0038928
129.5 0.123449 0.00347402
129.6 0.120737 0.00308418
129.7 0.118057 0.00272338
129.8 0.115413 0.00239164
129.9 0.112811 0.00208892
130 0.110255 0.00181512
130.1 0.10775 0.00157005
130.2 0.1053 0.00135347
130.3 0.10291 0.00116506
130.4 0.100584 0.00100443
130.5 0.0983259 0.00087114
130.6 0.0961385 0.000764678
130.7 0.0940254 0.00068447
130.8 0.0919896 0.000629884
130.9 0.0900338 0.000600228
131 0.0881603 0.000594759
131.1 0.0863712 0.000612678
131.2 0.0846682 0.000653138
131.3 0.0830528 0.000715245
131.4 0.0815261 0.000798062
131.5 0.0800887 0.000900611
131.6 0.0787413 0.00102188
131.7 0.0774837 0.00116082
131.8 0.0763159 0.00131635
131.9 0.0752372 0.00148737
132 0.0742468 0.00167276
132.1 0.0733434 0.00187137
132.2 0.0725257 0.00208205
132.3 0.0717917 0.00230362
132.4 0.0711394 0.00253491
132.5 0.0705665 0.00277475
132.6 0.0700702 0.00302195
132.7 0.0696477 0.00327535
132.8 0.0692959 0.00353379
132.9 0.0690114 0.0037961
133 0.0687907 0.00406116
133.1 0.06863 0.00432785
133.2 0.0685254 0.00459508
133.3 0.0684728 0.00486178
133.4 0.068468 0.00512691
133.5 0.0685066 0.00538947
133.6 0.0685843 0.00564848
133.7 0.0686965 0.00590301
133.8 0.0688386 0.00615217
133.9 0.0690061 0.0063951
134 0.0691942 0.00663098
134.1 0.0693984 0.00685907
134.2 0.0696141 0.00707863
134.3 0.0698366 0.007289
134.4 0.0700615 0.00748957
134.5 0.0702843 0.00767976
134.6 0.0705006 0.00785907
134.7 0.0707062 0.00802701
134.8 0.0708969 0.00818318
134.9 0.0710689 0.00832723
135 0.0712182 0.00845884
135.1 0.0713413 0.00857776
135.2 0.0714346 0.00868378
135.3 0.0714948 0.00877675
135.4 0.0715189 0.00885656
135.5 0.0715041 0.00892317
135.6 0.0714476 0.00897656
135.7 0.0713471 0.00901677
135.8 0.0712004 0.00904389
135.9 0.0710056 0.00905805
136 0.0707609 0.00905941
136.1 0.070465 0.00904817
136.2 0.0701167 0.0090246
136.3 0.0697151 0.00898896
136.4 0.0692594 0.00894157
136.5 0.0687493 0.00888277
136.6 0.0681845 0.00881295
136.7 0.0675651 0.00873249
136.8 0.0668915 0.00864183
136.9 0.0661641 0.00854141
137 0.0653837 0.00843169
137.1 0.0645513 0.00831315
137.2 0.063668 0.0081863
137.3 0.0627353 0.00805163
137.4 0.0617547 0.00790967
137.5 0.0607281 0.00776094
137.6 0.0596572 0.00760596
137.7 0.0585442 0.00744528
137.8 0.0573914 0.00727943
137.9 0.056201 0.00710893
138 0.0549756 0.00693432
138.1 0.0537178 0.00675612
138.2 0.0524302 0.00657484
138.3 0.0511155 0.006391
138.4 0.0497768 0.00620509
138.5 0.0484167 0.0060176
138.6 0.0470382 0.005829
138.7 0.0456444 0.00563974
138.8 0.044238 0.00545028
138.9 0.0428222 0.00526104
139 0.0413998 0.00507242
139.1 0.0399737 0.00488482
139.2 0.038547 0.00469861
139.3 0.0371223 0.00451414
139.4 0.0357025 0.00433174
139.5 0.0342903 0.00415173
139.6 0.0328884 0.00397439
139.7 0.0314992 0.0038
139.8 0.0301253 0.0036288
139.9 0.028769 0.00346103
140 0.0274325 0.00329688
140.1 0.026118 0.00313656
140.2 0.0248275 0.00298021
140.3 0.0235628 0.002828
140.4 0.0223257 0.00268004
140.5 0.0211179 0.00253645
140.6 0.0199407 0.00239731
140.7 0.0187956 0.0022627
140.8 0.0176837 0.00213268
140.9 0.0166061 0.00200727
141 0.0155638 0.00188651
141.1 0.0145574 0.0017704
141.2 0.0135876 0.00165893
141.3 0.012655 0.00155208
141.4 0.0117598 0.00144983
141.5 0.0109024 0.00135212
141.6 0.0100828 0.00125891
141.7 0.00930107 0.00117012
141.8 0.00855701 0.00108568
141.9 0.00785039 0.00100551
142 0.00718086 0.000929513
142.1 0.00654796 0.000857598
142.2 0.00595113 0.000789659
142.3 0.00538972 0.000725587
142.4 0.004863 0.000665267
142.5 0.00437016 0.000608583
142.6 0.00391031 0.000555414
142.7 0.00348251 0.000505637
142.8 0.00308575 0.000459127
142.9 0.00271896 0.000415756
143 0.00238105 0.000375399
143.1 0.00207087 0.000337928
143.2 0.00178725 0.000303215
143.3 0.00152899 0.000271134
143.4 0.00129488 0.000241559
143.5 0.00108367 0.000214367
143.6 0.000894141 0.000189436
143.7 0.000725046 0.000166644
143.8 0.000575152 0.000145875
143.9 0.000443235 0.000127014
144 0.000328084 0.000109948
