-0.996 1.55707e-06 -5.44357e-06
-0.992 1.56288e-05 -1.61616e-05
-0.988 5.43364e-05 -1.97543e-05
-0.984 0.000117873 -3.41874e-06
-0.98 0.000187528 3.99017e-05
-0.976 0.000228451 0.000107653
-0.972 0.000203168 0.000187806
-0.968 9.17203e-05 0.000263015
-0.964 -8.98616e-05 0.000317149
-0.96 -0.000282148 0.000341458
-0.956 -0.000392635 0.000337707
-0.952 -0.000324322 0.000316705
-0.948 -1.55399e-05 0.000292515
-0.944 0.00052222 0.000274426
-0.94 0.0011839 0.000259927
-0.936 0.00178006 0.000231896
-0.932 0.00207933 0.000161978
-0.928 0.00187632 2.00233e-05
-0.924 0.00106685 -0.000212849
-0.92 -0.000294157 -0.00053173
-0.916 -0.00197463 -0.000900595
-0.912 -0.00360063 -0.00125373
-0.908 -0.00474252 -0.00150706
-0.904 -0.0050328 -0.00157756
-0.9 -0.00428309 -0.00140604
-0.896 -0.00256361 -0.000977413
-0.892 -0.000215458 -0.000332406
-0.888 0.00221657 0.000433486
-0.884 0.0041194 0.00118493
-0.88 0.00498167 0.0017733
-0.876 0.00454989 0.0020693
-0.872 0.00292167 0.00199381
-0.868 0.000541202 0.00153913
-0.864 -0.00191104 0.000774335
-0.86 -0.00371039 -0.00016786
-0.856 -0.00431036 -0.00112103
-0.852 -0.00352945 -0.00192589
-0.848 -0.00164155 -0.00247309
-0.844 0.000667162 -0.00273742
-0.84 0.00247436 -0.00279357
-0.836 0.00288962 -0.00280636
-0.832 0.0013413 -0.00299364
-0.828 -0.00220339 -0.00356688
-0.824 -0.0071585 -0.004661
-0.82 -0.0124175 -0.00627012
-0.816 -0.0166166 -0.00820709
-0.812 -0.0185013 -0.0101023
-0.808 -0.0172957 -0.0114505
-0.804 -0.0129689 -0.0117042
-0.8 -0.00631009 -0.0104004
-0.796 0.00122187 -0.00729698
-0.792 0.00785102 -0.00248487
-0.788 0.0119519 0.00355445
-0.784 0.0125078 0.00997301
-0.78 0.00942804 0.0156697
-0.776 0.00362538 0.0194813
-0.772 -0.00318522 0.0204194
-0.768 -0.00892541 0.0179038
-0.764 -0.0117207 0.0119393
-0.76 -0.0104432 0.00318734
-0.756 -0.00507723 -0.0070988
-0.752 0.00320417 -0.0172729
-0.748 0.0122868 -0.0255984
-0.744 0.0196339 -0.0305919
-0.74 0.0229452 -0.0313314
-0.736 0.020782 -0.0276558
-0.732 0.0129864 -0.0202057
-0.728 0.000773914 -0.0102889
-0.724 -0.0135354 0.000402953
-0.72 -0.0270809 0.0101639
-0.716 -0.0371751 0.0176453
-0.712 -0.0419747 0.022137
-0.708 -0.0409291 0.0236913
-0.704 -0.0348845 0.0230545
-0.7 -0.0258162 0.0214278
-0.696 -0.0162648 0.0201178
-0.692 -0.00863546 0.0201689
-0.688 -0.00455404 0.0220723
-0.684 -0.0044638 0.025623
-0.68 -0.00757152 0.0299608
-0.676 -0.0121545 0.0337823
-0.672 -0.0161334 0.0356696
-0.668 -0.0177392 0.0344506
-0.664 -0.0160748 0.0294986
-0.66 -0.0114049 0.0208982
-0.656 -0.00508545 0.00943944
-0.652 0.000844118 -0.00354526
-0.648 0.0042866 -0.0164482
-0.644 0.00373916 -0.0276818
-0.64 -0.00122779 -0.0359298
-0.636 -0.00981695 -0.0403045
-0.632 -0.0202308 -0.0403945
-0.628 -0.030218 -0.0362223
-0.624 -0.0377788 -0.0281515
-0.62 -0.0418118 -0.0167955
-0.616 -0.0424979 -0.00296505
-0.612 -0.0412824 0.012332
-0.608 -0.0404402 0.0278599
-0.604 -0.0423304 0.0421393
-0.6 -0.0485531 0.0535024
-0.596 -0.0592642 0.0602543
-0.592 -0.0728747 0.0609404
-0.588 -0.0862599 0.0546743
-0.584 -0.0954607 0.0414442
-0.58 -0.096711 0.0223011
-0.576 -0.0875209 -0.000653034
-0.572 -0.0675118 -0.0245172
-0.568 -0.0387486 -0.0460614
-0.564 -0.00544247 -0.0623273
-0.56 0.026941 -0.0712246
-0.556 0.0529652 -0.0719742
-0.552 0.0685791 -0.0652755
-0.548 0.0721893 -0.053145
-0.544 0.0651456 -0.0384541
-0.54 0.0514824 -0.0242767
-0.536 0.0369496 -0.0132078
-0.532 0.0275576 -0.00682392
-0.528 0.0279987 -0.00542031
-0.524 0.0403532 -0.00808779
-0.52 0.063424 -0.0130958
-0.516 0.0928897 -0.0184635
-0.512 0.12226 -0.0225447
-0.508 0.144411 -0.0244498
-0.504 0.153321 -0.0241804
-0.5 0.145582 -0.022445
-0.496 0.121309 -0.0202271
-0.492 0.0842088 -0.0182554
-0.488 0.040792 -0.0165663
-0.484 -0.00107955 -0.0143173
-0.48 -0.0339656 -0.0099447
-0.476 -0.0525025 -0.00164411
-0.472 -0.0545432 0.0119485
-0.468 -0.0415146 0.0310785
-0.464 -0.01792 0.0544169
-0.46 0.0098705 0.079002
-0.456 0.0352267 0.100645
-0.452 0.0528561 0.11474
-0.448 0.0600032 0.117287
-0.444 0.0569719 0.105881
-0.44 0.0468677 0.0803994
-0.436 0.0346542 0.0431935
-0.432 0.0257793 -0.00126811
-0.428 0.0247239 -0.0472387
-0.424 0.0338351 -0.0887968
-0.42 0.0527203 -0.120937
-0.416 0.0783388 -0.140376
-0.412 0.105748 -0.145881
-0.408 0.129305 -0.138082
-0.404 0.144028 -0.11886
-0.4 0.146785 -0.0905421
-0.396 0.137029 -0.0551767
-0.392 0.116938 -0.01412
-0.388 0.0909174 0.0319244
-0.384 0.0646086 0.0824352
-0.38 0.0436343 0.136341
-0.376 0.0323593 0.191297
-0.372 0.0329468 0.243264
-0.368 0.0449056 0.286628
-0.364 0.0652196 0.314926
-0.36 0.0890192 0.322093
-0.356 0.110644 0.30395
-0.352 0.124863 0.259567
-0.348 0.128 0.1921
-0.344 0.118719 0.108834
-0.34 0.0983146 0.0203057
-0.336 0.0704371 -0.0613688
-0.332 0.0403053 -0.124655
-0.328 0.0135587 -0.160794
-0.324 -0.0050162 -0.16556
-0.32 -0.0126182 -0.140171
-0.316 -0.00916866 -0.0911509
-0.312 0.00253097 -0.0291382
-0.308 0.0172911 0.0331146
-0.304 0.0286086 0.0831506
-0.3 0.0301228 0.11114
-0.296 0.0171501 0.111673
-0.292 -0.0120456 0.0846805
-0.288 -0.055563 0.0353177
-0.284 -0.107967 -0.0271247
-0.28 -0.161238 -0.0910604
-0.276 -0.206431 -0.14483
-0.272 -0.235718 -0.178893
-0.268 -0.244351 -0.187608
-0.264 -0.232082 -0.170276
-0.26 -0.203606 -0.131303
-0.256 -0.167844 -0.0794225
-0.252 -0.136129 -0.0261405
-0.248 -0.11962 0.0163681
-0.244 -0.126527 0.0375402
-0.24 -0.15978 0.0304893
-0.236 -0.215771 -0.00653196
-0.232 -0.284574 -0.0695775
-0.228 -0.351708 -0.149518
-0.224 -0.401188 -0.233587
-0.22 -0.419213 -0.307713
-0.216 -0.397663 -0.359239
-0.212 -0.336557 -0.379482
-0.208 -0.244788 -0.365598
-0.204 -0.138842 -0.321323
-0.2 -0.039654 -0.256342
-0.196 0.0317767 -0.184347
-0.192 0.0590712 -0.120151
-0.188 0.0343621 -0.076451
-0.184 -0.0395573 -0.0610041
-0.18 -0.149412 -0.0748965
-0.176 -0.274005 -0.112371
-0.172 -0.388636 -0.162304
-0.168 -0.470407 -0.211012
-0.164 -0.503199 -0.245699
-0.16 -0.481153 -0.257705
-0.156 -0.409855 -0.244682
-0.152 -0.304907 -0.211122
-0.148 -0.188218 -0.167056
-0.144 -0.0828889 -0.125199
-0.14 -0.00791065 -0.0973205
-0.136 0.0260486 -0.0908004
-0.132 0.0187426 -0.106376
-0.128 -0.0201532 -0.13777
-0.124 -0.0739817 -0.173378
-0.12 -0.12371 -0.199626
-0.116 -0.153015 -0.20509
-0.112 -0.152537 -0.184228
-0.108 -0.122218 -0.1396
-0.104 -0.0711211 -0.0818547
-0.1 -0.0147596 -0.0273087
-0.096 0.0293487 0.00633774
-0.092 0.0467379 0.00506508
-0.088 0.0302877 -0.0370218
-0.084 -0.0174253 -0.115183
-0.08 -0.084394 -0.214318
-0.076 -0.152037 -0.312132
-0.072 -0.199912 -0.384498
-0.068 -0.211057 -0.411634
-0.064 -0.176523 -0.383453
-0.06 -0.0978722 -0.302514
-0.056 0.0130821 -0.183646
-0.052 0.137313 -0.0501358
-0.048 0.253672 0.0726537
-0.044 0.344739 0.164604
-0.04 0.401888 0.217093
-0.036 0.428144 0.236349
-0.032 0.437972 0.242758
-0.028 0.453871 0.266039
-0.024 0.500495 0.337325
-0.02 0.597694 0.480066
-0.016 0.754209 0.702112
-0.012 0.963661 0.991141
-0.008 1.20401 1.31486
-0.004 1.44089 1.62628
0 1.63414 1.87304
0.004 1.74658 2.00883
0.008 1.75173 2.00405
0.012 1.64088 1.85294
0.016 1.42566 1.57575
0.02 1.13635 1.21496
0.024 0.816207 0.826493
0.028 0.51293 0.46798
0.032 0.269208 0.186857
0.036 0.114433 0.0110815
0.04 0.0593832 -0.0554896
0.044 0.0949703 -0.0321168
0.048 0.195218 0.044951
0.052 0.323687 0.132103
0.056 0.441795 0.189051
0.06 0.517095 0.187981
0.064 0.529671 0.119052
0.068 0.475299 -0.00884742
0.072 0.364865 -0.171955
0.076 0.220399 -0.338821
0.08 0.0688746 -0.478767
0.084 -0.0646354 -0.569413
0.088 -0.162773 -0.60143
0.092 -0.219352 -0.579556
0.096 -0.239755 -0.519917
0.1 -0.238349 -0.444689
0.104 -0.233738 -0.375733
0.108 -0.24319 -0.32899
0.112 -0.277719 -0.311082
0.116 -0.339064 -0.318832
0.12 -0.419268 -0.341569
0.124 -0.502868 -0.365299
0.128 -0.571033 -0.377398
0.132 -0.606549 -0.370428
0.136 -0.598349 -0.344026
0.14 -0.544489 -0.30445
0.144 -0.452843 -0.262072
0.148 -0.339412 -0.227695
0.152 -0.2247 -0.208875
0.156 -0.129111 -0.207382
0.16 -0.0684781 -0.218559
0.164 -0.0508137 -0.232733
0.168 -0.0749716 -0.238192
0.172 -0.131451 -0.224844
0.176 -0.205034 -0.18742
0.18 -0.278534 -0.127325
0.184 -0.336714 -0.0525957
0.188 -0.369439 0.0239887
0.192 -0.373385 0.0880988
0.196 -0.351978 0.127453
0.2 -0.313733 0.134839
0.204 -0.269517 0.109763
0.208 -0.229513 0.0583468
0.212 -0.200663 -0.00841985
0.216 -0.185209 -0.0775103
0.22 -0.180611 -0.136952
0.224 -0.180761 -0.178344
0.228 -0.178071 -0.198192
0.232 -0.165846 -0.197842
0.236 -0.140284 -0.182191
0.24 -0.101601 -0.157701
0.244 -0.0540256 -0.130358
0.248 -0.00470004 -0.104191
0.252 0.0381691 -0.0807021
0.256 0.0674171 -0.059258
0.26 0.078735 -0.0381761
0.264 0.071747 -0.0160248
0.268 0.0501028 0.00736504
0.272 0.0205906 0.0305581
0.276 -0.00849279 0.0509567
0.28 -0.0293035 0.0658559
0.284 -0.0362701 0.0737117
0.288 -0.0273432 0.0751293
0.292 -0.00440113 0.073163
0.296 0.0272548 0.0727342
0.3 0.0601666 0.0792705
0.304 0.0864334 0.0969382
0.308 0.0994771 0.127
0.312 0.0954773 0.166831
0.316 0.074183 0.209968
0.32 0.0389588 0.247252
0.324 -0.00391615 0.268854
0.328 -0.0465256 0.266654
0.332 -0.0808915 0.236356
0.336 -0.100527 0.17877
0.34 -0.101666 0.0998935
0.344 -0.0839464 0.00975172
0.348 -0.0504388 -0.0796978
0.352 -0.00704272 -0.157067
0.356 0.0386286 -0.213803
0.36 0.0786548 -0.245656
0.364 0.106253 -0.253034
0.368 0.117003 -0.240212
0.372 0.109629 -0.213716
0.376 0.0862158 -0.180353
0.38 0.0517949 -0.145485
0.384 0.0133932 -0.111994
0.388 -0.0212989 -0.0801809
0.392 -0.0453894 -0.0485444
0.396 -0.0541 -0.0151182
0.4 -0.0456767 0.0210991
0.404 -0.0217083 0.0591099
0.408 0.0132252 0.0956248
0.412 0.0525158 0.125624
0.416 0.0889174 0.143617
0.42 0.11608 0.14524
0.424 0.1299 0.12869
0.428 0.129394 0.0955869
0.432 0.116876 0.050952
0.436 0.0973929 0.00229015
0.44 0.0775252 -0.0420083
0.444 0.0638032 -0.0745294
0.448 0.0611092 -0.0904747
0.452 0.0714338 -0.0886532
0.456 0.0932905 -0.0715797
0.46 0.121945 -0.0446766
0.464 0.150432 -0.0148106
0.468 0.171133 0.0114364
0.472 0.177569 0.0293051
0.476 0.165964 0.0368213
0.48 0.13622 0.0349652
0.484 0.0920484 0.027057
0.488 0.0402173 0.017573
0.492 -0.0109198 0.0107516
0.496 -0.0532635 0.00937907
0.5 -0.0807445 0.0140767
0.504 -0.0906158 0.0232543
0.508 -0.083959 0.0337064
0.512 -0.065291 0.0416507
0.516 -0.0413784 0.0438994
0.52 -0.0195555 0.038828
0.524 -0.00595916 0.026879
0.528 -0.00410936 0.0104761
0.532 -0.0141708 -0.00660958
0.536 -0.0330583 -0.0202511
0.54 -0.0553348 -0.0270429
0.544 -0.0746581 -0.0251796
0.548 -0.0853985 -0.0149201
0.552 -0.0840191 0.00146485
0.556 -0.0698858 0.0202295
0.56 -0.0453243 0.0370265
0.564 -0.0149463 0.0478936
0.568 0.0155522 0.0501206
0.572 0.040792 0.0428038
0.576 0.0569484 0.0269862
0.58 0.0625229 0.00538362
0.584 0.0584821 -0.0182125
0.588 0.0477668 -0.0397047
0.592 0.0343388 -0.0554615
0.596 0.0220429 -0.0629432
0.6 0.013598 -0.0610787
0.604 0.00998237 -0.0503495
0.608 0.0103539 -0.032603
0.612 0.0124964 -0.0106562
0.616 0.0136336 0.0122158
0.62 0.0113609 0.0328145
0.624 0.0044216 0.0484923
0.628 -0.00688692 0.0575071
0.632 -0.0207799 0.059219
0.636 -0.0344895 0.0541125
0.64 -0.0450504 0.0436489
0.644 -0.0501352 0.0299753
0.648 -0.0487016 0.0155375
0.652 -0.0412726 0.00265752
0.656 -0.0297771 -0.00685453
0.66 -0.0170081 -0.01199
0.664 -0.00585692 -0.0126811
0.668 0.00145516 -0.00976288
0.672 0.00393401 -0.00475888
0.676 0.00200882 0.000469261
0.68 -0.002678 0.00413967
0.684 -0.00781675 0.00494529
0.688 -0.0111495 0.00233867
0.692 -0.0111537 -0.00335739
0.696 -0.00749689 -0.0110367
0.7 -0.0011365 -0.0190719
0.704 0.00595651 -0.0256899
0.708 0.0113672 -0.029374
0.712 0.0129346 -0.0292022
0.716 0.0093831 -0.0250449
0.72 0.000711614 -0.0175804
0.724 -0.0117615 -0.00812996
0.728 -0.025708 0.00164316
0.732 -0.0383648 0.0100939
0.736 -0.0472184 0.0159295
0.74 -0.050614 0.0184427
0.744 -0.0481334 0.0176017
0.748 -0.0406477 0.0139889
0.752 -0.0300458 0.00861908
0.756 -0.0187224 0.00268962
0.76 -0.00896934 -0.002674
0.764 -0.00243287 -0.00662018
0.768 0.00022676 -0.00868422
0.772 -0.000601627 -0.00880179
0.776 -0.00369181 -0.00723877
0.78 -0.00739139 -0.00447096
0.784 -0.0101084 -0.00105251
0.788 -0.0107379 0.00249424
0.792 -0.00891749 0.00574866
0.796 -0.00505746 0.00841836
0.8 -0.000155019 0.0103316
0.804 0.00453846 0.0114118
0.808 0.0078932 0.0116508
0.812 0.00921226 0.0110926
0.816 0.00839646 0.00982852
0.82 0.00592793 0.00800119
0.824 0.00269034 0.00580474
0.828 -0.000311419 0.00347359
0.832 -0.00224554 0.00125549
0.836 -0.00267677 -0.00062701
0.84 -0.00166043 -0.00201688
0.844 0.000310879 -0.00285225
0.848 0.00248251 -0.00317538
0.852 0.0040767 -0.00311664
0.856 0.00452304 -0.00285674
0.86 0.00361553 -0.00257715
0.864 0.00155673 -0.00241237
0.868 -0.00111634 -0.00241794
0.872 -0.00369608 -0.00256289
0.876 -0.00550647 -0.00274839
0.88 -0.00608482 -0.00284579
0.884 -0.00529436 -0.00274186
0.888 -0.00334198 -0.0023771
0.892 -0.000703383 -0.00176593
0.896 0.00201644 -0.000993625
0.9 0.00424441 -0.000192143
0.904 0.00557707 0.000496806
0.908 0.00586068 0.000959837
0.912 0.00519835 0.00113986
0.916 0.00389076 0.00104651
0.92 0.00233419 0.000747415
0.924 0.000908507 0.000344632
0.928 -0.000113566 -5.54656e-05
0.932 -0.000614669 -0.00036929
0.936 -0.000631935 -0.000552739
0.94 -0.000315234 -0.000604145
0.944 0.000137016 -0.000554774
0.948 0.000542506 -0.000451858
0.952 0.000781693 -0.000340695
0.956 0.000816386 -0.000251639
0.96 0.000680355 -0.000195214
0.964 0.000450518 -0.000165275
0.968 0.000211727 -0.000147331
0.972 2.76996e-05 -0.000127777
0.976 -7.37583e-05 -0.000100189
0.98 -9.95247e-05 -6.6683e-05
0.984 -7.80621e-05 -3.47466e-05
0.988 -4.20247e-05 -1.18686e-05
0.992 -1.42436e-05 -1.00216e-06
0.996 -1.972e-06 8.00259e-07
0.1 0.0470348 0.0192837
0.2 0.0470762 0.0192959
0.3 0.0471449 0.0193163
0.4 0.0472407 0.019345
0.5 0.0473632 0.019382
0.6 0.0475117 0.0194276
0.7 0.0476858 0.0194818
0.8 0.0478846 0.019545
0.9 0.0481073 0.0196172
1 0.048353 0.0196988
1.1 0.0486206 0.0197901
1.2 0.048909 0.0198914
1.3 0.049217 0.020003
1.4 0.0495435 0.0201253
1.5 0.049887 0.0202586
1.6 0.0502463 0.0204035
1.7 0.0506199 0.0205603
1.8 0.0510066 0.0207295
1.9 0.0514047 0.0209116
2 0.0518131 0.0211071
2.1 0.0522301 0.0213166
2.2 0.0526545 0.0215405
2.3 0.0530849 0.0217795
2.4 0.0535199 0.022034
2.5 0.0539583 0.0223048
2.6 0.0543989 0.0225924
2.7 0.0548406 0.0228975
2.8 0.0552823 0.0232205
2.9 0.0557232 0.0235623
3 0.0561622 0.0239233
3.1 0.0565989 0.0243043
3.2 0.0570324 0.0247058
3.3 0.0574625 0.0251285
3.4 0.0578887 0.025573
3.5 0.0583109 0.02604
3.6 0.058729 0.0265301
3.7 0.0591433 0.0270438
3.8 0.059554 0.0275818
3.9 0.0599616 0.0281446
4 0.0603667 0.0287329
4.1 0.0607702 0.029347
4.2 0.061173 0.0299877
4.3 0.0615763 0.0306553
4.4 0.0619815 0.0313503
4.5 0.06239 0.0320733
4.6 0.0628036 0.0328245
4.7 0.0632241 0.0336044
4.8 0.0636534 0.0344134
4.9 0.0640939 0.0352517
5 0.0645477 0.0361197
5.1 0.0650173 0.0370176
5.2 0.0655054 0.0379456
5.3 0.0660146 0.0389038
5.4 0.0665477 0.0398925
5.5 0.0671077 0.0409115
5.6 0.0676976 0.0419611
5.7 0.0683205 0.0430412
5.8 0.0689796 0.0441518
5.9 0.069678 0.0452927
6 0.070419 0.0464637
6.1 0.0712059 0.0476648
6.2 0.072042 0.0488957
6.3 0.0729304 0.0501561
6.4 0.0738746 0.0514456
6.5 0.0748777 0.0527639
6.6 0.0759428 0.0541107
6.7 0.077073 0.0554853
6.8 0.0782713 0.0568875
6.9 0.0795406 0.0583165
7 0.0808838 0.0597718
7.1 0.0823033 0.0612528
7.2 0.0838018 0.062759
7.3 0.0853814 0.0642895
7.4 0.0870445 0.0658437
7.5 0.0887928 0.0674208
7.6 0.0906283 0.0690201
7.7 0.0925523 0.0706408
7.8 0.0945662 0.072282
7.9 0.0966711 0.073943
8 0.0988677 0.0756229
8.1 0.101157 0.0773208
8.2 0.103538 0.0790359
8.3 0.106012 0.0807673
8.4 0.108578 0.0825141
8.5 0.111237 0.0842753
8.6 0.113986 0.0860502
8.7 0.116824 0.0878379
8.8 0.119751 0.0896373
8.9 0.122765 0.0914478
9 0.125863 0.0932684
9.1 0.129043 0.0950982
9.2 0.132303 0.0969365
9.3 0.135639 0.0987824
9.4 0.13905 0.100635
9.5 0.14253 0.102494
9.6 0.146076 0.104358
9.7 0.149685 0.106226
9.8 0.153352 0.108099
9.9 0.157073 0.109974
10 0.160843 0.111852
10.1 0.164658 0.113732
10.2 0.168511 0.115613
10.3 0.172398 0.117494
10.4 0.176314 0.119376
10.5 0.180253 0.121257
10.6 0.184209 0.123138
10.7 0.188177 0.125017
10.8 0.19215 0.126894
10.9 0.196123 0.128769
11 0.200089 0.130641
11.1 0.204042 0.132511
11.2 0.207978 0.134377
11.3 0.211888 0.136239
11.4 0.215767 0.138098
11.5 0.21961 0.139952
11.6 0.223409 0.141801
11.7 0.22716 0.143646
11.8 0.230856 0.145485
11.9 0.234492 0.14732
12 0.238061 0.149148
12.1 0.241559 0.150971
12.2 0.24498 0.152787
12.3 0.24832 0.154597
12.4 0.251572 0.156401
12.5 0.254733 0.158197
12.6 0.257797 0.159986
12.7 0.260761 0.161768
12.8 0.263621 0.163542
12.9 0.266372 0.165307
13 0.269011 0.167064
13.1 0.271535 0.168812
13.2 0.273941 0.170551
13.3 0.276226 0.172279
13.4 0.278387 0.173998
13.5 0.280424 0.175705
13.6 0.282333 0.177401
13.7 0.284113 0.179086
13.8 0.285763 0.180757
13.9 0.287282 0.182416
14 0.288669 0.184061
14.1 0.289924 0.185691
14.2 0.291047 0.187307
14.3 0.292039 0.188906
14.4 0.292899 0.190488
14.5 0.293628 0.192053
14.6 0.294228 0.193599
14.7 0.2947 0.195126
14.8 0.295045 0.196633
14.9 0.295265 0.198118
15 0.295362 0.199581
15.1 0.295339 0.201021
15.2 0.295198 0.202437
15.3 0.294942 0.203828
15.4 0.294573 0.205192
15.5 0.294095 0.206529
15.6 0.29351 0.207838
15.7 0.292823 0.209118
15.8 0.292036 0.210367
15.9 0.291154 0.211584
16 0.290179 0.212769
16.1 0.289116 0.213921
16.2 0.287969 0.215038
16.3 0.286741 0.21612
16.4 0.285437 0.217165
16.5 0.284061 0.218173
16.6 0.282616 0.219142
16.7 0.281107 0.220072
16.8 0.279538 0.220963
16.9 0.277913 0.221812
17 0.276237 0.22262
17.1 0.274512 0.223386
17.2 0.272743 0.224109
17.3 0.270934 0.224789
17.4 0.269089 0.225424
17.5 0.267212 0.226015
17.6 0.265306 0.226561
17.7 0.263375 0.227063
17.8 0.261423 0.227518
17.9 0.259453 0.227928
18 0.257468 0.228293
18.1 0.255472 0.228611
18.2 0.253467 0.228884
18.3 0.251457 0.22911
18.4 0.249444 0.229292
18.5 0.247431 0.229428
18.6 0.245421 0.229518
18.7 0.243417 0.229565
18.8 0.24142 0.229566
18.9 0.239433 0.229525
19 0.237458 0.22944
19.1 0.235496 0.229312
19.2 0.23355 0.229143
19.3 0.231622 0.228933
19.4 0.229712 0.228682
19.5 0.227823 0.228393
19.6 0.225955 0.228065
19.7 0.22411 0.2277
19.8 0.222289 0.227298
19.9 0.220493 0.226861
20 0.218722 0.226391
20.1 0.216978 0.225887
20.2 0.21526 0.225352
20.3 0.213571 0.224787
20.4 0.211909 0.224193
20.5 0.210276 0.22357
20.6 0.208671 0.222922
20.7 0.207096 0.222248
20.8 0.205549 0.22155
20.9 0.204031 0.220831
21 0.202542 0.22009
21.1 0.201082 0.219329
21.2 0.199651 0.21855
21.3 0.198249 0.217755
21.4 0.196874 0.216943
21.5 0.195528 0.216118
21.6 0.194209 0.215279
21.7 0.192918 0.214429
21.8 0.191653 0.213568
21.9 0.190415 0.212699
22 0.189203 0.211821
22.1 0.188016 0.210937
22.2 0.186853 0.210047
22.3 0.185715 0.209153
22.4 0.1846 0.208255
22.5 0.183508 0.207356
22.6 0.182439 0.206454
22.7 0.181391 0.205553
22.8 0.180364 0.204651
22.9 0.179357 0.203752
23 0.17837 0.202854
23.1 0.177402 0.20196
23.2 0.176452 0.201069
23.3 0.175519 0.200182
23.4 0.174603 0.199301
23.5 0.173703 0.198425
23.6 0.172817 0.197555
23.7 0.171947 0.196692
23.8 0.171089 0.195836
23.9 0.170245 0.194988
24 0.169413 0.194147
24.1 0.168592 0.193314
24.2 0.167781 0.19249
24.3 0.166981 0.191674
24.4 0.166189 0.190867
24.5 0.165406 0.190069
24.6 0.16463 0.18928
24.7 0.163861 0.1885
24.8 0.163098 0.18773
24.9 0.16234 0.186968
25 0.161587 0.186216
25.1 0.160837 0.185473
25.2 0.160091 0.184739
25.3 0.159347 0.184014
25.4 0.158605 0.183298
25.5 0.157863 0.18259
25.6 0.157122 0.181891
25.7 0.156381 0.181201
25.8 0.155639 0.180519
25.9 0.154896 0.179845
26 0.15415 0.179178
26.1 0.153402 0.17852
26.2 0.15265 0.177868
26.3 0.151895 0.177224
26.4 0.151136 0.176587
26.5 0.150372 0.175957
26.6 0.149603 0.175333
26.7 0.148829 0.174716
26.8 0.148049 0.174105
26.9 0.147263 0.1735
27 0.14647 0.1729
27.1 0.145672 0.172306
27.2 0.144866 0.171718
27.3 0.144054 0.171134
27.4 0.143234 0.170556
27.5 0.142407 0.169983
27.6 0.141574 0.169414
27.7 0.140733 0.168851
27.8 0.139885 0.168291
27.9 0.13903 0.167737
28 0.138169 0.167187
28.1 0.1373 0.166641
28.2 0.136426 0.1661
28.3 0.135545 0.165564
28.4 0.134658 0.165032
28.5 0.133766 0.164505
28.6 0.132869 0.163983
28.7 0.131968 0.163466
28.8 0.131062 0.162953
28.9 0.130153 0.162446
29 0.12924 0.161944
29.1 0.128325 0.161448
29.2 0.127409 0.160958
29.3 0.126491 0.160475
29.4 0.125573 0.159997
29.5 0.124654 0.159527
29.6 0.123737 0.159063
29.7 0.122822 0.158608
29.8 0.121909 0.15816
29.9 0.120999 0.157721
30 0.120094 0.157291
30.1 0.119193 0.15687
30.2 0.118298 0.156459
30.3 0.11741 0.156058
30.4 0.11653 0.155669
30.5 0.115657 0.155291
30.6 0.114794 0.154925
30.7 0.113941 0.154571
30.8 0.113099 0.154231
30.9 0.112269 0.153905
31 0.111451 0.153594
31.1 0.110647 0.153297
31.2 0.109857 0.153017
31.3 0.109082 0.152753
31.4 0.108322 0.152505
31.5 0.107579 0.152276
31.6 0.106853 0.152065
31.7 0.106145 0.151873
31.8 0.105455 0.1517
31.9 0.104784 0.151548
32 0.104133 0.151416
32.1 0.103502 0.151305
32.2 0.102891 0.151217
32.3 0.102302 0.15115
32.4 0.101734 0.151107
32.5 0.101188 0.151086
32.6 0.100664 0.151089
32.7 0.100162 0.151117
32.8 0.0996823 0.151168
32.9 0.0992257 0.151244
33 0.0987918 0.151345
33.1 0.0983808 0.151471
33.2 0.0979926 0.151622
33.3 0.0976273 0.151798
33.4 0.0972846 0.152
33.5 0.0969644 0.152226
33.6 0.0966665 0.152478
33.7 0.0963907 0.152754
33.8 0.0961367 0.153055
33.9 0.095904 0.15338
34 0.0956923 0.15373
34.1 0.0955011 0.154102
34.2 0.0953299 0.154497
34.3 0.0951781 0.154915
34.4 0.0950451 0.155354
34.5 0.0949304 0.155814
34.6 0.0948331 0.156294
34.7 0.0947527 0.156794
34.8 0.0946882 0.157311
34.9 0.094639 0.157845
35 0.0946042 0.158395
35.1 0.0945828 0.15896
35.2 0.0945742 0.159538
35.3 0.0945772 0.160128
35.4 0.0945911 0.160729
35.5 0.0946147 0.16134
35.6 0.0946473 0.161958
35.7 0.0946876 0.162582
35.8 0.0947349 0.163211
35.9 0.094788 0.163842
36 0.0948459 0.164475
36.1 0.0949076 0.165108
36.2 0.0949721 0.165738
36.3 0.0950384 0.166364
36.4 0.0951055 0.166984
36.5 0.0951723 0.167596
36.6 0.095238 0.168199
36.7 0.0953014 0.16879
36.8 0.0953617 0.169368
36.9 0.095418 0.169931
37 0.0954693 0.170477
37.1 0.0955147 0.171004
37.2 0.0955535 0.171511
37.3 0.0955848 0.171995
37.4 0.0956077 0.172455
37.5 0.0956217 0.17289
37.6 0.095626 0.173296
37.7 0.0956198 0.173674
37.8 0.0956027 0.174022
37.9 0.095574 0.174337
38 0.0955333 0.174619
38.1 0.0954799 0.174865
38.2 0.0954136 0.175076
38.3 0.0953339 0.17525
38.4 0.0952405 0.175385
38.5 0.0951332 0.175482
38.6 0.0950117 0.175537
38.7 0.0948759 0.175552
38.8 0.0947256 0.175525
38.9 0.0945608 0.175456
39 0.0943815 0.175343
39.1 0.0941877 0.175188
39.2 0.0939796 0.174988
39.3 0.0937572 0.174745
39.4 0.0935208 0.174458
39.5 0.0932706 0.174127
39.6 0.0930069 0.173752
39.7 0.0927301 0.173334
39.8 0.0924404 0.172872
39.9 0.0921383 0.172368
40 0.0918243 0.171821
40.1 0.0914989 0.171232
40.2 0.0911625 0.170603
40.3 0.0908157 0.169933
40.4 0.0904591 0.169224
40.5 0.0900933 0.168476
40.6 0.0897188 0.167692
40.7 0.0893364 0.166871
40.8 0.0889466 0.166015
40.9 0.0885502 0.165126
41 0.0881477 0.164204
41.1 0.08774 0.163252
41.2 0.0873275 0.16227
41.3 0.086911 0.16126
41.4 0.0864912 0.160223
41.5 0.0860687 0.159161
41.6 0.0856441 0.158076
41.7 0.0852181 0.156969
41.8 0.0847912 0.155843
41.9 0.0843642 0.154697
42 0.0839374 0.153535
42.1 0.0835115 0.152357
42.2 0.0830869 0.151166
42.3 0.0826642 0.149962
42.4 0.0822437 0.148748
42.5 0.0818259 0.147525
42.6 0.0814112 0.146295
42.7 0.0809999 0.145059
42.8 0.0805922 0.143819
42.9 0.0801885 0.142575
43 0.0797889 0.14133
43.1 0.0793937 0.140085
43.2 0.0790029 0.138841
43.3 0.0786167 0.137599
43.4 0.0782351 0.136361
43.5 0.0778581 0.135127
43.6 0.0774857 0.133899
43.7 0.0771179 0.132678
43.8 0.0767544 0.131464
43.9 0.0763953 0.130259
44 0.0760402 0.129064
44.1 0.0756891 0.127878
44.2 0.0753416 0.126703
44.3 0.0749975 0.12554
44.4 0.0746566 0.124389
44.5 0.0743184 0.12325
44.6 0.0739827 0.122125
44.7 0.0736492 0.121013
44.8 0.0733173 0.119915
44.9 0.0729869 0.11883
45 0.0726574 0.117761
45.1 0.0723286 0.116706
45.2 0.0719999 0.115666
45.3 0.071671 0.114641
45.4 0.0713416 0.113631
45.5 0.0710112 0.112636
45.6 0.0706794 0.111656
45.7 0.0703459 0.110692
45.8 0.0700104 0.109743
45.9 0.0696725 0.108809
46 0.0693319 0.10789
46.1 0.0689883 0.106987
46.2 0.0686415 0.106099
46.3 0.0682913 0.105226
46.4 0.0679373 0.104368
46.5 0.0675796 0.103526
46.6 0.0672179 0.102698
46.7 0.0668521 0.101885
46.8 0.0664823 0.101088
46.9 0.0661082 0.100305
47 0.0657301 0.099538
47.1 0.0653479 0.0987857
47.2 0.0649617 0.0980485
47.3 0.0645716 0.0973266
47.4 0.0641779 0.0966201
47.5 0.0637806 0.095929
47.6 0.0633802 0.0952536
47.7 0.0629768 0.0945939
47.8 0.0625708 0.0939501
47.9 0.0621625 0.0933226
48 0.0617523 0.0927114
48.1 0.0613406 0.0921169
48.2 0.0609279 0.0915393
48.3 0.0605146 0.0909789
48.4 0.0601012 0.090436
48.5 0.0596883 0.0899109
48.6 0.0592764 0.0894039
48.7 0.058866 0.0889154
48.8 0.0584577 0.0884457
48.9 0.0580521 0.0879951
49 0.0576497 0.087564
49.1 0.0572512 0.0871527
49.2 0.0568571 0.0867615
49.3 0.056468 0.0863909
49.4 0.0560845 0.0860409
49.5 0.0557072 0.0857121
49.6 0.0553367 0.0854046
49.7 0.0549734 0.0851186
49.8 0.0546179 0.0848545
49.9 0.0542708 0.0846124
50 0.0539325 0.0843924
50.1 0.0536035 0.0841947
50.2 0.0532841 0.0840194
50.3 0.052975 0.0838665
50.4 0.0526763 0.083736
50.5 0.0523884 0.0836278
50.6 0.0521118 0.083542
50.7 0.0518465 0.0834782
50.8 0.0515929 0.0834364
50.9 0.0513511 0.0834163
51 0.0511213 0.0834175
51.1 0.0509036 0.0834398
51.2 0.050698 0.0834826
51.3 0.0505047 0.0835456
51.4 0.0503235 0.0836282
51.5 0.0501545 0.0837297
51.6 0.0499975 0.0838496
51.7 0.0498524 0.0839872
51.8 0.049719 0.0841417
51.9 0.0495971 0.0843123
52 0.0494864 0.0844982
52.1 0.0493867 0.0846985
52.2 0.0492977 0.0849121
52.3 0.049219 0.0851383
52.4 0.0491502 0.0853758
52.5 0.0490909 0.0856237
52.6 0.0490408 0.0858809
52.7 0.0489992 0.0861462
52.8 0.0489659 0.0864186
52.9 0.0489403 0.0866968
53 0.0489218 0.0869797
53.1 0.0489101 0.0872661
53.2 0.0489046 0.0875548
53.3 0.0489047 0.0878446
53.4 0.0489099 0.0881343
53.5 0.0489198 0.0884228
53.6 0.0489338 0.0887088
53.7 0.0489513 0.0889912
53.8 0.048972 0.0892689
53.9 0.0489953 0.0895408
54 0.0490208 0.0898058
54.1 0.0490479 0.0900629
54.2 0.0490763 0.0903111
54.3 0.0491055 0.0905494
54.4 0.0491353 0.090777
54.5 0.0491651 0.0909929
54.6 0.0491948 0.0911964
54.7 0.0492239 0.0913869
54.8 0.0492523 0.0915635
54.9 0.0492796 0.0917257
55 0.0493058 0.091873
55.1 0.0493306 0.0920048
55.2 0.0493539 0.0921209
55.3 0.0493757 0.0922209
55.4 0.0493959 0.0923045
55.5 0.0494144 0.0923716
55.6 0.0494313 0.0924221
55.7 0.0494466 0.092456
55.8 0.0494605 0.0924732
55.9 0.0494731 0.092474
56 0.0494845 0.0924586
56.1 0.049495 0.0924272
56.2 0.0495048 0.0923801
56.3 0.0495141 0.0923178
56.4 0.0495233 0.0922408
56.5 0.0495326 0.0921496
56.6 0.0495424 0.0920448
56.7 0.0495531 0.0919271
56.8 0.0495651 0.0917971
56.9 0.0495787 0.0916556
57 0.0495945 0.0915035
57.1 0.0496128 0.0913415
57.2 0.049634 0.0911706
57.3 0.0496588 0.0909916
57.4 0.0496875 0.0908055
57.5 0.0497205 0.0906132
57.6 0.0497585 0.0904158
57.7 0.0498017 0.0902141
57.8 0.0498508 0.0900091
57.9 0.0499061 0.0898019
58 0.0499682 0.0895934
58.1 0.0500373 0.0893846
58.2 0.0501141 0.0891764
58.3 0.0501988 0.0889697
58.4 0.0502918 0.0887655
58.5 0.0503936 0.0885647
58.6 0.0505044 0.088368
58.7 0.0506245 0.0881763
58.8 0.0507543 0.0879903
58.9 0.0508939 0.0878108
59 0.0510437 0.0876384
59.1 0.0512038 0.0874736
59.2 0.0513742 0.0873171
59.3 0.0515553 0.0871694
59.4 0.0517469 0.0870307
59.5 0.0519493 0.0869016
59.6 0.0521623 0.0867824
59.7 0.0523859 0.0866731
59.8 0.0526201 0.086574
59.9 0.0528647 0.0864853
60 0.0531195 0.0864068
60.1 0.0533845 0.0863385
60.2 0.0536593 0.0862804
60.3 0.0539436 0.0862323
60.4 0.0542373 0.0861938
60.5 0.0545398 0.0861647
60.6 0.0548508 0.0861446
60.7 0.05517 0.086133
60.8 0.0554968 0.0861295
60.9 0.0558308 0.0861334
61 0.0561715 0.0861443
61.1 0.0565183 0.0861613
61.2 0.0568707 0.0861839
61.3 0.057228 0.0862113
61.4 0.0575897 0.0862426
61.5 0.0579552 0.0862771
61.6 0.0583237 0.086314
61.7 0.0586947 0.0863523
61.8 0.0590675 0.0863912
61.9 0.0594413 0.0864298
62 0.0598156 0.0864672
62.1 0.0601896 0.0865025
62.2 0.0605626 0.0865347
62.3 0.060934 0.0865629
62.4 0.061303 0.0865863
62.5 0.061669 0.086604
62.6 0.0620314 0.0866152
62.7 0.0623894 0.0866189
62.8 0.0627424 0.0866144
62.9 0.0630899 0.0866009
63 0.0634312 0.0865777
63.1 0.0637658 0.0865442
63.2 0.064093 0.0864996
63.3 0.0644124 0.0864434
63.4 0.0647235 0.086375
63.5 0.0650259 0.086294
63.6 0.065319 0.0861999
63.7 0.0656026 0.0860923
63.8 0.0658761 0.0859711
63.9 0.0661395 0.0858359
64 0.0663922 0.0856865
64.1 0.0666342 0.0855229
64.2 0.0668652 0.0853451
64.3 0.0670851 0.085153
64.4 0.0672937 0.0849468
64.5 0.0674909 0.0847266
64.6 0.0676768 0.0844926
64.7 0.0678514 0.0842453
64.8 0.0680147 0.0839848
64.9 0.0681668 0.0837118
65 0.0683078 0.0834265
65.1 0.068438 0.0831297
65.2 0.0685575 0.0828218
65.3 0.0686666 0.0825036
65.4 0.0687656 0.0821758
65.5 0.0688549 0.081839
65.6 0.0689347 0.081494
65.7 0.0690055 0.0811418
65.8 0.0690677 0.0807831
65.9 0.0691217 0.0804189
66 0.069168 0.08005
66.1 0.0692071 0.0796774
66.2 0.0692396 0.079302
66.3 0.0692659 0.0789248
66.4 0.0692866 0.0785467
66.5 0.0693022 0.0781687
66.6 0.0693134 0.0777917
66.7 0.0693206 0.0774168
66.8 0.0693244 0.0770447
66.9 0.0693255 0.0766766
67 0.0693243 0.0763131
67.1 0.0693214 0.0759552
67.2 0.0693174 0.0756038
67.3 0.0693127 0.0752596
67.4 0.069308 0.0749233
67.5 0.0693036 0.0745958
67.6 0.0693001 0.0742775
67.7 0.0692979 0.0739692
67.8 0.0692974 0.0736714
67.9 0.0692991 0.0733845
68 0.0693031 0.0731091
68.1 0.06931 0.0728455
68.2 0.0693199 0.072594
68.3 0.0693331 0.0723548
68.4 0.0693497 0.0721281
68.5 0.0693701 0.0719141
68.6 0.0693942 0.0717127
68.7 0.0694221 0.0715239
68.8 0.0694539 0.0713477
68.9 0.0694896 0.0711838
69 0.069529 0.071032
69.1 0.0695722 0.070892
69.2 0.0696188 0.0707635
69.3 0.0696687 0.0706459
69.4 0.0697218 0.0705389
69.5 0.0697776 0.0704418
69.6 0.0698358 0.070354
69.7 0.0698961 0.0702748
69.8 0.0699581 0.0702036
69.9 0.0700213 0.0701395
70 0.0700853 0.0700818
70.1 0.0701494 0.0700295
70.2 0.0702132 0.0699818
70.3 0.0702762 0.0699377
70.4 0.0703376 0.0698964
70.5 0.0703968 0.0698567
70.6 0.0704533 0.0698178
70.7 0.0705064 0.0697785
70.8 0.0705554 0.0697379
70.9 0.0705996 0.0696949
71 0.0706384 0.0696485
71.1 0.070671 0.0695977
71.2 0.0706969 0.0695414
71.3 0.0707153 0.0694786
71.4 0.0707255 0.0694084
71.5 0.070727 0.0693297
71.6 0.070719 0.0692416
71.7 0.0707011 0.0691432
71.8 0.0706725 0.0690336
71.9 0.0706328 0.068912
72 0.0705814 0.0687776
72.1 0.0705179 0.0686295
72.2 0.0704418 0.0684672
72.3 0.0703527 0.0682899
72.4 0.0702502 0.068097
72.5 0.0701341 0.0678881
72.6 0.070004 0.0676626
72.7 0.0698597 0.0674201
72.8 0.0697011 0.0671603
72.9 0.0695281 0.0668829
73 0.0693406 0.0665876
73.1 0.0691386 0.0662742
73.2 0.0689221 0.0659429
73.3 0.0686913 0.0655934
73.4 0.0684464 0.0652258
73.5 0.0681876 0.0648404
73.6 0.0679151 0.0644372
73.7 0.0676293 0.0640165
73.8 0.0673306 0.0635787
73.9 0.0670194 0.0631241
74 0.0666962 0.0626532
74.1 0.0663616 0.0621666
74.2 0.0660162 0.0616647
74.3 0.0656606 0.0611483
74.4 0.0652955 0.0606181
74.5 0.0649216 0.0600746
74.6 0.0645396 0.0595189
74.7 0.0641504 0.0589517
74.8 0.0637547 0.0583738
74.9 0.0633534 0.0577863
75 0.0629473 0.05719
75.1 0.0625374 0.056586
75.2 0.0621244 0.0559753
75.3 0.0617094 0.0553589
75.4 0.0612931 0.0547379
75.5 0.0608766 0.0541134
75.6 0.0604607 0.0534865
75.7 0.0600462 0.0528583
75.8 0.0596341 0.0522299
75.9 0.0592253 0.0516024
76 0.0588205 0.050977
76.1 0.0584205 0.0503547
76.2 0.0580263 0.0497367
76.3 0.0576385 0.0491239
76.4 0.0572578 0.0485176
76.5 0.0568849 0.0479187
76.6 0.0565205 0.0473283
76.7 0.0561652 0.0467474
76.8 0.0558194 0.0461768
76.9 0.0554838 0.0456176
77 0.0551587 0.0450707
77.1 0.0548446 0.0445369
77.2 0.0545418 0.044017
77.3 0.0542505 0.0435118
77.4 0.0539711 0.043022
77.5 0.0537036 0.0425483
77.6 0.0534482 0.0420914
77.7 0.0532049 0.0416517
77.8 0.0529738 0.04123
77.9 0.0527548 0.0408265
78 0.0525477 0.0404418
78.1 0.0523525 0.0400762
78.2 0.0521688 0.0397301
78.3 0.0519964 0.0394037
78.4 0.051835 0.0390972
78.5 0.0516843 0.0388108
78.6 0.0515437 0.0385446
78.7 0.0514129 0.0382986
78.8 0.0512914 0.0380728
78.9 0.0511786 0.0378673
79 0.051074 0.0376818
79.1 0.050977 0.0375162
79.2 0.0508869 0.0373704
79.3 0.0508032 0.0372441
79.4 0.0507252 0.037137
79.5 0.0506522 0.0370488
79.6 0.0505836 0.036979
79.7 0.0505187 0.0369274
79.8 0.0504567 0.0368935
79.9 0.050397 0.0368768
80 0.050339 0.0368767
80.1 0.0502819 0.0368928
80.2 0.0502251 0.0369245
80.3 0.050168 0.0369712
80.4 0.05011 0.0370323
80.5 0.0500503 0.0371071
80.6 0.0499886 0.037195
80.7 0.0499242 0.0372954
80.8 0.0498565 0.0374075
80.9 0.0497852 0.0375307
81 0.0497098 0.0376643
81.1 0.0496299 0.0378076
81.2 0.049545 0.0379598
81.3 0.0494549 0.0381203
81.4 0.0493593 0.0382884
81.5 0.0492579 0.0384633
81.6 0.0491505 0.0386443
81.7 0.0490369 0.0388308
81.8 0.0489171 0.0390221
81.9 0.0487909 0.0392174
82 0.0486584 0.0394162
82.1 0.0485194 0.0396177
82.2 0.0483741 0.0398214
82.3 0.0482226 0.0400265
82.4 0.0480649 0.0402325
82.5 0.0479012 0.0404388
82.6 0.0477317 0.0406448
82.7 0.0475567 0.0408499
82.8 0.0473763 0.0410537
82.9 0.047191 0.0412555
83 0.0470009 0.041455
83.1 0.0468064 0.0416515
83.2 0.0466078 0.0418448
83.3 0.0464056 0.0420343
83.4 0.0462 0.0422196
83.5 0.0459916 0.0424004
83.6 0.0457807 0.0425763
83.7 0.0455676 0.0427469
83.8 0.0453529 0.0429119
83.9 0.0451369 0.043071
84 0.0449201 0.0432241
84.1 0.0447028 0.0433707
84.2 0.0444854 0.0435107
84.3 0.0442683 0.0436438
84.4 0.044052 0.0437699
84.5 0.0438367 0.0438889
84.6 0.0436229 0.0440004
84.7 0.0434107 0.0441046
84.8 0.0432007 0.0442011
84.9 0.0429929 0.0442899
85 0.0427877 0.044371
85.1 0.0425854 0.0444443
85.2 0.0423861 0.0445098
85.3 0.0421901 0.0445674
85.4 0.0419975 0.0446171
85.5 0.0418084 0.0446589
85.6 0.0416229 0.0446929
85.7 0.0414413 0.0447191
85.8 0.0412634 0.0447376
85.9 0.0410893 0.0447483
86 0.0409191 0.0447514
86.1 0.0407528 0.044747
86.2 0.0405902 0.0447352
86.3 0.0404314 0.0447161
86.4 0.0402763 0.0446898
86.5 0.0401248 0.0446564
86.6 0.0399767 0.0446161
86.7 0.0398321 0.0445691
86.8 0.0396906 0.0445156
86.9 0.0395522 0.0444556
87 0.0394168 0.0443894
87.1 0.0392841 0.0443172
87.2 0.039154 0.0442393
87.3 0.0390264 0.0441557
87.4 0.038901 0.0440668
87.5 0.0387777 0.0439728
87.6 0.0386564 0.043874
87.7 0.0385369 0.0437705
87.8 0.0384189 0.0436627
87.9 0.0383025 0.0435508
88 0.0381875 0.0434351
88.1 0.0380737 0.0433159
88.2 0.0379611 0.0431936
88.3 0.0378495 0.0430684
88.4 0.037739 0.0429406
88.5 0.0376294 0.0428105
88.6 0.0375207 0.0426786
88.7 0.037413 0.0425451
88.8 0.0373062 0.0424104
88.9 0.0372003 0.0422749
89 0.0370955 0.0421389
89.1 0.0369918 0.0420028
89.2 0.0368893 0.0418669
89.3 0.0367882 0.0417318
89.4 0.0366885 0.0415976
89.5 0.0365904 0.041465
89.6 0.0364941 0.0413342
89.7 0.0363999 0.0412056
89.8 0.0363078 0.0410797
89.9 0.0362183 0.040957
90 0.0361314 0.0408377
90.1 0.0360475 0.0407224
90.2 0.0359669 0.0406114
90.3 0.0358898 0.0405053
90.4 0.0358166 0.0404043
90.5 0.0357475 0.0403089
90.6 0.0356829 0.0402196
90.7 0.035623 0.0401368
90.8 0.0355681 0.0400608
90.9 0.0355187 0.0399921
91 0.035475 0.0399312
91.1 0.0354373 0.0398783
91.2 0.0354058 0.0398338
91.3 0.035381 0.0397983
91.4 0.0353631 0.0397719
91.5 0.0353523 0.0397551
91.6 0.0353489 0.0397483
91.7 0.0353532 0.0397517
91.8 0.0353653 0.0397657
91.9 0.0353855 0.0397905
92 0.035414 0.0398265
92.1 0.035451 0.039874
92.2 0.0354965 0.0399331
92.3 0.0355508 0.0400042
92.4 0.0356138 0.0400873
92.5 0.0356858 0.0401828
92.6 0.0357668 0.0402908
92.7 0.0358568 0.0404113
92.8 0.0359558 0.0405446
92.9 0.0360638 0.0406907
93 0.0361807 0.0408496
93.1 0.0363066 0.0410215
93.2 0.0364414 0.0412063
93.3 0.0365849 0.0414041
93.4 0.036737 0.0416147
93.5 0.0368976 0.0418381
93.6 0.0370665 0.0420741
93.7 0.0372436 0.0423228
93.8 0.0374286 0.0425839
93.9 0.0376215 0.0428571
94 0.0378218 0.0431424
94.1 0.0380295 0.0434394
94.2 0.0382442 0.0437479
94.3 0.0384658 0.0440675
94.4 0.038694 0.044398
94.5 0.0389285 0.044739
94.6 0.039169 0.0450901
94.7 0.0394153 0.0454508
94.8 0.0396672 0.0458208
94.9 0.0399243 0.0461996
95 0.0401864 0.0465867
95.1 0.0404532 0.0469816
95.2 0.0407246 0.0473837
95.3 0.0410001 0.0477926
95.4 0.0412797 0.0482076
95.5 0.0415631 0.0486282
95.6 0.04185 0.0490538
95.7 0.0421402 0.0494837
95.8 0.0424336 0.0499174
95.9 0.0427299 0.0503541
96 0.043029 0.0507933
96.1 0.0433307 0.0512343
96.2 0.0436348 0.0516765
96.3 0.0439413 0.0521191
96.4 0.0442499 0.0525615
96.5 0.0445606 0.0530031
96.6 0.0448732 0.0534431
96.7 0.0451876 0.053881
96.8 0.0455038 0.054316
96.9 0.0458216 0.0547475
97 0.046141 0.0551749
97.1 0.0464619 0.0555976
97.2 0.0467841 0.0560148
97.3 0.0471078 0.0564261
97.4 0.0474327 0.0568308
97.5 0.0477588 0.0572284
97.6 0.048086 0.0576182
97.7 0.0484143 0.0579999
97.8 0.0487436 0.0583728
97.9 0.0490737 0.0587364
98 0.0494046 0.0590904
98.1 0.0497361 0.0594343
98.2 0.0500682 0.0597676
98.3 0.0504006 0.06009
98.4 0.0507333 0.0604011
98.5 0.0510661 0.0607006
98.6 0.0513986 0.0609882
98.7 0.0517309 0.0612637
98.8 0.0520625 0.0615267
98.9 0.0523932 0.0617772
99 0.0527228 0.0620149
99.1 0.0530509 0.0622396
99.2 0.0533772 0.0624514
99.3 0.0537013 0.0626501
99.4 0.0540228 0.0628356
99.5 0.0543414 0.0630079
99.6 0.0546565 0.0631672
99.7 0.0549677 0.0633133
99.8 0.0552744 0.0634464
99.9 0.0555762 0.0635666
100 0.0558726 0.063674
100.1 0.0561628 0.0637688
100.2 0.0564463 0.0638511
100.3 0.0567226 0.0639212
100.4 0.0569908 0.0639793
100.5 0.0572505 0.0640256
100.6 0.0575009 0.0640604
100.7 0.0577412 0.064084
100.8 0.0579709 0.0640967
100.9 0.0581891 0.0640988
101 0.0583952 0.0640907
101.1 0.0585884 0.0640726
101.2 0.0587679 0.064045
101.3 0.0589331 0.0640082
101.4 0.0590833 0.0639626
101.5 0.0592176 0.0639085
101.6 0.0593354 0.0638463
101.7 0.0594359 0.0637764
101.8 0.0595185 0.0636991
101.9 0.0595825 0.0636148
102 0.0596273 0.063524
102.1 0.0596522 0.0634268
102.2 0.0596566 0.0633238
102.3 0.0596399 0.0632151
102.4 0.0596017 0.0631012
102.5 0.0595414 0.0629823
102.6 0.0594585 0.0628588
102.7 0.0593527 0.0627309
102.8 0.0592236 0.0625989
102.9 0.0590707 0.0624629
103 0.0588939 0.0623233
103.1 0.0586928 0.0621803
103.2 0.0584674 0.062034
103.3 0.0582175 0.0618845
103.4 0.0579429 0.061732
103.5 0.0576436 0.0615766
103.6 0.0573198 0.0614184
103.7 0.0569714 0.0612575
103.8 0.0565986 0.0610938
103.9 0.0562016 0.0609273
104 0.0557805 0.0607582
104.1 0.0553359 0.0605862
104.2 0.0548678 0.0604114
104.3 0.0543769 0.0602336
104.4 0.0538635 0.0600527
104.5 0.0533282 0.0598686
104.6 0.0527714 0.0596811
104.7 0.0521938 0.05949
104.8 0.0515961 0.0592951
104.9 0.050979 0.0590963
105 0.0503431 0.0588931
105.1 0.0496892 0.0586854
105.2 0.0490181 0.058473
105.3 0.0483308 0.0582554
105.4 0.0476279 0.0580324
105.5 0.0469105 0.0578037
105.6 0.0461794 0.0575689
105.7 0.0454355 0.0573278
105.8 0.0446799 0.0570799
105.9 0.0439134 0.0568249
106 0.0431371 0.0565625
106.1 0.0423519 0.0562923
106.2 0.0415587 0.0560139
106.3 0.0407587 0.0557271
106.4 0.0399526 0.0554314
106.5 0.0391416 0.0551266
106.6 0.0383265 0.0548123
106.7 0.0375084 0.0544881
106.8 0.0366881 0.0541539
106.9 0.0358665 0.0538092
107 0.0350446 0.0534539
107.1 0.0342232 0.0530876
107.2 0.0334031 0.0527102
107.3 0.0325852 0.0523213
107.4 0.0317703 0.0519209
107.5 0.030959 0.0515087
107.6 0.0301522 0.0510846
107.7 0.0293504 0.0506485
107.8 0.0285544 0.0502002
107.9 0.0277648 0.0497398
108 0.0269822 0.0492672
108.1 0.026207 0.0487823
108.2 0.0254397 0.0482852
108.3 0.024681 0.047776
108.4 0.0239311 0.0472548
108.5 0.0231905 0.0467216
108.6 0.0224595 0.0461767
108.7 0.0217385 0.0456203
108.8 0.0210276 0.0450525
108.9 0.0203273 0.0444736
109 0.0196377 0.043884
109.1 0.0189589 0.0432839
109.2 0.0182912 0.0426737
109.3 0.0176347 0.0420538
109.4 0.0169895 0.0414247
109.5 0.0163557 0.0407869
109.6 0.0157334 0.0401407
109.7 0.0151226 0.0394868
109.8 0.0145233 0.0388256
109.9 0.0139356 0.0381579
110 0.0133594 0.0374841
110.1 0.0127949 0.036805
110.2 0.0122419 0.0361212
110.3 0.0117005 0.0354333
110.4 0.0111706 0.0347423
110.5 0.0106524 0.0340486
110.6 0.0101456 0.0333532
110.7 0.00965046 0.0326568
110.8 0.00916684 0.0319602
110.9 0.00869481 0.0312642
111 0.00823439 0.0305697
111.1 0.00778563 0.0298774
111.2 0.0073486 0.0291883
111.3 0.00692335 0.0285032
111.4 0.00651 0.027823
111.5 0.00610864 0.0271486
111.6 0.00571943 0.0264807
111.7 0.0053425 0.0258205
111.8 0.00497804 0.0251686
111.9 0.00462625 0.024526
112 0.00428734 0.0238936
112.1 0.00396156 0.0232723
112.2 0.00364917 0.0226629
112.3 0.00335046 0.0220663
112.4 0.00306573 0.0214833
112.5 0.00279531 0.0209149
112.6 0.00253955 0.0203617
112.7 0.00229881 0.0198246
112.8 0.00207348 0.0193045
112.9 0.00186394 0.0188021
113 0.00167062 0.0183181
113.1 0.00149392 0.0178532
113.2 0.00133429 0.0174083
113.3 0.00119215 0.0169839
113.4 0.00106797 0.0165807
113.5 0.000962173 0.0161993
113.6 0.000875216 0.0158403
113.7 0.000807543 0.0155043
113.8 0.000759593 0.0151918
113.9 0.000731799 0.0149033
114 0.000724583 0.0146392
114.1 0.000738351 0.0143999
114.2 0.000773498 0.0141859
114.3 0.000830395 0.0139973
114.4 0.000909395 0.0138347
114.5 0.00101082 0.0136981
114.6 0.00113498 0.0135878
114.7 0.00128214 0.0135039
114.8 0.00145253 0.0134466
114.9 0.00164635 0.0134159
115 0.00186378 0.0134118
115.1 0.00210493 0.0134343
115.2 0.00236988 0.0134833
115.3 0.00265868 0.0135587
115.4 0.00297132 0.0136603
115.5 0.00330773 0.0137878
115.6 0.00366782 0.0139411
115.7 0.00405142 0.0141197
115.8 0.00445834 0.0143233
115.9 0.0048883 0.0145515
116 0.00534099 0.0148037
116.1 0.00581606 0.0150795
116.2 0.00631307 0.0153783
116.3 0.00683154 0.0156994
116.4 0.00737095 0.0160422
116.5 0.00793071 0.016406
116.6 0.00851019 0.01679
116.7 0.00910869 0.0171935
116.8 0.00972546 0.0176155
116.9 0.0103597 0.0180552
117 0.0110106 0.0185116
117.1 0.0116773 0.018984
117.2 0.0123588 0.0194711
117.3 0.0130542 0.0199721
117.4 0.0137623 0.0204858
117.5 0.0144823 0.0210113
117.6 0.015213 0.0215474
117.7 0.0159532 0.0220929
117.8 0.0167018 0.0226468
117.9 0.0174577 0.0232079
118 0.0182196 0.023775
118.1 0.0189863 0.024347
118.2 0.0197567 0.0249226
118.3 0.0205293 0.0255008
118.4 0.021303 0.0260802
118.5 0.0220765 0.0266598
118.6 0.0228486 0.0272383
118.7 0.0236179 0.0278147
118.8 0.0243832 0.0283877
118.9 0.0251433 0.0289562
119 0.025897 0.0295192
119.1 0.0266429 0.0300755
119.2 0.0273799 0.0306241
119.3 0.0281069 0.0311641
119.4 0.0288226 0.0316943
119.5 0.029526 0.0322139
119.6 0.030216 0.032722
119.7 0.0308915 0.0332177
119.8 0.0315515 0.0337002
119.9 0.032195 0.0341688
120 0.0328212 0.0346228
120.1 0.0334292 0.0350615
120.2 0.0340181 0.0354844
120.3 0.0345871 0.0358909
120.4 0.0351356 0.0362806
120.5 0.0356629 0.0366531
120.6 0.0361684 0.037008
120.7 0.0366514 0.0373452
120.8 0.0371117 0.0376644
120.9 0.0375486 0.0379655
121 0.0379619 0.0382485
121.1 0.0383512 0.0385134
121.2 0.0387163 0.0387603
121.3 0.0390571 0.0389894
121.4 0.0393733 0.0392008
121.5 0.0396649 0.039395
121.6 0.0399319 0.0395722
121.7 0.0401744 0.039733
121.8 0.0403924 0.0398778
121.9 0.0405862 0.0400072
122 0.0407559 0.0401218
122.1 0.0409017 0.0402223
122.2 0.0410241 0.0403095
122.3 0.0411234 0.0403841
122.4 0.0412 0.040447
122.5 0.0412543 0.040499
122.6 0.0412868 0.0405411
122.7 0.0412981 0.0405742
122.8 0.0412887 0.0405994
122.9 0.0412591 0.0406176
123 0.0412101 0.0406298
123.1 0.0411423 0.0406373
123.2 0.0410563 0.0406409
123.3 0.0409529 0.0406419
123.4 0.0408327 0.0406413
123.5 0.0406964 0.0406401
123.6 0.0405448 0.0406395
123.7 0.0403787 0.0406406
123.8 0.0401987 0.0406443
123.9 0.0400056 0.0406517
124 0.0398002 0.0406639
124.1 0.0395831 0.0406817
124.2 0.0393551 0.0407062
124.3 0.039117 0.0407382
124.4 0.0388695 0.0407785
124.5 0.0386131 0.0408281
124.6 0.0383487 0.0408876
124.7 0.0380769 0.0409577
124.8 0.0377982 0.041039
124.9 0.0375134 0.0411322
125 0.0372231 0.0412377
125.1 0.0369277 0.041356
125.2 0.0366279 0.0414874
125.3 0.0363241 0.0416321
125.4 0.0360168 0.0417905
125.5 0.0357066 0.0419626
125.6 0.0353938 0.0421485
125.7 0.0350789 0.0423481
125.8 0.0347621 0.0425614
125.9 0.0344439 0.0427882
126 0.0341245 0.0430281
126.1 0.0338043 0.0432809
126.2 0.0334835 0.0435461
126.3 0.0331623 0.0438232
126.4 0.0328409 0.0441116
126.5 0.0325195 0.0444107
126.6 0.0321982 0.0447198
126.7 0.0318771 0.0450381
126.8 0.0315564 0.0453647
126.9 0.0312362 0.0456987
127 0.0309164 0.0460391
127.1 0.0305971 0.046385
127.2 0.0302784 0.0467352
127.3 0.0299602 0.0470886
127.4 0.0296425 0.0474441
127.5 0.0293253 0.0478005
127.6 0.0290086 0.0481566
127.7 0.0286923 0.0485111
127.8 0.0283764 0.0488627
127.9 0.0280608 0.0492102
128 0.0277455 0.0495523
128.1 0.0274303 0.0498877
128.2 0.0271153 0.0502151
128.3 0.0268004 0.0505332
128.4 0.0264855 0.0508407
128.5 0.0261705 0.0511365
128.6 0.0258555 0.0514192
128.7 0.0255403 0.0516876
128.8 0.0252249 0.0519406
128.9 0.0249093 0.0521771
129 0.0245935 0.052396
129.1 0.0242774 0.0525962
129.2 0.0239611 0.0527767
129.3 0.0236445 0.0529366
129.4 0.0233278 0.053075
129.5 0.0230108 0.0531912
129.6 0.0226937 0.0532842
129.7 0.0223765 0.0533535
129.8 0.0220593 0.0533985
129.9 0.0217422 0.0534185
130 0.0214252 0.0534132
130.1 0.0211085 0.0533821
130.2 0.0207921 0.0533249
130.3 0.0204763 0.0532413
130.4 0.020161 0.0531312
130.5 0.0198466 0.0529946
130.6 0.019533 0.0528312
130.7 0.0192206 0.0526414
130.8 0.0189094 0.0524251
130.9 0.0185996 0.0521825
131 0.0182913 0.051914
131.1 0.0179849 0.05162
131.2 0.0176803 0.0513007
131.3 0.0173779 0.0509567
131.4 0.0170778 0.0505886
131.5 0.0167801 0.0501969
131.6 0.0164851 0.0497823
131.7 0.0161929 0.0493454
131.8 0.0159036 0.0488872
131.9 0.0156175 0.0484083
132 0.0153346 0.0479096
132.1 0.0150552 0.047392
132.2 0.0147793 0.0468564
132.3 0.0145071 0.0463038
132.4 0.0142387 0.045735
132.5 0.0139742 0.0451512
132.6 0.0137137 0.0445533
132.7 0.0134572 0.0439423
132.8 0.0132048 0.0433192
132.9 0.0129566 0.0426852
133 0.0127126 0.0420411
133.1 0.0124728 0.0413881
133.2 0.0122373 0.0407271
133.3 0.012006 0.0400592
133.4 0.0117788 0.0393853
133.5 0.0115559 0.0387065
133.6 0.011337 0.0380237
133.7 0.0111223 0.0373377
133.8 0.0109115 0.0366496
133.9 0.0107046 0.0359602
134 0.0105014 0.0352702
134.1 0.010302 0.0345806
134.2 0.0101061 0.0338922
134.3 0.00991372 0.0332055
134.4 0.00972458 0.0325214
134.5 0.0095386 0.0318405
134.6 0.00935561 0.0311634
134.7 0.00917546 0.0304907
134.8 0.008998 0.0298229
134.9 0.00882304 0.0291606
135 0.00865043 0.0285041
135.1 0.00848 0.0278539
135.2 0.00831158 0.0272103
135.3 0.008145 0.0265738
135.4 0.0079801 0.0259445
135.5 0.00781671 0.0253227
135.6 0.00765469 0.0247088
135.7 0.00749387 0.0241028
135.8 0.00733411 0.0235048
135.9 0.00717528 0.0229151
136 0.00701725 0.0223337
136.1 0.0068599 0.0217607
136.2 0.00670312 0.0211961
136.3 0.0065468 0.02064
136.4 0.00639087 0.0200922
136.5 0.00623525 0.0195529
136.6 0.00607986 0.0190219
136.7 0.00592467 0.0184992
136.8 0.00576964 0.0179847
136.9 0.00561474 0.0174784
137 0.00545995 0.0169801
137.1 0.00530528 0.0164897
137.2 0.00515076 0.0160072
137.3 0.00499639 0.0155324
137.4 0.00484223 0.0150653
137.5 0.00468834 0.0146056
137.6 0.00453476 0.0141534
137.7 0.00438159 0.0137084
137.8 0.00422892 0.0132707
137.9 0.00407683 0.0128401
138 0.00392545 0.0124165
138.1 0.00377489 0.0119999
138.2 0.00362527 0.0115901
138.3 0.00347673 0.0111871
138.4 0.00332941 0.0107909
138.5 0.00318346 0.0104015
138.6 0.00303903 0.0100187
138.7 0.00289627 0.00964263
138.8 0.00275534 0.00927321
138.9 0.00261639 0.00891047
139 0.00247959 0.00855441
139.1 0.0023451 0.00820506
139.2 0.00221307 0.00786244
139.3 0.00208366 0.00752659
139.4 0.00195701 0.00719758
139.5 0.00183329 0.00687544
139.6 0.00171262 0.00656024
139.7 0.00159514 0.00625204
139.8 0.00148099 0.00595093
139.9 0.00137028 0.00565696
140 0.00126313 0.00537022
140.1 0.00115963 0.00509079
140.2 0.00105989 0.00481873
140.3 0.000963985 0.00455414
140.4 0.000871985 0.00429707
140.5 0.000783953 0.00404761
140.6 0.000699939 0.00380582
140.7 0.00061998 0.00357176
140.8 0.000544102 0.00334547
140.9 0.000472318 0.00312702
141 0.000404628 0.00291643
141.1 0.000341022 0.00271374
141.2 0.000281477 0.00251896
141.3 0.000225958 0.00233209
141.4 0.000174417 0.00215314
141.5 0.000126797 0.00198209
141.6 8.3029e-05 0.0018189
141.7 4.30324e-05 0.00166354
141.8 6.7178e-06 0.00151595
141.9 -2.60142e-05 0.00137605
142 -5.52721e-05 0.00124377
142.1 -8.11724e-05 0.00111901
142.2 -0.00010384 0.00100165
142.3 -0.000123405 0.000891572
142.4 -0.000140007 0.000788639
142.5 -0.000153788 0.000692698
142.6 -0.000164897 0.000603586
142.7 -0.000173484 0.000521128
142.8 -0.000179706 0.000445138
142.9 -0.00018372 0.000375416
143 -0.000185684 0.000311757
143.1 -0.000185759 0.000253943
143.2 -0.000184105 0.000201749
143.3 -0.000180881 0.000154942
143.4 -0.000176243 0.000113282
143.5 -0.000170349 7.65256e-05
143.6 -0.00016335 4.4422e-05
143.7 -0.000155396 1.67182e-05
143.8 -0.000146631 -6.84179e-06
143.9 -0.000137196 -2.65154e-05
144 -0.000127226 -4.25605e-05
